<?xml version="1.0" encoding="UTF-8"?>
<!-- Generated by org.testng.reporters.JUnitXMLReporter -->
<testsuite ignored="0" hostname="ks-MacBook-Air.local" failures="1" tests="8" name="Test Case 16: Place Order: Login before Checkout" time="35.833" errors="0" timestamp="2023-05-01T13:14:02 BST">
  <testcase classname="com.ae.qa.testcases.LoginBeforeCheckoutTest" name="validateWelcomePageTitle" time="0.006"/>
  <testcase classname="com.ae.qa.testcases.LoginBeforeCheckoutTest" name="validateLoginWithValidDetails" time="3.895"/>
  <testcase classname="com.ae.qa.testcases.LoginBeforeCheckoutTest" name="validateProductsLink" time="4.458"/>
  <testcase classname="com.ae.qa.testcases.LoginBeforeCheckoutTest" name="validateAddToCartInProductPage" time="3.739"/>
  <testcase classname="com.ae.qa.testcases.LoginBeforeCheckoutTest" name="validateAddressVisibility" time="0.031"/>
  <testcase classname="com.ae.qa.testcases.LoginBeforeCheckoutTest" name="validateOrderVisibility" time="0.025"/>
  <testcase classname="com.ae.qa.testcases.LoginBeforeCheckoutTest" name="validatePlaceOrder" time="13.407">
    <failure type="org.openqa.selenium.NoSuchElementException" message="Unable to locate element: //*[contains(text(),&amp;apos;Your order has been placed successfully!&amp;apos;)]
For documentation on this error, please visit: https://selenium.dev/exceptions/#no_such_element
Build info: version: &amp;apos;4.0.0&amp;apos;, revision: &amp;apos;3a21814679&amp;apos;
System info: host: &amp;apos;ks-MacBook-Air.local&amp;apos;, ip: &amp;apos;2a00:23c7:6b19:1801:e4c3:c80e:95e0:8f86%en0&amp;apos;, os.name: &amp;apos;Mac OS X&amp;apos;, os.arch: &amp;apos;x86_64&amp;apos;, os.version: &amp;apos;12.6.5&amp;apos;, java.version: &amp;apos;17.0.6&amp;apos;
Driver info: org.openqa.selenium.firefox.FirefoxDriver
Command: [d49fd85a-f005-4ab0-ad32-1adb037f51a9, findElement {using=xpath, value=//*[contains(text(),&amp;apos;Your order has been placed successfully!&amp;apos;)]}]
Capabilities {acceptInsecureCerts: true, browserName: firefox, browserVersion: 112.0.1, javascriptEnabled: true, moz:accessibilityChecks: false, moz:buildID: 20230414125621, moz:debuggerAddress: 127.0.0.1:49284, moz:geckodriverVersion: 0.33.0, moz:headless: false, moz:platformVersion: 21.6.0, moz:processID: 68369, moz:profile: /var/folders/6t/2wrb61y14lb..., moz:shutdownTimeout: 60000, moz:useNonSpecCompliantPointerOrigin: false, moz:webdriverClick: true, moz:windowless: false, pageLoadStrategy: normal, platform: MAC, platformName: MAC, proxy: Proxy(), se:cdp: ws://127.0.0.1:49284/devtoo..., se:cdpVersion: 85, setWindowRect: true, strictFileInteractability: false, timeouts: {implicit: 0, pageLoad: 300000, script: 30000}, unhandledPromptBehavior: dismiss and notify}
Session ID: d49fd85a-f005-4ab0-ad32-1adb037f51a9">
      <![CDATA[org.openqa.selenium.NoSuchElementException: Unable to locate element: //*[contains(text(),'Your order has been placed successfully!')]
For documentation on this error, please visit: https://selenium.dev/exceptions/#no_such_element
Build info: version: '4.0.0', revision: '3a21814679'
System info: host: 'ks-MacBook-Air.local', ip: '2a00:23c7:6b19:1801:e4c3:c80e:95e0:8f86%en0', os.name: 'Mac OS X', os.arch: 'x86_64', os.version: '12.6.5', java.version: '17.0.6'
Driver info: org.openqa.selenium.firefox.FirefoxDriver
Command: [d49fd85a-f005-4ab0-ad32-1adb037f51a9, findElement {using=xpath, value=//*[contains(text(),'Your order has been placed successfully!')]}]
Capabilities {acceptInsecureCerts: true, browserName: firefox, browserVersion: 112.0.1, javascriptEnabled: true, moz:accessibilityChecks: false, moz:buildID: 20230414125621, moz:debuggerAddress: 127.0.0.1:49284, moz:geckodriverVersion: 0.33.0, moz:headless: false, moz:platformVersion: 21.6.0, moz:processID: 68369, moz:profile: /var/folders/6t/2wrb61y14lb..., moz:shutdownTimeout: 60000, moz:useNonSpecCompliantPointerOrigin: false, moz:webdriverClick: true, moz:windowless: false, pageLoadStrategy: normal, platform: MAC, platformName: MAC, proxy: Proxy(), se:cdp: ws://127.0.0.1:49284/devtoo..., se:cdpVersion: 85, setWindowRect: true, strictFileInteractability: false, timeouts: {implicit: 0, pageLoad: 300000, script: 30000}, unhandledPromptBehavior: dismiss and notify}
Session ID: d49fd85a-f005-4ab0-ad32-1adb037f51a9
at org.openqa.selenium.remote.codec.w3c.W3CHttpResponseCodec.createException(W3CHttpResponseCodec.java:200)
at org.openqa.selenium.remote.codec.w3c.W3CHttpResponseCodec.decode(W3CHttpResponseCodec.java:133)
at org.openqa.selenium.remote.codec.w3c.W3CHttpResponseCodec.decode(W3CHttpResponseCodec.java:53)
at org.openqa.selenium.remote.HttpCommandExecutor.execute(HttpCommandExecutor.java:184)
at org.openqa.selenium.remote.service.DriverCommandExecutor.invokeExecute(DriverCommandExecutor.java:164)
at org.openqa.selenium.remote.service.DriverCommandExecutor.execute(DriverCommandExecutor.java:139)
at org.openqa.selenium.remote.RemoteWebDriver.execute(RemoteWebDriver.java:559)
at org.openqa.selenium.remote.ElementLocation$ElementFinder$2.findElement(ElementLocation.java:162)
at org.openqa.selenium.remote.ElementLocation.findElement(ElementLocation.java:60)
at org.openqa.selenium.remote.RemoteWebDriver.findElement(RemoteWebDriver.java:383)
at org.openqa.selenium.remote.RemoteWebDriver.findElement(RemoteWebDriver.java:375)
at com.ae.qa.pages.PayAndConfirmPage.fillCardDetails(PayAndConfirmPage.java:45)
at com.ae.qa.testcases.LoginBeforeCheckoutTest.validatePlaceOrder(LoginBeforeCheckoutTest.java:78)
at java.base/java.util.ArrayList.forEach(ArrayList.java:1511)
at com.intellij.rt.testng.IDEARemoteTestNG.run(IDEARemoteTestNG.java:66)
at com.intellij.rt.testng.RemoteTestNGStarter.main(RemoteTestNGStarter.java:109)
... Removed 29 stack frames]]>
    </failure>
  </testcase> <!-- validatePlaceOrder -->
  <testcase classname="com.ae.qa.testcases.LoginBeforeCheckoutTest" name="validateDeleteAccount" time="0.721"/>
</testsuite> <!-- Test Case 16: Place Order: Login before Checkout -->
