<?xml version="1.0" encoding="UTF-8"?>
<!-- Generated by org.testng.reporters.JUnitXMLReporter -->
<testsuite ignored="1" hostname="ks-MacBook-Air.local" failures="1" tests="12" name="Test Case 15: Place Order: Register before Checkout" time="45.438" errors="0" timestamp="2023-05-01T13:13:04 BST">
  <testcase classname="com.ae.qa.testcases.RegisterBeforeCheckOutTest" name="validateWelcomePageTitle" time="0.0"/>
  <testcase classname="com.ae.qa.testcases.RegisterBeforeCheckOutTest" name="validateSignUpH2" time="0.057"/>
  <testcase classname="com.ae.qa.testcases.RegisterBeforeCheckOutTest" name="validateSignUpNewUser" time="0.977"/>
  <testcase classname="com.ae.qa.testcases.RegisterBeforeCheckOutTest" name="validateSignUpAccountInfoH2" time="0.019"/>
  <testcase classname="com.ae.qa.testcases.RegisterBeforeCheckOutTest" name="validateSignUp" time="3.889"/>
  <testcase classname="com.ae.qa.testcases.RegisterBeforeCheckOutTest" name="validateLoggedInUserName" time="9.853"/>
  <testcase classname="com.ae.qa.testcases.RegisterBeforeCheckOutTest" name="validateProductsLink" time="3.377"/>
  <testcase classname="com.ae.qa.testcases.RegisterBeforeCheckOutTest" name="validateAddToCartInProductPage" time="2.288"/>
  <testcase classname="com.ae.qa.testcases.RegisterBeforeCheckOutTest" name="validateAddressVisibility" time="0.054"/>
  <testcase classname="com.ae.qa.testcases.RegisterBeforeCheckOutTest" name="validateOrderVisibility" time="0.045"/>
  <testcase classname="com.ae.qa.testcases.RegisterBeforeCheckOutTest" name="validatePlaceOrder" time="13.201">
    <failure type="org.openqa.selenium.NoSuchElementException" message="Unable to locate element: //*[contains(text(),&amp;apos;Your order has been placed successfully!&amp;apos;)]
For documentation on this error, please visit: https://selenium.dev/exceptions/#no_such_element
Build info: version: &amp;apos;4.0.0&amp;apos;, revision: &amp;apos;3a21814679&amp;apos;
System info: host: &amp;apos;ks-MacBook-Air.local&amp;apos;, ip: &amp;apos;2a00:23c7:6b19:1801:e4c3:c80e:95e0:8f86%en0&amp;apos;, os.name: &amp;apos;Mac OS X&amp;apos;, os.arch: &amp;apos;x86_64&amp;apos;, os.version: &amp;apos;12.6.5&amp;apos;, java.version: &amp;apos;17.0.6&amp;apos;
Driver info: org.openqa.selenium.firefox.FirefoxDriver
Command: [3712fedd-ff81-4b6f-a11d-fb1b557ee248, findElement {using=xpath, value=//*[contains(text(),&amp;apos;Your order has been placed successfully!&amp;apos;)]}]
Capabilities {acceptInsecureCerts: true, browserName: firefox, browserVersion: 112.0.1, javascriptEnabled: true, moz:accessibilityChecks: false, moz:buildID: 20230414125621, moz:debuggerAddress: 127.0.0.1:58937, moz:geckodriverVersion: 0.33.0, moz:headless: false, moz:platformVersion: 21.6.0, moz:processID: 68309, moz:profile: /var/folders/6t/2wrb61y14lb..., moz:shutdownTimeout: 60000, moz:useNonSpecCompliantPointerOrigin: false, moz:webdriverClick: true, moz:windowless: false, pageLoadStrategy: normal, platform: MAC, platformName: MAC, proxy: Proxy(), se:cdp: ws://127.0.0.1:58937/devtoo..., se:cdpVersion: 85, setWindowRect: true, strictFileInteractability: false, timeouts: {implicit: 0, pageLoad: 300000, script: 30000}, unhandledPromptBehavior: dismiss and notify}
Session ID: 3712fedd-ff81-4b6f-a11d-fb1b557ee248">
      <![CDATA[org.openqa.selenium.NoSuchElementException: Unable to locate element: //*[contains(text(),'Your order has been placed successfully!')]
For documentation on this error, please visit: https://selenium.dev/exceptions/#no_such_element
Build info: version: '4.0.0', revision: '3a21814679'
System info: host: 'ks-MacBook-Air.local', ip: '2a00:23c7:6b19:1801:e4c3:c80e:95e0:8f86%en0', os.name: 'Mac OS X', os.arch: 'x86_64', os.version: '12.6.5', java.version: '17.0.6'
Driver info: org.openqa.selenium.firefox.FirefoxDriver
Command: [3712fedd-ff81-4b6f-a11d-fb1b557ee248, findElement {using=xpath, value=//*[contains(text(),'Your order has been placed successfully!')]}]
Capabilities {acceptInsecureCerts: true, browserName: firefox, browserVersion: 112.0.1, javascriptEnabled: true, moz:accessibilityChecks: false, moz:buildID: 20230414125621, moz:debuggerAddress: 127.0.0.1:58937, moz:geckodriverVersion: 0.33.0, moz:headless: false, moz:platformVersion: 21.6.0, moz:processID: 68309, moz:profile: /var/folders/6t/2wrb61y14lb..., moz:shutdownTimeout: 60000, moz:useNonSpecCompliantPointerOrigin: false, moz:webdriverClick: true, moz:windowless: false, pageLoadStrategy: normal, platform: MAC, platformName: MAC, proxy: Proxy(), se:cdp: ws://127.0.0.1:58937/devtoo..., se:cdpVersion: 85, setWindowRect: true, strictFileInteractability: false, timeouts: {implicit: 0, pageLoad: 300000, script: 30000}, unhandledPromptBehavior: dismiss and notify}
Session ID: 3712fedd-ff81-4b6f-a11d-fb1b557ee248
at org.openqa.selenium.remote.codec.w3c.W3CHttpResponseCodec.createException(W3CHttpResponseCodec.java:200)
at org.openqa.selenium.remote.codec.w3c.W3CHttpResponseCodec.decode(W3CHttpResponseCodec.java:133)
at org.openqa.selenium.remote.codec.w3c.W3CHttpResponseCodec.decode(W3CHttpResponseCodec.java:53)
at org.openqa.selenium.remote.HttpCommandExecutor.execute(HttpCommandExecutor.java:184)
at org.openqa.selenium.remote.service.DriverCommandExecutor.invokeExecute(DriverCommandExecutor.java:164)
at org.openqa.selenium.remote.service.DriverCommandExecutor.execute(DriverCommandExecutor.java:139)
at org.openqa.selenium.remote.RemoteWebDriver.execute(RemoteWebDriver.java:559)
at org.openqa.selenium.remote.ElementLocation$ElementFinder$2.findElement(ElementLocation.java:162)
at org.openqa.selenium.remote.ElementLocation.findElement(ElementLocation.java:60)
at org.openqa.selenium.remote.RemoteWebDriver.findElement(RemoteWebDriver.java:383)
at org.openqa.selenium.remote.RemoteWebDriver.findElement(RemoteWebDriver.java:375)
at com.ae.qa.pages.PayAndConfirmPage.fillCardDetails(PayAndConfirmPage.java:45)
at com.ae.qa.testcases.RegisterBeforeCheckOutTest.validatePlaceOrder(RegisterBeforeCheckOutTest.java:122)
at java.base/java.util.ArrayList.forEach(ArrayList.java:1511)
at com.intellij.rt.testng.IDEARemoteTestNG.run(IDEARemoteTestNG.java:66)
at com.intellij.rt.testng.RemoteTestNGStarter.main(RemoteTestNGStarter.java:109)
... Removed 29 stack frames]]>
    </failure>
  </testcase> <!-- validatePlaceOrder -->
  <testcase classname="com.ae.qa.testcases.RegisterBeforeCheckOutTest" name="validateDeleteAccount" time="0.704"/>
  <testcase classname="com.ae.qa.testcases.RegisterBeforeCheckOutTest" name="validateDownloadInvoice" time="0.0">
    <ignored/>
  </testcase> <!-- validateDownloadInvoice -->
</testsuite> <!-- Test Case 15: Place Order: Register before Checkout -->
