<?xml version="1.0" encoding="UTF-8"?>
<!-- Generated by org.testng.reporters.JUnitXMLReporter -->
<testsuite ignored="0" hostname="ks-MacBook-Air.local" failures="0" tests="4" name="Test Case 11: Verify Subscription in Cart page" time="24.791" errors="0" timestamp="2023-05-01T13:10:46 BST">
  <testcase classname="com.ae.qa.testcases.CartPageTest" name="@BeforeClass setup" time="24.774">
    <failure type="org.openqa.selenium.TimeoutException" message="TimedPromise timed out after 20000 ms
Build info: version: &amp;apos;4.0.0&amp;apos;, revision: &amp;apos;3a21814679&amp;apos;
System info: host: &amp;apos;ks-MacBook-Air.local&amp;apos;, ip: &amp;apos;2a00:23c7:6b19:1801:e4c3:c80e:95e0:8f86%en0&amp;apos;, os.name: &amp;apos;Mac OS X&amp;apos;, os.arch: &amp;apos;x86_64&amp;apos;, os.version: &amp;apos;12.6.5&amp;apos;, java.version: &amp;apos;17.0.6&amp;apos;
Driver info: org.openqa.selenium.firefox.FirefoxDriver
Command: [a46b8774-9096-48ec-913d-4fef202cf2b0, get {url=https://automationexercise.com}]
Capabilities {acceptInsecureCerts: true, browserName: firefox, browserVersion: 112.0.1, javascriptEnabled: true, moz:accessibilityChecks: false, moz:buildID: 20230414125621, moz:debuggerAddress: 127.0.0.1:50095, moz:geckodriverVersion: 0.33.0, moz:headless: false, moz:platformVersion: 21.6.0, moz:processID: 68232, moz:profile: /var/folders/6t/2wrb61y14lb..., moz:shutdownTimeout: 60000, moz:useNonSpecCompliantPointerOrigin: false, moz:webdriverClick: true, moz:windowless: false, pageLoadStrategy: normal, platform: MAC, platformName: MAC, proxy: Proxy(), se:cdp: ws://127.0.0.1:50095/devtoo..., se:cdpVersion: 85, setWindowRect: true, strictFileInteractability: false, timeouts: {implicit: 0, pageLoad: 300000, script: 30000}, unhandledPromptBehavior: dismiss and notify}
Session ID: a46b8774-9096-48ec-913d-4fef202cf2b0">
      <![CDATA[org.openqa.selenium.TimeoutException: TimedPromise timed out after 20000 ms
Build info: version: '4.0.0', revision: '3a21814679'
System info: host: 'ks-MacBook-Air.local', ip: '2a00:23c7:6b19:1801:e4c3:c80e:95e0:8f86%en0', os.name: 'Mac OS X', os.arch: 'x86_64', os.version: '12.6.5', java.version: '17.0.6'
Driver info: org.openqa.selenium.firefox.FirefoxDriver
Command: [a46b8774-9096-48ec-913d-4fef202cf2b0, get {url=https://automationexercise.com}]
Capabilities {acceptInsecureCerts: true, browserName: firefox, browserVersion: 112.0.1, javascriptEnabled: true, moz:accessibilityChecks: false, moz:buildID: 20230414125621, moz:debuggerAddress: 127.0.0.1:50095, moz:geckodriverVersion: 0.33.0, moz:headless: false, moz:platformVersion: 21.6.0, moz:processID: 68232, moz:profile: /var/folders/6t/2wrb61y14lb..., moz:shutdownTimeout: 60000, moz:useNonSpecCompliantPointerOrigin: false, moz:webdriverClick: true, moz:windowless: false, pageLoadStrategy: normal, platform: MAC, platformName: MAC, proxy: Proxy(), se:cdp: ws://127.0.0.1:50095/devtoo..., se:cdpVersion: 85, setWindowRect: true, strictFileInteractability: false, timeouts: {implicit: 0, pageLoad: 300000, script: 30000}, unhandledPromptBehavior: dismiss and notify}
Session ID: a46b8774-9096-48ec-913d-4fef202cf2b0
at org.openqa.selenium.remote.codec.w3c.W3CHttpResponseCodec.createException(W3CHttpResponseCodec.java:200)
at org.openqa.selenium.remote.codec.w3c.W3CHttpResponseCodec.decode(W3CHttpResponseCodec.java:133)
at org.openqa.selenium.remote.codec.w3c.W3CHttpResponseCodec.decode(W3CHttpResponseCodec.java:53)
at org.openqa.selenium.remote.HttpCommandExecutor.execute(HttpCommandExecutor.java:184)
at org.openqa.selenium.remote.service.DriverCommandExecutor.invokeExecute(DriverCommandExecutor.java:164)
at org.openqa.selenium.remote.service.DriverCommandExecutor.execute(DriverCommandExecutor.java:139)
at org.openqa.selenium.remote.RemoteWebDriver.execute(RemoteWebDriver.java:559)
at org.openqa.selenium.remote.RemoteWebDriver.get(RemoteWebDriver.java:328)
at com.ae.qa.base.TestBase.initialization(TestBase.java:66)
at com.ae.qa.testcases.CartPageTest.setup(CartPageTest.java:25)
at java.base/java.util.ArrayList.forEach(ArrayList.java:1511)
at com.intellij.rt.testng.IDEARemoteTestNG.run(IDEARemoteTestNG.java:66)
at com.intellij.rt.testng.RemoteTestNGStarter.main(RemoteTestNGStarter.java:109)
... Removed 27 stack frames]]>
    </failure>
  </testcase> <!-- @BeforeClass setup -->
  <testcase classname="com.ae.qa.testcases.CartPageTest" name="@AfterClass tearDown" time="-1.682943046885E9">
    <skipped/>
  </testcase> <!-- @AfterClass tearDown -->
  <testcase classname="com.ae.qa.testcases.CartPageTest" name="validateWelcomePageTitle" time="0.0">
    <skipped/>
  </testcase> <!-- validateWelcomePageTitle -->
  <testcase classname="com.ae.qa.testcases.CartPageTest" name="validateCartPageTitle" time="0.0">
    <skipped/>
  </testcase> <!-- validateCartPageTitle -->
  <testcase classname="com.ae.qa.testcases.CartPageTest" name="validateScrollDownGetSubscriptionH2" time="0.0">
    <skipped/>
  </testcase> <!-- validateScrollDownGetSubscriptionH2 -->
  <testcase classname="com.ae.qa.testcases.CartPageTest" name="validateCartSubscription" time="0.0">
    <skipped/>
  </testcase> <!-- validateCartSubscription -->
</testsuite> <!-- Test Case 11: Verify Subscription in Cart page -->
