<html>
<head>
<title>TestNG:  Test Case 14: Place Order: Register while Checkout</title>
<link href="../testng.css" rel="stylesheet" type="text/css" />
<link href="../my-testng.css" rel="stylesheet" type="text/css" />

<style type="text/css">
.log { display: none;} 
.stack-trace { display: none;} 
</style>
<script type="text/javascript">
<!--
function flip(e) {
  current = e.style.display;
  if (current == 'block') {
    e.style.display = 'none';
    return 0;
  }
  else {
    e.style.display = 'block';
    return 1;
  }
}

function toggleBox(szDivId, elem, msg1, msg2)
{
  var res = -1;  if (document.getElementById) {
    res = flip(document.getElementById(szDivId));
  }
  else if (document.all) {
    // this is the way old msie versions work
    res = flip(document.all[szDivId]);
  }
  if(elem) {
    if(res == 0) elem.innerHTML = msg1; else elem.innerHTML = msg2;
  }

}

function toggleAllBoxes() {
  if (document.getElementsByTagName) {
    d = document.getElementsByTagName('div');
    for (i = 0; i < d.length; i++) {
      if (d[i].className == 'log') {
        flip(d[i]);
      }
    }
  }
}

// -->
</script>

</head>
<body>
<h2 align='center'>Test Case 14: Place Order: Register while Checkout</h2><table border='1' align="center">
<tr>
<td>Tests passed/Failed/Skipped:</td><td>10/1/0</td>
</tr><tr>
<td>Started on:</td><td>Mon May 01 13:11:33 BST 2023</td>
</tr>
<tr><td>Total time:</td><td>46 seconds (46001 ms)</td>
</tr><tr>
<td>Included groups:</td><td></td>
</tr><tr>
<td>Excluded groups:</td><td></td>
</tr>
</table><p/>
<small><i>(Hover the method name to see the test class name)</i></small><p/>
<table width='100%' border='1' class='invocation-failed'>
<tr><td colspan='4' align='center'><b>FAILED TESTS</b></td></tr>
<tr><td><b>Test method</b></td>
<td width="30%"><b>Exception</b></td>
<td width="10%"><b>Time (seconds)</b></td>
<td><b>Instance</b></td>
</tr>
<tr>
<td title='com.ae.qa.testcases.RegisterWhileCheckOutTest.validatePlaceOrder()'><b>validatePlaceOrder</b><br>Test class: com.ae.qa.testcases.RegisterWhileCheckOutTest</td>
<td><div><pre>org.openqa.selenium.NoSuchElementException: Unable to locate element: //*[contains(text(),&apos;Your order has been placed successfully!&apos;)]
For documentation on this error, please visit: https://selenium.dev/exceptions/#no_such_element
Build info: version: &apos;4.0.0&apos;, revision: &apos;3a21814679&apos;
System info: host: &apos;ks-MacBook-Air.local&apos;, ip: &apos;2a00:23c7:6b19:1801:e4c3:c80e:95e0:8f86%en0&apos;, os.name: &apos;Mac OS X&apos;, os.arch: &apos;x86_64&apos;, os.version: &apos;12.6.5&apos;, java.version: &apos;17.0.6&apos;
Driver info: org.openqa.selenium.firefox.FirefoxDriver
Command: [0946b114-7ce7-480c-86e8-5361ca019cff, findElement {using=xpath, value=//*[contains(text(),&apos;Your order has been placed successfully!&apos;)]}]
Capabilities {acceptInsecureCerts: true, browserName: firefox, browserVersion: 112.0.1, javascriptEnabled: true, moz:accessibilityChecks: false, moz:buildID: 20230414125621, moz:debuggerAddress: 127.0.0.1:57866, moz:geckodriverVersion: 0.33.0, moz:headless: false, moz:platformVersion: 21.6.0, moz:processID: 68289, moz:profile: /var/folders/6t/2wrb61y14lb..., moz:shutdownTimeout: 60000, moz:useNonSpecCompliantPointerOrigin: false, moz:webdriverClick: true, moz:windowless: false, pageLoadStrategy: normal, platform: MAC, platformName: MAC, proxy: Proxy(), se:cdp: ws://127.0.0.1:57866/devtoo..., se:cdpVersion: 85, setWindowRect: true, strictFileInteractability: false, timeouts: {implicit: 0, pageLoad: 300000, script: 30000}, unhandledPromptBehavior: dismiss and notify}
Session ID: 0946b114-7ce7-480c-86e8-5361ca019cff
	at org.openqa.selenium.remote.codec.w3c.W3CHttpResponseCodec.createException(W3CHttpResponseCodec.java:200)
	at org.openqa.selenium.remote.codec.w3c.W3CHttpResponseCodec.decode(W3CHttpResponseCodec.java:133)
	at org.openqa.selenium.remote.codec.w3c.W3CHttpResponseCodec.decode(W3CHttpResponseCodec.java:53)
	at org.openqa.selenium.remote.HttpCommandExecutor.execute(HttpCommandExecutor.java:184)
	at org.openqa.selenium.remote.service.DriverCommandExecutor.invokeExecute(DriverCommandExecutor.java:164)
	at org.openqa.selenium.remote.service.DriverCommandExecutor.execute(DriverCommandExecutor.java:139)
	at org.openqa.selenium.remote.RemoteWebDriver.execute(RemoteWebDriver.java:559)
	at org.openqa.selenium.remote.ElementLocation$ElementFinder$2.findElement(ElementLocation.java:162)
	at org.openqa.selenium.remote.ElementLocation.findElement(ElementLocation.java:60)
	at org.openqa.selenium.remote.RemoteWebDriver.findElement(RemoteWebDriver.java:383)
	at org.openqa.selenium.remote.RemoteWebDriver.findElement(RemoteWebDriver.java:375)
	at com.ae.qa.pages.PayAndConfirmPage.fillCardDetails(PayAndConfirmPage.java:45)
	at com.ae.qa.testcases.RegisterWhileCheckOutTest.validatePlaceOrder(RegisterWhileCheckOutTest.java:129)
	at java.base/java.util.ArrayList.forEach(ArrayList.java:1511)
	at com.intellij.rt.testng.IDEARemoteTestNG.run(IDEARemoteTestNG.java:66)
	at com.intellij.rt.testng.RemoteTestNGStarter.main(RemoteTestNGStarter.java:109)
... Removed 29 stack frames</pre></div><a href='#' onClick='toggleBox("stack-trace65112445", this, "Click to show all stack frames", "Click to hide stack frames")'>Click to show all stack frames</a>
<div class='stack-trace' id='stack-trace65112445'><pre>org.openqa.selenium.NoSuchElementException: Unable to locate element: //*[contains(text(),&apos;Your order has been placed successfully!&apos;)]
For documentation on this error, please visit: https://selenium.dev/exceptions/#no_such_element
Build info: version: &apos;4.0.0&apos;, revision: &apos;3a21814679&apos;
System info: host: &apos;ks-MacBook-Air.local&apos;, ip: &apos;2a00:23c7:6b19:1801:e4c3:c80e:95e0:8f86%en0&apos;, os.name: &apos;Mac OS X&apos;, os.arch: &apos;x86_64&apos;, os.version: &apos;12.6.5&apos;, java.version: &apos;17.0.6&apos;
Driver info: org.openqa.selenium.firefox.FirefoxDriver
Command: [0946b114-7ce7-480c-86e8-5361ca019cff, findElement {using=xpath, value=//*[contains(text(),&apos;Your order has been placed successfully!&apos;)]}]
Capabilities {acceptInsecureCerts: true, browserName: firefox, browserVersion: 112.0.1, javascriptEnabled: true, moz:accessibilityChecks: false, moz:buildID: 20230414125621, moz:debuggerAddress: 127.0.0.1:57866, moz:geckodriverVersion: 0.33.0, moz:headless: false, moz:platformVersion: 21.6.0, moz:processID: 68289, moz:profile: /var/folders/6t/2wrb61y14lb..., moz:shutdownTimeout: 60000, moz:useNonSpecCompliantPointerOrigin: false, moz:webdriverClick: true, moz:windowless: false, pageLoadStrategy: normal, platform: MAC, platformName: MAC, proxy: Proxy(), se:cdp: ws://127.0.0.1:57866/devtoo..., se:cdpVersion: 85, setWindowRect: true, strictFileInteractability: false, timeouts: {implicit: 0, pageLoad: 300000, script: 30000}, unhandledPromptBehavior: dismiss and notify}
Session ID: 0946b114-7ce7-480c-86e8-5361ca019cff
	at java.base/jdk.internal.reflect.NativeConstructorAccessorImpl.newInstance0(Native Method)
	at java.base/jdk.internal.reflect.NativeConstructorAccessorImpl.newInstance(NativeConstructorAccessorImpl.java:77)
	at java.base/jdk.internal.reflect.DelegatingConstructorAccessorImpl.newInstance(DelegatingConstructorAccessorImpl.java:45)
	at java.base/java.lang.reflect.Constructor.newInstanceWithCaller(Constructor.java:499)
	at java.base/java.lang.reflect.Constructor.newInstance(Constructor.java:480)
	at org.openqa.selenium.remote.codec.w3c.W3CHttpResponseCodec.createException(W3CHttpResponseCodec.java:200)
	at org.openqa.selenium.remote.codec.w3c.W3CHttpResponseCodec.decode(W3CHttpResponseCodec.java:133)
	at org.openqa.selenium.remote.codec.w3c.W3CHttpResponseCodec.decode(W3CHttpResponseCodec.java:53)
	at org.openqa.selenium.remote.HttpCommandExecutor.execute(HttpCommandExecutor.java:184)
	at org.openqa.selenium.remote.service.DriverCommandExecutor.invokeExecute(DriverCommandExecutor.java:164)
	at org.openqa.selenium.remote.service.DriverCommandExecutor.execute(DriverCommandExecutor.java:139)
	at org.openqa.selenium.remote.RemoteWebDriver.execute(RemoteWebDriver.java:559)
	at org.openqa.selenium.remote.ElementLocation$ElementFinder$2.findElement(ElementLocation.java:162)
	at org.openqa.selenium.remote.ElementLocation.findElement(ElementLocation.java:60)
	at org.openqa.selenium.remote.RemoteWebDriver.findElement(RemoteWebDriver.java:383)
	at org.openqa.selenium.remote.RemoteWebDriver.findElement(RemoteWebDriver.java:375)
	at com.ae.qa.pages.PayAndConfirmPage.fillCardDetails(PayAndConfirmPage.java:45)
	at com.ae.qa.testcases.RegisterWhileCheckOutTest.validatePlaceOrder(RegisterWhileCheckOutTest.java:129)
	at java.base/jdk.internal.reflect.NativeMethodAccessorImpl.invoke0(Native Method)
	at java.base/jdk.internal.reflect.NativeMethodAccessorImpl.invoke(NativeMethodAccessorImpl.java:77)
	at java.base/jdk.internal.reflect.DelegatingMethodAccessorImpl.invoke(DelegatingMethodAccessorImpl.java:43)
	at java.base/java.lang.reflect.Method.invoke(Method.java:568)
	at org.testng.internal.MethodInvocationHelper.invokeMethod(MethodInvocationHelper.java:133)
	at org.testng.internal.TestInvoker.invokeMethod(TestInvoker.java:598)
	at org.testng.internal.TestInvoker.invokeTestMethod(TestInvoker.java:173)
	at org.testng.internal.MethodRunner.runInSequence(MethodRunner.java:46)
	at org.testng.internal.TestInvoker$MethodInvocationAgent.invoke(TestInvoker.java:824)
	at org.testng.internal.TestInvoker.invokeTestMethods(TestInvoker.java:146)
	at org.testng.internal.TestMethodWorker.invokeTestMethods(TestMethodWorker.java:146)
	at org.testng.internal.TestMethodWorker.run(TestMethodWorker.java:128)
	at java.base/java.util.ArrayList.forEach(ArrayList.java:1511)
	at org.testng.TestRunner.privateRun(TestRunner.java:794)
	at org.testng.TestRunner.run(TestRunner.java:596)
	at org.testng.SuiteRunner.runTest(SuiteRunner.java:377)
	at org.testng.SuiteRunner.runSequentially(SuiteRunner.java:371)
	at org.testng.SuiteRunner.privateRun(SuiteRunner.java:332)
	at org.testng.SuiteRunner.run(SuiteRunner.java:276)
	at org.testng.SuiteRunnerWorker.runSuite(SuiteRunnerWorker.java:53)
	at org.testng.SuiteRunnerWorker.run(SuiteRunnerWorker.java:96)
	at org.testng.TestNG.runSuitesSequentially(TestNG.java:1212)
	at org.testng.TestNG.runSuitesLocally(TestNG.java:1134)
	at org.testng.TestNG.runSuites(TestNG.java:1063)
	at org.testng.TestNG.run(TestNG.java:1031)
	at com.intellij.rt.testng.IDEARemoteTestNG.run(IDEARemoteTestNG.java:66)
	at com.intellij.rt.testng.RemoteTestNGStarter.main(RemoteTestNGStarter.java:109)
</pre></div></td>
<td>13</td>
<td>com.ae.qa.testcases.RegisterWhileCheckOutTest@4b44655e</td></tr>
</table><p>
<table width='100%' border='1' class='invocation-passed'>
<tr><td colspan='4' align='center'><b>PASSED TESTS</b></td></tr>
<tr><td><b>Test method</b></td>
<td width="30%"><b>Exception</b></td>
<td width="10%"><b>Time (seconds)</b></td>
<td><b>Instance</b></td>
</tr>
<tr>
<td title='com.ae.qa.testcases.RegisterWhileCheckOutTest.validateLoggedInUserName()'><b>validateLoggedInUserName</b><br>Test class: com.ae.qa.testcases.RegisterWhileCheckOutTest</td>
<td></td>
<td>7</td>
<td>com.ae.qa.testcases.RegisterWhileCheckOutTest@4b44655e</td></tr>
<tr>
<td title='com.ae.qa.testcases.RegisterWhileCheckOutTest.validateProceedCheckout()'><b>validateProceedCheckout</b><br>Test class: com.ae.qa.testcases.RegisterWhileCheckOutTest</td>
<td></td>
<td>3</td>
<td>com.ae.qa.testcases.RegisterWhileCheckOutTest@4b44655e</td></tr>
<tr>
<td title='com.ae.qa.testcases.RegisterWhileCheckOutTest.validateAddressVisibility()'><b>validateAddressVisibility</b><br>Test class: com.ae.qa.testcases.RegisterWhileCheckOutTest</td>
<td></td>
<td>0</td>
<td>com.ae.qa.testcases.RegisterWhileCheckOutTest@4b44655e</td></tr>
<tr>
<td title='com.ae.qa.testcases.RegisterWhileCheckOutTest.validateProductsLink()'><b>validateProductsLink</b><br>Test class: com.ae.qa.testcases.RegisterWhileCheckOutTest</td>
<td></td>
<td>4</td>
<td>com.ae.qa.testcases.RegisterWhileCheckOutTest@4b44655e</td></tr>
<tr>
<td title='com.ae.qa.testcases.RegisterWhileCheckOutTest.validateSignUpNewUser()'><b>validateSignUpNewUser</b><br>Test class: com.ae.qa.testcases.RegisterWhileCheckOutTest</td>
<td></td>
<td>0</td>
<td>com.ae.qa.testcases.RegisterWhileCheckOutTest@4b44655e</td></tr>
<tr>
<td title='com.ae.qa.testcases.RegisterWhileCheckOutTest.validateSignUp()'><b>validateSignUp</b><br>Test class: com.ae.qa.testcases.RegisterWhileCheckOutTest</td>
<td></td>
<td>3</td>
<td>com.ae.qa.testcases.RegisterWhileCheckOutTest@4b44655e</td></tr>
<tr>
<td title='com.ae.qa.testcases.RegisterWhileCheckOutTest.validateOrderVisibility()'><b>validateOrderVisibility</b><br>Test class: com.ae.qa.testcases.RegisterWhileCheckOutTest</td>
<td></td>
<td>0</td>
<td>com.ae.qa.testcases.RegisterWhileCheckOutTest@4b44655e</td></tr>
<tr>
<td title='com.ae.qa.testcases.RegisterWhileCheckOutTest.validateWelcomePageTitle()'><b>validateWelcomePageTitle</b><br>Test class: com.ae.qa.testcases.RegisterWhileCheckOutTest</td>
<td></td>
<td>0</td>
<td>com.ae.qa.testcases.RegisterWhileCheckOutTest@4b44655e</td></tr>
<tr>
<td title='com.ae.qa.testcases.RegisterWhileCheckOutTest.validateAddToCartInProductPage()'><b>validateAddToCartInProductPage</b><br>Test class: com.ae.qa.testcases.RegisterWhileCheckOutTest</td>
<td></td>
<td>1</td>
<td>com.ae.qa.testcases.RegisterWhileCheckOutTest@4b44655e</td></tr>
<tr>
<td title='com.ae.qa.testcases.RegisterWhileCheckOutTest.validateDeleteAccount()'><b>validateDeleteAccount</b><br>Test class: com.ae.qa.testcases.RegisterWhileCheckOutTest</td>
<td></td>
<td>0</td>
<td>com.ae.qa.testcases.RegisterWhileCheckOutTest@4b44655e</td></tr>
</table><p>
</body>
</html>