<?xml version="1.0" encoding="UTF-8"?>
<!-- Generated by org.testng.reporters.JUnitXMLReporter -->
<testsuite ignored="0" hostname="ks-MacBook-Air.local" failures="37" tests="93" name="Surefire test" time="408.185" errors="0" timestamp="2023-05-04T17:11:00 BST">
  <testcase classname="com.ae.qa.testcases.CartPageTest" name="validateCartPageTitle" time="0.02"/>
  <testcase classname="com.ae.qa.testcases.CartPageTest" name="validateCartSubscription" time="0.959"/>
  <testcase classname="com.ae.qa.testcases.CartPageTest" name="validateScrollDownGetSubscriptionH2" time="0.038"/>
  <testcase classname="com.ae.qa.testcases.CartPageTest" name="validateWelcomePageTitle" time="0.0"/>
  <testcase classname="com.ae.qa.testcases.ProductsPageTest" name="validateWelcomePageTitle" time="0.01"/>
  <testcase classname="com.ae.qa.testcases.ProductsPageTest" name="validateProductsLink" time="3.105"/>
  <testcase classname="com.ae.qa.testcases.ProductsPageTest" name="validateAddToCartInProductPage" time="1.59"/>
  <testcase classname="com.ae.qa.testcases.ProductsPageTest" name="validateProductsDetailsNavigation" time="20.042">
    <failure type="org.openqa.selenium.TimeoutException" message="Expected condition failed: waiting for visibility of Proxy element for: DefaultElementLocator &amp;apos;By.xpath: (//a[contains(text(),&amp;apos;View Product&amp;apos;)])[1]&amp;apos; (tried for 5 second(s) with 500 milliseconds interval)">
      <![CDATA[org.openqa.selenium.TimeoutException: Expected condition failed: waiting for visibility of Proxy element for: DefaultElementLocator 'By.xpath: (//a[contains(text(),'View Product')])[1]' (tried for 5 second(s) with 500 milliseconds interval)
at org.openqa.selenium.support.ui.WebDriverWait.timeoutException(WebDriverWait.java:87)
at org.openqa.selenium.support.ui.FluentWait.until(FluentWait.java:231)
at com.ae.qa.pages.ProductsPage.clickFirstProduct(ProductsPage.java:48)
at com.ae.qa.testcases.ProductsPageTest.validateProductsDetailsNavigation(ProductsPageTest.java:45)
at java.base/java.util.ArrayList.forEach(ArrayList.java:1511)
Caused by: org.openqa.selenium.NoSuchElementException: Unable to locate element: (//a[contains(text(),'View Product')])[1]
For documentation on this error, please visit: https://selenium.dev/exceptions/#no_such_element
Build info: version: '4.8.1', revision: '8ebccac989'
System info: os.name: 'Mac OS X', os.arch: 'x86_64', os.version: '12.6.5', java.version: '17.0.6'
Driver info: org.openqa.selenium.firefox.FirefoxDriver
Command: [1a3f1907-622a-44f5-aaf8-5893b4f73052, findElement {using=xpath, value=(//a[contains(text(),'View Product')])[1]}]
Capabilities {acceptInsecureCerts: true, browserName: firefox, browserVersion: 112.0.2, moz:accessibilityChecks: false, moz:buildID: 20230424110519, moz:debuggerAddress: 127.0.0.1:43157, moz:geckodriverVersion: 0.33.0, moz:headless: false, moz:platformVersion: 21.6.0, moz:processID: 89119, moz:profile: /var/folders/6t/2wrb61y14lb..., moz:shutdownTimeout: 60000, moz:useNonSpecCompliantPointerOrigin: false, moz:webdriverClick: true, moz:windowless: false, pageLoadStrategy: normal, platformName: MAC, proxy: Proxy(), se:cdp: ws://127.0.0.1:43157/devtoo..., se:cdpVersion: 85.0, setWindowRect: true, strictFileInteractability: false, timeouts: {implicit: 0, pageLoad: 300000, script: 30000}, unhandledPromptBehavior: dismiss and notify}
Session ID: 1a3f1907-622a-44f5-aaf8-5893b4f73052
at org.openqa.selenium.remote.codec.w3c.W3CHttpResponseCodec.createException(W3CHttpResponseCodec.java:200)
at org.openqa.selenium.remote.codec.w3c.W3CHttpResponseCodec.decode(W3CHttpResponseCodec.java:133)
at org.openqa.selenium.remote.codec.w3c.W3CHttpResponseCodec.decode(W3CHttpResponseCodec.java:53)
at org.openqa.selenium.remote.HttpCommandExecutor.execute(HttpCommandExecutor.java:184)
at org.openqa.selenium.remote.service.DriverCommandExecutor.invokeExecute(DriverCommandExecutor.java:167)
at org.openqa.selenium.remote.service.DriverCommandExecutor.execute(DriverCommandExecutor.java:142)
at org.openqa.selenium.remote.RemoteWebDriver.execute(RemoteWebDriver.java:543)
at org.openqa.selenium.remote.ElementLocation$ElementFinder$2.findElement(ElementLocation.java:162)
at org.openqa.selenium.remote.ElementLocation.findElement(ElementLocation.java:60)
at org.openqa.selenium.remote.RemoteWebDriver.findElement(RemoteWebDriver.java:352)
at org.openqa.selenium.remote.RemoteWebDriver.findElement(RemoteWebDriver.java:344)
at org.openqa.selenium.support.events.EventFiringWebDriver.lambda$new$1(EventFiringWebDriver.java:106)
at jdk.proxy2/jdk.proxy2.$Proxy13.findElement(Unknown Source)
at org.openqa.selenium.support.events.EventFiringWebDriver.findElement(EventFiringWebDriver.java:195)
at org.openqa.selenium.support.pagefactory.DefaultElementLocator.findElement(DefaultElementLocator.java:70)
at org.openqa.selenium.support.pagefactory.internal.LocatingElementHandler.invoke(LocatingElementHandler.java:39)
at jdk.proxy2/jdk.proxy2.$Proxy17.isDisplayed(Unknown Source)
at org.openqa.selenium.support.ui.ExpectedConditions.elementIfVisible(ExpectedConditions.java:307)
at org.openqa.selenium.support.ui.ExpectedConditions.access$000(ExpectedConditions.java:40)
at org.openqa.selenium.support.ui.ExpectedConditions$10.apply(ExpectedConditions.java:293)
at org.openqa.selenium.support.ui.ExpectedConditions$10.apply(ExpectedConditions.java:290)
at org.openqa.selenium.support.ui.FluentWait.until(FluentWait.java:208)
... 35 more
... Removed 41 stack frames]]>
    </failure>
  </testcase> <!-- validateProductsDetailsNavigation -->
  <testcase classname="com.ae.qa.testcases.ProductsPageTest" name="validateDeleteFromCart" time="0.344">
    <failure type="java.lang.AssertionError" message="expected [Cart is empty!] but found []">
      <![CDATA[java.lang.AssertionError: expected [Cart is empty!] but found []
at com.ae.qa.testcases.ProductsPageTest.validateDeleteFromCart(ProductsPageTest.java:109)
at java.base/java.util.ArrayList.forEach(ArrayList.java:1511)
... Removed 37 stack frames]]>
    </failure>
  </testcase> <!-- validateDeleteFromCart -->
  <testcase classname="com.ae.qa.testcases.ProductsPageTest" name="validateIncreaseQuantityInProductDetailsPage" time="0.004">
    <failure type="java.lang.NullPointerException" message="Cannot invoke &amp;quot;com.ae.qa.pages.ProductDetailsPage.increaseQuantity(String)&amp;quot; because &amp;quot;this.productDetailsPageObj&amp;quot; is null">
      <![CDATA[java.lang.NullPointerException: Cannot invoke "com.ae.qa.pages.ProductDetailsPage.increaseQuantity(String)" because "this.productDetailsPageObj" is null
at com.ae.qa.testcases.ProductsPageTest.validateIncreaseQuantityInProductDetailsPage(ProductsPageTest.java:117)
at java.base/java.util.ArrayList.forEach(ArrayList.java:1511)
... Removed 32 stack frames]]>
    </failure>
  </testcase> <!-- validateIncreaseQuantityInProductDetailsPage -->
  <testcase classname="com.ae.qa.testcases.ProductsPageTest" name="validateProductAddToCartVisibility" time="0.001">
    <failure type="java.lang.NullPointerException" message="Cannot invoke &amp;quot;com.ae.qa.pages.ProductDetailsPage.getAddToCartVisibility()&amp;quot; because &amp;quot;this.productDetailsPageObj&amp;quot; is null">
      <![CDATA[java.lang.NullPointerException: Cannot invoke "com.ae.qa.pages.ProductDetailsPage.getAddToCartVisibility()" because "this.productDetailsPageObj" is null
at com.ae.qa.testcases.ProductsPageTest.validateProductAddToCartVisibility(ProductsPageTest.java:96)
at java.base/java.util.ArrayList.forEach(ArrayList.java:1511)
... Removed 32 stack frames]]>
    </failure>
  </testcase> <!-- validateProductAddToCartVisibility -->
  <testcase classname="com.ae.qa.testcases.ProductsPageTest" name="validateProductAvailableVisibility" time="0.0">
    <failure type="java.lang.NullPointerException" message="Cannot invoke &amp;quot;com.ae.qa.pages.ProductDetailsPage.getProductAvailabeVisibility()&amp;quot; because &amp;quot;this.productDetailsPageObj&amp;quot; is null">
      <![CDATA[java.lang.NullPointerException: Cannot invoke "com.ae.qa.pages.ProductDetailsPage.getProductAvailabeVisibility()" because "this.productDetailsPageObj" is null
at com.ae.qa.testcases.ProductsPageTest.validateProductAvailableVisibility(ProductsPageTest.java:71)
at java.base/java.util.ArrayList.forEach(ArrayList.java:1511)
... Removed 32 stack frames]]>
    </failure>
  </testcase> <!-- validateProductAvailableVisibility -->
  <testcase classname="com.ae.qa.testcases.ProductsPageTest" name="validateProductBrandVisibility" time="0.001">
    <failure type="java.lang.NullPointerException" message="Cannot invoke &amp;quot;com.ae.qa.pages.ProductDetailsPage.getProductBrandVisibility()&amp;quot; because &amp;quot;this.productDetailsPageObj&amp;quot; is null">
      <![CDATA[java.lang.NullPointerException: Cannot invoke "com.ae.qa.pages.ProductDetailsPage.getProductBrandVisibility()" because "this.productDetailsPageObj" is null
at com.ae.qa.testcases.ProductsPageTest.validateProductBrandVisibility(ProductsPageTest.java:83)
at java.base/java.util.ArrayList.forEach(ArrayList.java:1511)
... Removed 32 stack frames]]>
    </failure>
  </testcase> <!-- validateProductBrandVisibility -->
  <testcase classname="com.ae.qa.testcases.ProductsPageTest" name="validateProductCategortVisibility" time="0.001">
    <failure type="java.lang.NullPointerException" message="Cannot invoke &amp;quot;com.ae.qa.pages.ProductDetailsPage.getProductCategoryVisibility()&amp;quot; because &amp;quot;this.productDetailsPageObj&amp;quot; is null">
      <![CDATA[java.lang.NullPointerException: Cannot invoke "com.ae.qa.pages.ProductDetailsPage.getProductCategoryVisibility()" because "this.productDetailsPageObj" is null
at com.ae.qa.testcases.ProductsPageTest.validateProductCategortVisibility(ProductsPageTest.java:89)
at java.base/java.util.ArrayList.forEach(ArrayList.java:1511)
... Removed 32 stack frames]]>
    </failure>
  </testcase> <!-- validateProductCategortVisibility -->
  <testcase classname="com.ae.qa.testcases.ProductsPageTest" name="validateProductConditionVisibility" time="0.0">
    <failure type="java.lang.NullPointerException" message="Cannot invoke &amp;quot;com.ae.qa.pages.ProductDetailsPage.getProductConditionVisibility()&amp;quot; because &amp;quot;this.productDetailsPageObj&amp;quot; is null">
      <![CDATA[java.lang.NullPointerException: Cannot invoke "com.ae.qa.pages.ProductDetailsPage.getProductConditionVisibility()" because "this.productDetailsPageObj" is null
at com.ae.qa.testcases.ProductsPageTest.validateProductConditionVisibility(ProductsPageTest.java:77)
at java.base/java.util.ArrayList.forEach(ArrayList.java:1511)
... Removed 32 stack frames]]>
    </failure>
  </testcase> <!-- validateProductConditionVisibility -->
  <testcase classname="com.ae.qa.testcases.ProductsPageTest" name="validateProductNameVisibility" time="0.001">
    <failure type="java.lang.NullPointerException" message="Cannot invoke &amp;quot;com.ae.qa.pages.ProductDetailsPage.getProductNameVisibility()&amp;quot; because &amp;quot;this.productDetailsPageObj&amp;quot; is null">
      <![CDATA[java.lang.NullPointerException: Cannot invoke "com.ae.qa.pages.ProductDetailsPage.getProductNameVisibility()" because "this.productDetailsPageObj" is null
at com.ae.qa.testcases.ProductsPageTest.validateProductNameVisibility(ProductsPageTest.java:59)
at java.base/java.util.ArrayList.forEach(ArrayList.java:1511)
... Removed 32 stack frames]]>
    </failure>
  </testcase> <!-- validateProductNameVisibility -->
  <testcase classname="com.ae.qa.testcases.ProductsPageTest" name="validateProductPriceVisibility" time="0.0">
    <failure type="java.lang.NullPointerException" message="Cannot invoke &amp;quot;com.ae.qa.pages.ProductDetailsPage.getProductPriceVisibility()&amp;quot; because &amp;quot;this.productDetailsPageObj&amp;quot; is null">
      <![CDATA[java.lang.NullPointerException: Cannot invoke "com.ae.qa.pages.ProductDetailsPage.getProductPriceVisibility()" because "this.productDetailsPageObj" is null
at com.ae.qa.testcases.ProductsPageTest.validateProductPriceVisibility(ProductsPageTest.java:65)
at java.base/java.util.ArrayList.forEach(ArrayList.java:1511)
... Removed 32 stack frames]]>
    </failure>
  </testcase> <!-- validateProductPriceVisibility -->
  <testcase classname="com.ae.qa.testcases.ProductsPageTest" name="validateReviewAboutProduct" time="0.0">
    <failure type="java.lang.NullPointerException" message="Cannot invoke &amp;quot;com.ae.qa.pages.ProductDetailsPage.fillReviewAboutProduct(String, String, String)&amp;quot; because &amp;quot;this.productDetailsPageObj&amp;quot; is null">
      <![CDATA[java.lang.NullPointerException: Cannot invoke "com.ae.qa.pages.ProductDetailsPage.fillReviewAboutProduct(String, String, String)" because "this.productDetailsPageObj" is null
at com.ae.qa.testcases.ProductsPageTest.validateReviewAboutProduct(ProductsPageTest.java:52)
at java.base/java.util.ArrayList.forEach(ArrayList.java:1511)
... Removed 32 stack frames]]>
    </failure>
  </testcase> <!-- validateReviewAboutProduct -->
  <testcase classname="com.ae.qa.testcases.SearchProductsPageTest" name="validateWelcomePageTitle" time="0.004"/>
  <testcase classname="com.ae.qa.testcases.SearchProductsPageTest" name="validateProductsLink" time="6.112"/>
  <testcase classname="com.ae.qa.testcases.SearchProductsPageTest" name="validateSearchProductField" time="4.339"/>
  <testcase classname="com.ae.qa.testcases.SearchProductsPageTest" name="validateSearchedProductsVisibility" time="0.167"/>
  <testcase classname="com.ae.qa.testcases.TestCasesPageTest" name="validateWelcomePageTitle" time="0.011"/>
  <testcase classname="com.ae.qa.testcases.TestCasesPageTest" name="validateTestCasesLink" time="0.952"/>
  <testcase classname="com.ae.qa.testcases.TestCasesPageTest" name="validateTestCasesHeading" time="0.043"/>
  <testcase classname="com.ae.qa.testcases.SignUpPageTest" name="validateWelcomePageTitle" time="0.0"/>
  <testcase classname="com.ae.qa.testcases.SignUpPageTest" name="validateSignUpH2" time="0.037"/>
  <testcase classname="com.ae.qa.testcases.SignUpPageTest" name="validateSignUpExistingUser" time="1.114">
    <failure type="org.openqa.selenium.NoSuchSessionException" message="Session ID is null. Using WebDriver after calling quit()?
Build info: version: &amp;apos;4.8.1&amp;apos;, revision: &amp;apos;8ebccac989&amp;apos;
System info: os.name: &amp;apos;Mac OS X&amp;apos;, os.arch: &amp;apos;x86_64&amp;apos;, os.version: &amp;apos;12.6.5&amp;apos;, java.version: &amp;apos;17.0.6&amp;apos;
Driver info: org.openqa.selenium.firefox.FirefoxDriver
Command: [null, screenshot {}]
Capabilities {acceptInsecureCerts: true, browserName: firefox, browserVersion: 112.0.2, moz:accessibilityChecks: false, moz:buildID: 20230424110519, moz:debuggerAddress: 127.0.0.1:41166, moz:geckodriverVersion: 0.33.0, moz:headless: false, moz:platformVersion: 21.6.0, moz:processID: 89147, moz:profile: /var/folders/6t/2wrb61y14lb..., moz:shutdownTimeout: 60000, moz:useNonSpecCompliantPointerOrigin: false, moz:webdriverClick: true, moz:windowless: false, pageLoadStrategy: normal, platformName: MAC, proxy: Proxy(), se:cdp: ws://127.0.0.1:41166/devtoo..., se:cdpVersion: 85.0, setWindowRect: true, strictFileInteractability: false, timeouts: {implicit: 0, pageLoad: 300000, script: 30000}, unhandledPromptBehavior: dismiss and notify}">
      <![CDATA[org.openqa.selenium.NoSuchSessionException: Session ID is null. Using WebDriver after calling quit()?
Build info: version: '4.8.1', revision: '8ebccac989'
System info: os.name: 'Mac OS X', os.arch: 'x86_64', os.version: '12.6.5', java.version: '17.0.6'
Driver info: org.openqa.selenium.firefox.FirefoxDriver
Command: [null, screenshot {}]
Capabilities {acceptInsecureCerts: true, browserName: firefox, browserVersion: 112.0.2, moz:accessibilityChecks: false, moz:buildID: 20230424110519, moz:debuggerAddress: 127.0.0.1:41166, moz:geckodriverVersion: 0.33.0, moz:headless: false, moz:platformVersion: 21.6.0, moz:processID: 89147, moz:profile: /var/folders/6t/2wrb61y14lb..., moz:shutdownTimeout: 60000, moz:useNonSpecCompliantPointerOrigin: false, moz:webdriverClick: true, moz:windowless: false, pageLoadStrategy: normal, platformName: MAC, proxy: Proxy(), se:cdp: ws://127.0.0.1:41166/devtoo..., se:cdpVersion: 85.0, setWindowRect: true, strictFileInteractability: false, timeouts: {implicit: 0, pageLoad: 300000, script: 30000}, unhandledPromptBehavior: dismiss and notify}
at org.openqa.selenium.remote.HttpCommandExecutor.execute(HttpCommandExecutor.java:145)
at org.openqa.selenium.remote.service.DriverCommandExecutor.invokeExecute(DriverCommandExecutor.java:167)
at org.openqa.selenium.remote.service.DriverCommandExecutor.execute(DriverCommandExecutor.java:142)
at org.openqa.selenium.remote.RemoteWebDriver.execute(RemoteWebDriver.java:543)
at org.openqa.selenium.remote.RemoteWebDriver.execute(RemoteWebDriver.java:598)
at org.openqa.selenium.remote.RemoteWebDriver.execute(RemoteWebDriver.java:602)
at org.openqa.selenium.remote.RemoteWebDriver.getScreenshotAs(RemoteWebDriver.java:318)
at org.openqa.selenium.support.events.EventFiringWebDriver.lambda$new$1(EventFiringWebDriver.java:106)
at jdk.proxy2/jdk.proxy2.$Proxy13.getScreenshotAs(Unknown Source)
at org.openqa.selenium.support.events.EventFiringWebDriver.getScreenshotAs(EventFiringWebDriver.java:303)
at com.ae.qa.util.TestUtil.takeScreenshotAtEndOfTest(TestUtil.java:26)
at com.ae.qa.util.MyListenerClass.afterClickOn(MyListenerClass.java:37)
at org.openqa.selenium.support.events.EventFiringWebDriver.lambda$new$0(EventFiringWebDriver.java:85)
at jdk.proxy2/jdk.proxy2.$Proxy12.afterClickOn(Unknown Source)
at org.openqa.selenium.support.events.EventFiringWebDriver$EventFiringWebElement.click(EventFiringWebDriver.java:392)
at org.openqa.selenium.support.pagefactory.internal.LocatingElementHandler.invoke(LocatingElementHandler.java:52)
at jdk.proxy2/jdk.proxy2.$Proxy17.click(Unknown Source)
at com.ae.qa.pages.LoginPage.doExsitingUserSignUp(LoginPage.java:96)
at com.ae.qa.testcases.SignUpPageTest.validateSignUpExistingUser(SignUpPageTest.java:51)
at java.base/java.util.ArrayList.forEach(ArrayList.java:1511)
... Removed 43 stack frames]]>
    </failure>
  </testcase> <!-- validateSignUpExistingUser -->
  <testcase classname="com.ae.qa.testcases.SignUpPageTest" name="validateSignUpNewUser" time="10.018">
    <failure type="org.openqa.selenium.NoSuchElementException" message="Unable to locate element: //input[@placeholder=&amp;apos;Name&amp;apos;]
For documentation on this error, please visit: https://selenium.dev/exceptions/#no_such_element
Build info: version: &amp;apos;4.8.1&amp;apos;, revision: &amp;apos;8ebccac989&amp;apos;
System info: os.name: &amp;apos;Mac OS X&amp;apos;, os.arch: &amp;apos;x86_64&amp;apos;, os.version: &amp;apos;12.6.5&amp;apos;, java.version: &amp;apos;17.0.6&amp;apos;
Driver info: org.openqa.selenium.firefox.FirefoxDriver
Command: [f3b93b06-2f56-4b4f-b968-92e76afb44f7, findElement {using=xpath, value=//input[@placeholder=&amp;apos;Name&amp;apos;]}]
Capabilities {acceptInsecureCerts: true, browserName: firefox, browserVersion: 112.0.2, moz:accessibilityChecks: false, moz:buildID: 20230424110519, moz:debuggerAddress: 127.0.0.1:32909, moz:geckodriverVersion: 0.33.0, moz:headless: false, moz:platformVersion: 21.6.0, moz:processID: 89093, moz:profile: /var/folders/6t/2wrb61y14lb..., moz:shutdownTimeout: 60000, moz:useNonSpecCompliantPointerOrigin: false, moz:webdriverClick: true, moz:windowless: false, pageLoadStrategy: normal, platformName: MAC, proxy: Proxy(), se:cdp: ws://127.0.0.1:32909/devtoo..., se:cdpVersion: 85.0, setWindowRect: true, strictFileInteractability: false, timeouts: {implicit: 0, pageLoad: 300000, script: 30000}, unhandledPromptBehavior: dismiss and notify}
Session ID: f3b93b06-2f56-4b4f-b968-92e76afb44f7">
      <![CDATA[org.openqa.selenium.NoSuchElementException: Unable to locate element: //input[@placeholder='Name']
For documentation on this error, please visit: https://selenium.dev/exceptions/#no_such_element
Build info: version: '4.8.1', revision: '8ebccac989'
System info: os.name: 'Mac OS X', os.arch: 'x86_64', os.version: '12.6.5', java.version: '17.0.6'
Driver info: org.openqa.selenium.firefox.FirefoxDriver
Command: [f3b93b06-2f56-4b4f-b968-92e76afb44f7, findElement {using=xpath, value=//input[@placeholder='Name']}]
Capabilities {acceptInsecureCerts: true, browserName: firefox, browserVersion: 112.0.2, moz:accessibilityChecks: false, moz:buildID: 20230424110519, moz:debuggerAddress: 127.0.0.1:32909, moz:geckodriverVersion: 0.33.0, moz:headless: false, moz:platformVersion: 21.6.0, moz:processID: 89093, moz:profile: /var/folders/6t/2wrb61y14lb..., moz:shutdownTimeout: 60000, moz:useNonSpecCompliantPointerOrigin: false, moz:webdriverClick: true, moz:windowless: false, pageLoadStrategy: normal, platformName: MAC, proxy: Proxy(), se:cdp: ws://127.0.0.1:32909/devtoo..., se:cdpVersion: 85.0, setWindowRect: true, strictFileInteractability: false, timeouts: {implicit: 0, pageLoad: 300000, script: 30000}, unhandledPromptBehavior: dismiss and notify}
Session ID: f3b93b06-2f56-4b4f-b968-92e76afb44f7
at org.openqa.selenium.remote.codec.w3c.W3CHttpResponseCodec.createException(W3CHttpResponseCodec.java:200)
at org.openqa.selenium.remote.codec.w3c.W3CHttpResponseCodec.decode(W3CHttpResponseCodec.java:133)
at org.openqa.selenium.remote.codec.w3c.W3CHttpResponseCodec.decode(W3CHttpResponseCodec.java:53)
at org.openqa.selenium.remote.HttpCommandExecutor.execute(HttpCommandExecutor.java:184)
at org.openqa.selenium.remote.service.DriverCommandExecutor.invokeExecute(DriverCommandExecutor.java:167)
at org.openqa.selenium.remote.service.DriverCommandExecutor.execute(DriverCommandExecutor.java:142)
at org.openqa.selenium.remote.RemoteWebDriver.execute(RemoteWebDriver.java:543)
at org.openqa.selenium.remote.ElementLocation$ElementFinder$2.findElement(ElementLocation.java:162)
at org.openqa.selenium.remote.ElementLocation.findElement(ElementLocation.java:60)
at org.openqa.selenium.remote.RemoteWebDriver.findElement(RemoteWebDriver.java:352)
at org.openqa.selenium.remote.RemoteWebDriver.findElement(RemoteWebDriver.java:344)
at org.openqa.selenium.support.events.EventFiringWebDriver.lambda$new$1(EventFiringWebDriver.java:106)
at jdk.proxy2/jdk.proxy2.$Proxy13.findElement(Unknown Source)
at org.openqa.selenium.support.events.EventFiringWebDriver.findElement(EventFiringWebDriver.java:195)
at org.openqa.selenium.support.pagefactory.DefaultElementLocator.findElement(DefaultElementLocator.java:70)
at org.openqa.selenium.support.pagefactory.internal.LocatingElementHandler.invoke(LocatingElementHandler.java:39)
at jdk.proxy2/jdk.proxy2.$Proxy17.sendKeys(Unknown Source)
at com.ae.qa.pages.LoginPage.doNewUserSignUp(LoginPage.java:83)
at com.ae.qa.testcases.SignUpPageTest.validateSignUpNewUser(SignUpPageTest.java:46)
at java.base/java.util.ArrayList.forEach(ArrayList.java:1511)
... Removed 40 stack frames]]>
    </failure>
  </testcase> <!-- validateSignUpNewUser -->
  <testcase classname="com.ae.qa.testcases.SignUpPageTest" name="validateSignUpAccountInfoH2" time="0.005">
    <failure type="java.lang.NullPointerException" message="Cannot invoke &amp;quot;com.ae.qa.pages.SignUpPage.verifyAccountInfoText()&amp;quot; because &amp;quot;this.signupPageObj&amp;quot; is null">
      <![CDATA[java.lang.NullPointerException: Cannot invoke "com.ae.qa.pages.SignUpPage.verifyAccountInfoText()" because "this.signupPageObj" is null
at com.ae.qa.testcases.SignUpPageTest.validateSignUpAccountInfoH2(SignUpPageTest.java:58)
at java.base/java.util.ArrayList.forEach(ArrayList.java:1511)
... Removed 32 stack frames]]>
    </failure>
  </testcase> <!-- validateSignUpAccountInfoH2 -->
  <testcase classname="com.ae.qa.testcases.SignUpPageTest" name="validateSignUp" time="0.0">
    <failure type="java.lang.NullPointerException" message="Cannot invoke &amp;quot;com.ae.qa.pages.SignUpPage.doFillSignUpForm(String, String, String, String, String, String, String, String, String, String, String, String, String, String, String)&amp;quot; because &amp;quot;this.signupPageObj&amp;quot; is null">
      <![CDATA[java.lang.NullPointerException: Cannot invoke "com.ae.qa.pages.SignUpPage.doFillSignUpForm(String, String, String, String, String, String, String, String, String, String, String, String, String, String, String)" because "this.signupPageObj" is null
at com.ae.qa.testcases.SignUpPageTest.validateSignUp(SignUpPageTest.java:64)
at java.base/java.util.ArrayList.forEach(ArrayList.java:1511)
... Removed 32 stack frames]]>
    </failure>
  </testcase> <!-- validateSignUp -->
  <testcase classname="com.ae.qa.testcases.SignUpPageTest" name="validateLoggedInUserName" time="0.002">
    <failure type="java.lang.NullPointerException" message="Cannot invoke &amp;quot;com.ae.qa.pages.SignUpAccountCreatedPage.clickSignUpContinue()&amp;quot; because &amp;quot;this.signupAccountCreatedPageObj&amp;quot; is null">
      <![CDATA[java.lang.NullPointerException: Cannot invoke "com.ae.qa.pages.SignUpAccountCreatedPage.clickSignUpContinue()" because "this.signupAccountCreatedPageObj" is null
at com.ae.qa.testcases.SignUpPageTest.validateLoggedInUserName(SignUpPageTest.java:86)
at java.base/java.util.ArrayList.forEach(ArrayList.java:1511)
... Removed 32 stack frames]]>
    </failure>
  </testcase> <!-- validateLoggedInUserName -->
  <testcase classname="com.ae.qa.testcases.SignUpPageTest" name="validateDeleteAccount" time="0.004">
    <failure type="java.lang.NullPointerException" message="Cannot invoke &amp;quot;com.ae.qa.pages.UserHomePage.clickUserDeleteAccount()&amp;quot; because &amp;quot;this.userHomePageObj&amp;quot; is null">
      <![CDATA[java.lang.NullPointerException: Cannot invoke "com.ae.qa.pages.UserHomePage.clickUserDeleteAccount()" because "this.userHomePageObj" is null
at com.ae.qa.testcases.SignUpPageTest.validateDeleteAccount(SignUpPageTest.java:92)
at java.base/java.util.ArrayList.forEach(ArrayList.java:1511)
... Removed 32 stack frames]]>
    </failure>
  </testcase> <!-- validateDeleteAccount -->
  <testcase classname="com.ae.qa.testcases.SignUpPageTest" name="validateContinueDeletedButton" time="0.004">
    <failure type="java.lang.NullPointerException" message="Cannot invoke &amp;quot;com.ae.qa.pages.AccountDeletedPage.clickAccountDeletedContinueButton()&amp;quot; because &amp;quot;this.accountDeteledPageObj&amp;quot; is null">
      <![CDATA[java.lang.NullPointerException: Cannot invoke "com.ae.qa.pages.AccountDeletedPage.clickAccountDeletedContinueButton()" because "this.accountDeteledPageObj" is null
at com.ae.qa.testcases.SignUpPageTest.validateContinueDeletedButton(SignUpPageTest.java:99)
at java.base/java.util.ArrayList.forEach(ArrayList.java:1511)
... Removed 32 stack frames]]>
    </failure>
  </testcase> <!-- validateContinueDeletedButton -->
  <testcase classname="com.ae.qa.testcases.RegisterWhileCheckOutTest" name="validateWelcomePageTitle" time="0.001"/>
  <testcase classname="com.ae.qa.testcases.RegisterWhileCheckOutTest" name="validateProductsLink" time="2.406"/>
  <testcase classname="com.ae.qa.testcases.RegisterWhileCheckOutTest" name="validateAddToCartInProductPage" time="2.144"/>
  <testcase classname="com.ae.qa.testcases.RegisterWhileCheckOutTest" name="validateSignUpNewUser" time="0.701"/>
  <testcase classname="com.ae.qa.testcases.RegisterWhileCheckOutTest" name="validateSignUp" time="4.945"/>
  <testcase classname="com.ae.qa.testcases.RegisterWhileCheckOutTest" name="validateLoggedInUserName" time="7.353"/>
  <testcase classname="com.ae.qa.testcases.RegisterWhileCheckOutTest" name="validateProceedCheckout" time="3.665"/>
  <testcase classname="com.ae.qa.testcases.RegisterWhileCheckOutTest" name="validateAddressVisibility" time="0.024"/>
  <testcase classname="com.ae.qa.testcases.RegisterWhileCheckOutTest" name="validateOrderVisibility" time="0.028"/>
  <testcase classname="com.ae.qa.testcases.RegisterWhileCheckOutTest" name="validateBillingyAddress" time="0.039"/>
  <testcase classname="com.ae.qa.testcases.RegisterWhileCheckOutTest" name="validateDeliveryAddress" time="0.028"/>
  <testcase classname="com.ae.qa.testcases.RegisterWhileCheckOutTest" name="validatePlaceOrder" time="3.948"/>
  <testcase classname="com.ae.qa.testcases.RegisterWhileCheckOutTest" name="validateDeleteAccount" time="0.778"/>
  <testcase classname="com.ae.qa.testcases.SignUpExsitingUserTest" name="validateWelcomePageTitle" time="0.009"/>
  <testcase classname="com.ae.qa.testcases.LoginBeforeCheckoutTest" name="validateWelcomePageTitle" time="0.006"/>
  <testcase classname="com.ae.qa.testcases.LoginBeforeCheckoutTest" name="validateLoginWithValidDetails" time="21.426">
    <failure type="org.openqa.selenium.TimeoutException" message="Expected condition failed: waiting for visibility of Proxy element for: DefaultElementLocator &amp;apos;By.xpath: //a[contains(text(),&amp;apos;Logged in as&amp;apos;)]&amp;apos; (tried for 5 second(s) with 500 milliseconds interval)">
      <![CDATA[org.openqa.selenium.TimeoutException: Expected condition failed: waiting for visibility of Proxy element for: DefaultElementLocator 'By.xpath: //a[contains(text(),'Logged in as')]' (tried for 5 second(s) with 500 milliseconds interval)
at org.openqa.selenium.support.ui.WebDriverWait.timeoutException(WebDriverWait.java:87)
at org.openqa.selenium.support.ui.FluentWait.until(FluentWait.java:231)
at com.ae.qa.pages.UserHomePage.getLoggedInUserName(UserHomePage.java:39)
at com.ae.qa.testcases.LoginBeforeCheckoutTest.validateLoginWithValidDetails(LoginBeforeCheckoutTest.java:44)
at java.base/java.util.ArrayList.forEach(ArrayList.java:1511)
Caused by: org.openqa.selenium.NoSuchElementException: Unable to locate element: //a[contains(text(),'Logged in as')]
For documentation on this error, please visit: https://selenium.dev/exceptions/#no_such_element
Build info: version: '4.8.1', revision: '8ebccac989'
System info: os.name: 'Mac OS X', os.arch: 'x86_64', os.version: '12.6.5', java.version: '17.0.6'
Driver info: org.openqa.selenium.firefox.FirefoxDriver
Command: [13e0c3b1-bc8b-4080-a161-cf09032da082, findElement {using=xpath, value=//a[contains(text(),'Logged in as')]}]
Capabilities {acceptInsecureCerts: true, browserName: firefox, browserVersion: 112.0.2, moz:accessibilityChecks: false, moz:buildID: 20230424110519, moz:debuggerAddress: 127.0.0.1:21792, moz:geckodriverVersion: 0.33.0, moz:headless: false, moz:platformVersion: 21.6.0, moz:processID: 89191, moz:profile: /var/folders/6t/2wrb61y14lb..., moz:shutdownTimeout: 60000, moz:useNonSpecCompliantPointerOrigin: false, moz:webdriverClick: true, moz:windowless: false, pageLoadStrategy: normal, platformName: MAC, proxy: Proxy(), se:cdp: ws://127.0.0.1:21792/devtoo..., se:cdpVersion: 85.0, setWindowRect: true, strictFileInteractability: false, timeouts: {implicit: 0, pageLoad: 300000, script: 30000}, unhandledPromptBehavior: dismiss and notify}
Session ID: 13e0c3b1-bc8b-4080-a161-cf09032da082
at org.openqa.selenium.remote.codec.w3c.W3CHttpResponseCodec.createException(W3CHttpResponseCodec.java:200)
at org.openqa.selenium.remote.codec.w3c.W3CHttpResponseCodec.decode(W3CHttpResponseCodec.java:133)
at org.openqa.selenium.remote.codec.w3c.W3CHttpResponseCodec.decode(W3CHttpResponseCodec.java:53)
at org.openqa.selenium.remote.HttpCommandExecutor.execute(HttpCommandExecutor.java:184)
at org.openqa.selenium.remote.service.DriverCommandExecutor.invokeExecute(DriverCommandExecutor.java:167)
at org.openqa.selenium.remote.service.DriverCommandExecutor.execute(DriverCommandExecutor.java:142)
at org.openqa.selenium.remote.RemoteWebDriver.execute(RemoteWebDriver.java:543)
at org.openqa.selenium.remote.ElementLocation$ElementFinder$2.findElement(ElementLocation.java:162)
at org.openqa.selenium.remote.ElementLocation.findElement(ElementLocation.java:60)
at org.openqa.selenium.remote.RemoteWebDriver.findElement(RemoteWebDriver.java:352)
at org.openqa.selenium.remote.RemoteWebDriver.findElement(RemoteWebDriver.java:344)
at org.openqa.selenium.support.events.EventFiringWebDriver.lambda$new$1(EventFiringWebDriver.java:106)
at jdk.proxy2/jdk.proxy2.$Proxy13.findElement(Unknown Source)
at org.openqa.selenium.support.events.EventFiringWebDriver.findElement(EventFiringWebDriver.java:195)
at org.openqa.selenium.support.pagefactory.DefaultElementLocator.findElement(DefaultElementLocator.java:70)
at org.openqa.selenium.support.pagefactory.internal.LocatingElementHandler.invoke(LocatingElementHandler.java:39)
at jdk.proxy2/jdk.proxy2.$Proxy17.isDisplayed(Unknown Source)
at org.openqa.selenium.support.ui.ExpectedConditions.elementIfVisible(ExpectedConditions.java:307)
at org.openqa.selenium.support.ui.ExpectedConditions.access$000(ExpectedConditions.java:40)
at org.openqa.selenium.support.ui.ExpectedConditions$10.apply(ExpectedConditions.java:293)
at org.openqa.selenium.support.ui.ExpectedConditions$10.apply(ExpectedConditions.java:290)
at org.openqa.selenium.support.ui.FluentWait.until(FluentWait.java:208)
... 35 more
... Removed 40 stack frames]]>
    </failure>
  </testcase> <!-- validateLoginWithValidDetails -->
  <testcase classname="com.ae.qa.testcases.LoginBeforeCheckoutTest" name="validateProductsLink" time="3.362"/>
  <testcase classname="com.ae.qa.testcases.LoginBeforeCheckoutTest" name="validateAddToCartInProductPage" time="2.032"/>
  <testcase classname="com.ae.qa.testcases.LoginBeforeCheckoutTest" name="validateAddressVisibility" time="10.014">
    <failure type="org.openqa.selenium.NoSuchElementException" message="Unable to locate element: //h2[contains(text(),&amp;apos;Address Details&amp;apos;)]
For documentation on this error, please visit: https://selenium.dev/exceptions/#no_such_element
Build info: version: &amp;apos;4.8.1&amp;apos;, revision: &amp;apos;8ebccac989&amp;apos;
System info: os.name: &amp;apos;Mac OS X&amp;apos;, os.arch: &amp;apos;x86_64&amp;apos;, os.version: &amp;apos;12.6.5&amp;apos;, java.version: &amp;apos;17.0.6&amp;apos;
Driver info: org.openqa.selenium.firefox.FirefoxDriver
Command: [13e0c3b1-bc8b-4080-a161-cf09032da082, findElement {using=xpath, value=//h2[contains(text(),&amp;apos;Address Details&amp;apos;)]}]
Capabilities {acceptInsecureCerts: true, browserName: firefox, browserVersion: 112.0.2, moz:accessibilityChecks: false, moz:buildID: 20230424110519, moz:debuggerAddress: 127.0.0.1:21792, moz:geckodriverVersion: 0.33.0, moz:headless: false, moz:platformVersion: 21.6.0, moz:processID: 89191, moz:profile: /var/folders/6t/2wrb61y14lb..., moz:shutdownTimeout: 60000, moz:useNonSpecCompliantPointerOrigin: false, moz:webdriverClick: true, moz:windowless: false, pageLoadStrategy: normal, platformName: MAC, proxy: Proxy(), se:cdp: ws://127.0.0.1:21792/devtoo..., se:cdpVersion: 85.0, setWindowRect: true, strictFileInteractability: false, timeouts: {implicit: 0, pageLoad: 300000, script: 30000}, unhandledPromptBehavior: dismiss and notify}
Session ID: 13e0c3b1-bc8b-4080-a161-cf09032da082">
      <![CDATA[org.openqa.selenium.NoSuchElementException: Unable to locate element: //h2[contains(text(),'Address Details')]
For documentation on this error, please visit: https://selenium.dev/exceptions/#no_such_element
Build info: version: '4.8.1', revision: '8ebccac989'
System info: os.name: 'Mac OS X', os.arch: 'x86_64', os.version: '12.6.5', java.version: '17.0.6'
Driver info: org.openqa.selenium.firefox.FirefoxDriver
Command: [13e0c3b1-bc8b-4080-a161-cf09032da082, findElement {using=xpath, value=//h2[contains(text(),'Address Details')]}]
Capabilities {acceptInsecureCerts: true, browserName: firefox, browserVersion: 112.0.2, moz:accessibilityChecks: false, moz:buildID: 20230424110519, moz:debuggerAddress: 127.0.0.1:21792, moz:geckodriverVersion: 0.33.0, moz:headless: false, moz:platformVersion: 21.6.0, moz:processID: 89191, moz:profile: /var/folders/6t/2wrb61y14lb..., moz:shutdownTimeout: 60000, moz:useNonSpecCompliantPointerOrigin: false, moz:webdriverClick: true, moz:windowless: false, pageLoadStrategy: normal, platformName: MAC, proxy: Proxy(), se:cdp: ws://127.0.0.1:21792/devtoo..., se:cdpVersion: 85.0, setWindowRect: true, strictFileInteractability: false, timeouts: {implicit: 0, pageLoad: 300000, script: 30000}, unhandledPromptBehavior: dismiss and notify}
Session ID: 13e0c3b1-bc8b-4080-a161-cf09032da082
at org.openqa.selenium.remote.codec.w3c.W3CHttpResponseCodec.createException(W3CHttpResponseCodec.java:200)
at org.openqa.selenium.remote.codec.w3c.W3CHttpResponseCodec.decode(W3CHttpResponseCodec.java:133)
at org.openqa.selenium.remote.codec.w3c.W3CHttpResponseCodec.decode(W3CHttpResponseCodec.java:53)
at org.openqa.selenium.remote.HttpCommandExecutor.execute(HttpCommandExecutor.java:184)
at org.openqa.selenium.remote.service.DriverCommandExecutor.invokeExecute(DriverCommandExecutor.java:167)
at org.openqa.selenium.remote.service.DriverCommandExecutor.execute(DriverCommandExecutor.java:142)
at org.openqa.selenium.remote.RemoteWebDriver.execute(RemoteWebDriver.java:543)
at org.openqa.selenium.remote.ElementLocation$ElementFinder$2.findElement(ElementLocation.java:162)
at org.openqa.selenium.remote.ElementLocation.findElement(ElementLocation.java:60)
at org.openqa.selenium.remote.RemoteWebDriver.findElement(RemoteWebDriver.java:352)
at org.openqa.selenium.remote.RemoteWebDriver.findElement(RemoteWebDriver.java:344)
at org.openqa.selenium.support.events.EventFiringWebDriver.lambda$new$1(EventFiringWebDriver.java:106)
at jdk.proxy2/jdk.proxy2.$Proxy13.findElement(Unknown Source)
at org.openqa.selenium.support.events.EventFiringWebDriver.findElement(EventFiringWebDriver.java:195)
at org.openqa.selenium.support.pagefactory.DefaultElementLocator.findElement(DefaultElementLocator.java:70)
at org.openqa.selenium.support.pagefactory.internal.LocatingElementHandler.invoke(LocatingElementHandler.java:39)
at jdk.proxy2/jdk.proxy2.$Proxy17.isDisplayed(Unknown Source)
at com.ae.qa.pages.CheckoutPage.getAddressVisibility(CheckoutPage.java:39)
at com.ae.qa.testcases.LoginBeforeCheckoutTest.validateAddressVisibility(LoginBeforeCheckoutTest.java:65)
at java.base/java.util.ArrayList.forEach(ArrayList.java:1511)
... Removed 40 stack frames]]>
    </failure>
  </testcase> <!-- validateAddressVisibility -->
  <testcase classname="com.ae.qa.testcases.LoginBeforeCheckoutTest" name="validateOrderVisibility" time="10.016">
    <failure type="org.openqa.selenium.NoSuchElementException" message="Unable to locate element: //h2[contains(text(),&amp;apos;Address Details&amp;apos;)]
For documentation on this error, please visit: https://selenium.dev/exceptions/#no_such_element
Build info: version: &amp;apos;4.8.1&amp;apos;, revision: &amp;apos;8ebccac989&amp;apos;
System info: os.name: &amp;apos;Mac OS X&amp;apos;, os.arch: &amp;apos;x86_64&amp;apos;, os.version: &amp;apos;12.6.5&amp;apos;, java.version: &amp;apos;17.0.6&amp;apos;
Driver info: org.openqa.selenium.firefox.FirefoxDriver
Command: [13e0c3b1-bc8b-4080-a161-cf09032da082, findElement {using=xpath, value=//h2[contains(text(),&amp;apos;Address Details&amp;apos;)]}]
Capabilities {acceptInsecureCerts: true, browserName: firefox, browserVersion: 112.0.2, moz:accessibilityChecks: false, moz:buildID: 20230424110519, moz:debuggerAddress: 127.0.0.1:21792, moz:geckodriverVersion: 0.33.0, moz:headless: false, moz:platformVersion: 21.6.0, moz:processID: 89191, moz:profile: /var/folders/6t/2wrb61y14lb..., moz:shutdownTimeout: 60000, moz:useNonSpecCompliantPointerOrigin: false, moz:webdriverClick: true, moz:windowless: false, pageLoadStrategy: normal, platformName: MAC, proxy: Proxy(), se:cdp: ws://127.0.0.1:21792/devtoo..., se:cdpVersion: 85.0, setWindowRect: true, strictFileInteractability: false, timeouts: {implicit: 0, pageLoad: 300000, script: 30000}, unhandledPromptBehavior: dismiss and notify}
Session ID: 13e0c3b1-bc8b-4080-a161-cf09032da082">
      <![CDATA[org.openqa.selenium.NoSuchElementException: Unable to locate element: //h2[contains(text(),'Address Details')]
For documentation on this error, please visit: https://selenium.dev/exceptions/#no_such_element
Build info: version: '4.8.1', revision: '8ebccac989'
System info: os.name: 'Mac OS X', os.arch: 'x86_64', os.version: '12.6.5', java.version: '17.0.6'
Driver info: org.openqa.selenium.firefox.FirefoxDriver
Command: [13e0c3b1-bc8b-4080-a161-cf09032da082, findElement {using=xpath, value=//h2[contains(text(),'Address Details')]}]
Capabilities {acceptInsecureCerts: true, browserName: firefox, browserVersion: 112.0.2, moz:accessibilityChecks: false, moz:buildID: 20230424110519, moz:debuggerAddress: 127.0.0.1:21792, moz:geckodriverVersion: 0.33.0, moz:headless: false, moz:platformVersion: 21.6.0, moz:processID: 89191, moz:profile: /var/folders/6t/2wrb61y14lb..., moz:shutdownTimeout: 60000, moz:useNonSpecCompliantPointerOrigin: false, moz:webdriverClick: true, moz:windowless: false, pageLoadStrategy: normal, platformName: MAC, proxy: Proxy(), se:cdp: ws://127.0.0.1:21792/devtoo..., se:cdpVersion: 85.0, setWindowRect: true, strictFileInteractability: false, timeouts: {implicit: 0, pageLoad: 300000, script: 30000}, unhandledPromptBehavior: dismiss and notify}
Session ID: 13e0c3b1-bc8b-4080-a161-cf09032da082
at org.openqa.selenium.remote.codec.w3c.W3CHttpResponseCodec.createException(W3CHttpResponseCodec.java:200)
at org.openqa.selenium.remote.codec.w3c.W3CHttpResponseCodec.decode(W3CHttpResponseCodec.java:133)
at org.openqa.selenium.remote.codec.w3c.W3CHttpResponseCodec.decode(W3CHttpResponseCodec.java:53)
at org.openqa.selenium.remote.HttpCommandExecutor.execute(HttpCommandExecutor.java:184)
at org.openqa.selenium.remote.service.DriverCommandExecutor.invokeExecute(DriverCommandExecutor.java:167)
at org.openqa.selenium.remote.service.DriverCommandExecutor.execute(DriverCommandExecutor.java:142)
at org.openqa.selenium.remote.RemoteWebDriver.execute(RemoteWebDriver.java:543)
at org.openqa.selenium.remote.ElementLocation$ElementFinder$2.findElement(ElementLocation.java:162)
at org.openqa.selenium.remote.ElementLocation.findElement(ElementLocation.java:60)
at org.openqa.selenium.remote.RemoteWebDriver.findElement(RemoteWebDriver.java:352)
at org.openqa.selenium.remote.RemoteWebDriver.findElement(RemoteWebDriver.java:344)
at org.openqa.selenium.support.events.EventFiringWebDriver.lambda$new$1(EventFiringWebDriver.java:106)
at jdk.proxy2/jdk.proxy2.$Proxy13.findElement(Unknown Source)
at org.openqa.selenium.support.events.EventFiringWebDriver.findElement(EventFiringWebDriver.java:195)
at org.openqa.selenium.support.pagefactory.DefaultElementLocator.findElement(DefaultElementLocator.java:70)
at org.openqa.selenium.support.pagefactory.internal.LocatingElementHandler.invoke(LocatingElementHandler.java:39)
at jdk.proxy2/jdk.proxy2.$Proxy17.isDisplayed(Unknown Source)
at com.ae.qa.pages.CheckoutPage.getOrderVisibility(CheckoutPage.java:45)
at com.ae.qa.testcases.LoginBeforeCheckoutTest.validateOrderVisibility(LoginBeforeCheckoutTest.java:71)
at java.base/java.util.ArrayList.forEach(ArrayList.java:1511)
... Removed 40 stack frames]]>
    </failure>
  </testcase> <!-- validateOrderVisibility -->
  <testcase classname="com.ae.qa.testcases.LoginBeforeCheckoutTest" name="validatePlaceOrder" time="10.018">
    <failure type="org.openqa.selenium.NoSuchElementException" message="Unable to locate element: //textarea[@name=&amp;apos;message&amp;apos;]
For documentation on this error, please visit: https://selenium.dev/exceptions/#no_such_element
Build info: version: &amp;apos;4.8.1&amp;apos;, revision: &amp;apos;8ebccac989&amp;apos;
System info: os.name: &amp;apos;Mac OS X&amp;apos;, os.arch: &amp;apos;x86_64&amp;apos;, os.version: &amp;apos;12.6.5&amp;apos;, java.version: &amp;apos;17.0.6&amp;apos;
Driver info: org.openqa.selenium.firefox.FirefoxDriver
Command: [13e0c3b1-bc8b-4080-a161-cf09032da082, findElement {using=xpath, value=//textarea[@name=&amp;apos;message&amp;apos;]}]
Capabilities {acceptInsecureCerts: true, browserName: firefox, browserVersion: 112.0.2, moz:accessibilityChecks: false, moz:buildID: 20230424110519, moz:debuggerAddress: 127.0.0.1:21792, moz:geckodriverVersion: 0.33.0, moz:headless: false, moz:platformVersion: 21.6.0, moz:processID: 89191, moz:profile: /var/folders/6t/2wrb61y14lb..., moz:shutdownTimeout: 60000, moz:useNonSpecCompliantPointerOrigin: false, moz:webdriverClick: true, moz:windowless: false, pageLoadStrategy: normal, platformName: MAC, proxy: Proxy(), se:cdp: ws://127.0.0.1:21792/devtoo..., se:cdpVersion: 85.0, setWindowRect: true, strictFileInteractability: false, timeouts: {implicit: 0, pageLoad: 300000, script: 30000}, unhandledPromptBehavior: dismiss and notify}
Session ID: 13e0c3b1-bc8b-4080-a161-cf09032da082">
      <![CDATA[org.openqa.selenium.NoSuchElementException: Unable to locate element: //textarea[@name='message']
For documentation on this error, please visit: https://selenium.dev/exceptions/#no_such_element
Build info: version: '4.8.1', revision: '8ebccac989'
System info: os.name: 'Mac OS X', os.arch: 'x86_64', os.version: '12.6.5', java.version: '17.0.6'
Driver info: org.openqa.selenium.firefox.FirefoxDriver
Command: [13e0c3b1-bc8b-4080-a161-cf09032da082, findElement {using=xpath, value=//textarea[@name='message']}]
Capabilities {acceptInsecureCerts: true, browserName: firefox, browserVersion: 112.0.2, moz:accessibilityChecks: false, moz:buildID: 20230424110519, moz:debuggerAddress: 127.0.0.1:21792, moz:geckodriverVersion: 0.33.0, moz:headless: false, moz:platformVersion: 21.6.0, moz:processID: 89191, moz:profile: /var/folders/6t/2wrb61y14lb..., moz:shutdownTimeout: 60000, moz:useNonSpecCompliantPointerOrigin: false, moz:webdriverClick: true, moz:windowless: false, pageLoadStrategy: normal, platformName: MAC, proxy: Proxy(), se:cdp: ws://127.0.0.1:21792/devtoo..., se:cdpVersion: 85.0, setWindowRect: true, strictFileInteractability: false, timeouts: {implicit: 0, pageLoad: 300000, script: 30000}, unhandledPromptBehavior: dismiss and notify}
Session ID: 13e0c3b1-bc8b-4080-a161-cf09032da082
at org.openqa.selenium.remote.codec.w3c.W3CHttpResponseCodec.createException(W3CHttpResponseCodec.java:200)
at org.openqa.selenium.remote.codec.w3c.W3CHttpResponseCodec.decode(W3CHttpResponseCodec.java:133)
at org.openqa.selenium.remote.codec.w3c.W3CHttpResponseCodec.decode(W3CHttpResponseCodec.java:53)
at org.openqa.selenium.remote.HttpCommandExecutor.execute(HttpCommandExecutor.java:184)
at org.openqa.selenium.remote.service.DriverCommandExecutor.invokeExecute(DriverCommandExecutor.java:167)
at org.openqa.selenium.remote.service.DriverCommandExecutor.execute(DriverCommandExecutor.java:142)
at org.openqa.selenium.remote.RemoteWebDriver.execute(RemoteWebDriver.java:543)
at org.openqa.selenium.remote.ElementLocation$ElementFinder$2.findElement(ElementLocation.java:162)
at org.openqa.selenium.remote.ElementLocation.findElement(ElementLocation.java:60)
at org.openqa.selenium.remote.RemoteWebDriver.findElement(RemoteWebDriver.java:352)
at org.openqa.selenium.remote.RemoteWebDriver.findElement(RemoteWebDriver.java:344)
at org.openqa.selenium.support.events.EventFiringWebDriver.lambda$new$1(EventFiringWebDriver.java:106)
at jdk.proxy2/jdk.proxy2.$Proxy13.findElement(Unknown Source)
at org.openqa.selenium.support.events.EventFiringWebDriver.findElement(EventFiringWebDriver.java:195)
at org.openqa.selenium.support.pagefactory.DefaultElementLocator.findElement(DefaultElementLocator.java:70)
at org.openqa.selenium.support.pagefactory.internal.LocatingElementHandler.invoke(LocatingElementHandler.java:39)
at jdk.proxy2/jdk.proxy2.$Proxy17.sendKeys(Unknown Source)
at com.ae.qa.pages.CheckoutPage.clickPlaceOrder(CheckoutPage.java:51)
at com.ae.qa.testcases.LoginBeforeCheckoutTest.validatePlaceOrder(LoginBeforeCheckoutTest.java:77)
at java.base/java.util.ArrayList.forEach(ArrayList.java:1511)
... Removed 40 stack frames]]>
    </failure>
  </testcase> <!-- validatePlaceOrder -->
  <testcase classname="com.ae.qa.testcases.LoginBeforeCheckoutTest" name="validateDeleteAccount" time="10.013">
    <failure type="org.openqa.selenium.NoSuchElementException" message="Unable to locate element: //a[contains(text(),&amp;apos;Delete Account&amp;apos;)]
For documentation on this error, please visit: https://selenium.dev/exceptions/#no_such_element
Build info: version: &amp;apos;4.8.1&amp;apos;, revision: &amp;apos;8ebccac989&amp;apos;
System info: os.name: &amp;apos;Mac OS X&amp;apos;, os.arch: &amp;apos;x86_64&amp;apos;, os.version: &amp;apos;12.6.5&amp;apos;, java.version: &amp;apos;17.0.6&amp;apos;
Driver info: org.openqa.selenium.firefox.FirefoxDriver
Command: [13e0c3b1-bc8b-4080-a161-cf09032da082, findElement {using=xpath, value=//a[contains(text(),&amp;apos;Delete Account&amp;apos;)]}]
Capabilities {acceptInsecureCerts: true, browserName: firefox, browserVersion: 112.0.2, moz:accessibilityChecks: false, moz:buildID: 20230424110519, moz:debuggerAddress: 127.0.0.1:21792, moz:geckodriverVersion: 0.33.0, moz:headless: false, moz:platformVersion: 21.6.0, moz:processID: 89191, moz:profile: /var/folders/6t/2wrb61y14lb..., moz:shutdownTimeout: 60000, moz:useNonSpecCompliantPointerOrigin: false, moz:webdriverClick: true, moz:windowless: false, pageLoadStrategy: normal, platformName: MAC, proxy: Proxy(), se:cdp: ws://127.0.0.1:21792/devtoo..., se:cdpVersion: 85.0, setWindowRect: true, strictFileInteractability: false, timeouts: {implicit: 0, pageLoad: 300000, script: 30000}, unhandledPromptBehavior: dismiss and notify}
Session ID: 13e0c3b1-bc8b-4080-a161-cf09032da082">
      <![CDATA[org.openqa.selenium.NoSuchElementException: Unable to locate element: //a[contains(text(),'Delete Account')]
For documentation on this error, please visit: https://selenium.dev/exceptions/#no_such_element
Build info: version: '4.8.1', revision: '8ebccac989'
System info: os.name: 'Mac OS X', os.arch: 'x86_64', os.version: '12.6.5', java.version: '17.0.6'
Driver info: org.openqa.selenium.firefox.FirefoxDriver
Command: [13e0c3b1-bc8b-4080-a161-cf09032da082, findElement {using=xpath, value=//a[contains(text(),'Delete Account')]}]
Capabilities {acceptInsecureCerts: true, browserName: firefox, browserVersion: 112.0.2, moz:accessibilityChecks: false, moz:buildID: 20230424110519, moz:debuggerAddress: 127.0.0.1:21792, moz:geckodriverVersion: 0.33.0, moz:headless: false, moz:platformVersion: 21.6.0, moz:processID: 89191, moz:profile: /var/folders/6t/2wrb61y14lb..., moz:shutdownTimeout: 60000, moz:useNonSpecCompliantPointerOrigin: false, moz:webdriverClick: true, moz:windowless: false, pageLoadStrategy: normal, platformName: MAC, proxy: Proxy(), se:cdp: ws://127.0.0.1:21792/devtoo..., se:cdpVersion: 85.0, setWindowRect: true, strictFileInteractability: false, timeouts: {implicit: 0, pageLoad: 300000, script: 30000}, unhandledPromptBehavior: dismiss and notify}
Session ID: 13e0c3b1-bc8b-4080-a161-cf09032da082
at org.openqa.selenium.remote.codec.w3c.W3CHttpResponseCodec.createException(W3CHttpResponseCodec.java:200)
at org.openqa.selenium.remote.codec.w3c.W3CHttpResponseCodec.decode(W3CHttpResponseCodec.java:133)
at org.openqa.selenium.remote.codec.w3c.W3CHttpResponseCodec.decode(W3CHttpResponseCodec.java:53)
at org.openqa.selenium.remote.HttpCommandExecutor.execute(HttpCommandExecutor.java:184)
at org.openqa.selenium.remote.service.DriverCommandExecutor.invokeExecute(DriverCommandExecutor.java:167)
at org.openqa.selenium.remote.service.DriverCommandExecutor.execute(DriverCommandExecutor.java:142)
at org.openqa.selenium.remote.RemoteWebDriver.execute(RemoteWebDriver.java:543)
at org.openqa.selenium.remote.ElementLocation$ElementFinder$2.findElement(ElementLocation.java:162)
at org.openqa.selenium.remote.ElementLocation.findElement(ElementLocation.java:60)
at org.openqa.selenium.remote.RemoteWebDriver.findElement(RemoteWebDriver.java:352)
at org.openqa.selenium.remote.RemoteWebDriver.findElement(RemoteWebDriver.java:344)
at org.openqa.selenium.support.events.EventFiringWebDriver.lambda$new$1(EventFiringWebDriver.java:106)
at jdk.proxy2/jdk.proxy2.$Proxy13.findElement(Unknown Source)
at org.openqa.selenium.support.events.EventFiringWebDriver.findElement(EventFiringWebDriver.java:195)
at org.openqa.selenium.support.pagefactory.DefaultElementLocator.findElement(DefaultElementLocator.java:70)
at org.openqa.selenium.support.pagefactory.internal.LocatingElementHandler.invoke(LocatingElementHandler.java:39)
at jdk.proxy2/jdk.proxy2.$Proxy17.click(Unknown Source)
at com.ae.qa.pages.OrderPlacedPage.clickDeleteButton(OrderPlacedPage.java:29)
at com.ae.qa.testcases.LoginBeforeCheckoutTest.validateDeleteAccount(LoginBeforeCheckoutTest.java:89)
at java.base/java.util.ArrayList.forEach(ArrayList.java:1511)
... Removed 40 stack frames]]>
    </failure>
  </testcase> <!-- validateDeleteAccount -->
  <testcase classname="com.ae.qa.testcases.ContactUsPageTest" name="validateWelcomePageTitle" time="0.003"/>
  <testcase classname="com.ae.qa.testcases.ContactUsPageTest" name="validateContactUsLink" time="0.973"/>
  <testcase classname="com.ae.qa.testcases.ContactUsPageTest" name="validateContactUsH2" time="0.039"/>
  <testcase classname="com.ae.qa.testcases.ContactUsPageTest" name="validateContactusForm" time="0.753">
    <failure type="org.openqa.selenium.UnhandledAlertException" message="Dismissed user prompt dialog: Press OK to proceed!: 
Build info: version: &amp;apos;4.8.1&amp;apos;, revision: &amp;apos;8ebccac989&amp;apos;
System info: os.name: &amp;apos;Mac OS X&amp;apos;, os.arch: &amp;apos;x86_64&amp;apos;, os.version: &amp;apos;12.6.5&amp;apos;, java.version: &amp;apos;17.0.6&amp;apos;
Driver info: org.openqa.selenium.firefox.FirefoxDriver
Command: [e1b3af0c-7e6e-47e1-8dd1-882146e0f580, screenshot {}]
Capabilities {acceptInsecureCerts: true, browserName: firefox, browserVersion: 112.0.2, moz:accessibilityChecks: false, moz:buildID: 20230424110519, moz:debuggerAddress: 127.0.0.1:13073, moz:geckodriverVersion: 0.33.0, moz:headless: false, moz:platformVersion: 21.6.0, moz:processID: 89216, moz:profile: /var/folders/6t/2wrb61y14lb..., moz:shutdownTimeout: 60000, moz:useNonSpecCompliantPointerOrigin: false, moz:webdriverClick: true, moz:windowless: false, pageLoadStrategy: normal, platformName: MAC, proxy: Proxy(), se:cdp: ws://127.0.0.1:13073/devtoo..., se:cdpVersion: 85.0, setWindowRect: true, strictFileInteractability: false, timeouts: {implicit: 0, pageLoad: 300000, script: 30000}, unhandledPromptBehavior: dismiss and notify}
Session ID: e1b3af0c-7e6e-47e1-8dd1-882146e0f580">
      <![CDATA[org.openqa.selenium.UnhandledAlertException: Dismissed user prompt dialog: Press OK to proceed!: 
Build info: version: '4.8.1', revision: '8ebccac989'
System info: os.name: 'Mac OS X', os.arch: 'x86_64', os.version: '12.6.5', java.version: '17.0.6'
Driver info: org.openqa.selenium.firefox.FirefoxDriver
Command: [e1b3af0c-7e6e-47e1-8dd1-882146e0f580, screenshot {}]
Capabilities {acceptInsecureCerts: true, browserName: firefox, browserVersion: 112.0.2, moz:accessibilityChecks: false, moz:buildID: 20230424110519, moz:debuggerAddress: 127.0.0.1:13073, moz:geckodriverVersion: 0.33.0, moz:headless: false, moz:platformVersion: 21.6.0, moz:processID: 89216, moz:profile: /var/folders/6t/2wrb61y14lb..., moz:shutdownTimeout: 60000, moz:useNonSpecCompliantPointerOrigin: false, moz:webdriverClick: true, moz:windowless: false, pageLoadStrategy: normal, platformName: MAC, proxy: Proxy(), se:cdp: ws://127.0.0.1:13073/devtoo..., se:cdpVersion: 85.0, setWindowRect: true, strictFileInteractability: false, timeouts: {implicit: 0, pageLoad: 300000, script: 30000}, unhandledPromptBehavior: dismiss and notify}
Session ID: e1b3af0c-7e6e-47e1-8dd1-882146e0f580
at org.openqa.selenium.remote.codec.w3c.W3CHttpResponseCodec.decode(W3CHttpResponseCodec.java:131)
at org.openqa.selenium.remote.codec.w3c.W3CHttpResponseCodec.decode(W3CHttpResponseCodec.java:53)
at org.openqa.selenium.remote.HttpCommandExecutor.execute(HttpCommandExecutor.java:184)
at org.openqa.selenium.remote.service.DriverCommandExecutor.invokeExecute(DriverCommandExecutor.java:167)
at org.openqa.selenium.remote.service.DriverCommandExecutor.execute(DriverCommandExecutor.java:142)
at org.openqa.selenium.remote.RemoteWebDriver.execute(RemoteWebDriver.java:543)
at org.openqa.selenium.remote.RemoteWebDriver.execute(RemoteWebDriver.java:598)
at org.openqa.selenium.remote.RemoteWebDriver.execute(RemoteWebDriver.java:602)
at org.openqa.selenium.remote.RemoteWebDriver.getScreenshotAs(RemoteWebDriver.java:318)
at org.openqa.selenium.support.events.EventFiringWebDriver.lambda$new$1(EventFiringWebDriver.java:106)
at jdk.proxy2/jdk.proxy2.$Proxy13.getScreenshotAs(Unknown Source)
at org.openqa.selenium.support.events.EventFiringWebDriver.getScreenshotAs(EventFiringWebDriver.java:303)
at com.ae.qa.util.TestUtil.takeScreenshotAtEndOfTest(TestUtil.java:26)
at com.ae.qa.util.MyListenerClass.afterClickOn(MyListenerClass.java:37)
at org.openqa.selenium.support.events.EventFiringWebDriver.lambda$new$0(EventFiringWebDriver.java:85)
at jdk.proxy2/jdk.proxy2.$Proxy12.afterClickOn(Unknown Source)
at org.openqa.selenium.support.events.EventFiringWebDriver$EventFiringWebElement.click(EventFiringWebDriver.java:392)
at org.openqa.selenium.support.pagefactory.internal.LocatingElementHandler.invoke(LocatingElementHandler.java:52)
at jdk.proxy2/jdk.proxy2.$Proxy17.click(Unknown Source)
at com.ae.qa.pages.ContactUsPage.fillContactUsGetInTouchForm(ContactUsPage.java:51)
at com.ae.qa.testcases.ContactUsPageTest.validateContactusForm(ContactUsPageTest.java:51)
at java.base/java.util.ArrayList.forEach(ArrayList.java:1511)
... Removed 41 stack frames]]>
    </failure>
  </testcase> <!-- validateContactusForm -->
  <testcase classname="com.ae.qa.testcases.ContactUsPageTest" name="validateGetInTouchH2" time="0.003">
    <failure type="java.lang.NullPointerException" message="Cannot invoke &amp;quot;com.ae.qa.pages.ContactUsGetInTouchPage.getGetInTouchSuccessMessage()&amp;quot; because &amp;quot;this.contactUsGetInTouchPageObj&amp;quot; is null">
      <![CDATA[java.lang.NullPointerException: Cannot invoke "com.ae.qa.pages.ContactUsGetInTouchPage.getGetInTouchSuccessMessage()" because "this.contactUsGetInTouchPageObj" is null
at com.ae.qa.testcases.ContactUsPageTest.validateGetInTouchH2(ContactUsPageTest.java:58)
at java.base/java.util.ArrayList.forEach(ArrayList.java:1511)
... Removed 32 stack frames]]>
    </failure>
  </testcase> <!-- validateGetInTouchH2 -->
  <testcase classname="com.ae.qa.testcases.ContactUsPageTest" name="validateHomeButton" time="0.002">
    <failure type="java.lang.NullPointerException" message="Cannot invoke &amp;quot;com.ae.qa.pages.ContactUsGetInTouchPage.clickGetInTouchHomeButton()&amp;quot; because &amp;quot;this.contactUsGetInTouchPageObj&amp;quot; is null">
      <![CDATA[java.lang.NullPointerException: Cannot invoke "com.ae.qa.pages.ContactUsGetInTouchPage.clickGetInTouchHomeButton()" because "this.contactUsGetInTouchPageObj" is null
at com.ae.qa.testcases.ContactUsPageTest.validateHomeButton(ContactUsPageTest.java:64)
at java.base/java.util.ArrayList.forEach(ArrayList.java:1511)
... Removed 32 stack frames]]>
    </failure>
  </testcase> <!-- validateHomeButton -->
  <testcase classname="com.ae.qa.testcases.RegisterBeforeCheckOutTest" name="validateWelcomePageTitle" time="0.0"/>
  <testcase classname="com.ae.qa.testcases.RegisterBeforeCheckOutTest" name="validateSignUpH2" time="0.038"/>
  <testcase classname="com.ae.qa.testcases.RegisterBeforeCheckOutTest" name="validateSignUpNewUser" time="0.598"/>
  <testcase classname="com.ae.qa.testcases.RegisterBeforeCheckOutTest" name="validateSignUpAccountInfoH2" time="0.017"/>
  <testcase classname="com.ae.qa.testcases.RegisterBeforeCheckOutTest" name="validateSignUp" time="5.12"/>
  <testcase classname="com.ae.qa.testcases.RegisterBeforeCheckOutTest" name="validateLoggedInUserName" time="10.61"/>
  <testcase classname="com.ae.qa.testcases.RegisterBeforeCheckOutTest" name="validateProductsLink" time="4.008"/>
  <testcase classname="com.ae.qa.testcases.RegisterBeforeCheckOutTest" name="validateAddToCartInProductPage" time="10.59">
    <failure type="org.openqa.selenium.TimeoutException" message="Expected condition failed: waiting for visibility of [[FirefoxDriver: firefox on MAC (00635424-0121-4c21-99e9-7068bd78e3e9)] -&amp;gt; xpath: (//div[@class=&amp;apos;modal-dialog modal-confirm&amp;apos;]//div//div[@class=&amp;apos;modal-body&amp;apos;]//p)[2]//a] (tried for 10 second(s) with 500 milliseconds interval)
Build info: version: &amp;apos;4.8.1&amp;apos;, revision: &amp;apos;8ebccac989&amp;apos;
System info: os.name: &amp;apos;Mac OS X&amp;apos;, os.arch: &amp;apos;x86_64&amp;apos;, os.version: &amp;apos;12.6.5&amp;apos;, java.version: &amp;apos;17.0.6&amp;apos;
Driver info: org.openqa.selenium.support.events.EventFiringWebDriver
Capabilities {acceptInsecureCerts: true, browserName: firefox, browserVersion: 112.0.2, moz:accessibilityChecks: false, moz:buildID: 20230424110519, moz:debuggerAddress: 127.0.0.1:32909, moz:geckodriverVersion: 0.33.0, moz:headless: false, moz:platformVersion: 21.6.0, moz:processID: 89093, moz:profile: /var/folders/6t/2wrb61y14lb..., moz:shutdownTimeout: 60000, moz:useNonSpecCompliantPointerOrigin: false, moz:webdriverClick: true, moz:windowless: false, pageLoadStrategy: normal, platformName: MAC, proxy: Proxy(), se:cdp: ws://127.0.0.1:32909/devtoo..., se:cdpVersion: 85.0, setWindowRect: true, strictFileInteractability: false, timeouts: {implicit: 0, pageLoad: 300000, script: 30000}, unhandledPromptBehavior: dismiss and notify}
Session ID: f3b93b06-2f56-4b4f-b968-92e76afb44f7">
      <![CDATA[org.openqa.selenium.TimeoutException: Expected condition failed: waiting for visibility of [[FirefoxDriver: firefox on MAC (00635424-0121-4c21-99e9-7068bd78e3e9)] -> xpath: (//div[@class='modal-dialog modal-confirm']//div//div[@class='modal-body']//p)[2]//a] (tried for 10 second(s) with 500 milliseconds interval)
Build info: version: '4.8.1', revision: '8ebccac989'
System info: os.name: 'Mac OS X', os.arch: 'x86_64', os.version: '12.6.5', java.version: '17.0.6'
Driver info: org.openqa.selenium.support.events.EventFiringWebDriver
Capabilities {acceptInsecureCerts: true, browserName: firefox, browserVersion: 112.0.2, moz:accessibilityChecks: false, moz:buildID: 20230424110519, moz:debuggerAddress: 127.0.0.1:32909, moz:geckodriverVersion: 0.33.0, moz:headless: false, moz:platformVersion: 21.6.0, moz:processID: 89093, moz:profile: /var/folders/6t/2wrb61y14lb..., moz:shutdownTimeout: 60000, moz:useNonSpecCompliantPointerOrigin: false, moz:webdriverClick: true, moz:windowless: false, pageLoadStrategy: normal, platformName: MAC, proxy: Proxy(), se:cdp: ws://127.0.0.1:32909/devtoo..., se:cdpVersion: 85.0, setWindowRect: true, strictFileInteractability: false, timeouts: {implicit: 0, pageLoad: 300000, script: 30000}, unhandledPromptBehavior: dismiss and notify}
Session ID: f3b93b06-2f56-4b4f-b968-92e76afb44f7
at org.openqa.selenium.support.ui.WebDriverWait.timeoutException(WebDriverWait.java:87)
at org.openqa.selenium.support.ui.FluentWait.until(FluentWait.java:231)
at com.ae.qa.pages.ProductsPage.clickAddToCartInProductPage(ProductsPage.java:79)
at com.ae.qa.testcases.RegisterBeforeCheckOutTest.validateAddToCartInProductPage(RegisterBeforeCheckOutTest.java:102)
at java.base/java.util.ArrayList.forEach(ArrayList.java:1511)
... Removed 32 stack frames]]>
    </failure>
  </testcase> <!-- validateAddToCartInProductPage -->
  <testcase classname="com.ae.qa.testcases.RegisterBeforeCheckOutTest" name="validateAddressVisibility" time="0.001">
    <failure type="java.lang.NullPointerException" message="Cannot invoke &amp;quot;com.ae.qa.pages.CheckoutPage.getAddressVisibility()&amp;quot; because &amp;quot;this.checkoutPageObj&amp;quot; is null">
      <![CDATA[java.lang.NullPointerException: Cannot invoke "com.ae.qa.pages.CheckoutPage.getAddressVisibility()" because "this.checkoutPageObj" is null
at com.ae.qa.testcases.RegisterBeforeCheckOutTest.validateAddressVisibility(RegisterBeforeCheckOutTest.java:109)
at java.base/java.util.ArrayList.forEach(ArrayList.java:1511)
... Removed 32 stack frames]]>
    </failure>
  </testcase> <!-- validateAddressVisibility -->
  <testcase classname="com.ae.qa.testcases.RegisterBeforeCheckOutTest" name="validateOrderVisibility" time="0.0">
    <failure type="java.lang.NullPointerException" message="Cannot invoke &amp;quot;com.ae.qa.pages.CheckoutPage.getOrderVisibility()&amp;quot; because &amp;quot;this.checkoutPageObj&amp;quot; is null">
      <![CDATA[java.lang.NullPointerException: Cannot invoke "com.ae.qa.pages.CheckoutPage.getOrderVisibility()" because "this.checkoutPageObj" is null
at com.ae.qa.testcases.RegisterBeforeCheckOutTest.validateOrderVisibility(RegisterBeforeCheckOutTest.java:115)
at java.base/java.util.ArrayList.forEach(ArrayList.java:1511)
... Removed 32 stack frames]]>
    </failure>
  </testcase> <!-- validateOrderVisibility -->
  <testcase classname="com.ae.qa.testcases.RegisterBeforeCheckOutTest" name="validatePlaceOrder" time="0.0">
    <failure type="java.lang.NullPointerException" message="Cannot invoke &amp;quot;com.ae.qa.pages.CheckoutPage.clickPlaceOrder(String)&amp;quot; because &amp;quot;this.checkoutPageObj&amp;quot; is null">
      <![CDATA[java.lang.NullPointerException: Cannot invoke "com.ae.qa.pages.CheckoutPage.clickPlaceOrder(String)" because "this.checkoutPageObj" is null
at com.ae.qa.testcases.RegisterBeforeCheckOutTest.validatePlaceOrder(RegisterBeforeCheckOutTest.java:121)
at java.base/java.util.ArrayList.forEach(ArrayList.java:1511)
... Removed 32 stack frames]]>
    </failure>
  </testcase> <!-- validatePlaceOrder -->
  <testcase classname="com.ae.qa.testcases.RegisterBeforeCheckOutTest" name="validateDownloadInvoice" time="10.018">
    <failure type="org.openqa.selenium.NoSuchElementException" message="Unable to locate element: //a[contains(text(),&amp;apos;Download Invoice&amp;apos;)]
For documentation on this error, please visit: https://selenium.dev/exceptions/#no_such_element
Build info: version: &amp;apos;4.8.1&amp;apos;, revision: &amp;apos;8ebccac989&amp;apos;
System info: os.name: &amp;apos;Mac OS X&amp;apos;, os.arch: &amp;apos;x86_64&amp;apos;, os.version: &amp;apos;12.6.5&amp;apos;, java.version: &amp;apos;17.0.6&amp;apos;
Driver info: org.openqa.selenium.firefox.FirefoxDriver
Command: [00635424-0121-4c21-99e9-7068bd78e3e9, findElement {using=xpath, value=//a[contains(text(),&amp;apos;Download Invoice&amp;apos;)]}]
Capabilities {acceptInsecureCerts: true, browserName: firefox, browserVersion: 112.0.2, moz:accessibilityChecks: false, moz:buildID: 20230424110519, moz:debuggerAddress: 127.0.0.1:41643, moz:geckodriverVersion: 0.33.0, moz:headless: false, moz:platformVersion: 21.6.0, moz:processID: 89227, moz:profile: /var/folders/6t/2wrb61y14lb..., moz:shutdownTimeout: 60000, moz:useNonSpecCompliantPointerOrigin: false, moz:webdriverClick: true, moz:windowless: false, pageLoadStrategy: normal, platformName: MAC, proxy: Proxy(), se:cdp: ws://127.0.0.1:41643/devtoo..., se:cdpVersion: 85.0, setWindowRect: true, strictFileInteractability: false, timeouts: {implicit: 0, pageLoad: 300000, script: 30000}, unhandledPromptBehavior: dismiss and notify}
Session ID: 00635424-0121-4c21-99e9-7068bd78e3e9">
      <![CDATA[org.openqa.selenium.NoSuchElementException: Unable to locate element: //a[contains(text(),'Download Invoice')]
For documentation on this error, please visit: https://selenium.dev/exceptions/#no_such_element
Build info: version: '4.8.1', revision: '8ebccac989'
System info: os.name: 'Mac OS X', os.arch: 'x86_64', os.version: '12.6.5', java.version: '17.0.6'
Driver info: org.openqa.selenium.firefox.FirefoxDriver
Command: [00635424-0121-4c21-99e9-7068bd78e3e9, findElement {using=xpath, value=//a[contains(text(),'Download Invoice')]}]
Capabilities {acceptInsecureCerts: true, browserName: firefox, browserVersion: 112.0.2, moz:accessibilityChecks: false, moz:buildID: 20230424110519, moz:debuggerAddress: 127.0.0.1:41643, moz:geckodriverVersion: 0.33.0, moz:headless: false, moz:platformVersion: 21.6.0, moz:processID: 89227, moz:profile: /var/folders/6t/2wrb61y14lb..., moz:shutdownTimeout: 60000, moz:useNonSpecCompliantPointerOrigin: false, moz:webdriverClick: true, moz:windowless: false, pageLoadStrategy: normal, platformName: MAC, proxy: Proxy(), se:cdp: ws://127.0.0.1:41643/devtoo..., se:cdpVersion: 85.0, setWindowRect: true, strictFileInteractability: false, timeouts: {implicit: 0, pageLoad: 300000, script: 30000}, unhandledPromptBehavior: dismiss and notify}
Session ID: 00635424-0121-4c21-99e9-7068bd78e3e9
at org.openqa.selenium.remote.codec.w3c.W3CHttpResponseCodec.createException(W3CHttpResponseCodec.java:200)
at org.openqa.selenium.remote.codec.w3c.W3CHttpResponseCodec.decode(W3CHttpResponseCodec.java:133)
at org.openqa.selenium.remote.codec.w3c.W3CHttpResponseCodec.decode(W3CHttpResponseCodec.java:53)
at org.openqa.selenium.remote.HttpCommandExecutor.execute(HttpCommandExecutor.java:184)
at org.openqa.selenium.remote.service.DriverCommandExecutor.invokeExecute(DriverCommandExecutor.java:167)
at org.openqa.selenium.remote.service.DriverCommandExecutor.execute(DriverCommandExecutor.java:142)
at org.openqa.selenium.remote.RemoteWebDriver.execute(RemoteWebDriver.java:543)
at org.openqa.selenium.remote.ElementLocation$ElementFinder$2.findElement(ElementLocation.java:162)
at org.openqa.selenium.remote.ElementLocation.findElement(ElementLocation.java:60)
at org.openqa.selenium.remote.RemoteWebDriver.findElement(RemoteWebDriver.java:352)
at org.openqa.selenium.remote.RemoteWebDriver.findElement(RemoteWebDriver.java:344)
at org.openqa.selenium.support.events.EventFiringWebDriver.lambda$new$1(EventFiringWebDriver.java:106)
at jdk.proxy2/jdk.proxy2.$Proxy13.findElement(Unknown Source)
at org.openqa.selenium.support.events.EventFiringWebDriver.findElement(EventFiringWebDriver.java:195)
at org.openqa.selenium.support.pagefactory.DefaultElementLocator.findElement(DefaultElementLocator.java:70)
at org.openqa.selenium.support.pagefactory.internal.LocatingElementHandler.invoke(LocatingElementHandler.java:39)
at jdk.proxy2/jdk.proxy2.$Proxy17.click(Unknown Source)
at com.ae.qa.pages.OrderPlacedPage.clickDownloadInvoice(OrderPlacedPage.java:25)
at com.ae.qa.testcases.RegisterBeforeCheckOutTest.validateDownloadInvoice(RegisterBeforeCheckOutTest.java:133)
at java.base/java.util.ArrayList.forEach(ArrayList.java:1511)
... Removed 40 stack frames]]>
    </failure>
  </testcase> <!-- validateDownloadInvoice -->
  <testcase classname="com.ae.qa.testcases.RegisterBeforeCheckOutTest" name="validateDeleteAccount" time="0.997"/>
  <testcase classname="com.ae.qa.testcases.UserHomePageTest" name="validateWelcomePageTitle" time="0.013"/>
  <testcase classname="com.ae.qa.testcases.UserHomePageTest" name="validateLoginLink" time="1.151"/>
  <testcase classname="com.ae.qa.testcases.UserHomePageTest" name="validateLoginInfoH2" time="0.038"/>
  <testcase classname="com.ae.qa.testcases.UserHomePageTest" name="validateLoginWithValidData" time="0.663"/>
  <testcase classname="com.ae.qa.testcases.UserHomePageTest" name="validateLoggedInUserName" time="20.035">
    <failure type="org.openqa.selenium.TimeoutException" message="Expected condition failed: waiting for visibility of Proxy element for: DefaultElementLocator &amp;apos;By.xpath: //a[contains(text(),&amp;apos;Logged in as&amp;apos;)]&amp;apos; (tried for 5 second(s) with 500 milliseconds interval)">
      <![CDATA[org.openqa.selenium.TimeoutException: Expected condition failed: waiting for visibility of Proxy element for: DefaultElementLocator 'By.xpath: //a[contains(text(),'Logged in as')]' (tried for 5 second(s) with 500 milliseconds interval)
at org.openqa.selenium.support.ui.WebDriverWait.timeoutException(WebDriverWait.java:87)
at org.openqa.selenium.support.ui.FluentWait.until(FluentWait.java:231)
at com.ae.qa.pages.UserHomePage.getLoggedInUserName(UserHomePage.java:39)
at com.ae.qa.testcases.UserHomePageTest.validateLoggedInUserName(UserHomePageTest.java:57)
at java.base/java.util.ArrayList.forEach(ArrayList.java:1511)
Caused by: org.openqa.selenium.NoSuchElementException: Unable to locate element: //a[contains(text(),'Logged in as')]
For documentation on this error, please visit: https://selenium.dev/exceptions/#no_such_element
Build info: version: '4.8.1', revision: '8ebccac989'
System info: os.name: 'Mac OS X', os.arch: 'x86_64', os.version: '12.6.5', java.version: '17.0.6'
Driver info: org.openqa.selenium.firefox.FirefoxDriver
Command: [7f773f32-9d1a-45df-b681-443da29118c0, findElement {using=xpath, value=//a[contains(text(),'Logged in as')]}]
Capabilities {acceptInsecureCerts: true, browserName: firefox, browserVersion: 112.0.2, moz:accessibilityChecks: false, moz:buildID: 20230424110519, moz:debuggerAddress: 127.0.0.1:21838, moz:geckodriverVersion: 0.33.0, moz:headless: false, moz:platformVersion: 21.6.0, moz:processID: 89247, moz:profile: /var/folders/6t/2wrb61y14lb..., moz:shutdownTimeout: 60000, moz:useNonSpecCompliantPointerOrigin: false, moz:webdriverClick: true, moz:windowless: false, pageLoadStrategy: normal, platformName: MAC, proxy: Proxy(), se:cdp: ws://127.0.0.1:21838/devtoo..., se:cdpVersion: 85.0, setWindowRect: true, strictFileInteractability: false, timeouts: {implicit: 0, pageLoad: 300000, script: 30000}, unhandledPromptBehavior: dismiss and notify}
Session ID: 7f773f32-9d1a-45df-b681-443da29118c0
at org.openqa.selenium.remote.codec.w3c.W3CHttpResponseCodec.createException(W3CHttpResponseCodec.java:200)
at org.openqa.selenium.remote.codec.w3c.W3CHttpResponseCodec.decode(W3CHttpResponseCodec.java:133)
at org.openqa.selenium.remote.codec.w3c.W3CHttpResponseCodec.decode(W3CHttpResponseCodec.java:53)
at org.openqa.selenium.remote.HttpCommandExecutor.execute(HttpCommandExecutor.java:184)
at org.openqa.selenium.remote.service.DriverCommandExecutor.invokeExecute(DriverCommandExecutor.java:167)
at org.openqa.selenium.remote.service.DriverCommandExecutor.execute(DriverCommandExecutor.java:142)
at org.openqa.selenium.remote.RemoteWebDriver.execute(RemoteWebDriver.java:543)
at org.openqa.selenium.remote.ElementLocation$ElementFinder$2.findElement(ElementLocation.java:162)
at org.openqa.selenium.remote.ElementLocation.findElement(ElementLocation.java:60)
at org.openqa.selenium.remote.RemoteWebDriver.findElement(RemoteWebDriver.java:352)
at org.openqa.selenium.remote.RemoteWebDriver.findElement(RemoteWebDriver.java:344)
at org.openqa.selenium.support.events.EventFiringWebDriver.lambda$new$1(EventFiringWebDriver.java:106)
at jdk.proxy2/jdk.proxy2.$Proxy13.findElement(Unknown Source)
at org.openqa.selenium.support.events.EventFiringWebDriver.findElement(EventFiringWebDriver.java:195)
at org.openqa.selenium.support.pagefactory.DefaultElementLocator.findElement(DefaultElementLocator.java:70)
at org.openqa.selenium.support.pagefactory.internal.LocatingElementHandler.invoke(LocatingElementHandler.java:39)
at jdk.proxy2/jdk.proxy2.$Proxy17.isDisplayed(Unknown Source)
at org.openqa.selenium.support.ui.ExpectedConditions.elementIfVisible(ExpectedConditions.java:307)
at org.openqa.selenium.support.ui.ExpectedConditions.access$000(ExpectedConditions.java:40)
at org.openqa.selenium.support.ui.ExpectedConditions$10.apply(ExpectedConditions.java:293)
at org.openqa.selenium.support.ui.ExpectedConditions$10.apply(ExpectedConditions.java:290)
at org.openqa.selenium.support.ui.FluentWait.until(FluentWait.java:208)
... 35 more
... Removed 40 stack frames]]>
    </failure>
  </testcase> <!-- validateLoggedInUserName -->
  <testcase classname="com.ae.qa.testcases.UserHomePageTest" name="validateLogoutButton" time="10.016">
    <failure type="org.openqa.selenium.NoSuchElementException" message="Unable to locate element: //a[contains(text(),&amp;apos;Logout&amp;apos;)]
For documentation on this error, please visit: https://selenium.dev/exceptions/#no_such_element
Build info: version: &amp;apos;4.8.1&amp;apos;, revision: &amp;apos;8ebccac989&amp;apos;
System info: os.name: &amp;apos;Mac OS X&amp;apos;, os.arch: &amp;apos;x86_64&amp;apos;, os.version: &amp;apos;12.6.5&amp;apos;, java.version: &amp;apos;17.0.6&amp;apos;
Driver info: org.openqa.selenium.firefox.FirefoxDriver
Command: [7f773f32-9d1a-45df-b681-443da29118c0, findElement {using=xpath, value=//a[contains(text(),&amp;apos;Logout&amp;apos;)]}]
Capabilities {acceptInsecureCerts: true, browserName: firefox, browserVersion: 112.0.2, moz:accessibilityChecks: false, moz:buildID: 20230424110519, moz:debuggerAddress: 127.0.0.1:21838, moz:geckodriverVersion: 0.33.0, moz:headless: false, moz:platformVersion: 21.6.0, moz:processID: 89247, moz:profile: /var/folders/6t/2wrb61y14lb..., moz:shutdownTimeout: 60000, moz:useNonSpecCompliantPointerOrigin: false, moz:webdriverClick: true, moz:windowless: false, pageLoadStrategy: normal, platformName: MAC, proxy: Proxy(), se:cdp: ws://127.0.0.1:21838/devtoo..., se:cdpVersion: 85.0, setWindowRect: true, strictFileInteractability: false, timeouts: {implicit: 0, pageLoad: 300000, script: 30000}, unhandledPromptBehavior: dismiss and notify}
Session ID: 7f773f32-9d1a-45df-b681-443da29118c0">
      <![CDATA[org.openqa.selenium.NoSuchElementException: Unable to locate element: //a[contains(text(),'Logout')]
For documentation on this error, please visit: https://selenium.dev/exceptions/#no_such_element
Build info: version: '4.8.1', revision: '8ebccac989'
System info: os.name: 'Mac OS X', os.arch: 'x86_64', os.version: '12.6.5', java.version: '17.0.6'
Driver info: org.openqa.selenium.firefox.FirefoxDriver
Command: [7f773f32-9d1a-45df-b681-443da29118c0, findElement {using=xpath, value=//a[contains(text(),'Logout')]}]
Capabilities {acceptInsecureCerts: true, browserName: firefox, browserVersion: 112.0.2, moz:accessibilityChecks: false, moz:buildID: 20230424110519, moz:debuggerAddress: 127.0.0.1:21838, moz:geckodriverVersion: 0.33.0, moz:headless: false, moz:platformVersion: 21.6.0, moz:processID: 89247, moz:profile: /var/folders/6t/2wrb61y14lb..., moz:shutdownTimeout: 60000, moz:useNonSpecCompliantPointerOrigin: false, moz:webdriverClick: true, moz:windowless: false, pageLoadStrategy: normal, platformName: MAC, proxy: Proxy(), se:cdp: ws://127.0.0.1:21838/devtoo..., se:cdpVersion: 85.0, setWindowRect: true, strictFileInteractability: false, timeouts: {implicit: 0, pageLoad: 300000, script: 30000}, unhandledPromptBehavior: dismiss and notify}
Session ID: 7f773f32-9d1a-45df-b681-443da29118c0
at org.openqa.selenium.remote.codec.w3c.W3CHttpResponseCodec.createException(W3CHttpResponseCodec.java:200)
at org.openqa.selenium.remote.codec.w3c.W3CHttpResponseCodec.decode(W3CHttpResponseCodec.java:133)
at org.openqa.selenium.remote.codec.w3c.W3CHttpResponseCodec.decode(W3CHttpResponseCodec.java:53)
at org.openqa.selenium.remote.HttpCommandExecutor.execute(HttpCommandExecutor.java:184)
at org.openqa.selenium.remote.service.DriverCommandExecutor.invokeExecute(DriverCommandExecutor.java:167)
at org.openqa.selenium.remote.service.DriverCommandExecutor.execute(DriverCommandExecutor.java:142)
at org.openqa.selenium.remote.RemoteWebDriver.execute(RemoteWebDriver.java:543)
at org.openqa.selenium.remote.ElementLocation$ElementFinder$2.findElement(ElementLocation.java:162)
at org.openqa.selenium.remote.ElementLocation.findElement(ElementLocation.java:60)
at org.openqa.selenium.remote.RemoteWebDriver.findElement(RemoteWebDriver.java:352)
at org.openqa.selenium.remote.RemoteWebDriver.findElement(RemoteWebDriver.java:344)
at org.openqa.selenium.support.events.EventFiringWebDriver.lambda$new$1(EventFiringWebDriver.java:106)
at jdk.proxy2/jdk.proxy2.$Proxy13.findElement(Unknown Source)
at org.openqa.selenium.support.events.EventFiringWebDriver.findElement(EventFiringWebDriver.java:195)
at org.openqa.selenium.support.pagefactory.DefaultElementLocator.findElement(DefaultElementLocator.java:70)
at org.openqa.selenium.support.pagefactory.internal.LocatingElementHandler.invoke(LocatingElementHandler.java:39)
at jdk.proxy2/jdk.proxy2.$Proxy17.click(Unknown Source)
at com.ae.qa.pages.UserHomePage.clickLogOutButton(UserHomePage.java:48)
at com.ae.qa.testcases.UserHomePageTest.validateLogoutButton(UserHomePageTest.java:63)
at java.base/java.util.ArrayList.forEach(ArrayList.java:1511)
... Removed 40 stack frames]]>
    </failure>
  </testcase> <!-- validateLogoutButton -->
  <testcase classname="com.ae.qa.testcases.UserHomePageTest" name="verifyLoginPageTitle" time="0.002"/>
  <testcase classname="com.ae.qa.testcases.LoginPageTest" name="validateWelcomePageTitle" time="0.0"/>
  <testcase classname="com.ae.qa.testcases.LoginPageTest" name="validateLoginH2" time="0.035"/>
  <testcase classname="com.ae.qa.testcases.LoginPageTest" name="validateLoginWithInValidDetails" time="0.585"/>
  <testcase classname="com.ae.qa.testcases.LoginPageTest" name="validateLoginWithValidDetails" time="20.559">
    <failure type="org.openqa.selenium.TimeoutException" message="Expected condition failed: waiting for visibility of Proxy element for: DefaultElementLocator &amp;apos;By.xpath: //a[contains(text(),&amp;apos;Logged in as&amp;apos;)]&amp;apos; (tried for 5 second(s) with 500 milliseconds interval)">
      <![CDATA[org.openqa.selenium.TimeoutException: Expected condition failed: waiting for visibility of Proxy element for: DefaultElementLocator 'By.xpath: //a[contains(text(),'Logged in as')]' (tried for 5 second(s) with 500 milliseconds interval)
at org.openqa.selenium.support.ui.WebDriverWait.timeoutException(WebDriverWait.java:87)
at org.openqa.selenium.support.ui.FluentWait.until(FluentWait.java:231)
at com.ae.qa.pages.UserHomePage.getLoggedInUserName(UserHomePage.java:39)
at com.ae.qa.testcases.LoginPageTest.validateLoginWithValidDetails(LoginPageTest.java:49)
at java.base/java.util.ArrayList.forEach(ArrayList.java:1511)
Caused by: org.openqa.selenium.NoSuchElementException: Unable to locate element: //a[contains(text(),'Logged in as')]
For documentation on this error, please visit: https://selenium.dev/exceptions/#no_such_element
Build info: version: '4.8.1', revision: '8ebccac989'
System info: os.name: 'Mac OS X', os.arch: 'x86_64', os.version: '12.6.5', java.version: '17.0.6'
Driver info: org.openqa.selenium.firefox.FirefoxDriver
Command: [c81c6a25-ea1f-49d3-84f8-e31949c9137f, findElement {using=xpath, value=//a[contains(text(),'Logged in as')]}]
Capabilities {acceptInsecureCerts: true, browserName: firefox, browserVersion: 112.0.2, moz:accessibilityChecks: false, moz:buildID: 20230424110519, moz:debuggerAddress: 127.0.0.1:36778, moz:geckodriverVersion: 0.33.0, moz:headless: false, moz:platformVersion: 21.6.0, moz:processID: 89265, moz:profile: /var/folders/6t/2wrb61y14lb..., moz:shutdownTimeout: 60000, moz:useNonSpecCompliantPointerOrigin: false, moz:webdriverClick: true, moz:windowless: false, pageLoadStrategy: normal, platformName: MAC, proxy: Proxy(), se:cdp: ws://127.0.0.1:36778/devtoo..., se:cdpVersion: 85.0, setWindowRect: true, strictFileInteractability: false, timeouts: {implicit: 0, pageLoad: 300000, script: 30000}, unhandledPromptBehavior: dismiss and notify}
Session ID: c81c6a25-ea1f-49d3-84f8-e31949c9137f
at org.openqa.selenium.remote.codec.w3c.W3CHttpResponseCodec.createException(W3CHttpResponseCodec.java:200)
at org.openqa.selenium.remote.codec.w3c.W3CHttpResponseCodec.decode(W3CHttpResponseCodec.java:133)
at org.openqa.selenium.remote.codec.w3c.W3CHttpResponseCodec.decode(W3CHttpResponseCodec.java:53)
at org.openqa.selenium.remote.HttpCommandExecutor.execute(HttpCommandExecutor.java:184)
at org.openqa.selenium.remote.service.DriverCommandExecutor.invokeExecute(DriverCommandExecutor.java:167)
at org.openqa.selenium.remote.service.DriverCommandExecutor.execute(DriverCommandExecutor.java:142)
at org.openqa.selenium.remote.RemoteWebDriver.execute(RemoteWebDriver.java:543)
at org.openqa.selenium.remote.ElementLocation$ElementFinder$2.findElement(ElementLocation.java:162)
at org.openqa.selenium.remote.ElementLocation.findElement(ElementLocation.java:60)
at org.openqa.selenium.remote.RemoteWebDriver.findElement(RemoteWebDriver.java:352)
at org.openqa.selenium.remote.RemoteWebDriver.findElement(RemoteWebDriver.java:344)
at org.openqa.selenium.support.events.EventFiringWebDriver.lambda$new$1(EventFiringWebDriver.java:106)
at jdk.proxy2/jdk.proxy2.$Proxy13.findElement(Unknown Source)
at org.openqa.selenium.support.events.EventFiringWebDriver.findElement(EventFiringWebDriver.java:195)
at org.openqa.selenium.support.pagefactory.DefaultElementLocator.findElement(DefaultElementLocator.java:70)
at org.openqa.selenium.support.pagefactory.internal.LocatingElementHandler.invoke(LocatingElementHandler.java:39)
at jdk.proxy2/jdk.proxy2.$Proxy17.isDisplayed(Unknown Source)
at org.openqa.selenium.support.ui.ExpectedConditions.elementIfVisible(ExpectedConditions.java:307)
at org.openqa.selenium.support.ui.ExpectedConditions.access$000(ExpectedConditions.java:40)
at org.openqa.selenium.support.ui.ExpectedConditions$10.apply(ExpectedConditions.java:293)
at org.openqa.selenium.support.ui.ExpectedConditions$10.apply(ExpectedConditions.java:290)
at org.openqa.selenium.support.ui.FluentWait.until(FluentWait.java:208)
... 35 more
... Removed 40 stack frames]]>
    </failure>
  </testcase> <!-- validateLoginWithValidDetails -->
  <testcase classname="com.ae.qa.testcases.LoginPageTest" name="validateDeletedAccount" time="10.026">
    <failure type="org.openqa.selenium.NoSuchElementException" message="Unable to locate element: //a[contains(text(),&amp;apos;Delete Account&amp;apos;)]
For documentation on this error, please visit: https://selenium.dev/exceptions/#no_such_element
Build info: version: &amp;apos;4.8.1&amp;apos;, revision: &amp;apos;8ebccac989&amp;apos;
System info: os.name: &amp;apos;Mac OS X&amp;apos;, os.arch: &amp;apos;x86_64&amp;apos;, os.version: &amp;apos;12.6.5&amp;apos;, java.version: &amp;apos;17.0.6&amp;apos;
Driver info: org.openqa.selenium.firefox.FirefoxDriver
Command: [c81c6a25-ea1f-49d3-84f8-e31949c9137f, findElement {using=xpath, value=//a[contains(text(),&amp;apos;Delete Account&amp;apos;)]}]
Capabilities {acceptInsecureCerts: true, browserName: firefox, browserVersion: 112.0.2, moz:accessibilityChecks: false, moz:buildID: 20230424110519, moz:debuggerAddress: 127.0.0.1:36778, moz:geckodriverVersion: 0.33.0, moz:headless: false, moz:platformVersion: 21.6.0, moz:processID: 89265, moz:profile: /var/folders/6t/2wrb61y14lb..., moz:shutdownTimeout: 60000, moz:useNonSpecCompliantPointerOrigin: false, moz:webdriverClick: true, moz:windowless: false, pageLoadStrategy: normal, platformName: MAC, proxy: Proxy(), se:cdp: ws://127.0.0.1:36778/devtoo..., se:cdpVersion: 85.0, setWindowRect: true, strictFileInteractability: false, timeouts: {implicit: 0, pageLoad: 300000, script: 30000}, unhandledPromptBehavior: dismiss and notify}
Session ID: c81c6a25-ea1f-49d3-84f8-e31949c9137f">
      <![CDATA[org.openqa.selenium.NoSuchElementException: Unable to locate element: //a[contains(text(),'Delete Account')]
For documentation on this error, please visit: https://selenium.dev/exceptions/#no_such_element
Build info: version: '4.8.1', revision: '8ebccac989'
System info: os.name: 'Mac OS X', os.arch: 'x86_64', os.version: '12.6.5', java.version: '17.0.6'
Driver info: org.openqa.selenium.firefox.FirefoxDriver
Command: [c81c6a25-ea1f-49d3-84f8-e31949c9137f, findElement {using=xpath, value=//a[contains(text(),'Delete Account')]}]
Capabilities {acceptInsecureCerts: true, browserName: firefox, browserVersion: 112.0.2, moz:accessibilityChecks: false, moz:buildID: 20230424110519, moz:debuggerAddress: 127.0.0.1:36778, moz:geckodriverVersion: 0.33.0, moz:headless: false, moz:platformVersion: 21.6.0, moz:processID: 89265, moz:profile: /var/folders/6t/2wrb61y14lb..., moz:shutdownTimeout: 60000, moz:useNonSpecCompliantPointerOrigin: false, moz:webdriverClick: true, moz:windowless: false, pageLoadStrategy: normal, platformName: MAC, proxy: Proxy(), se:cdp: ws://127.0.0.1:36778/devtoo..., se:cdpVersion: 85.0, setWindowRect: true, strictFileInteractability: false, timeouts: {implicit: 0, pageLoad: 300000, script: 30000}, unhandledPromptBehavior: dismiss and notify}
Session ID: c81c6a25-ea1f-49d3-84f8-e31949c9137f
at org.openqa.selenium.remote.codec.w3c.W3CHttpResponseCodec.createException(W3CHttpResponseCodec.java:200)
at org.openqa.selenium.remote.codec.w3c.W3CHttpResponseCodec.decode(W3CHttpResponseCodec.java:133)
at org.openqa.selenium.remote.codec.w3c.W3CHttpResponseCodec.decode(W3CHttpResponseCodec.java:53)
at org.openqa.selenium.remote.HttpCommandExecutor.execute(HttpCommandExecutor.java:184)
at org.openqa.selenium.remote.service.DriverCommandExecutor.invokeExecute(DriverCommandExecutor.java:167)
at org.openqa.selenium.remote.service.DriverCommandExecutor.execute(DriverCommandExecutor.java:142)
at org.openqa.selenium.remote.RemoteWebDriver.execute(RemoteWebDriver.java:543)
at org.openqa.selenium.remote.ElementLocation$ElementFinder$2.findElement(ElementLocation.java:162)
at org.openqa.selenium.remote.ElementLocation.findElement(ElementLocation.java:60)
at org.openqa.selenium.remote.RemoteWebDriver.findElement(RemoteWebDriver.java:352)
at org.openqa.selenium.remote.RemoteWebDriver.findElement(RemoteWebDriver.java:344)
at org.openqa.selenium.support.events.EventFiringWebDriver.lambda$new$1(EventFiringWebDriver.java:106)
at jdk.proxy2/jdk.proxy2.$Proxy13.findElement(Unknown Source)
at org.openqa.selenium.support.events.EventFiringWebDriver.findElement(EventFiringWebDriver.java:195)
at org.openqa.selenium.support.pagefactory.DefaultElementLocator.findElement(DefaultElementLocator.java:70)
at org.openqa.selenium.support.pagefactory.internal.LocatingElementHandler.invoke(LocatingElementHandler.java:39)
at jdk.proxy2/jdk.proxy2.$Proxy17.click(Unknown Source)
at com.ae.qa.pages.UserHomePage.clickUserDeleteAccount(UserHomePage.java:54)
at com.ae.qa.testcases.LoginPageTest.validateDeletedAccount(LoginPageTest.java:62)
at java.base/java.util.ArrayList.forEach(ArrayList.java:1511)
... Removed 40 stack frames]]>
    </failure>
  </testcase> <!-- validateDeletedAccount -->
  <testcase classname="com.ae.qa.testcases.LoginPageTest" name="validateContinueDeleteButton" time="0.0">
    <failure type="java.lang.NullPointerException" message="Cannot invoke &amp;quot;com.ae.qa.pages.AccountDeletedPage.clickAccountDeletedContinueButton()&amp;quot; because &amp;quot;this.accountDeteledPageObj&amp;quot; is null">
      <![CDATA[java.lang.NullPointerException: Cannot invoke "com.ae.qa.pages.AccountDeletedPage.clickAccountDeletedContinueButton()" because "this.accountDeteledPageObj" is null
at com.ae.qa.testcases.LoginPageTest.validateContinueDeleteButton(LoginPageTest.java:68)
at java.base/java.util.ArrayList.forEach(ArrayList.java:1511)
... Removed 32 stack frames]]>
    </failure>
  </testcase> <!-- validateContinueDeleteButton -->
  <testcase classname="com.ae.qa.testcases.WelcomePageTest" name="validateScrollUpWithArrow" time="0.037">
    <failure type="org.openqa.selenium.ElementNotInteractableException" message="Element &amp;lt;a id=&amp;quot;scrollUp&amp;quot; href=&amp;quot;#top&amp;quot;&amp;gt; could not be scrolled into view
Build info: version: &amp;apos;4.8.1&amp;apos;, revision: &amp;apos;8ebccac989&amp;apos;
System info: os.name: &amp;apos;Mac OS X&amp;apos;, os.arch: &amp;apos;x86_64&amp;apos;, os.version: &amp;apos;12.6.5&amp;apos;, java.version: &amp;apos;17.0.6&amp;apos;
Driver info: org.openqa.selenium.firefox.FirefoxDriver
Command: [93c89214-3ad1-49b7-b6c9-35b7a2cd34b9, clickElement {id=7187027d-da7b-46c3-bd4d-97f59ac7d2f2}]
Capabilities {acceptInsecureCerts: true, browserName: firefox, browserVersion: 112.0.2, moz:accessibilityChecks: false, moz:buildID: 20230424110519, moz:debuggerAddress: 127.0.0.1:13026, moz:geckodriverVersion: 0.33.0, moz:headless: false, moz:platformVersion: 21.6.0, moz:processID: 89287, moz:profile: /var/folders/6t/2wrb61y14lb..., moz:shutdownTimeout: 60000, moz:useNonSpecCompliantPointerOrigin: false, moz:webdriverClick: true, moz:windowless: false, pageLoadStrategy: normal, platformName: MAC, proxy: Proxy(), se:cdp: ws://127.0.0.1:13026/devtoo..., se:cdpVersion: 85.0, setWindowRect: true, strictFileInteractability: false, timeouts: {implicit: 0, pageLoad: 300000, script: 30000}, unhandledPromptBehavior: dismiss and notify}
Element: [[FirefoxDriver: firefox on MAC (93c89214-3ad1-49b7-b6c9-35b7a2cd34b9)] -&amp;gt; xpath: //a[@id=&amp;apos;scrollUp&amp;apos;]]
Session ID: 93c89214-3ad1-49b7-b6c9-35b7a2cd34b9">
      <![CDATA[org.openqa.selenium.ElementNotInteractableException: Element <a id="scrollUp" href="#top"> could not be scrolled into view
Build info: version: '4.8.1', revision: '8ebccac989'
System info: os.name: 'Mac OS X', os.arch: 'x86_64', os.version: '12.6.5', java.version: '17.0.6'
Driver info: org.openqa.selenium.firefox.FirefoxDriver
Command: [93c89214-3ad1-49b7-b6c9-35b7a2cd34b9, clickElement {id=7187027d-da7b-46c3-bd4d-97f59ac7d2f2}]
Capabilities {acceptInsecureCerts: true, browserName: firefox, browserVersion: 112.0.2, moz:accessibilityChecks: false, moz:buildID: 20230424110519, moz:debuggerAddress: 127.0.0.1:13026, moz:geckodriverVersion: 0.33.0, moz:headless: false, moz:platformVersion: 21.6.0, moz:processID: 89287, moz:profile: /var/folders/6t/2wrb61y14lb..., moz:shutdownTimeout: 60000, moz:useNonSpecCompliantPointerOrigin: false, moz:webdriverClick: true, moz:windowless: false, pageLoadStrategy: normal, platformName: MAC, proxy: Proxy(), se:cdp: ws://127.0.0.1:13026/devtoo..., se:cdpVersion: 85.0, setWindowRect: true, strictFileInteractability: false, timeouts: {implicit: 0, pageLoad: 300000, script: 30000}, unhandledPromptBehavior: dismiss and notify}
Element: [[FirefoxDriver: firefox on MAC (93c89214-3ad1-49b7-b6c9-35b7a2cd34b9)] -> xpath: //a[@id='scrollUp']]
Session ID: 93c89214-3ad1-49b7-b6c9-35b7a2cd34b9
at org.openqa.selenium.remote.codec.w3c.W3CHttpResponseCodec.createException(W3CHttpResponseCodec.java:200)
at org.openqa.selenium.remote.codec.w3c.W3CHttpResponseCodec.decode(W3CHttpResponseCodec.java:133)
at org.openqa.selenium.remote.codec.w3c.W3CHttpResponseCodec.decode(W3CHttpResponseCodec.java:53)
at org.openqa.selenium.remote.HttpCommandExecutor.execute(HttpCommandExecutor.java:184)
at org.openqa.selenium.remote.service.DriverCommandExecutor.invokeExecute(DriverCommandExecutor.java:167)
at org.openqa.selenium.remote.service.DriverCommandExecutor.execute(DriverCommandExecutor.java:142)
at org.openqa.selenium.remote.RemoteWebDriver.execute(RemoteWebDriver.java:543)
at org.openqa.selenium.remote.RemoteWebElement.execute(RemoteWebElement.java:257)
at org.openqa.selenium.remote.RemoteWebElement.click(RemoteWebElement.java:78)
at org.openqa.selenium.support.events.EventFiringWebDriver$EventFiringWebElement.lambda$new$0(EventFiringWebDriver.java:378)
at jdk.proxy2/jdk.proxy2.$Proxy18.click(Unknown Source)
at org.openqa.selenium.support.events.EventFiringWebDriver$EventFiringWebElement.click(EventFiringWebDriver.java:391)
at org.openqa.selenium.support.pagefactory.internal.LocatingElementHandler.invoke(LocatingElementHandler.java:52)
at jdk.proxy2/jdk.proxy2.$Proxy17.click(Unknown Source)
at com.ae.qa.pages.WelcomePage.doScrollUpWithArrow(WelcomePage.java:123)
at com.ae.qa.testcases.WelcomePageTest.validateScrollUpWithArrow(WelcomePageTest.java:56)
at java.base/java.util.ArrayList.forEach(ArrayList.java:1511)
... Removed 43 stack frames]]>
    </failure>
  </testcase> <!-- validateScrollUpWithArrow -->
  <testcase classname="com.ae.qa.testcases.WelcomePageTest" name="validateScrollUpWithoutArrow" time="0.227"/>
  <testcase classname="com.ae.qa.testcases.WelcomePageTest" name="validateScrolldownGetSubscriptionH2" time="0.163"/>
  <testcase classname="com.ae.qa.testcases.WelcomePageTest" name="validateSubscription" time="0.691"/>
  <testcase classname="com.ae.qa.testcases.WelcomePageTest" name="validateWelcomePageTitle" time="0.005"/>
</testsuite> <!-- Surefire test -->
