<!DOCTYPE html PUBLIC "-//W3C//DTD XHTML 1.1//EN" "https://www.w3.org/TR/xhtml11/DTD/xhtml11.dtd">
<html xmlns="https://www.w3.org/1999/xhtml">
<head>
<meta http-equiv="content-type" content="text/html; charset=UTF-8"/>
<title>TestNG Report</title>
<style type="text/css">table {margin-bottom:10px;border-collapse:collapse;empty-cells:show}th,td {border:1px solid #009;padding:.25em .5em}th {vertical-align:bottom}td {vertical-align:top}table a {font-weight:bold}.stripe td {background-color: #E6EBF9}.num {text-align:right}.passedodd td {background-color: #3F3}.passedeven td {background-color: #0A0}.skippedodd td {background-color: #DDD}.skippedeven td {background-color: #CCC}.failedodd td,.attn {background-color: #F33}.failedeven td,.stripe .attn {background-color: #D00}.stacktrace {white-space:pre;font-family:monospace}.totop {font-size:85%;text-align:center;border-bottom:2px solid #000}.invisible {display:none}</style>
</head>
<body>
<table>
<tr><th>Test</th><th># Passed</th><th># Skipped</th><th># Retried</th><th># Failed</th><th>Time (ms)</th><th>Included Groups</th><th>Excluded Groups</th></tr>
<tr><th colspan="8">Automation Exercise - Test suite</th></tr>
<tr><td><a href="#t0">Test Case 1: Register User</a></td><td class="num">8</td><td class="num">0</td><td class="num">0</td><td class="num">0</td><td class="num">38.008</td><td></td><td></td></tr>
<tr class="stripe"><td><a href="#t1">Test Case 1b: Re-register User - exclude user deletion</a></td><td class="num">6</td><td class="num">0</td><td class="num">0</td><td class="num">0</td><td class="num">20.867</td><td></td><td></td></tr>
<tr><td><a href="#t2">Test Case 2: Login User with correct email and password </a></td><td class="num">5</td><td class="num">0</td><td class="num">0</td><td class="num">0</td><td class="num">14.666</td><td></td><td></td></tr>
<tr class="stripe"><td><a href="#t3">Test Case 2b: Re-register User - exclude user deletion</a></td><td class="num">6</td><td class="num">0</td><td class="num">0</td><td class="num">0</td><td class="num">23.029</td><td></td><td></td></tr>
<tr><td><a href="#t4">Test Case 3: Login User with incorrect email and password</a></td><td class="num">3</td><td class="num">0</td><td class="num">0</td><td class="num">0</td><td class="num">9.691</td><td></td><td></td></tr>
<tr class="stripe"><td><a href="#t5">Test Case 4: Logout User</a></td><td class="num">7</td><td class="num">0</td><td class="num">0</td><td class="num">0</td><td class="num">12.712</td><td></td><td></td></tr>
<tr><td><a href="#t6">Test Case 5: Register User with existing email</a></td><td class="num">3</td><td class="num">0</td><td class="num">0</td><td class="num">0</td><td class="num">11.090</td><td></td><td></td></tr>
<tr class="stripe"><td><a href="#t7">Test Case 6: Contact Us Form</a></td><td class="num">6</td><td class="num">0</td><td class="num">0</td><td class="num">0</td><td class="num">15.739</td><td></td><td></td></tr>
<tr><td><a href="#t8">Test Case 7: Verify Test Cases Page</a></td><td class="num">3</td><td class="num">0</td><td class="num">0</td><td class="num">0</td><td class="num">9.260</td><td></td><td></td></tr>
<tr class="stripe"><td><a href="#t9">Test Case 8: Verify All Products and product detail page</a></td><td class="num">10</td><td class="num">0</td><td class="num">0</td><td class="num">0</td><td class="num">13.257</td><td></td><td></td></tr>
<tr><td><a href="#t10">Test Case 9: Search Product</a></td><td class="num">4</td><td class="num">0</td><td class="num">0</td><td class="num">0</td><td class="num">12.858</td><td></td><td></td></tr>
<tr class="stripe"><td><a href="#t11">Test Case 10: Verify Subscription in home page</a></td><td class="num">3</td><td class="num">0</td><td class="num">0</td><td class="num">0</td><td class="num">11.928</td><td></td><td></td></tr>
<tr><td><a href="#t12">Test Case 11: Verify Subscription in Cart page</a></td><td class="num">0</td><td class="num attn">4</td><td class="num">0</td><td class="num">0</td><td class="num">24.791</td><td></td><td></td></tr>
<tr class="stripe"><td><a href="#t13">Test Case 12: Add Products in Cart</a></td><td class="num">3</td><td class="num">0</td><td class="num">0</td><td class="num">0</td><td class="num">13.617</td><td></td><td></td></tr>
<tr><td><a href="#t14">Test Case 13: Verify Product quantity in Cart</a></td><td class="num">4</td><td class="num">0</td><td class="num">0</td><td class="num">0</td><td class="num">18.681</td><td></td><td></td></tr>
<tr class="stripe"><td><a href="#t15">Test Case 14: To Delete user Account for next step</a></td><td class="num">5</td><td class="num">0</td><td class="num">0</td><td class="num">0</td><td class="num">14.101</td><td></td><td></td></tr>
<tr><td><a href="#t16">Test Case 14: Place Order: Register while Checkout</a></td><td class="num">10</td><td class="num">0</td><td class="num">0</td><td class="num attn">1</td><td class="num">46.001</td><td></td><td></td></tr>
<tr class="stripe"><td><a href="#t17">Test Case 15: Place Order: Register before Checkout</a></td><td class="num">11</td><td class="num">0</td><td class="num">0</td><td class="num attn">1</td><td class="num">45.438</td><td></td><td></td></tr>
<tr><td><a href="#t18">Test Case 16a: Re-register User - exclude user deletion</a></td><td class="num">6</td><td class="num">0</td><td class="num">0</td><td class="num">0</td><td class="num">21.378</td><td></td><td></td></tr>
<tr class="stripe"><td><a href="#t19">Test Case 16: Place Order: Login before Checkout</a></td><td class="num">7</td><td class="num">0</td><td class="num">0</td><td class="num attn">1</td><td class="num">35.833</td><td></td><td></td></tr>
<tr><td><a href="#t20">Test Case 17: Remove Products From Cart</a></td><td class="num">4</td><td class="num">0</td><td class="num">0</td><td class="num">0</td><td class="num">14.641</td><td></td><td></td></tr>
<tr class="stripe"><td><a href="#t21">Test Case 21: Add review on product</a></td><td class="num">4</td><td class="num">0</td><td class="num">0</td><td class="num">0</td><td class="num">14.330</td><td></td><td></td></tr>
<tr><td><a href="#t22">Test Case 23: Verify address details in checkout page</a></td><td class="num">12</td><td class="num">0</td><td class="num">0</td><td class="num">0</td><td class="num">30.067</td><td></td><td></td></tr>
<tr class="stripe"><td><a href="#t23">Test Case 24: Download Invoice after purchase order</a></td><td class="num">12</td><td class="num">0</td><td class="num">0</td><td class="num attn">1</td><td class="num">47.672</td><td></td><td></td></tr>
<tr><td><a href="#t24">Test Case 25: Verify Scroll Up using &apos;Arrow&apos; button and Scroll Down functionality</a></td><td class="num">3</td><td class="num">0</td><td class="num">0</td><td class="num">0</td><td class="num">11.398</td><td></td><td></td></tr>
<tr class="stripe"><td><a href="#t25">Test Case 26: Verify Scroll Up without &apos;Arrow&apos; button and Scroll Down functionality</a></td><td class="num">3</td><td class="num">0</td><td class="num">0</td><td class="num">0</td><td class="num">10.924</td><td></td><td></td></tr>
<tr><th>Total</th><th class="num">148</th><th class="num attn">4</th><th class="num">0</th><th class="num attn">4</th><th class="num">541.977</th><th colspan="2"></th></tr>
</table>
<table id='summary'><thead><tr><th>Class</th><th>Method</th><th>Start</th><th>Time (ms)</th></tr></thead><tbody><tr><th colspan="4">Automation Exercise - Test suite</th></tr></tbody><tbody id="t0"><tr><th colspan="4">Test Case 1: Register User &#8212; passed</th></tr><tr class="passedeven"><td rowspan="8">com.ae.qa.testcases.SignUpPageTest</td><td><a href="#m0">validateContinueDeletedButton</a></td><td rowspan="1">1682942862428</td><td rowspan="1">3358</td></tr><tr class="passedeven"><td><a href="#m1">validateDeleteAccount</a></td><td rowspan="1">1682942861673</td><td rowspan="1">754</td></tr><tr class="passedeven"><td><a href="#m2">validateLoggedInUserName</a></td><td rowspan="1">1682942851710</td><td rowspan="1">9962</td></tr><tr class="passedeven"><td><a href="#m3">validateSignUp</a></td><td rowspan="1">1682942847868</td><td rowspan="1">3841</td></tr><tr class="passedeven"><td><a href="#m4">validateSignUpAccountInfoH2</a></td><td rowspan="1">1682942847818</td><td rowspan="1">50</td></tr><tr class="passedeven"><td><a href="#m5">validateSignUpH2</a></td><td rowspan="1">1682942846748</td><td rowspan="1">45</td></tr><tr class="passedeven"><td><a href="#m6">validateSignUpNewUser</a></td><td rowspan="1">1682942846794</td><td rowspan="1">1023</td></tr><tr class="passedeven"><td><a href="#m7">validateWelcomePageTitle</a></td><td rowspan="1">1682942846737</td><td rowspan="1">5</td></tr></tbody>
<tbody id="t1"><tr><th colspan="4">Test Case 1b: Re-register User - exclude user deletion &#8212; passed</th></tr><tr class="passedeven"><td rowspan="6">com.ae.qa.testcases.SignUpPageTest</td><td><a href="#m8">validateLoggedInUserName</a></td><td rowspan="1">1682942879709</td><td rowspan="1">6964</td></tr><tr class="passedeven"><td><a href="#m9">validateSignUp</a></td><td rowspan="1">1682942875537</td><td rowspan="1">4171</td></tr><tr class="passedeven"><td><a href="#m10">validateSignUpAccountInfoH2</a></td><td rowspan="1">1682942875510</td><td rowspan="1">26</td></tr><tr class="passedeven"><td><a href="#m11">validateSignUpH2</a></td><td rowspan="1">1682942874971</td><td rowspan="1">65</td></tr><tr class="passedeven"><td><a href="#m12">validateSignUpNewUser</a></td><td rowspan="1">1682942875036</td><td rowspan="1">473</td></tr><tr class="passedeven"><td><a href="#m13">validateWelcomePageTitle</a></td><td rowspan="1">1682942874970</td><td rowspan="1">1</td></tr></tbody>
<tbody id="t2"><tr><th colspan="4">Test Case 2: Login User with correct email and password  &#8212; passed</th></tr><tr class="passedeven"><td rowspan="5">com.ae.qa.testcases.LoginPageTest</td><td><a href="#m14">validateContinueDeleteButton</a></td><td rowspan="1">1682942899633</td><td rowspan="1">1715</td></tr><tr class="passedeven"><td><a href="#m15">validateDeletedAccount</a></td><td rowspan="1">1682942899332</td><td rowspan="1">300</td></tr><tr class="passedeven"><td><a href="#m16">validateLoginH2</a></td><td rowspan="1">1682942896064</td><td rowspan="1">60</td></tr><tr class="passedeven"><td><a href="#m17">validateLoginWithValidDetails</a></td><td rowspan="1">1682942896127</td><td rowspan="1">3204</td></tr><tr class="passedeven"><td><a href="#m18">validateWelcomePageTitle</a></td><td rowspan="1">1682942896063</td><td rowspan="1">0</td></tr></tbody>
<tbody id="t3"><tr><th colspan="4">Test Case 2b: Re-register User - exclude user deletion &#8212; passed</th></tr><tr class="passedeven"><td rowspan="6">com.ae.qa.testcases.SignUpPageTest</td><td><a href="#m19">validateLoggedInUserName</a></td><td rowspan="1">1682942917797</td><td rowspan="1">6658</td></tr><tr class="passedeven"><td><a href="#m20">validateSignUp</a></td><td rowspan="1">1682942913538</td><td rowspan="1">4259</td></tr><tr class="passedeven"><td><a href="#m21">validateSignUpAccountInfoH2</a></td><td rowspan="1">1682942913498</td><td rowspan="1">39</td></tr><tr class="passedeven"><td><a href="#m22">validateSignUpH2</a></td><td rowspan="1">1682942912811</td><td rowspan="1">55</td></tr><tr class="passedeven"><td><a href="#m23">validateSignUpNewUser</a></td><td rowspan="1">1682942912866</td><td rowspan="1">631</td></tr><tr class="passedeven"><td><a href="#m24">validateWelcomePageTitle</a></td><td rowspan="1">1682942912810</td><td rowspan="1">0</td></tr></tbody>
<tbody id="t4"><tr><th colspan="4">Test Case 3: Login User with incorrect email and password &#8212; passed</th></tr><tr class="passedeven"><td rowspan="3">com.ae.qa.testcases.LoginPageTest</td><td><a href="#m25">validateLoginH2</a></td><td rowspan="1">1682942933619</td><td rowspan="1">41</td></tr><tr class="passedeven"><td><a href="#m26">validateLoginWithInValidDetails</a></td><td rowspan="1">1682942933661</td><td rowspan="1">456</td></tr><tr class="passedeven"><td><a href="#m27">validateWelcomePageTitle</a></td><td rowspan="1">1682942933618</td><td rowspan="1">0</td></tr></tbody>
<tbody id="t5"><tr><th colspan="4">Test Case 4: Logout User &#8212; passed</th></tr><tr class="passedeven"><td rowspan="7">com.ae.qa.testcases.UserHomePageTest</td><td><a href="#m28">validateLoggedInUserName</a></td><td rowspan="1">1682942945918</td><td rowspan="1">261</td></tr><tr class="passedeven"><td><a href="#m29">validateLoginInfoH2</a></td><td rowspan="1">1682942943639</td><td rowspan="1">57</td></tr><tr class="passedeven"><td><a href="#m30">validateLoginLink</a></td><td rowspan="1">1682942943273</td><td rowspan="1">366</td></tr><tr class="passedeven"><td><a href="#m31">validateLoginWithValidData</a></td><td rowspan="1">1682942943697</td><td rowspan="1">2220</td></tr><tr class="passedeven"><td><a href="#m32">validateLogoutButton</a></td><td rowspan="1">1682942946180</td><td rowspan="1">533</td></tr><tr class="passedeven"><td><a href="#m33">validateWelcomePageTitle</a></td><td rowspan="1">1682942943263</td><td rowspan="1">9</td></tr><tr class="passedeven"><td><a href="#m34">verifyLoginPageTitle</a></td><td rowspan="1">1682942946714</td><td rowspan="1">8</td></tr></tbody>
<tbody id="t6"><tr><th colspan="4">Test Case 5: Register User with existing email &#8212; passed</th></tr><tr class="passedeven"><td rowspan="3">com.ae.qa.testcases.SignUpPageTest</td><td><a href="#m35">validateSignUpExistingUser</a></td><td rowspan="1">1682942957282</td><td rowspan="1">598</td></tr><tr class="passedeven"><td><a href="#m36">validateSignUpH2</a></td><td rowspan="1">1682942957210</td><td rowspan="1">71</td></tr><tr class="passedeven"><td><a href="#m37">validateWelcomePageTitle</a></td><td rowspan="1">1682942957209</td><td rowspan="1">0</td></tr></tbody>
<tbody id="t7"><tr><th colspan="4">Test Case 6: Contact Us Form &#8212; passed</th></tr><tr class="passedeven"><td rowspan="6">com.ae.qa.testcases.ContactUsPageTest</td><td><a href="#m38">validateContactUsH2</a></td><td rowspan="1">1682942969278</td><td rowspan="1">63</td></tr><tr class="passedeven"><td><a href="#m39">validateContactUsLink</a></td><td rowspan="1">1682942968179</td><td rowspan="1">1099</td></tr><tr class="passedeven"><td><a href="#m40">validateContactusForm</a></td><td rowspan="1">1682942969345</td><td rowspan="1">877</td></tr><tr class="passedeven"><td><a href="#m41">validateGetInTouchH2</a></td><td rowspan="1">1682942970223</td><td rowspan="1">43</td></tr><tr class="passedeven"><td><a href="#m42">validateHomeButton</a></td><td rowspan="1">1682942970266</td><td rowspan="1">3313</td></tr><tr class="passedeven"><td><a href="#m43">validateWelcomePageTitle</a></td><td rowspan="1">1682942968168</td><td rowspan="1">10</td></tr></tbody>
<tbody id="t8"><tr><th colspan="4">Test Case 7: Verify Test Cases Page &#8212; passed</th></tr><tr class="passedeven"><td rowspan="3">com.ae.qa.testcases.TestCasesPageTest</td><td><a href="#m44">validateTestCasesHeading</a></td><td rowspan="1">1682942982896</td><td rowspan="1">46</td></tr><tr class="passedeven"><td><a href="#m45">validateTestCasesLink</a></td><td rowspan="1">1682942982489</td><td rowspan="1">406</td></tr><tr class="passedeven"><td><a href="#m46">validateWelcomePageTitle</a></td><td rowspan="1">1682942982484</td><td rowspan="1">4</td></tr></tbody>
<tbody id="t9"><tr><th colspan="4">Test Case 8: Verify All Products and product detail page &#8212; passed</th></tr><tr class="passedeven"><td rowspan="10">com.ae.qa.testcases.ProductsPageTest</td><td><a href="#m47">validateProductAddToCartVisibility</a></td><td rowspan="1">1682942995727</td><td rowspan="1">47</td></tr><tr class="passedeven"><td><a href="#m48">validateProductAvailableVisibility</a></td><td rowspan="1">1682942995775</td><td rowspan="1">65</td></tr><tr class="passedeven"><td><a href="#m49">validateProductBrandVisibility</a></td><td rowspan="1">1682942995841</td><td rowspan="1">65</td></tr><tr class="passedeven"><td><a href="#m50">validateProductCategortVisibility</a></td><td rowspan="1">1682942995906</td><td rowspan="1">86</td></tr><tr class="passedeven"><td><a href="#m51">validateProductConditionVisibility</a></td><td rowspan="1">1682942995993</td><td rowspan="1">91</td></tr><tr class="passedeven"><td><a href="#m52">validateProductNameVisibility</a></td><td rowspan="1">1682942996085</td><td rowspan="1">94</td></tr><tr class="passedeven"><td><a href="#m53">validateProductPriceVisibility</a></td><td rowspan="1">1682942996180</td><td rowspan="1">52</td></tr><tr class="passedeven"><td><a href="#m54">validateProductsDetailsNavigation</a></td><td rowspan="1">1682942994592</td><td rowspan="1">1135</td></tr><tr class="passedeven"><td><a href="#m55">validateProductsLink</a></td><td rowspan="1">1682942992177</td><td rowspan="1">2414</td></tr><tr class="passedeven"><td><a href="#m56">validateWelcomePageTitle</a></td><td rowspan="1">1682942992164</td><td rowspan="1">12</td></tr></tbody>
<tbody id="t10"><tr><th colspan="4">Test Case 9: Search Product &#8212; passed</th></tr><tr class="passedeven"><td rowspan="4">com.ae.qa.testcases.SearchProductsPageTest</td><td><a href="#m57">validateProductsLink</a></td><td rowspan="1">1682943005152</td><td rowspan="1">1690</td></tr><tr class="passedeven"><td><a href="#m58">validateSearchProductField</a></td><td rowspan="1">1682943006842</td><td rowspan="1">1810</td></tr><tr class="passedeven"><td><a href="#m59">validateSearchedProductsVisibility</a></td><td rowspan="1">1682943008653</td><td rowspan="1">478</td></tr><tr class="passedeven"><td><a href="#m60">validateWelcomePageTitle</a></td><td rowspan="1">1682943005144</td><td rowspan="1">5</td></tr></tbody>
<tbody id="t11"><tr><th colspan="4">Test Case 10: Verify Subscription in home page &#8212; passed</th></tr><tr class="passedeven"><td rowspan="3">com.ae.qa.testcases.WelcomePageTest</td><td><a href="#m61">validateScrolldownGetSubscriptionH2</a></td><td rowspan="1">1682943018352</td><td rowspan="1">215</td></tr><tr class="passedeven"><td><a href="#m62">validateSubscription</a></td><td rowspan="1">1682943018567</td><td rowspan="1">448</td></tr><tr class="passedeven"><td><a href="#m63">validateWelcomePageTitle</a></td><td rowspan="1">1682943018347</td><td rowspan="1">4</td></tr></tbody>
<tbody id="t12"><tr><th colspan="4">Test Case 11: Verify Subscription in Cart page &#8212; failed (configuration methods)</th></tr><tr class="failedeven"><td rowspan="1">com.ae.qa.testcases.CartPageTest</td><td><a href="#m64">setup</a></td><td rowspan="1">1682943022095</td><td rowspan="1">24774</td></tr><tr><th colspan="4">Test Case 11: Verify Subscription in Cart page &#8212; skipped (configuration methods)</th></tr><tr class="skippedeven"><td rowspan="1">com.ae.qa.testcases.CartPageTest</td><td><a href="#m65">tearDown</a></td><td rowspan="1">1682943046885</td><td rowspan="1">-1682943046885</td></tr><tr><th colspan="4">Test Case 11: Verify Subscription in Cart page &#8212; skipped</th></tr><tr class="skippedeven"><td rowspan="4">com.ae.qa.testcases.CartPageTest</td><td><a href="#m66">validateCartPageTitle</a></td><td rowspan="1">1682943046882</td><td rowspan="1">0</td></tr><tr class="skippedeven"><td><a href="#m67">validateCartSubscription</a></td><td rowspan="1">1682943046883</td><td rowspan="1">0</td></tr><tr class="skippedeven"><td><a href="#m68">validateScrollDownGetSubscriptionH2</a></td><td rowspan="1">1682943046883</td><td rowspan="1">0</td></tr><tr class="skippedeven"><td><a href="#m69">validateWelcomePageTitle</a></td><td rowspan="1">1682943046879</td><td rowspan="1">0</td></tr></tbody>
<tbody id="t13"><tr><th colspan="4">Test Case 12: Add Products in Cart &#8212; passed</th></tr><tr class="passedeven"><td rowspan="3">com.ae.qa.testcases.ProductsPageTest</td><td><a href="#m70">validateAddToCartInProductPage</a></td><td rowspan="1">1682943057875</td><td rowspan="1">1637</td></tr><tr class="passedeven"><td><a href="#m71">validateProductsLink</a></td><td rowspan="1">1682943055381</td><td rowspan="1">2493</td></tr><tr class="passedeven"><td><a href="#m72">validateWelcomePageTitle</a></td><td rowspan="1">1682943055378</td><td rowspan="1">3</td></tr></tbody>
<tbody id="t14"><tr><th colspan="4">Test Case 13: Verify Product quantity in Cart &#8212; passed</th></tr><tr class="passedeven"><td rowspan="4">com.ae.qa.testcases.ProductsPageTest</td><td><a href="#m73">validateIncreaseQuantityInProductDetailsPage</a></td><td rowspan="1">1682943077053</td><td rowspan="1">1321</td></tr><tr class="passedeven"><td><a href="#m74">validateProductsDetailsNavigation</a></td><td rowspan="1">1682943076466</td><td rowspan="1">587</td></tr><tr class="passedeven"><td><a href="#m75">validateProductsLink</a></td><td rowspan="1">1682943072310</td><td rowspan="1">4155</td></tr><tr class="passedeven"><td><a href="#m76">validateWelcomePageTitle</a></td><td rowspan="1">1682943072291</td><td rowspan="1">17</td></tr></tbody>
<tbody id="t15"><tr><th colspan="4">Test Case 14: To Delete user Account for next step &#8212; passed</th></tr><tr class="passedeven"><td rowspan="5">com.ae.qa.testcases.LoginPageTest</td><td><a href="#m77">validateContinueDeleteButton</a></td><td rowspan="1">1682943090032</td><td rowspan="1">2295</td></tr><tr class="passedeven"><td><a href="#m78">validateDeletedAccount</a></td><td rowspan="1">1682943089623</td><td rowspan="1">408</td></tr><tr class="passedeven"><td><a href="#m79">validateLoginH2</a></td><td rowspan="1">1682943087239</td><td rowspan="1">97</td></tr><tr class="passedeven"><td><a href="#m80">validateLoginWithValidDetails</a></td><td rowspan="1">1682943087336</td><td rowspan="1">2286</td></tr><tr class="passedeven"><td><a href="#m81">validateWelcomePageTitle</a></td><td rowspan="1">1682943087238</td><td rowspan="1">0</td></tr></tbody>
<tbody id="t16"><tr><th colspan="4">Test Case 14: Place Order: Register while Checkout &#8212; failed</th></tr><tr class="failedeven"><td rowspan="1">com.ae.qa.testcases.RegisterWhileCheckOutTest</td><td><a href="#m82">validatePlaceOrder</a></td><td rowspan="1">1682943123301</td><td rowspan="1">13497</td></tr><tr><th colspan="4">Test Case 14: Place Order: Register while Checkout &#8212; passed</th></tr><tr class="passedeven"><td rowspan="10">com.ae.qa.testcases.RegisterWhileCheckOutTest</td><td><a href="#m83">validateAddToCartInProductPage</a></td><td rowspan="1">1682943106224</td><td rowspan="1">1923</td></tr><tr class="passedeven"><td><a href="#m84">validateAddressVisibility</a></td><td rowspan="1">1682943123231</td><td rowspan="1">42</td></tr><tr class="passedeven"><td><a href="#m85">validateDeleteAccount</a></td><td rowspan="1">1682943136800</td><td rowspan="1">735</td></tr><tr class="passedeven"><td><a href="#m86">validateLoggedInUserName</a></td><td rowspan="1">1682943112687</td><td rowspan="1">7142</td></tr><tr class="passedeven"><td><a href="#m87">validateOrderVisibility</a></td><td rowspan="1">1682943123274</td><td rowspan="1">26</td></tr><tr class="passedeven"><td><a href="#m88">validateProceedCheckout</a></td><td rowspan="1">1682943119829</td><td rowspan="1">3400</td></tr><tr class="passedeven"><td><a href="#m89">validateProductsLink</a></td><td rowspan="1">1682943101780</td><td rowspan="1">4443</td></tr><tr class="passedeven"><td><a href="#m90">validateSignUp</a></td><td rowspan="1">1682943109058</td><td rowspan="1">3628</td></tr><tr class="passedeven"><td><a href="#m91">validateSignUpNewUser</a></td><td rowspan="1">1682943108148</td><td rowspan="1">909</td></tr><tr class="passedeven"><td><a href="#m92">validateWelcomePageTitle</a></td><td rowspan="1">1682943101778</td><td rowspan="1">1</td></tr></tbody>
<tbody id="t17"><tr><th colspan="4">Test Case 15: Place Order: Register before Checkout &#8212; failed</th></tr><tr class="failedeven"><td rowspan="1">com.ae.qa.testcases.RegisterBeforeCheckOutTest</td><td><a href="#m93">validatePlaceOrder</a></td><td rowspan="1">1682943169879</td><td rowspan="1">13201</td></tr><tr><th colspan="4">Test Case 15: Place Order: Register before Checkout &#8212; passed</th></tr><tr class="passedeven"><td rowspan="11">com.ae.qa.testcases.RegisterBeforeCheckOutTest</td><td><a href="#m94">validateAddToCartInProductPage</a></td><td rowspan="1">1682943167491</td><td rowspan="1">2288</td></tr><tr class="passedeven"><td><a href="#m95">validateAddressVisibility</a></td><td rowspan="1">1682943169779</td><td rowspan="1">54</td></tr><tr class="passedeven"><td><a href="#m96">validateDeleteAccount</a></td><td rowspan="1">1682943183081</td><td rowspan="1">704</td></tr><tr class="passedeven"><td><a href="#m97">validateLoggedInUserName</a></td><td rowspan="1">1682943154260</td><td rowspan="1">9853</td></tr><tr class="passedeven"><td><a href="#m98">validateOrderVisibility</a></td><td rowspan="1">1682943169833</td><td rowspan="1">45</td></tr><tr class="passedeven"><td><a href="#m99">validateProductsLink</a></td><td rowspan="1">1682943164114</td><td rowspan="1">3377</td></tr><tr class="passedeven"><td><a href="#m100">validateSignUp</a></td><td rowspan="1">1682943150371</td><td rowspan="1">3889</td></tr><tr class="passedeven"><td><a href="#m101">validateSignUpAccountInfoH2</a></td><td rowspan="1">1682943150352</td><td rowspan="1">19</td></tr><tr class="passedeven"><td><a href="#m102">validateSignUpH2</a></td><td rowspan="1">1682943149317</td><td rowspan="1">57</td></tr><tr class="passedeven"><td><a href="#m103">validateSignUpNewUser</a></td><td rowspan="1">1682943149375</td><td rowspan="1">977</td></tr><tr class="passedeven"><td><a href="#m104">validateWelcomePageTitle</a></td><td rowspan="1">1682943149316</td><td rowspan="1">0</td></tr></tbody>
<tbody id="t18"><tr><th colspan="4">Test Case 16a: Re-register User - exclude user deletion &#8212; passed</th></tr><tr class="passedeven"><td rowspan="6">com.ae.qa.testcases.SignUpPageTest</td><td><a href="#m105">validateLoggedInUserName</a></td><td rowspan="1">1682943199459</td><td rowspan="1">5844</td></tr><tr class="passedeven"><td><a href="#m106">validateSignUp</a></td><td rowspan="1">1682943194230</td><td rowspan="1">5229</td></tr><tr class="passedeven"><td><a href="#m107">validateSignUpAccountInfoH2</a></td><td rowspan="1">1682943194163</td><td rowspan="1">67</td></tr><tr class="passedeven"><td><a href="#m108">validateSignUpH2</a></td><td rowspan="1">1682943193179</td><td rowspan="1">80</td></tr><tr class="passedeven"><td><a href="#m109">validateSignUpNewUser</a></td><td rowspan="1">1682943193260</td><td rowspan="1">903</td></tr><tr class="passedeven"><td><a href="#m110">validateWelcomePageTitle</a></td><td rowspan="1">1682943193177</td><td rowspan="1">1</td></tr></tbody>
<tbody id="t19"><tr><th colspan="4">Test Case 16: Place Order: Login before Checkout &#8212; failed</th></tr><tr class="failedeven"><td rowspan="1">com.ae.qa.testcases.LoginBeforeCheckoutTest</td><td><a href="#m111">validatePlaceOrder</a></td><td rowspan="1">1682943226132</td><td rowspan="1">13407</td></tr><tr><th colspan="4">Test Case 16: Place Order: Login before Checkout &#8212; passed</th></tr><tr class="passedeven"><td rowspan="7">com.ae.qa.testcases.LoginBeforeCheckoutTest</td><td><a href="#m112">validateAddToCartInProductPage</a></td><td rowspan="1">1682943222337</td><td rowspan="1">3739</td></tr><tr class="passedeven"><td><a href="#m113">validateAddressVisibility</a></td><td rowspan="1">1682943226076</td><td rowspan="1">31</td></tr><tr class="passedeven"><td><a href="#m114">validateDeleteAccount</a></td><td rowspan="1">1682943239541</td><td rowspan="1">721</td></tr><tr class="passedeven"><td><a href="#m115">validateLoginWithValidDetails</a></td><td rowspan="1">1682943213983</td><td rowspan="1">3895</td></tr><tr class="passedeven"><td><a href="#m116">validateOrderVisibility</a></td><td rowspan="1">1682943226107</td><td rowspan="1">25</td></tr><tr class="passedeven"><td><a href="#m117">validateProductsLink</a></td><td rowspan="1">1682943217879</td><td rowspan="1">4458</td></tr><tr class="passedeven"><td><a href="#m118">validateWelcomePageTitle</a></td><td rowspan="1">1682943213977</td><td rowspan="1">6</td></tr></tbody>
<tbody id="t20"><tr><th colspan="4">Test Case 17: Remove Products From Cart &#8212; passed</th></tr><tr class="passedeven"><td rowspan="4">com.ae.qa.testcases.ProductsPageTest</td><td><a href="#m119">validateAddToCartInProductPage</a></td><td rowspan="1">1682943254070</td><td rowspan="1">1502</td></tr><tr class="passedeven"><td><a href="#m120">validateDeleteFromCart</a></td><td rowspan="1">1682943255573</td><td rowspan="1">249</td></tr><tr class="passedeven"><td><a href="#m121">validateProductsLink</a></td><td rowspan="1">1682943251096</td><td rowspan="1">2973</td></tr><tr class="passedeven"><td><a href="#m122">validateWelcomePageTitle</a></td><td rowspan="1">1682943251084</td><td rowspan="1">11</td></tr></tbody>
<tbody id="t21"><tr><th colspan="4">Test Case 21: Add review on product &#8212; passed</th></tr><tr class="passedeven"><td rowspan="4">com.ae.qa.testcases.ProductsPageTest</td><td><a href="#m123">validateProductsDetailsNavigation</a></td><td rowspan="1">1682943268688</td><td rowspan="1">939</td></tr><tr class="passedeven"><td><a href="#m124">validateProductsLink</a></td><td rowspan="1">1682943264781</td><td rowspan="1">3907</td></tr><tr class="passedeven"><td><a href="#m125">validateReviewAboutProduct</a></td><td rowspan="1">1682943269628</td><td rowspan="1">538</td></tr><tr class="passedeven"><td><a href="#m126">validateWelcomePageTitle</a></td><td rowspan="1">1682943264769</td><td rowspan="1">12</td></tr></tbody>
<tbody id="t22"><tr><th colspan="4">Test Case 23: Verify address details in checkout page &#8212; passed</th></tr><tr class="passedeven"><td rowspan="12">com.ae.qa.testcases.RegisterWhileCheckOutTest</td><td><a href="#m127">validateAddToCartInProductPage</a></td><td rowspan="1">1682943283335</td><td rowspan="1">1746</td></tr><tr class="passedeven"><td><a href="#m128">validateAddressVisibility</a></td><td rowspan="1">1682943298661</td><td rowspan="1">50</td></tr><tr class="passedeven"><td><a href="#m129">validateBillingyAddress</a></td><td rowspan="1">1682943298760</td><td rowspan="1">151</td></tr><tr class="passedeven"><td><a href="#m130">validateDeleteAccount</a></td><td rowspan="1">1682943298980</td><td rowspan="1">808</td></tr><tr class="passedeven"><td><a href="#m131">validateDeliveryAddress</a></td><td rowspan="1">1682943298911</td><td rowspan="1">68</td></tr><tr class="passedeven"><td><a href="#m132">validateLoggedInUserName</a></td><td rowspan="1">1682943289479</td><td rowspan="1">6109</td></tr><tr class="passedeven"><td><a href="#m133">validateOrderVisibility</a></td><td rowspan="1">1682943298712</td><td rowspan="1">47</td></tr><tr class="passedeven"><td><a href="#m134">validateProceedCheckout</a></td><td rowspan="1">1682943295589</td><td rowspan="1">3071</td></tr><tr class="passedeven"><td><a href="#m135">validateProductsLink</a></td><td rowspan="1">1682943279634</td><td rowspan="1">3700</td></tr><tr class="passedeven"><td><a href="#m136">validateSignUp</a></td><td rowspan="1">1682943285604</td><td rowspan="1">3874</td></tr><tr class="passedeven"><td><a href="#m137">validateSignUpNewUser</a></td><td rowspan="1">1682943285081</td><td rowspan="1">522</td></tr><tr class="passedeven"><td><a href="#m138">validateWelcomePageTitle</a></td><td rowspan="1">1682943279633</td><td rowspan="1">0</td></tr></tbody>
<tbody id="t23"><tr><th colspan="4">Test Case 24: Download Invoice after purchase order &#8212; failed</th></tr><tr class="failedeven"><td rowspan="1">com.ae.qa.testcases.RegisterBeforeCheckOutTest</td><td><a href="#m139">validatePlaceOrder</a></td><td rowspan="1">1682943328511</td><td rowspan="1">13384</td></tr><tr><th colspan="4">Test Case 24: Download Invoice after purchase order &#8212; passed</th></tr><tr class="passedeven"><td rowspan="12">com.ae.qa.testcases.RegisterBeforeCheckOutTest</td><td><a href="#m140">validateAddToCartInProductPage</a></td><td rowspan="1">1682943326068</td><td rowspan="1">2360</td></tr><tr class="passedeven"><td><a href="#m141">validateAddressVisibility</a></td><td rowspan="1">1682943328428</td><td rowspan="1">50</td></tr><tr class="passedeven"><td><a href="#m142">validateDeleteAccount</a></td><td rowspan="1">1682943347157</td><td rowspan="1">693</td></tr><tr class="passedeven"><td><a href="#m143">validateDownloadInvoice</a></td><td rowspan="1">1682943341899</td><td rowspan="1">5258</td></tr><tr class="passedeven"><td><a href="#m144">validateLoggedInUserName</a></td><td rowspan="1">1682943315329</td><td rowspan="1">6529</td></tr><tr class="passedeven"><td><a href="#m145">validateOrderVisibility</a></td><td rowspan="1">1682943328479</td><td rowspan="1">29</td></tr><tr class="passedeven"><td><a href="#m146">validateProductsLink</a></td><td rowspan="1">1682943321859</td><td rowspan="1">4209</td></tr><tr class="passedeven"><td><a href="#m147">validateSignUp</a></td><td rowspan="1">1682943311326</td><td rowspan="1">4003</td></tr><tr class="passedeven"><td><a href="#m148">validateSignUpAccountInfoH2</a></td><td rowspan="1">1682943311299</td><td rowspan="1">26</td></tr><tr class="passedeven"><td><a href="#m149">validateSignUpH2</a></td><td rowspan="1">1682943310057</td><td rowspan="1">57</td></tr><tr class="passedeven"><td><a href="#m150">validateSignUpNewUser</a></td><td rowspan="1">1682943310115</td><td rowspan="1">1183</td></tr><tr class="passedeven"><td><a href="#m151">validateWelcomePageTitle</a></td><td rowspan="1">1682943310057</td><td rowspan="1">0</td></tr></tbody>
<tbody id="t24"><tr><th colspan="4">Test Case 25: Verify Scroll Up using &apos;Arrow&apos; button and Scroll Down functionality &#8212; passed</th></tr><tr class="passedeven"><td rowspan="3">com.ae.qa.testcases.WelcomePageTest</td><td><a href="#m152">validateScrollUpWithArrow</a></td><td rowspan="1">1682943356827</td><td rowspan="1">357</td></tr><tr class="passedeven"><td><a href="#m153">validateScrolldownGetSubscriptionH2</a></td><td rowspan="1">1682943356705</td><td rowspan="1">121</td></tr><tr class="passedeven"><td><a href="#m154">validateWelcomePageTitle</a></td><td rowspan="1">1682943356703</td><td rowspan="1">2</td></tr></tbody>
<tbody id="t25"><tr><th colspan="4">Test Case 26: Verify Scroll Up without &apos;Arrow&apos; button and Scroll Down functionality &#8212; passed</th></tr><tr class="passedeven"><td rowspan="3">com.ae.qa.testcases.WelcomePageTest</td><td><a href="#m155">validateScrollUpWithoutArrow</a></td><td rowspan="1">1682943368192</td><td rowspan="1">50</td></tr><tr class="passedeven"><td><a href="#m156">validateScrolldownGetSubscriptionH2</a></td><td rowspan="1">1682943368032</td><td rowspan="1">159</td></tr><tr class="passedeven"><td><a href="#m157">validateWelcomePageTitle</a></td><td rowspan="1">1682943368021</td><td rowspan="1">10</td></tr></tbody>
</table>
<h2>Test Case 1: Register User</h2><h3 id="m0">com.ae.qa.testcases.SignUpPageTest#validateContinueDeletedButton</h3><table class="result"><tr><th class="invisible"/></tr></table><p class="totop"><a href="#summary">back to summary</a></p>
<h3 id="m1">com.ae.qa.testcases.SignUpPageTest#validateDeleteAccount</h3><table class="result"><tr><th class="invisible"/></tr></table><p class="totop"><a href="#summary">back to summary</a></p>
<h3 id="m2">com.ae.qa.testcases.SignUpPageTest#validateLoggedInUserName</h3><table class="result"><tr><th class="invisible"/></tr></table><p class="totop"><a href="#summary">back to summary</a></p>
<h3 id="m3">com.ae.qa.testcases.SignUpPageTest#validateSignUp</h3><table class="result"><tr><th class="invisible"/></tr></table><p class="totop"><a href="#summary">back to summary</a></p>
<h3 id="m4">com.ae.qa.testcases.SignUpPageTest#validateSignUpAccountInfoH2</h3><table class="result"><tr><th class="invisible"/></tr></table><p class="totop"><a href="#summary">back to summary</a></p>
<h3 id="m5">com.ae.qa.testcases.SignUpPageTest#validateSignUpH2</h3><table class="result"><tr><th class="invisible"/></tr></table><p class="totop"><a href="#summary">back to summary</a></p>
<h3 id="m6">com.ae.qa.testcases.SignUpPageTest#validateSignUpNewUser</h3><table class="result"><tr><th class="invisible"/></tr></table><p class="totop"><a href="#summary">back to summary</a></p>
<h3 id="m7">com.ae.qa.testcases.SignUpPageTest#validateWelcomePageTitle</h3><table class="result"><tr><th class="invisible"/></tr></table><p class="totop"><a href="#summary">back to summary</a></p>
<h2>Test Case 1b: Re-register User - exclude user deletion</h2><h3 id="m8">com.ae.qa.testcases.SignUpPageTest#validateLoggedInUserName</h3><table class="result"><tr><th class="invisible"/></tr></table><p class="totop"><a href="#summary">back to summary</a></p>
<h3 id="m9">com.ae.qa.testcases.SignUpPageTest#validateSignUp</h3><table class="result"><tr><th class="invisible"/></tr></table><p class="totop"><a href="#summary">back to summary</a></p>
<h3 id="m10">com.ae.qa.testcases.SignUpPageTest#validateSignUpAccountInfoH2</h3><table class="result"><tr><th class="invisible"/></tr></table><p class="totop"><a href="#summary">back to summary</a></p>
<h3 id="m11">com.ae.qa.testcases.SignUpPageTest#validateSignUpH2</h3><table class="result"><tr><th class="invisible"/></tr></table><p class="totop"><a href="#summary">back to summary</a></p>
<h3 id="m12">com.ae.qa.testcases.SignUpPageTest#validateSignUpNewUser</h3><table class="result"><tr><th class="invisible"/></tr></table><p class="totop"><a href="#summary">back to summary</a></p>
<h3 id="m13">com.ae.qa.testcases.SignUpPageTest#validateWelcomePageTitle</h3><table class="result"><tr><th class="invisible"/></tr></table><p class="totop"><a href="#summary">back to summary</a></p>
<h2>Test Case 2: Login User with correct email and password </h2><h3 id="m14">com.ae.qa.testcases.LoginPageTest#validateContinueDeleteButton</h3><table class="result"><tr><th class="invisible"/></tr></table><p class="totop"><a href="#summary">back to summary</a></p>
<h3 id="m15">com.ae.qa.testcases.LoginPageTest#validateDeletedAccount</h3><table class="result"><tr><th class="invisible"/></tr></table><p class="totop"><a href="#summary">back to summary</a></p>
<h3 id="m16">com.ae.qa.testcases.LoginPageTest#validateLoginH2</h3><table class="result"><tr><th class="invisible"/></tr></table><p class="totop"><a href="#summary">back to summary</a></p>
<h3 id="m17">com.ae.qa.testcases.LoginPageTest#validateLoginWithValidDetails</h3><table class="result"><tr><th class="invisible"/></tr></table><p class="totop"><a href="#summary">back to summary</a></p>
<h3 id="m18">com.ae.qa.testcases.LoginPageTest#validateWelcomePageTitle</h3><table class="result"><tr><th class="invisible"/></tr></table><p class="totop"><a href="#summary">back to summary</a></p>
<h2>Test Case 2b: Re-register User - exclude user deletion</h2><h3 id="m19">com.ae.qa.testcases.SignUpPageTest#validateLoggedInUserName</h3><table class="result"><tr><th class="invisible"/></tr></table><p class="totop"><a href="#summary">back to summary</a></p>
<h3 id="m20">com.ae.qa.testcases.SignUpPageTest#validateSignUp</h3><table class="result"><tr><th class="invisible"/></tr></table><p class="totop"><a href="#summary">back to summary</a></p>
<h3 id="m21">com.ae.qa.testcases.SignUpPageTest#validateSignUpAccountInfoH2</h3><table class="result"><tr><th class="invisible"/></tr></table><p class="totop"><a href="#summary">back to summary</a></p>
<h3 id="m22">com.ae.qa.testcases.SignUpPageTest#validateSignUpH2</h3><table class="result"><tr><th class="invisible"/></tr></table><p class="totop"><a href="#summary">back to summary</a></p>
<h3 id="m23">com.ae.qa.testcases.SignUpPageTest#validateSignUpNewUser</h3><table class="result"><tr><th class="invisible"/></tr></table><p class="totop"><a href="#summary">back to summary</a></p>
<h3 id="m24">com.ae.qa.testcases.SignUpPageTest#validateWelcomePageTitle</h3><table class="result"><tr><th class="invisible"/></tr></table><p class="totop"><a href="#summary">back to summary</a></p>
<h2>Test Case 3: Login User with incorrect email and password</h2><h3 id="m25">com.ae.qa.testcases.LoginPageTest#validateLoginH2</h3><table class="result"><tr><th class="invisible"/></tr></table><p class="totop"><a href="#summary">back to summary</a></p>
<h3 id="m26">com.ae.qa.testcases.LoginPageTest#validateLoginWithInValidDetails</h3><table class="result"><tr><th class="invisible"/></tr></table><p class="totop"><a href="#summary">back to summary</a></p>
<h3 id="m27">com.ae.qa.testcases.LoginPageTest#validateWelcomePageTitle</h3><table class="result"><tr><th class="invisible"/></tr></table><p class="totop"><a href="#summary">back to summary</a></p>
<h2>Test Case 4: Logout User</h2><h3 id="m28">com.ae.qa.testcases.UserHomePageTest#validateLoggedInUserName</h3><table class="result"><tr><th class="invisible"/></tr></table><p class="totop"><a href="#summary">back to summary</a></p>
<h3 id="m29">com.ae.qa.testcases.UserHomePageTest#validateLoginInfoH2</h3><table class="result"><tr><th class="invisible"/></tr></table><p class="totop"><a href="#summary">back to summary</a></p>
<h3 id="m30">com.ae.qa.testcases.UserHomePageTest#validateLoginLink</h3><table class="result"><tr><th class="invisible"/></tr></table><p class="totop"><a href="#summary">back to summary</a></p>
<h3 id="m31">com.ae.qa.testcases.UserHomePageTest#validateLoginWithValidData</h3><table class="result"><tr><th class="invisible"/></tr></table><p class="totop"><a href="#summary">back to summary</a></p>
<h3 id="m32">com.ae.qa.testcases.UserHomePageTest#validateLogoutButton</h3><table class="result"><tr><th class="invisible"/></tr></table><p class="totop"><a href="#summary">back to summary</a></p>
<h3 id="m33">com.ae.qa.testcases.UserHomePageTest#validateWelcomePageTitle</h3><table class="result"><tr><th class="invisible"/></tr></table><p class="totop"><a href="#summary">back to summary</a></p>
<h3 id="m34">com.ae.qa.testcases.UserHomePageTest#verifyLoginPageTitle</h3><table class="result"><tr><th class="invisible"/></tr></table><p class="totop"><a href="#summary">back to summary</a></p>
<h2>Test Case 5: Register User with existing email</h2><h3 id="m35">com.ae.qa.testcases.SignUpPageTest#validateSignUpExistingUser</h3><table class="result"><tr><th class="invisible"/></tr></table><p class="totop"><a href="#summary">back to summary</a></p>
<h3 id="m36">com.ae.qa.testcases.SignUpPageTest#validateSignUpH2</h3><table class="result"><tr><th class="invisible"/></tr></table><p class="totop"><a href="#summary">back to summary</a></p>
<h3 id="m37">com.ae.qa.testcases.SignUpPageTest#validateWelcomePageTitle</h3><table class="result"><tr><th class="invisible"/></tr></table><p class="totop"><a href="#summary">back to summary</a></p>
<h2>Test Case 6: Contact Us Form</h2><h3 id="m38">com.ae.qa.testcases.ContactUsPageTest#validateContactUsH2</h3><table class="result"><tr><th class="invisible"/></tr></table><p class="totop"><a href="#summary">back to summary</a></p>
<h3 id="m39">com.ae.qa.testcases.ContactUsPageTest#validateContactUsLink</h3><table class="result"><tr><th class="invisible"/></tr></table><p class="totop"><a href="#summary">back to summary</a></p>
<h3 id="m40">com.ae.qa.testcases.ContactUsPageTest#validateContactusForm</h3><table class="result"><tr><th class="invisible"/></tr></table><p class="totop"><a href="#summary">back to summary</a></p>
<h3 id="m41">com.ae.qa.testcases.ContactUsPageTest#validateGetInTouchH2</h3><table class="result"><tr><th class="invisible"/></tr></table><p class="totop"><a href="#summary">back to summary</a></p>
<h3 id="m42">com.ae.qa.testcases.ContactUsPageTest#validateHomeButton</h3><table class="result"><tr><th class="invisible"/></tr></table><p class="totop"><a href="#summary">back to summary</a></p>
<h3 id="m43">com.ae.qa.testcases.ContactUsPageTest#validateWelcomePageTitle</h3><table class="result"><tr><th class="invisible"/></tr></table><p class="totop"><a href="#summary">back to summary</a></p>
<h2>Test Case 7: Verify Test Cases Page</h2><h3 id="m44">com.ae.qa.testcases.TestCasesPageTest#validateTestCasesHeading</h3><table class="result"><tr><th class="invisible"/></tr></table><p class="totop"><a href="#summary">back to summary</a></p>
<h3 id="m45">com.ae.qa.testcases.TestCasesPageTest#validateTestCasesLink</h3><table class="result"><tr><th class="invisible"/></tr></table><p class="totop"><a href="#summary">back to summary</a></p>
<h3 id="m46">com.ae.qa.testcases.TestCasesPageTest#validateWelcomePageTitle</h3><table class="result"><tr><th class="invisible"/></tr></table><p class="totop"><a href="#summary">back to summary</a></p>
<h2>Test Case 8: Verify All Products and product detail page</h2><h3 id="m47">com.ae.qa.testcases.ProductsPageTest#validateProductAddToCartVisibility</h3><table class="result"><tr><th class="invisible"/></tr></table><p class="totop"><a href="#summary">back to summary</a></p>
<h3 id="m48">com.ae.qa.testcases.ProductsPageTest#validateProductAvailableVisibility</h3><table class="result"><tr><th class="invisible"/></tr></table><p class="totop"><a href="#summary">back to summary</a></p>
<h3 id="m49">com.ae.qa.testcases.ProductsPageTest#validateProductBrandVisibility</h3><table class="result"><tr><th class="invisible"/></tr></table><p class="totop"><a href="#summary">back to summary</a></p>
<h3 id="m50">com.ae.qa.testcases.ProductsPageTest#validateProductCategortVisibility</h3><table class="result"><tr><th class="invisible"/></tr></table><p class="totop"><a href="#summary">back to summary</a></p>
<h3 id="m51">com.ae.qa.testcases.ProductsPageTest#validateProductConditionVisibility</h3><table class="result"><tr><th class="invisible"/></tr></table><p class="totop"><a href="#summary">back to summary</a></p>
<h3 id="m52">com.ae.qa.testcases.ProductsPageTest#validateProductNameVisibility</h3><table class="result"><tr><th class="invisible"/></tr></table><p class="totop"><a href="#summary">back to summary</a></p>
<h3 id="m53">com.ae.qa.testcases.ProductsPageTest#validateProductPriceVisibility</h3><table class="result"><tr><th class="invisible"/></tr></table><p class="totop"><a href="#summary">back to summary</a></p>
<h3 id="m54">com.ae.qa.testcases.ProductsPageTest#validateProductsDetailsNavigation</h3><table class="result"><tr><th class="invisible"/></tr></table><p class="totop"><a href="#summary">back to summary</a></p>
<h3 id="m55">com.ae.qa.testcases.ProductsPageTest#validateProductsLink</h3><table class="result"><tr><th class="invisible"/></tr></table><p class="totop"><a href="#summary">back to summary</a></p>
<h3 id="m56">com.ae.qa.testcases.ProductsPageTest#validateWelcomePageTitle</h3><table class="result"><tr><th class="invisible"/></tr></table><p class="totop"><a href="#summary">back to summary</a></p>
<h2>Test Case 9: Search Product</h2><h3 id="m57">com.ae.qa.testcases.SearchProductsPageTest#validateProductsLink</h3><table class="result"><tr><th class="invisible"/></tr></table><p class="totop"><a href="#summary">back to summary</a></p>
<h3 id="m58">com.ae.qa.testcases.SearchProductsPageTest#validateSearchProductField</h3><table class="result"><tr><th class="invisible"/></tr></table><p class="totop"><a href="#summary">back to summary</a></p>
<h3 id="m59">com.ae.qa.testcases.SearchProductsPageTest#validateSearchedProductsVisibility</h3><table class="result"><tr><th class="invisible"/></tr></table><p class="totop"><a href="#summary">back to summary</a></p>
<h3 id="m60">com.ae.qa.testcases.SearchProductsPageTest#validateWelcomePageTitle</h3><table class="result"><tr><th class="invisible"/></tr></table><p class="totop"><a href="#summary">back to summary</a></p>
<h2>Test Case 10: Verify Subscription in home page</h2><h3 id="m61">com.ae.qa.testcases.WelcomePageTest#validateScrolldownGetSubscriptionH2</h3><table class="result"><tr><th class="invisible"/></tr></table><p class="totop"><a href="#summary">back to summary</a></p>
<h3 id="m62">com.ae.qa.testcases.WelcomePageTest#validateSubscription</h3><table class="result"><tr><th class="invisible"/></tr></table><p class="totop"><a href="#summary">back to summary</a></p>
<h3 id="m63">com.ae.qa.testcases.WelcomePageTest#validateWelcomePageTitle</h3><table class="result"><tr><th class="invisible"/></tr></table><p class="totop"><a href="#summary">back to summary</a></p>
<h2>Test Case 11: Verify Subscription in Cart page</h2><h3 id="m64">com.ae.qa.testcases.CartPageTest#setup</h3><table class="result"><tr><th>Exception</th></tr><tr><td><div class="stacktrace">org.openqa.selenium.TimeoutException: TimedPromise timed out after 20000 ms
Build info: version: &apos;4.0.0&apos;, revision: &apos;3a21814679&apos;
System info: host: &apos;ks-MacBook-Air.local&apos;, ip: &apos;2a00:23c7:6b19:1801:e4c3:c80e:95e0:8f86%en0&apos;, os.name: &apos;Mac OS X&apos;, os.arch: &apos;x86_64&apos;, os.version: &apos;12.6.5&apos;, java.version: &apos;17.0.6&apos;
Driver info: org.openqa.selenium.firefox.FirefoxDriver
Command: [a46b8774-9096-48ec-913d-4fef202cf2b0, get {url=https://automationexercise.com}]
Capabilities {acceptInsecureCerts: true, browserName: firefox, browserVersion: 112.0.1, javascriptEnabled: true, moz:accessibilityChecks: false, moz:buildID: 20230414125621, moz:debuggerAddress: 127.0.0.1:50095, moz:geckodriverVersion: 0.33.0, moz:headless: false, moz:platformVersion: 21.6.0, moz:processID: 68232, moz:profile: /var/folders/6t/2wrb61y14lb..., moz:shutdownTimeout: 60000, moz:useNonSpecCompliantPointerOrigin: false, moz:webdriverClick: true, moz:windowless: false, pageLoadStrategy: normal, platform: MAC, platformName: MAC, proxy: Proxy(), se:cdp: ws://127.0.0.1:50095/devtoo..., se:cdpVersion: 85, setWindowRect: true, strictFileInteractability: false, timeouts: {implicit: 0, pageLoad: 300000, script: 30000}, unhandledPromptBehavior: dismiss and notify}
Session ID: a46b8774-9096-48ec-913d-4fef202cf2b0
	at org.openqa.selenium.remote.codec.w3c.W3CHttpResponseCodec.createException(W3CHttpResponseCodec.java:200)
	at org.openqa.selenium.remote.codec.w3c.W3CHttpResponseCodec.decode(W3CHttpResponseCodec.java:133)
	at org.openqa.selenium.remote.codec.w3c.W3CHttpResponseCodec.decode(W3CHttpResponseCodec.java:53)
	at org.openqa.selenium.remote.HttpCommandExecutor.execute(HttpCommandExecutor.java:184)
	at org.openqa.selenium.remote.service.DriverCommandExecutor.invokeExecute(DriverCommandExecutor.java:164)
	at org.openqa.selenium.remote.service.DriverCommandExecutor.execute(DriverCommandExecutor.java:139)
	at org.openqa.selenium.remote.RemoteWebDriver.execute(RemoteWebDriver.java:559)
	at org.openqa.selenium.remote.RemoteWebDriver.get(RemoteWebDriver.java:328)
	at com.ae.qa.base.TestBase.initialization(TestBase.java:66)
	at com.ae.qa.testcases.CartPageTest.setup(CartPageTest.java:25)
	at java.base/java.util.ArrayList.forEach(ArrayList.java:1511)
	at com.intellij.rt.testng.IDEARemoteTestNG.run(IDEARemoteTestNG.java:66)
	at com.intellij.rt.testng.RemoteTestNGStarter.main(RemoteTestNGStarter.java:109)
... Removed 27 stack frames</div></td></tr></table><p class="totop"><a href="#summary">back to summary</a></p>
<h3 id="m65">com.ae.qa.testcases.CartPageTest#tearDown</h3><table class="result"><tr><th class="invisible"/></tr></table><p class="totop"><a href="#summary">back to summary</a></p>
<h3 id="m66">com.ae.qa.testcases.CartPageTest#validateCartPageTitle</h3><table class="result"><tr><th>Exception</th></tr><tr><td><div class="stacktrace">org.openqa.selenium.TimeoutException: TimedPromise timed out after 20000 ms
Build info: version: &apos;4.0.0&apos;, revision: &apos;3a21814679&apos;
System info: host: &apos;ks-MacBook-Air.local&apos;, ip: &apos;2a00:23c7:6b19:1801:e4c3:c80e:95e0:8f86%en0&apos;, os.name: &apos;Mac OS X&apos;, os.arch: &apos;x86_64&apos;, os.version: &apos;12.6.5&apos;, java.version: &apos;17.0.6&apos;
Driver info: org.openqa.selenium.firefox.FirefoxDriver
Command: [a46b8774-9096-48ec-913d-4fef202cf2b0, get {url=https://automationexercise.com}]
Capabilities {acceptInsecureCerts: true, browserName: firefox, browserVersion: 112.0.1, javascriptEnabled: true, moz:accessibilityChecks: false, moz:buildID: 20230414125621, moz:debuggerAddress: 127.0.0.1:50095, moz:geckodriverVersion: 0.33.0, moz:headless: false, moz:platformVersion: 21.6.0, moz:processID: 68232, moz:profile: /var/folders/6t/2wrb61y14lb..., moz:shutdownTimeout: 60000, moz:useNonSpecCompliantPointerOrigin: false, moz:webdriverClick: true, moz:windowless: false, pageLoadStrategy: normal, platform: MAC, platformName: MAC, proxy: Proxy(), se:cdp: ws://127.0.0.1:50095/devtoo..., se:cdpVersion: 85, setWindowRect: true, strictFileInteractability: false, timeouts: {implicit: 0, pageLoad: 300000, script: 30000}, unhandledPromptBehavior: dismiss and notify}
Session ID: a46b8774-9096-48ec-913d-4fef202cf2b0
	at org.openqa.selenium.remote.codec.w3c.W3CHttpResponseCodec.createException(W3CHttpResponseCodec.java:200)
	at org.openqa.selenium.remote.codec.w3c.W3CHttpResponseCodec.decode(W3CHttpResponseCodec.java:133)
	at org.openqa.selenium.remote.codec.w3c.W3CHttpResponseCodec.decode(W3CHttpResponseCodec.java:53)
	at org.openqa.selenium.remote.HttpCommandExecutor.execute(HttpCommandExecutor.java:184)
	at org.openqa.selenium.remote.service.DriverCommandExecutor.invokeExecute(DriverCommandExecutor.java:164)
	at org.openqa.selenium.remote.service.DriverCommandExecutor.execute(DriverCommandExecutor.java:139)
	at org.openqa.selenium.remote.RemoteWebDriver.execute(RemoteWebDriver.java:559)
	at org.openqa.selenium.remote.RemoteWebDriver.get(RemoteWebDriver.java:328)
	at com.ae.qa.base.TestBase.initialization(TestBase.java:66)
	at com.ae.qa.testcases.CartPageTest.setup(CartPageTest.java:25)
	at java.base/java.util.ArrayList.forEach(ArrayList.java:1511)
	at com.intellij.rt.testng.IDEARemoteTestNG.run(IDEARemoteTestNG.java:66)
	at com.intellij.rt.testng.RemoteTestNGStarter.main(RemoteTestNGStarter.java:109)
... Removed 27 stack frames</div></td></tr></table><p class="totop"><a href="#summary">back to summary</a></p>
<h3 id="m67">com.ae.qa.testcases.CartPageTest#validateCartSubscription</h3><table class="result"><tr><th>Exception</th></tr><tr><td><div class="stacktrace">org.openqa.selenium.TimeoutException: TimedPromise timed out after 20000 ms
Build info: version: &apos;4.0.0&apos;, revision: &apos;3a21814679&apos;
System info: host: &apos;ks-MacBook-Air.local&apos;, ip: &apos;2a00:23c7:6b19:1801:e4c3:c80e:95e0:8f86%en0&apos;, os.name: &apos;Mac OS X&apos;, os.arch: &apos;x86_64&apos;, os.version: &apos;12.6.5&apos;, java.version: &apos;17.0.6&apos;
Driver info: org.openqa.selenium.firefox.FirefoxDriver
Command: [a46b8774-9096-48ec-913d-4fef202cf2b0, get {url=https://automationexercise.com}]
Capabilities {acceptInsecureCerts: true, browserName: firefox, browserVersion: 112.0.1, javascriptEnabled: true, moz:accessibilityChecks: false, moz:buildID: 20230414125621, moz:debuggerAddress: 127.0.0.1:50095, moz:geckodriverVersion: 0.33.0, moz:headless: false, moz:platformVersion: 21.6.0, moz:processID: 68232, moz:profile: /var/folders/6t/2wrb61y14lb..., moz:shutdownTimeout: 60000, moz:useNonSpecCompliantPointerOrigin: false, moz:webdriverClick: true, moz:windowless: false, pageLoadStrategy: normal, platform: MAC, platformName: MAC, proxy: Proxy(), se:cdp: ws://127.0.0.1:50095/devtoo..., se:cdpVersion: 85, setWindowRect: true, strictFileInteractability: false, timeouts: {implicit: 0, pageLoad: 300000, script: 30000}, unhandledPromptBehavior: dismiss and notify}
Session ID: a46b8774-9096-48ec-913d-4fef202cf2b0
	at org.openqa.selenium.remote.codec.w3c.W3CHttpResponseCodec.createException(W3CHttpResponseCodec.java:200)
	at org.openqa.selenium.remote.codec.w3c.W3CHttpResponseCodec.decode(W3CHttpResponseCodec.java:133)
	at org.openqa.selenium.remote.codec.w3c.W3CHttpResponseCodec.decode(W3CHttpResponseCodec.java:53)
	at org.openqa.selenium.remote.HttpCommandExecutor.execute(HttpCommandExecutor.java:184)
	at org.openqa.selenium.remote.service.DriverCommandExecutor.invokeExecute(DriverCommandExecutor.java:164)
	at org.openqa.selenium.remote.service.DriverCommandExecutor.execute(DriverCommandExecutor.java:139)
	at org.openqa.selenium.remote.RemoteWebDriver.execute(RemoteWebDriver.java:559)
	at org.openqa.selenium.remote.RemoteWebDriver.get(RemoteWebDriver.java:328)
	at com.ae.qa.base.TestBase.initialization(TestBase.java:66)
	at com.ae.qa.testcases.CartPageTest.setup(CartPageTest.java:25)
	at java.base/java.util.ArrayList.forEach(ArrayList.java:1511)
	at com.intellij.rt.testng.IDEARemoteTestNG.run(IDEARemoteTestNG.java:66)
	at com.intellij.rt.testng.RemoteTestNGStarter.main(RemoteTestNGStarter.java:109)
... Removed 27 stack frames</div></td></tr></table><p class="totop"><a href="#summary">back to summary</a></p>
<h3 id="m68">com.ae.qa.testcases.CartPageTest#validateScrollDownGetSubscriptionH2</h3><table class="result"><tr><th>Exception</th></tr><tr><td><div class="stacktrace">org.openqa.selenium.TimeoutException: TimedPromise timed out after 20000 ms
Build info: version: &apos;4.0.0&apos;, revision: &apos;3a21814679&apos;
System info: host: &apos;ks-MacBook-Air.local&apos;, ip: &apos;2a00:23c7:6b19:1801:e4c3:c80e:95e0:8f86%en0&apos;, os.name: &apos;Mac OS X&apos;, os.arch: &apos;x86_64&apos;, os.version: &apos;12.6.5&apos;, java.version: &apos;17.0.6&apos;
Driver info: org.openqa.selenium.firefox.FirefoxDriver
Command: [a46b8774-9096-48ec-913d-4fef202cf2b0, get {url=https://automationexercise.com}]
Capabilities {acceptInsecureCerts: true, browserName: firefox, browserVersion: 112.0.1, javascriptEnabled: true, moz:accessibilityChecks: false, moz:buildID: 20230414125621, moz:debuggerAddress: 127.0.0.1:50095, moz:geckodriverVersion: 0.33.0, moz:headless: false, moz:platformVersion: 21.6.0, moz:processID: 68232, moz:profile: /var/folders/6t/2wrb61y14lb..., moz:shutdownTimeout: 60000, moz:useNonSpecCompliantPointerOrigin: false, moz:webdriverClick: true, moz:windowless: false, pageLoadStrategy: normal, platform: MAC, platformName: MAC, proxy: Proxy(), se:cdp: ws://127.0.0.1:50095/devtoo..., se:cdpVersion: 85, setWindowRect: true, strictFileInteractability: false, timeouts: {implicit: 0, pageLoad: 300000, script: 30000}, unhandledPromptBehavior: dismiss and notify}
Session ID: a46b8774-9096-48ec-913d-4fef202cf2b0
	at org.openqa.selenium.remote.codec.w3c.W3CHttpResponseCodec.createException(W3CHttpResponseCodec.java:200)
	at org.openqa.selenium.remote.codec.w3c.W3CHttpResponseCodec.decode(W3CHttpResponseCodec.java:133)
	at org.openqa.selenium.remote.codec.w3c.W3CHttpResponseCodec.decode(W3CHttpResponseCodec.java:53)
	at org.openqa.selenium.remote.HttpCommandExecutor.execute(HttpCommandExecutor.java:184)
	at org.openqa.selenium.remote.service.DriverCommandExecutor.invokeExecute(DriverCommandExecutor.java:164)
	at org.openqa.selenium.remote.service.DriverCommandExecutor.execute(DriverCommandExecutor.java:139)
	at org.openqa.selenium.remote.RemoteWebDriver.execute(RemoteWebDriver.java:559)
	at org.openqa.selenium.remote.RemoteWebDriver.get(RemoteWebDriver.java:328)
	at com.ae.qa.base.TestBase.initialization(TestBase.java:66)
	at com.ae.qa.testcases.CartPageTest.setup(CartPageTest.java:25)
	at java.base/java.util.ArrayList.forEach(ArrayList.java:1511)
	at com.intellij.rt.testng.IDEARemoteTestNG.run(IDEARemoteTestNG.java:66)
	at com.intellij.rt.testng.RemoteTestNGStarter.main(RemoteTestNGStarter.java:109)
... Removed 27 stack frames</div></td></tr></table><p class="totop"><a href="#summary">back to summary</a></p>
<h3 id="m69">com.ae.qa.testcases.CartPageTest#validateWelcomePageTitle</h3><table class="result"><tr><th>Exception</th></tr><tr><td><div class="stacktrace">org.openqa.selenium.TimeoutException: TimedPromise timed out after 20000 ms
Build info: version: &apos;4.0.0&apos;, revision: &apos;3a21814679&apos;
System info: host: &apos;ks-MacBook-Air.local&apos;, ip: &apos;2a00:23c7:6b19:1801:e4c3:c80e:95e0:8f86%en0&apos;, os.name: &apos;Mac OS X&apos;, os.arch: &apos;x86_64&apos;, os.version: &apos;12.6.5&apos;, java.version: &apos;17.0.6&apos;
Driver info: org.openqa.selenium.firefox.FirefoxDriver
Command: [a46b8774-9096-48ec-913d-4fef202cf2b0, get {url=https://automationexercise.com}]
Capabilities {acceptInsecureCerts: true, browserName: firefox, browserVersion: 112.0.1, javascriptEnabled: true, moz:accessibilityChecks: false, moz:buildID: 20230414125621, moz:debuggerAddress: 127.0.0.1:50095, moz:geckodriverVersion: 0.33.0, moz:headless: false, moz:platformVersion: 21.6.0, moz:processID: 68232, moz:profile: /var/folders/6t/2wrb61y14lb..., moz:shutdownTimeout: 60000, moz:useNonSpecCompliantPointerOrigin: false, moz:webdriverClick: true, moz:windowless: false, pageLoadStrategy: normal, platform: MAC, platformName: MAC, proxy: Proxy(), se:cdp: ws://127.0.0.1:50095/devtoo..., se:cdpVersion: 85, setWindowRect: true, strictFileInteractability: false, timeouts: {implicit: 0, pageLoad: 300000, script: 30000}, unhandledPromptBehavior: dismiss and notify}
Session ID: a46b8774-9096-48ec-913d-4fef202cf2b0
	at org.openqa.selenium.remote.codec.w3c.W3CHttpResponseCodec.createException(W3CHttpResponseCodec.java:200)
	at org.openqa.selenium.remote.codec.w3c.W3CHttpResponseCodec.decode(W3CHttpResponseCodec.java:133)
	at org.openqa.selenium.remote.codec.w3c.W3CHttpResponseCodec.decode(W3CHttpResponseCodec.java:53)
	at org.openqa.selenium.remote.HttpCommandExecutor.execute(HttpCommandExecutor.java:184)
	at org.openqa.selenium.remote.service.DriverCommandExecutor.invokeExecute(DriverCommandExecutor.java:164)
	at org.openqa.selenium.remote.service.DriverCommandExecutor.execute(DriverCommandExecutor.java:139)
	at org.openqa.selenium.remote.RemoteWebDriver.execute(RemoteWebDriver.java:559)
	at org.openqa.selenium.remote.RemoteWebDriver.get(RemoteWebDriver.java:328)
	at com.ae.qa.base.TestBase.initialization(TestBase.java:66)
	at com.ae.qa.testcases.CartPageTest.setup(CartPageTest.java:25)
	at java.base/java.util.ArrayList.forEach(ArrayList.java:1511)
	at com.intellij.rt.testng.IDEARemoteTestNG.run(IDEARemoteTestNG.java:66)
	at com.intellij.rt.testng.RemoteTestNGStarter.main(RemoteTestNGStarter.java:109)
... Removed 27 stack frames</div></td></tr></table><p class="totop"><a href="#summary">back to summary</a></p>
<h2>Test Case 12: Add Products in Cart</h2><h3 id="m70">com.ae.qa.testcases.ProductsPageTest#validateAddToCartInProductPage</h3><table class="result"><tr><th class="invisible"/></tr></table><p class="totop"><a href="#summary">back to summary</a></p>
<h3 id="m71">com.ae.qa.testcases.ProductsPageTest#validateProductsLink</h3><table class="result"><tr><th class="invisible"/></tr></table><p class="totop"><a href="#summary">back to summary</a></p>
<h3 id="m72">com.ae.qa.testcases.ProductsPageTest#validateWelcomePageTitle</h3><table class="result"><tr><th class="invisible"/></tr></table><p class="totop"><a href="#summary">back to summary</a></p>
<h2>Test Case 13: Verify Product quantity in Cart</h2><h3 id="m73">com.ae.qa.testcases.ProductsPageTest#validateIncreaseQuantityInProductDetailsPage</h3><table class="result"><tr><th class="invisible"/></tr></table><p class="totop"><a href="#summary">back to summary</a></p>
<h3 id="m74">com.ae.qa.testcases.ProductsPageTest#validateProductsDetailsNavigation</h3><table class="result"><tr><th class="invisible"/></tr></table><p class="totop"><a href="#summary">back to summary</a></p>
<h3 id="m75">com.ae.qa.testcases.ProductsPageTest#validateProductsLink</h3><table class="result"><tr><th class="invisible"/></tr></table><p class="totop"><a href="#summary">back to summary</a></p>
<h3 id="m76">com.ae.qa.testcases.ProductsPageTest#validateWelcomePageTitle</h3><table class="result"><tr><th class="invisible"/></tr></table><p class="totop"><a href="#summary">back to summary</a></p>
<h2>Test Case 14: To Delete user Account for next step</h2><h3 id="m77">com.ae.qa.testcases.LoginPageTest#validateContinueDeleteButton</h3><table class="result"><tr><th class="invisible"/></tr></table><p class="totop"><a href="#summary">back to summary</a></p>
<h3 id="m78">com.ae.qa.testcases.LoginPageTest#validateDeletedAccount</h3><table class="result"><tr><th class="invisible"/></tr></table><p class="totop"><a href="#summary">back to summary</a></p>
<h3 id="m79">com.ae.qa.testcases.LoginPageTest#validateLoginH2</h3><table class="result"><tr><th class="invisible"/></tr></table><p class="totop"><a href="#summary">back to summary</a></p>
<h3 id="m80">com.ae.qa.testcases.LoginPageTest#validateLoginWithValidDetails</h3><table class="result"><tr><th class="invisible"/></tr></table><p class="totop"><a href="#summary">back to summary</a></p>
<h3 id="m81">com.ae.qa.testcases.LoginPageTest#validateWelcomePageTitle</h3><table class="result"><tr><th class="invisible"/></tr></table><p class="totop"><a href="#summary">back to summary</a></p>
<h2>Test Case 14: Place Order: Register while Checkout</h2><h3 id="m82">com.ae.qa.testcases.RegisterWhileCheckOutTest#validatePlaceOrder</h3><table class="result"><tr><th>Exception</th></tr><tr><td><div class="stacktrace">org.openqa.selenium.NoSuchElementException: Unable to locate element: //*[contains(text(),&apos;Your order has been placed successfully!&apos;)]
For documentation on this error, please visit: https://selenium.dev/exceptions/#no_such_element
Build info: version: &apos;4.0.0&apos;, revision: &apos;3a21814679&apos;
System info: host: &apos;ks-MacBook-Air.local&apos;, ip: &apos;2a00:23c7:6b19:1801:e4c3:c80e:95e0:8f86%en0&apos;, os.name: &apos;Mac OS X&apos;, os.arch: &apos;x86_64&apos;, os.version: &apos;12.6.5&apos;, java.version: &apos;17.0.6&apos;
Driver info: org.openqa.selenium.firefox.FirefoxDriver
Command: [0946b114-7ce7-480c-86e8-5361ca019cff, findElement {using=xpath, value=//*[contains(text(),&apos;Your order has been placed successfully!&apos;)]}]
Capabilities {acceptInsecureCerts: true, browserName: firefox, browserVersion: 112.0.1, javascriptEnabled: true, moz:accessibilityChecks: false, moz:buildID: 20230414125621, moz:debuggerAddress: 127.0.0.1:57866, moz:geckodriverVersion: 0.33.0, moz:headless: false, moz:platformVersion: 21.6.0, moz:processID: 68289, moz:profile: /var/folders/6t/2wrb61y14lb..., moz:shutdownTimeout: 60000, moz:useNonSpecCompliantPointerOrigin: false, moz:webdriverClick: true, moz:windowless: false, pageLoadStrategy: normal, platform: MAC, platformName: MAC, proxy: Proxy(), se:cdp: ws://127.0.0.1:57866/devtoo..., se:cdpVersion: 85, setWindowRect: true, strictFileInteractability: false, timeouts: {implicit: 0, pageLoad: 300000, script: 30000}, unhandledPromptBehavior: dismiss and notify}
Session ID: 0946b114-7ce7-480c-86e8-5361ca019cff
	at org.openqa.selenium.remote.codec.w3c.W3CHttpResponseCodec.createException(W3CHttpResponseCodec.java:200)
	at org.openqa.selenium.remote.codec.w3c.W3CHttpResponseCodec.decode(W3CHttpResponseCodec.java:133)
	at org.openqa.selenium.remote.codec.w3c.W3CHttpResponseCodec.decode(W3CHttpResponseCodec.java:53)
	at org.openqa.selenium.remote.HttpCommandExecutor.execute(HttpCommandExecutor.java:184)
	at org.openqa.selenium.remote.service.DriverCommandExecutor.invokeExecute(DriverCommandExecutor.java:164)
	at org.openqa.selenium.remote.service.DriverCommandExecutor.execute(DriverCommandExecutor.java:139)
	at org.openqa.selenium.remote.RemoteWebDriver.execute(RemoteWebDriver.java:559)
	at org.openqa.selenium.remote.ElementLocation$ElementFinder$2.findElement(ElementLocation.java:162)
	at org.openqa.selenium.remote.ElementLocation.findElement(ElementLocation.java:60)
	at org.openqa.selenium.remote.RemoteWebDriver.findElement(RemoteWebDriver.java:383)
	at org.openqa.selenium.remote.RemoteWebDriver.findElement(RemoteWebDriver.java:375)
	at com.ae.qa.pages.PayAndConfirmPage.fillCardDetails(PayAndConfirmPage.java:45)
	at com.ae.qa.testcases.RegisterWhileCheckOutTest.validatePlaceOrder(RegisterWhileCheckOutTest.java:129)
	at java.base/java.util.ArrayList.forEach(ArrayList.java:1511)
	at com.intellij.rt.testng.IDEARemoteTestNG.run(IDEARemoteTestNG.java:66)
	at com.intellij.rt.testng.RemoteTestNGStarter.main(RemoteTestNGStarter.java:109)
... Removed 29 stack frames</div></td></tr></table><p class="totop"><a href="#summary">back to summary</a></p>
<h3 id="m83">com.ae.qa.testcases.RegisterWhileCheckOutTest#validateAddToCartInProductPage</h3><table class="result"><tr><th class="invisible"/></tr></table><p class="totop"><a href="#summary">back to summary</a></p>
<h3 id="m84">com.ae.qa.testcases.RegisterWhileCheckOutTest#validateAddressVisibility</h3><table class="result"><tr><th class="invisible"/></tr></table><p class="totop"><a href="#summary">back to summary</a></p>
<h3 id="m85">com.ae.qa.testcases.RegisterWhileCheckOutTest#validateDeleteAccount</h3><table class="result"><tr><th class="invisible"/></tr></table><p class="totop"><a href="#summary">back to summary</a></p>
<h3 id="m86">com.ae.qa.testcases.RegisterWhileCheckOutTest#validateLoggedInUserName</h3><table class="result"><tr><th class="invisible"/></tr></table><p class="totop"><a href="#summary">back to summary</a></p>
<h3 id="m87">com.ae.qa.testcases.RegisterWhileCheckOutTest#validateOrderVisibility</h3><table class="result"><tr><th class="invisible"/></tr></table><p class="totop"><a href="#summary">back to summary</a></p>
<h3 id="m88">com.ae.qa.testcases.RegisterWhileCheckOutTest#validateProceedCheckout</h3><table class="result"><tr><th class="invisible"/></tr></table><p class="totop"><a href="#summary">back to summary</a></p>
<h3 id="m89">com.ae.qa.testcases.RegisterWhileCheckOutTest#validateProductsLink</h3><table class="result"><tr><th class="invisible"/></tr></table><p class="totop"><a href="#summary">back to summary</a></p>
<h3 id="m90">com.ae.qa.testcases.RegisterWhileCheckOutTest#validateSignUp</h3><table class="result"><tr><th class="invisible"/></tr></table><p class="totop"><a href="#summary">back to summary</a></p>
<h3 id="m91">com.ae.qa.testcases.RegisterWhileCheckOutTest#validateSignUpNewUser</h3><table class="result"><tr><th class="invisible"/></tr></table><p class="totop"><a href="#summary">back to summary</a></p>
<h3 id="m92">com.ae.qa.testcases.RegisterWhileCheckOutTest#validateWelcomePageTitle</h3><table class="result"><tr><th class="invisible"/></tr></table><p class="totop"><a href="#summary">back to summary</a></p>
<h2>Test Case 15: Place Order: Register before Checkout</h2><h3 id="m93">com.ae.qa.testcases.RegisterBeforeCheckOutTest#validatePlaceOrder</h3><table class="result"><tr><th>Exception</th></tr><tr><td><div class="stacktrace">org.openqa.selenium.NoSuchElementException: Unable to locate element: //*[contains(text(),&apos;Your order has been placed successfully!&apos;)]
For documentation on this error, please visit: https://selenium.dev/exceptions/#no_such_element
Build info: version: &apos;4.0.0&apos;, revision: &apos;3a21814679&apos;
System info: host: &apos;ks-MacBook-Air.local&apos;, ip: &apos;2a00:23c7:6b19:1801:e4c3:c80e:95e0:8f86%en0&apos;, os.name: &apos;Mac OS X&apos;, os.arch: &apos;x86_64&apos;, os.version: &apos;12.6.5&apos;, java.version: &apos;17.0.6&apos;
Driver info: org.openqa.selenium.firefox.FirefoxDriver
Command: [3712fedd-ff81-4b6f-a11d-fb1b557ee248, findElement {using=xpath, value=//*[contains(text(),&apos;Your order has been placed successfully!&apos;)]}]
Capabilities {acceptInsecureCerts: true, browserName: firefox, browserVersion: 112.0.1, javascriptEnabled: true, moz:accessibilityChecks: false, moz:buildID: 20230414125621, moz:debuggerAddress: 127.0.0.1:58937, moz:geckodriverVersion: 0.33.0, moz:headless: false, moz:platformVersion: 21.6.0, moz:processID: 68309, moz:profile: /var/folders/6t/2wrb61y14lb..., moz:shutdownTimeout: 60000, moz:useNonSpecCompliantPointerOrigin: false, moz:webdriverClick: true, moz:windowless: false, pageLoadStrategy: normal, platform: MAC, platformName: MAC, proxy: Proxy(), se:cdp: ws://127.0.0.1:58937/devtoo..., se:cdpVersion: 85, setWindowRect: true, strictFileInteractability: false, timeouts: {implicit: 0, pageLoad: 300000, script: 30000}, unhandledPromptBehavior: dismiss and notify}
Session ID: 3712fedd-ff81-4b6f-a11d-fb1b557ee248
	at org.openqa.selenium.remote.codec.w3c.W3CHttpResponseCodec.createException(W3CHttpResponseCodec.java:200)
	at org.openqa.selenium.remote.codec.w3c.W3CHttpResponseCodec.decode(W3CHttpResponseCodec.java:133)
	at org.openqa.selenium.remote.codec.w3c.W3CHttpResponseCodec.decode(W3CHttpResponseCodec.java:53)
	at org.openqa.selenium.remote.HttpCommandExecutor.execute(HttpCommandExecutor.java:184)
	at org.openqa.selenium.remote.service.DriverCommandExecutor.invokeExecute(DriverCommandExecutor.java:164)
	at org.openqa.selenium.remote.service.DriverCommandExecutor.execute(DriverCommandExecutor.java:139)
	at org.openqa.selenium.remote.RemoteWebDriver.execute(RemoteWebDriver.java:559)
	at org.openqa.selenium.remote.ElementLocation$ElementFinder$2.findElement(ElementLocation.java:162)
	at org.openqa.selenium.remote.ElementLocation.findElement(ElementLocation.java:60)
	at org.openqa.selenium.remote.RemoteWebDriver.findElement(RemoteWebDriver.java:383)
	at org.openqa.selenium.remote.RemoteWebDriver.findElement(RemoteWebDriver.java:375)
	at com.ae.qa.pages.PayAndConfirmPage.fillCardDetails(PayAndConfirmPage.java:45)
	at com.ae.qa.testcases.RegisterBeforeCheckOutTest.validatePlaceOrder(RegisterBeforeCheckOutTest.java:122)
	at java.base/java.util.ArrayList.forEach(ArrayList.java:1511)
	at com.intellij.rt.testng.IDEARemoteTestNG.run(IDEARemoteTestNG.java:66)
	at com.intellij.rt.testng.RemoteTestNGStarter.main(RemoteTestNGStarter.java:109)
... Removed 29 stack frames</div></td></tr></table><p class="totop"><a href="#summary">back to summary</a></p>
<h3 id="m94">com.ae.qa.testcases.RegisterBeforeCheckOutTest#validateAddToCartInProductPage</h3><table class="result"><tr><th class="invisible"/></tr></table><p class="totop"><a href="#summary">back to summary</a></p>
<h3 id="m95">com.ae.qa.testcases.RegisterBeforeCheckOutTest#validateAddressVisibility</h3><table class="result"><tr><th class="invisible"/></tr></table><p class="totop"><a href="#summary">back to summary</a></p>
<h3 id="m96">com.ae.qa.testcases.RegisterBeforeCheckOutTest#validateDeleteAccount</h3><table class="result"><tr><th class="invisible"/></tr></table><p class="totop"><a href="#summary">back to summary</a></p>
<h3 id="m97">com.ae.qa.testcases.RegisterBeforeCheckOutTest#validateLoggedInUserName</h3><table class="result"><tr><th class="invisible"/></tr></table><p class="totop"><a href="#summary">back to summary</a></p>
<h3 id="m98">com.ae.qa.testcases.RegisterBeforeCheckOutTest#validateOrderVisibility</h3><table class="result"><tr><th class="invisible"/></tr></table><p class="totop"><a href="#summary">back to summary</a></p>
<h3 id="m99">com.ae.qa.testcases.RegisterBeforeCheckOutTest#validateProductsLink</h3><table class="result"><tr><th class="invisible"/></tr></table><p class="totop"><a href="#summary">back to summary</a></p>
<h3 id="m100">com.ae.qa.testcases.RegisterBeforeCheckOutTest#validateSignUp</h3><table class="result"><tr><th class="invisible"/></tr></table><p class="totop"><a href="#summary">back to summary</a></p>
<h3 id="m101">com.ae.qa.testcases.RegisterBeforeCheckOutTest#validateSignUpAccountInfoH2</h3><table class="result"><tr><th class="invisible"/></tr></table><p class="totop"><a href="#summary">back to summary</a></p>
<h3 id="m102">com.ae.qa.testcases.RegisterBeforeCheckOutTest#validateSignUpH2</h3><table class="result"><tr><th class="invisible"/></tr></table><p class="totop"><a href="#summary">back to summary</a></p>
<h3 id="m103">com.ae.qa.testcases.RegisterBeforeCheckOutTest#validateSignUpNewUser</h3><table class="result"><tr><th class="invisible"/></tr></table><p class="totop"><a href="#summary">back to summary</a></p>
<h3 id="m104">com.ae.qa.testcases.RegisterBeforeCheckOutTest#validateWelcomePageTitle</h3><table class="result"><tr><th class="invisible"/></tr></table><p class="totop"><a href="#summary">back to summary</a></p>
<h2>Test Case 16a: Re-register User - exclude user deletion</h2><h3 id="m105">com.ae.qa.testcases.SignUpPageTest#validateLoggedInUserName</h3><table class="result"><tr><th class="invisible"/></tr></table><p class="totop"><a href="#summary">back to summary</a></p>
<h3 id="m106">com.ae.qa.testcases.SignUpPageTest#validateSignUp</h3><table class="result"><tr><th class="invisible"/></tr></table><p class="totop"><a href="#summary">back to summary</a></p>
<h3 id="m107">com.ae.qa.testcases.SignUpPageTest#validateSignUpAccountInfoH2</h3><table class="result"><tr><th class="invisible"/></tr></table><p class="totop"><a href="#summary">back to summary</a></p>
<h3 id="m108">com.ae.qa.testcases.SignUpPageTest#validateSignUpH2</h3><table class="result"><tr><th class="invisible"/></tr></table><p class="totop"><a href="#summary">back to summary</a></p>
<h3 id="m109">com.ae.qa.testcases.SignUpPageTest#validateSignUpNewUser</h3><table class="result"><tr><th class="invisible"/></tr></table><p class="totop"><a href="#summary">back to summary</a></p>
<h3 id="m110">com.ae.qa.testcases.SignUpPageTest#validateWelcomePageTitle</h3><table class="result"><tr><th class="invisible"/></tr></table><p class="totop"><a href="#summary">back to summary</a></p>
<h2>Test Case 16: Place Order: Login before Checkout</h2><h3 id="m111">com.ae.qa.testcases.LoginBeforeCheckoutTest#validatePlaceOrder</h3><table class="result"><tr><th>Exception</th></tr><tr><td><div class="stacktrace">org.openqa.selenium.NoSuchElementException: Unable to locate element: //*[contains(text(),&apos;Your order has been placed successfully!&apos;)]
For documentation on this error, please visit: https://selenium.dev/exceptions/#no_such_element
Build info: version: &apos;4.0.0&apos;, revision: &apos;3a21814679&apos;
System info: host: &apos;ks-MacBook-Air.local&apos;, ip: &apos;2a00:23c7:6b19:1801:e4c3:c80e:95e0:8f86%en0&apos;, os.name: &apos;Mac OS X&apos;, os.arch: &apos;x86_64&apos;, os.version: &apos;12.6.5&apos;, java.version: &apos;17.0.6&apos;
Driver info: org.openqa.selenium.firefox.FirefoxDriver
Command: [d49fd85a-f005-4ab0-ad32-1adb037f51a9, findElement {using=xpath, value=//*[contains(text(),&apos;Your order has been placed successfully!&apos;)]}]
Capabilities {acceptInsecureCerts: true, browserName: firefox, browserVersion: 112.0.1, javascriptEnabled: true, moz:accessibilityChecks: false, moz:buildID: 20230414125621, moz:debuggerAddress: 127.0.0.1:49284, moz:geckodriverVersion: 0.33.0, moz:headless: false, moz:platformVersion: 21.6.0, moz:processID: 68369, moz:profile: /var/folders/6t/2wrb61y14lb..., moz:shutdownTimeout: 60000, moz:useNonSpecCompliantPointerOrigin: false, moz:webdriverClick: true, moz:windowless: false, pageLoadStrategy: normal, platform: MAC, platformName: MAC, proxy: Proxy(), se:cdp: ws://127.0.0.1:49284/devtoo..., se:cdpVersion: 85, setWindowRect: true, strictFileInteractability: false, timeouts: {implicit: 0, pageLoad: 300000, script: 30000}, unhandledPromptBehavior: dismiss and notify}
Session ID: d49fd85a-f005-4ab0-ad32-1adb037f51a9
	at org.openqa.selenium.remote.codec.w3c.W3CHttpResponseCodec.createException(W3CHttpResponseCodec.java:200)
	at org.openqa.selenium.remote.codec.w3c.W3CHttpResponseCodec.decode(W3CHttpResponseCodec.java:133)
	at org.openqa.selenium.remote.codec.w3c.W3CHttpResponseCodec.decode(W3CHttpResponseCodec.java:53)
	at org.openqa.selenium.remote.HttpCommandExecutor.execute(HttpCommandExecutor.java:184)
	at org.openqa.selenium.remote.service.DriverCommandExecutor.invokeExecute(DriverCommandExecutor.java:164)
	at org.openqa.selenium.remote.service.DriverCommandExecutor.execute(DriverCommandExecutor.java:139)
	at org.openqa.selenium.remote.RemoteWebDriver.execute(RemoteWebDriver.java:559)
	at org.openqa.selenium.remote.ElementLocation$ElementFinder$2.findElement(ElementLocation.java:162)
	at org.openqa.selenium.remote.ElementLocation.findElement(ElementLocation.java:60)
	at org.openqa.selenium.remote.RemoteWebDriver.findElement(RemoteWebDriver.java:383)
	at org.openqa.selenium.remote.RemoteWebDriver.findElement(RemoteWebDriver.java:375)
	at com.ae.qa.pages.PayAndConfirmPage.fillCardDetails(PayAndConfirmPage.java:45)
	at com.ae.qa.testcases.LoginBeforeCheckoutTest.validatePlaceOrder(LoginBeforeCheckoutTest.java:78)
	at java.base/java.util.ArrayList.forEach(ArrayList.java:1511)
	at com.intellij.rt.testng.IDEARemoteTestNG.run(IDEARemoteTestNG.java:66)
	at com.intellij.rt.testng.RemoteTestNGStarter.main(RemoteTestNGStarter.java:109)
... Removed 29 stack frames</div></td></tr></table><p class="totop"><a href="#summary">back to summary</a></p>
<h3 id="m112">com.ae.qa.testcases.LoginBeforeCheckoutTest#validateAddToCartInProductPage</h3><table class="result"><tr><th class="invisible"/></tr></table><p class="totop"><a href="#summary">back to summary</a></p>
<h3 id="m113">com.ae.qa.testcases.LoginBeforeCheckoutTest#validateAddressVisibility</h3><table class="result"><tr><th class="invisible"/></tr></table><p class="totop"><a href="#summary">back to summary</a></p>
<h3 id="m114">com.ae.qa.testcases.LoginBeforeCheckoutTest#validateDeleteAccount</h3><table class="result"><tr><th class="invisible"/></tr></table><p class="totop"><a href="#summary">back to summary</a></p>
<h3 id="m115">com.ae.qa.testcases.LoginBeforeCheckoutTest#validateLoginWithValidDetails</h3><table class="result"><tr><th class="invisible"/></tr></table><p class="totop"><a href="#summary">back to summary</a></p>
<h3 id="m116">com.ae.qa.testcases.LoginBeforeCheckoutTest#validateOrderVisibility</h3><table class="result"><tr><th class="invisible"/></tr></table><p class="totop"><a href="#summary">back to summary</a></p>
<h3 id="m117">com.ae.qa.testcases.LoginBeforeCheckoutTest#validateProductsLink</h3><table class="result"><tr><th class="invisible"/></tr></table><p class="totop"><a href="#summary">back to summary</a></p>
<h3 id="m118">com.ae.qa.testcases.LoginBeforeCheckoutTest#validateWelcomePageTitle</h3><table class="result"><tr><th class="invisible"/></tr></table><p class="totop"><a href="#summary">back to summary</a></p>
<h2>Test Case 17: Remove Products From Cart</h2><h3 id="m119">com.ae.qa.testcases.ProductsPageTest#validateAddToCartInProductPage</h3><table class="result"><tr><th class="invisible"/></tr></table><p class="totop"><a href="#summary">back to summary</a></p>
<h3 id="m120">com.ae.qa.testcases.ProductsPageTest#validateDeleteFromCart</h3><table class="result"><tr><th class="invisible"/></tr></table><p class="totop"><a href="#summary">back to summary</a></p>
<h3 id="m121">com.ae.qa.testcases.ProductsPageTest#validateProductsLink</h3><table class="result"><tr><th class="invisible"/></tr></table><p class="totop"><a href="#summary">back to summary</a></p>
<h3 id="m122">com.ae.qa.testcases.ProductsPageTest#validateWelcomePageTitle</h3><table class="result"><tr><th class="invisible"/></tr></table><p class="totop"><a href="#summary">back to summary</a></p>
<h2>Test Case 21: Add review on product</h2><h3 id="m123">com.ae.qa.testcases.ProductsPageTest#validateProductsDetailsNavigation</h3><table class="result"><tr><th class="invisible"/></tr></table><p class="totop"><a href="#summary">back to summary</a></p>
<h3 id="m124">com.ae.qa.testcases.ProductsPageTest#validateProductsLink</h3><table class="result"><tr><th class="invisible"/></tr></table><p class="totop"><a href="#summary">back to summary</a></p>
<h3 id="m125">com.ae.qa.testcases.ProductsPageTest#validateReviewAboutProduct</h3><table class="result"><tr><th class="invisible"/></tr></table><p class="totop"><a href="#summary">back to summary</a></p>
<h3 id="m126">com.ae.qa.testcases.ProductsPageTest#validateWelcomePageTitle</h3><table class="result"><tr><th class="invisible"/></tr></table><p class="totop"><a href="#summary">back to summary</a></p>
<h2>Test Case 23: Verify address details in checkout page</h2><h3 id="m127">com.ae.qa.testcases.RegisterWhileCheckOutTest#validateAddToCartInProductPage</h3><table class="result"><tr><th class="invisible"/></tr></table><p class="totop"><a href="#summary">back to summary</a></p>
<h3 id="m128">com.ae.qa.testcases.RegisterWhileCheckOutTest#validateAddressVisibility</h3><table class="result"><tr><th class="invisible"/></tr></table><p class="totop"><a href="#summary">back to summary</a></p>
<h3 id="m129">com.ae.qa.testcases.RegisterWhileCheckOutTest#validateBillingyAddress</h3><table class="result"><tr><th class="invisible"/></tr></table><p class="totop"><a href="#summary">back to summary</a></p>
<h3 id="m130">com.ae.qa.testcases.RegisterWhileCheckOutTest#validateDeleteAccount</h3><table class="result"><tr><th class="invisible"/></tr></table><p class="totop"><a href="#summary">back to summary</a></p>
<h3 id="m131">com.ae.qa.testcases.RegisterWhileCheckOutTest#validateDeliveryAddress</h3><table class="result"><tr><th class="invisible"/></tr></table><p class="totop"><a href="#summary">back to summary</a></p>
<h3 id="m132">com.ae.qa.testcases.RegisterWhileCheckOutTest#validateLoggedInUserName</h3><table class="result"><tr><th class="invisible"/></tr></table><p class="totop"><a href="#summary">back to summary</a></p>
<h3 id="m133">com.ae.qa.testcases.RegisterWhileCheckOutTest#validateOrderVisibility</h3><table class="result"><tr><th class="invisible"/></tr></table><p class="totop"><a href="#summary">back to summary</a></p>
<h3 id="m134">com.ae.qa.testcases.RegisterWhileCheckOutTest#validateProceedCheckout</h3><table class="result"><tr><th class="invisible"/></tr></table><p class="totop"><a href="#summary">back to summary</a></p>
<h3 id="m135">com.ae.qa.testcases.RegisterWhileCheckOutTest#validateProductsLink</h3><table class="result"><tr><th class="invisible"/></tr></table><p class="totop"><a href="#summary">back to summary</a></p>
<h3 id="m136">com.ae.qa.testcases.RegisterWhileCheckOutTest#validateSignUp</h3><table class="result"><tr><th class="invisible"/></tr></table><p class="totop"><a href="#summary">back to summary</a></p>
<h3 id="m137">com.ae.qa.testcases.RegisterWhileCheckOutTest#validateSignUpNewUser</h3><table class="result"><tr><th class="invisible"/></tr></table><p class="totop"><a href="#summary">back to summary</a></p>
<h3 id="m138">com.ae.qa.testcases.RegisterWhileCheckOutTest#validateWelcomePageTitle</h3><table class="result"><tr><th class="invisible"/></tr></table><p class="totop"><a href="#summary">back to summary</a></p>
<h2>Test Case 24: Download Invoice after purchase order</h2><h3 id="m139">com.ae.qa.testcases.RegisterBeforeCheckOutTest#validatePlaceOrder</h3><table class="result"><tr><th>Exception</th></tr><tr><td><div class="stacktrace">org.openqa.selenium.NoSuchElementException: Unable to locate element: //*[contains(text(),&apos;Your order has been placed successfully!&apos;)]
For documentation on this error, please visit: https://selenium.dev/exceptions/#no_such_element
Build info: version: &apos;4.0.0&apos;, revision: &apos;3a21814679&apos;
System info: host: &apos;ks-MacBook-Air.local&apos;, ip: &apos;2a00:23c7:6b19:1801:e4c3:c80e:95e0:8f86%en0&apos;, os.name: &apos;Mac OS X&apos;, os.arch: &apos;x86_64&apos;, os.version: &apos;12.6.5&apos;, java.version: &apos;17.0.6&apos;
Driver info: org.openqa.selenium.firefox.FirefoxDriver
Command: [96613ffc-e088-4dba-84a5-cc253606a28c, findElement {using=xpath, value=//*[contains(text(),&apos;Your order has been placed successfully!&apos;)]}]
Capabilities {acceptInsecureCerts: true, browserName: firefox, browserVersion: 112.0.1, javascriptEnabled: true, moz:accessibilityChecks: false, moz:buildID: 20230414125621, moz:debuggerAddress: 127.0.0.1:55380, moz:geckodriverVersion: 0.33.0, moz:headless: false, moz:platformVersion: 21.6.0, moz:processID: 68436, moz:profile: /var/folders/6t/2wrb61y14lb..., moz:shutdownTimeout: 60000, moz:useNonSpecCompliantPointerOrigin: false, moz:webdriverClick: true, moz:windowless: false, pageLoadStrategy: normal, platform: MAC, platformName: MAC, proxy: Proxy(), se:cdp: ws://127.0.0.1:55380/devtoo..., se:cdpVersion: 85, setWindowRect: true, strictFileInteractability: false, timeouts: {implicit: 0, pageLoad: 300000, script: 30000}, unhandledPromptBehavior: dismiss and notify}
Session ID: 96613ffc-e088-4dba-84a5-cc253606a28c
	at org.openqa.selenium.remote.codec.w3c.W3CHttpResponseCodec.createException(W3CHttpResponseCodec.java:200)
	at org.openqa.selenium.remote.codec.w3c.W3CHttpResponseCodec.decode(W3CHttpResponseCodec.java:133)
	at org.openqa.selenium.remote.codec.w3c.W3CHttpResponseCodec.decode(W3CHttpResponseCodec.java:53)
	at org.openqa.selenium.remote.HttpCommandExecutor.execute(HttpCommandExecutor.java:184)
	at org.openqa.selenium.remote.service.DriverCommandExecutor.invokeExecute(DriverCommandExecutor.java:164)
	at org.openqa.selenium.remote.service.DriverCommandExecutor.execute(DriverCommandExecutor.java:139)
	at org.openqa.selenium.remote.RemoteWebDriver.execute(RemoteWebDriver.java:559)
	at org.openqa.selenium.remote.ElementLocation$ElementFinder$2.findElement(ElementLocation.java:162)
	at org.openqa.selenium.remote.ElementLocation.findElement(ElementLocation.java:60)
	at org.openqa.selenium.remote.RemoteWebDriver.findElement(RemoteWebDriver.java:383)
	at org.openqa.selenium.remote.RemoteWebDriver.findElement(RemoteWebDriver.java:375)
	at com.ae.qa.pages.PayAndConfirmPage.fillCardDetails(PayAndConfirmPage.java:45)
	at com.ae.qa.testcases.RegisterBeforeCheckOutTest.validatePlaceOrder(RegisterBeforeCheckOutTest.java:122)
	at java.base/java.util.ArrayList.forEach(ArrayList.java:1511)
	at com.intellij.rt.testng.IDEARemoteTestNG.run(IDEARemoteTestNG.java:66)
	at com.intellij.rt.testng.RemoteTestNGStarter.main(RemoteTestNGStarter.java:109)
... Removed 29 stack frames</div></td></tr></table><p class="totop"><a href="#summary">back to summary</a></p>
<h3 id="m140">com.ae.qa.testcases.RegisterBeforeCheckOutTest#validateAddToCartInProductPage</h3><table class="result"><tr><th class="invisible"/></tr></table><p class="totop"><a href="#summary">back to summary</a></p>
<h3 id="m141">com.ae.qa.testcases.RegisterBeforeCheckOutTest#validateAddressVisibility</h3><table class="result"><tr><th class="invisible"/></tr></table><p class="totop"><a href="#summary">back to summary</a></p>
<h3 id="m142">com.ae.qa.testcases.RegisterBeforeCheckOutTest#validateDeleteAccount</h3><table class="result"><tr><th class="invisible"/></tr></table><p class="totop"><a href="#summary">back to summary</a></p>
<h3 id="m143">com.ae.qa.testcases.RegisterBeforeCheckOutTest#validateDownloadInvoice</h3><table class="result"><tr><th class="invisible"/></tr></table><p class="totop"><a href="#summary">back to summary</a></p>
<h3 id="m144">com.ae.qa.testcases.RegisterBeforeCheckOutTest#validateLoggedInUserName</h3><table class="result"><tr><th class="invisible"/></tr></table><p class="totop"><a href="#summary">back to summary</a></p>
<h3 id="m145">com.ae.qa.testcases.RegisterBeforeCheckOutTest#validateOrderVisibility</h3><table class="result"><tr><th class="invisible"/></tr></table><p class="totop"><a href="#summary">back to summary</a></p>
<h3 id="m146">com.ae.qa.testcases.RegisterBeforeCheckOutTest#validateProductsLink</h3><table class="result"><tr><th class="invisible"/></tr></table><p class="totop"><a href="#summary">back to summary</a></p>
<h3 id="m147">com.ae.qa.testcases.RegisterBeforeCheckOutTest#validateSignUp</h3><table class="result"><tr><th class="invisible"/></tr></table><p class="totop"><a href="#summary">back to summary</a></p>
<h3 id="m148">com.ae.qa.testcases.RegisterBeforeCheckOutTest#validateSignUpAccountInfoH2</h3><table class="result"><tr><th class="invisible"/></tr></table><p class="totop"><a href="#summary">back to summary</a></p>
<h3 id="m149">com.ae.qa.testcases.RegisterBeforeCheckOutTest#validateSignUpH2</h3><table class="result"><tr><th class="invisible"/></tr></table><p class="totop"><a href="#summary">back to summary</a></p>
<h3 id="m150">com.ae.qa.testcases.RegisterBeforeCheckOutTest#validateSignUpNewUser</h3><table class="result"><tr><th class="invisible"/></tr></table><p class="totop"><a href="#summary">back to summary</a></p>
<h3 id="m151">com.ae.qa.testcases.RegisterBeforeCheckOutTest#validateWelcomePageTitle</h3><table class="result"><tr><th class="invisible"/></tr></table><p class="totop"><a href="#summary">back to summary</a></p>
<h2>Test Case 25: Verify Scroll Up using &apos;Arrow&apos; button and Scroll Down functionality</h2><h3 id="m152">com.ae.qa.testcases.WelcomePageTest#validateScrollUpWithArrow</h3><table class="result"><tr><th class="invisible"/></tr></table><p class="totop"><a href="#summary">back to summary</a></p>
<h3 id="m153">com.ae.qa.testcases.WelcomePageTest#validateScrolldownGetSubscriptionH2</h3><table class="result"><tr><th class="invisible"/></tr></table><p class="totop"><a href="#summary">back to summary</a></p>
<h3 id="m154">com.ae.qa.testcases.WelcomePageTest#validateWelcomePageTitle</h3><table class="result"><tr><th class="invisible"/></tr></table><p class="totop"><a href="#summary">back to summary</a></p>
<h2>Test Case 26: Verify Scroll Up without &apos;Arrow&apos; button and Scroll Down functionality</h2><h3 id="m155">com.ae.qa.testcases.WelcomePageTest#validateScrollUpWithoutArrow</h3><table class="result"><tr><th class="invisible"/></tr></table><p class="totop"><a href="#summary">back to summary</a></p>
<h3 id="m156">com.ae.qa.testcases.WelcomePageTest#validateScrolldownGetSubscriptionH2</h3><table class="result"><tr><th class="invisible"/></tr></table><p class="totop"><a href="#summary">back to summary</a></p>
<h3 id="m157">com.ae.qa.testcases.WelcomePageTest#validateWelcomePageTitle</h3><table class="result"><tr><th class="invisible"/></tr></table><p class="totop"><a href="#summary">back to summary</a></p>
</body>
</html>
