<?xml version="1.0" encoding="UTF-8"?>
<testng-results ignored="76" total="232" passed="148" failed="4" skipped="4">
  <reporter-output>
  </reporter-output>
  <suite started-at="2023-05-01T13:07:08 BST" name="Automation Exercise - Test suite" finished-at="2023-05-01T13:16:11 BST" duration-ms="542384">
    <groups>
    </groups>
    <test started-at="2023-05-01T13:07:08 BST" name="Test Case 1: Register User" finished-at="2023-05-01T13:07:46 BST" duration-ms="38008">
      <class name="com.ae.qa.testcases.SignUpPageTest">
        <test-method is-config="true" signature="setUp()[pri:0, instance:com.ae.qa.testcases.SignUpPageTest@5a4aa2f2]" started-at="2023-05-01T13:07:08 BST" name="setUp" finished-at="2023-05-01T13:07:26 BST" duration-ms="17948" status="PASS">
          <reporter-output>
          </reporter-output>
        </test-method> <!-- setUp -->
        <test-method signature="validateWelcomePageTitle()[pri:1, instance:com.ae.qa.testcases.SignUpPageTest@5a4aa2f2]" started-at="2023-05-01T13:07:26 BST" name="validateWelcomePageTitle" finished-at="2023-05-01T13:07:26 BST" duration-ms="5" status="PASS">
          <reporter-output>
          </reporter-output>
        </test-method> <!-- validateWelcomePageTitle -->
        <test-method signature="validateSignUpH2()[pri:2, instance:com.ae.qa.testcases.SignUpPageTest@5a4aa2f2]" started-at="2023-05-01T13:07:26 BST" name="validateSignUpH2" finished-at="2023-05-01T13:07:26 BST" duration-ms="45" status="PASS">
          <reporter-output>
          </reporter-output>
        </test-method> <!-- validateSignUpH2 -->
        <test-method signature="validateSignUpNewUser()[pri:3, instance:com.ae.qa.testcases.SignUpPageTest@5a4aa2f2]" started-at="2023-05-01T13:07:26 BST" name="validateSignUpNewUser" finished-at="2023-05-01T13:07:27 BST" duration-ms="1023" status="PASS">
          <reporter-output>
          </reporter-output>
        </test-method> <!-- validateSignUpNewUser -->
        <test-method signature="validateSignUpAccountInfoH2()[pri:4, instance:com.ae.qa.testcases.SignUpPageTest@5a4aa2f2]" started-at="2023-05-01T13:07:27 BST" name="validateSignUpAccountInfoH2" finished-at="2023-05-01T13:07:27 BST" duration-ms="50" status="PASS">
          <reporter-output>
          </reporter-output>
        </test-method> <!-- validateSignUpAccountInfoH2 -->
        <test-method signature="validateSignUp()[pri:5, instance:com.ae.qa.testcases.SignUpPageTest@5a4aa2f2]" started-at="2023-05-01T13:07:27 BST" name="validateSignUp" finished-at="2023-05-01T13:07:31 BST" duration-ms="3841" status="PASS">
          <reporter-output>
          </reporter-output>
        </test-method> <!-- validateSignUp -->
        <test-method signature="validateLoggedInUserName()[pri:6, instance:com.ae.qa.testcases.SignUpPageTest@5a4aa2f2]" started-at="2023-05-01T13:07:31 BST" name="validateLoggedInUserName" finished-at="2023-05-01T13:07:41 BST" duration-ms="9962" status="PASS">
          <reporter-output>
          </reporter-output>
        </test-method> <!-- validateLoggedInUserName -->
        <test-method signature="validateDeleteAccount()[pri:7, instance:com.ae.qa.testcases.SignUpPageTest@5a4aa2f2]" started-at="2023-05-01T13:07:41 BST" name="validateDeleteAccount" finished-at="2023-05-01T13:07:42 BST" duration-ms="754" status="PASS">
          <reporter-output>
          </reporter-output>
        </test-method> <!-- validateDeleteAccount -->
        <test-method signature="validateContinueDeletedButton()[pri:8, instance:com.ae.qa.testcases.SignUpPageTest@5a4aa2f2]" started-at="2023-05-01T13:07:42 BST" name="validateContinueDeletedButton" finished-at="2023-05-01T13:07:45 BST" duration-ms="3358" status="PASS">
          <reporter-output>
          </reporter-output>
        </test-method> <!-- validateContinueDeletedButton -->
        <test-method is-config="true" signature="tearDown()[pri:0, instance:com.ae.qa.testcases.SignUpPageTest@5a4aa2f2]" started-at="2023-05-01T13:07:45 BST" name="tearDown" finished-at="2023-05-01T13:07:46 BST" duration-ms="972" status="PASS">
          <reporter-output>
          </reporter-output>
        </test-method> <!-- tearDown -->
      </class> <!-- com.ae.qa.testcases.SignUpPageTest -->
    </test> <!-- Test Case 1: Register User -->
    <test started-at="2023-05-01T13:07:46 BST" name="Test Case 1b: Re-register User - exclude user deletion" finished-at="2023-05-01T13:08:07 BST" duration-ms="20867">
      <class name="com.ae.qa.testcases.SignUpPageTest">
        <test-method is-config="true" signature="setUp()[pri:0, instance:com.ae.qa.testcases.SignUpPageTest@589b3632]" started-at="2023-05-01T13:07:46 BST" name="setUp" finished-at="2023-05-01T13:07:54 BST" duration-ms="8171" status="PASS">
          <reporter-output>
          </reporter-output>
        </test-method> <!-- setUp -->
        <test-method signature="validateWelcomePageTitle()[pri:1, instance:com.ae.qa.testcases.SignUpPageTest@589b3632]" started-at="2023-05-01T13:07:54 BST" name="validateWelcomePageTitle" finished-at="2023-05-01T13:07:54 BST" duration-ms="1" status="PASS">
          <reporter-output>
          </reporter-output>
        </test-method> <!-- validateWelcomePageTitle -->
        <test-method signature="validateSignUpH2()[pri:2, instance:com.ae.qa.testcases.SignUpPageTest@589b3632]" started-at="2023-05-01T13:07:54 BST" name="validateSignUpH2" finished-at="2023-05-01T13:07:55 BST" duration-ms="65" status="PASS">
          <reporter-output>
          </reporter-output>
        </test-method> <!-- validateSignUpH2 -->
        <test-method signature="validateSignUpNewUser()[pri:3, instance:com.ae.qa.testcases.SignUpPageTest@589b3632]" started-at="2023-05-01T13:07:55 BST" name="validateSignUpNewUser" finished-at="2023-05-01T13:07:55 BST" duration-ms="473" status="PASS">
          <reporter-output>
          </reporter-output>
        </test-method> <!-- validateSignUpNewUser -->
        <test-method signature="validateSignUpAccountInfoH2()[pri:4, instance:com.ae.qa.testcases.SignUpPageTest@589b3632]" started-at="2023-05-01T13:07:55 BST" name="validateSignUpAccountInfoH2" finished-at="2023-05-01T13:07:55 BST" duration-ms="26" status="PASS">
          <reporter-output>
          </reporter-output>
        </test-method> <!-- validateSignUpAccountInfoH2 -->
        <test-method signature="validateSignUp()[pri:5, instance:com.ae.qa.testcases.SignUpPageTest@589b3632]" started-at="2023-05-01T13:07:55 BST" name="validateSignUp" finished-at="2023-05-01T13:07:59 BST" duration-ms="4171" status="PASS">
          <reporter-output>
          </reporter-output>
        </test-method> <!-- validateSignUp -->
        <test-method signature="validateLoggedInUserName()[pri:6, instance:com.ae.qa.testcases.SignUpPageTest@589b3632]" started-at="2023-05-01T13:07:59 BST" name="validateLoggedInUserName" finished-at="2023-05-01T13:08:06 BST" duration-ms="6964" status="PASS">
          <reporter-output>
          </reporter-output>
        </test-method> <!-- validateLoggedInUserName -->
        <test-method is-config="true" signature="tearDown()[pri:0, instance:com.ae.qa.testcases.SignUpPageTest@589b3632]" started-at="2023-05-01T13:08:06 BST" name="tearDown" finished-at="2023-05-01T13:08:07 BST" duration-ms="992" status="PASS">
          <reporter-output>
          </reporter-output>
        </test-method> <!-- tearDown -->
      </class> <!-- com.ae.qa.testcases.SignUpPageTest -->
    </test> <!-- Test Case 1b: Re-register User - exclude user deletion -->
    <test started-at="2023-05-01T13:08:07 BST" name="Test Case 2: Login User with correct email and password " finished-at="2023-05-01T13:08:22 BST" duration-ms="14666">
      <class name="com.ae.qa.testcases.LoginPageTest">
        <test-method is-config="true" signature="setUp()[pri:0, instance:com.ae.qa.testcases.LoginPageTest@1b083826]" started-at="2023-05-01T13:08:07 BST" name="setUp" finished-at="2023-05-01T13:08:16 BST" duration-ms="8387" status="PASS">
          <reporter-output>
          </reporter-output>
        </test-method> <!-- setUp -->
        <test-method signature="validateWelcomePageTitle()[pri:1, instance:com.ae.qa.testcases.LoginPageTest@1b083826]" started-at="2023-05-01T13:08:16 BST" name="validateWelcomePageTitle" finished-at="2023-05-01T13:08:16 BST" duration-ms="0" status="PASS">
          <reporter-output>
          </reporter-output>
        </test-method> <!-- validateWelcomePageTitle -->
        <test-method signature="validateLoginH2()[pri:2, instance:com.ae.qa.testcases.LoginPageTest@1b083826]" started-at="2023-05-01T13:08:16 BST" name="validateLoginH2" finished-at="2023-05-01T13:08:16 BST" duration-ms="60" status="PASS">
          <reporter-output>
          </reporter-output>
        </test-method> <!-- validateLoginH2 -->
        <test-method signature="validateLoginWithValidDetails()[pri:3, instance:com.ae.qa.testcases.LoginPageTest@1b083826]" started-at="2023-05-01T13:08:16 BST" name="validateLoginWithValidDetails" finished-at="2023-05-01T13:08:19 BST" duration-ms="3204" status="PASS">
          <reporter-output>
          </reporter-output>
        </test-method> <!-- validateLoginWithValidDetails -->
        <test-method signature="validateDeletedAccount()[pri:4, instance:com.ae.qa.testcases.LoginPageTest@1b083826]" started-at="2023-05-01T13:08:19 BST" name="validateDeletedAccount" finished-at="2023-05-01T13:08:19 BST" duration-ms="300" status="PASS">
          <reporter-output>
          </reporter-output>
        </test-method> <!-- validateDeletedAccount -->
        <test-method signature="validateContinueDeleteButton()[pri:5, instance:com.ae.qa.testcases.LoginPageTest@1b083826]" started-at="2023-05-01T13:08:19 BST" name="validateContinueDeleteButton" finished-at="2023-05-01T13:08:21 BST" duration-ms="1715" status="PASS">
          <reporter-output>
          </reporter-output>
        </test-method> <!-- validateContinueDeleteButton -->
        <test-method is-config="true" signature="tearDown()[pri:0, instance:com.ae.qa.testcases.LoginPageTest@1b083826]" started-at="2023-05-01T13:08:21 BST" name="tearDown" finished-at="2023-05-01T13:08:22 BST" duration-ms="991" status="PASS">
          <reporter-output>
          </reporter-output>
        </test-method> <!-- tearDown -->
      </class> <!-- com.ae.qa.testcases.LoginPageTest -->
    </test> <!-- Test Case 2: Login User with correct email and password  -->
    <test started-at="2023-05-01T13:08:22 BST" name="Test Case 2b: Re-register User - exclude user deletion" finished-at="2023-05-01T13:08:45 BST" duration-ms="23029">
      <class name="com.ae.qa.testcases.SignUpPageTest">
        <test-method is-config="true" signature="setUp()[pri:0, instance:com.ae.qa.testcases.SignUpPageTest@123f1134]" started-at="2023-05-01T13:08:22 BST" name="setUp" finished-at="2023-05-01T13:08:32 BST" duration-ms="10465" status="PASS">
          <reporter-output>
          </reporter-output>
        </test-method> <!-- setUp -->
        <test-method signature="validateWelcomePageTitle()[pri:1, instance:com.ae.qa.testcases.SignUpPageTest@123f1134]" started-at="2023-05-01T13:08:32 BST" name="validateWelcomePageTitle" finished-at="2023-05-01T13:08:32 BST" duration-ms="0" status="PASS">
          <reporter-output>
          </reporter-output>
        </test-method> <!-- validateWelcomePageTitle -->
        <test-method signature="validateSignUpH2()[pri:2, instance:com.ae.qa.testcases.SignUpPageTest@123f1134]" started-at="2023-05-01T13:08:32 BST" name="validateSignUpH2" finished-at="2023-05-01T13:08:32 BST" duration-ms="55" status="PASS">
          <reporter-output>
          </reporter-output>
        </test-method> <!-- validateSignUpH2 -->
        <test-method signature="validateSignUpNewUser()[pri:3, instance:com.ae.qa.testcases.SignUpPageTest@123f1134]" started-at="2023-05-01T13:08:32 BST" name="validateSignUpNewUser" finished-at="2023-05-01T13:08:33 BST" duration-ms="631" status="PASS">
          <reporter-output>
          </reporter-output>
        </test-method> <!-- validateSignUpNewUser -->
        <test-method signature="validateSignUpAccountInfoH2()[pri:4, instance:com.ae.qa.testcases.SignUpPageTest@123f1134]" started-at="2023-05-01T13:08:33 BST" name="validateSignUpAccountInfoH2" finished-at="2023-05-01T13:08:33 BST" duration-ms="39" status="PASS">
          <reporter-output>
          </reporter-output>
        </test-method> <!-- validateSignUpAccountInfoH2 -->
        <test-method signature="validateSignUp()[pri:5, instance:com.ae.qa.testcases.SignUpPageTest@123f1134]" started-at="2023-05-01T13:08:33 BST" name="validateSignUp" finished-at="2023-05-01T13:08:37 BST" duration-ms="4259" status="PASS">
          <reporter-output>
          </reporter-output>
        </test-method> <!-- validateSignUp -->
        <test-method signature="validateLoggedInUserName()[pri:6, instance:com.ae.qa.testcases.SignUpPageTest@123f1134]" started-at="2023-05-01T13:08:37 BST" name="validateLoggedInUserName" finished-at="2023-05-01T13:08:44 BST" duration-ms="6658" status="PASS">
          <reporter-output>
          </reporter-output>
        </test-method> <!-- validateLoggedInUserName -->
        <test-method is-config="true" signature="tearDown()[pri:0, instance:com.ae.qa.testcases.SignUpPageTest@123f1134]" started-at="2023-05-01T13:08:44 BST" name="tearDown" finished-at="2023-05-01T13:08:45 BST" duration-ms="918" status="PASS">
          <reporter-output>
          </reporter-output>
        </test-method> <!-- tearDown -->
      </class> <!-- com.ae.qa.testcases.SignUpPageTest -->
    </test> <!-- Test Case 2b: Re-register User - exclude user deletion -->
    <test started-at="2023-05-01T13:08:45 BST" name="Test Case 3: Login User with incorrect email and password" finished-at="2023-05-01T13:08:55 BST" duration-ms="9691">
      <class name="com.ae.qa.testcases.LoginPageTest">
        <test-method is-config="true" signature="setUp()[pri:0, instance:com.ae.qa.testcases.LoginPageTest@25b485ba]" started-at="2023-05-01T13:08:45 BST" name="setUp" finished-at="2023-05-01T13:08:53 BST" duration-ms="8240" status="PASS">
          <reporter-output>
          </reporter-output>
        </test-method> <!-- setUp -->
        <test-method signature="validateWelcomePageTitle()[pri:1, instance:com.ae.qa.testcases.LoginPageTest@25b485ba]" started-at="2023-05-01T13:08:53 BST" name="validateWelcomePageTitle" finished-at="2023-05-01T13:08:53 BST" duration-ms="0" status="PASS">
          <reporter-output>
          </reporter-output>
        </test-method> <!-- validateWelcomePageTitle -->
        <test-method signature="validateLoginH2()[pri:2, instance:com.ae.qa.testcases.LoginPageTest@25b485ba]" started-at="2023-05-01T13:08:53 BST" name="validateLoginH2" finished-at="2023-05-01T13:08:53 BST" duration-ms="41" status="PASS">
          <reporter-output>
          </reporter-output>
        </test-method> <!-- validateLoginH2 -->
        <test-method signature="validateLoginWithInValidDetails()[pri:3, instance:com.ae.qa.testcases.LoginPageTest@25b485ba]" started-at="2023-05-01T13:08:53 BST" name="validateLoginWithInValidDetails" finished-at="2023-05-01T13:08:54 BST" duration-ms="456" status="PASS">
          <reporter-output>
          </reporter-output>
        </test-method> <!-- validateLoginWithInValidDetails -->
        <test-method is-config="true" signature="tearDown()[pri:0, instance:com.ae.qa.testcases.LoginPageTest@25b485ba]" started-at="2023-05-01T13:08:54 BST" name="tearDown" finished-at="2023-05-01T13:08:55 BST" duration-ms="950" status="PASS">
          <reporter-output>
          </reporter-output>
        </test-method> <!-- tearDown -->
      </class> <!-- com.ae.qa.testcases.LoginPageTest -->
    </test> <!-- Test Case 3: Login User with incorrect email and password -->
    <test started-at="2023-05-01T13:08:55 BST" name="Test Case 4: Logout User" finished-at="2023-05-01T13:09:07 BST" duration-ms="12712">
      <class name="com.ae.qa.testcases.UserHomePageTest">
        <test-method is-config="true" signature="setUp()[pri:0, instance:com.ae.qa.testcases.UserHomePageTest@25a65b77]" started-at="2023-05-01T13:08:55 BST" name="setUp" finished-at="2023-05-01T13:09:03 BST" duration-ms="8185" status="PASS">
          <reporter-output>
          </reporter-output>
        </test-method> <!-- setUp -->
        <test-method signature="validateWelcomePageTitle()[pri:1, instance:com.ae.qa.testcases.UserHomePageTest@25a65b77]" started-at="2023-05-01T13:09:03 BST" name="validateWelcomePageTitle" finished-at="2023-05-01T13:09:03 BST" duration-ms="9" status="PASS">
          <reporter-output>
          </reporter-output>
        </test-method> <!-- validateWelcomePageTitle -->
        <test-method signature="validateLoginLink()[pri:2, instance:com.ae.qa.testcases.UserHomePageTest@25a65b77]" started-at="2023-05-01T13:09:03 BST" name="validateLoginLink" finished-at="2023-05-01T13:09:03 BST" duration-ms="366" status="PASS">
          <reporter-output>
          </reporter-output>
        </test-method> <!-- validateLoginLink -->
        <test-method signature="validateLoginInfoH2()[pri:3, instance:com.ae.qa.testcases.UserHomePageTest@25a65b77]" started-at="2023-05-01T13:09:03 BST" name="validateLoginInfoH2" finished-at="2023-05-01T13:09:03 BST" duration-ms="57" status="PASS">
          <reporter-output>
          </reporter-output>
        </test-method> <!-- validateLoginInfoH2 -->
        <test-method signature="validateLoginWithValidData()[pri:4, instance:com.ae.qa.testcases.UserHomePageTest@25a65b77]" started-at="2023-05-01T13:09:03 BST" name="validateLoginWithValidData" finished-at="2023-05-01T13:09:05 BST" duration-ms="2220" status="PASS">
          <reporter-output>
          </reporter-output>
        </test-method> <!-- validateLoginWithValidData -->
        <test-method signature="validateLoggedInUserName()[pri:5, instance:com.ae.qa.testcases.UserHomePageTest@25a65b77]" started-at="2023-05-01T13:09:05 BST" name="validateLoggedInUserName" finished-at="2023-05-01T13:09:06 BST" duration-ms="261" status="PASS">
          <reporter-output>
          </reporter-output>
        </test-method> <!-- validateLoggedInUserName -->
        <test-method signature="validateLogoutButton()[pri:6, instance:com.ae.qa.testcases.UserHomePageTest@25a65b77]" started-at="2023-05-01T13:09:06 BST" name="validateLogoutButton" finished-at="2023-05-01T13:09:06 BST" duration-ms="533" status="PASS">
          <reporter-output>
          </reporter-output>
        </test-method> <!-- validateLogoutButton -->
        <test-method signature="verifyLoginPageTitle()[pri:7, instance:com.ae.qa.testcases.UserHomePageTest@25a65b77]" started-at="2023-05-01T13:09:06 BST" name="verifyLoginPageTitle" finished-at="2023-05-01T13:09:06 BST" duration-ms="8" status="PASS">
          <reporter-output>
          </reporter-output>
        </test-method> <!-- verifyLoginPageTitle -->
        <test-method is-config="true" signature="tearDown()[pri:0, instance:com.ae.qa.testcases.UserHomePageTest@25a65b77]" started-at="2023-05-01T13:09:06 BST" name="tearDown" finished-at="2023-05-01T13:09:07 BST" duration-ms="1065" status="PASS">
          <reporter-output>
          </reporter-output>
        </test-method> <!-- tearDown -->
      </class> <!-- com.ae.qa.testcases.UserHomePageTest -->
    </test> <!-- Test Case 4: Logout User -->
    <test started-at="2023-05-01T13:09:07 BST" name="Test Case 5: Register User with existing email" finished-at="2023-05-01T13:09:18 BST" duration-ms="11090">
      <class name="com.ae.qa.testcases.SignUpPageTest">
        <test-method is-config="true" signature="setUp()[pri:0, instance:com.ae.qa.testcases.SignUpPageTest@3c87521]" started-at="2023-05-01T13:09:07 BST" name="setUp" finished-at="2023-05-01T13:09:17 BST" duration-ms="9411" status="PASS">
          <reporter-output>
          </reporter-output>
        </test-method> <!-- setUp -->
        <test-method signature="validateWelcomePageTitle()[pri:1, instance:com.ae.qa.testcases.SignUpPageTest@3c87521]" started-at="2023-05-01T13:09:17 BST" name="validateWelcomePageTitle" finished-at="2023-05-01T13:09:17 BST" duration-ms="0" status="PASS">
          <reporter-output>
          </reporter-output>
        </test-method> <!-- validateWelcomePageTitle -->
        <test-method signature="validateSignUpH2()[pri:2, instance:com.ae.qa.testcases.SignUpPageTest@3c87521]" started-at="2023-05-01T13:09:17 BST" name="validateSignUpH2" finished-at="2023-05-01T13:09:17 BST" duration-ms="71" status="PASS">
          <reporter-output>
          </reporter-output>
        </test-method> <!-- validateSignUpH2 -->
        <test-method signature="validateSignUpExistingUser()[pri:3, instance:com.ae.qa.testcases.SignUpPageTest@3c87521]" started-at="2023-05-01T13:09:17 BST" name="validateSignUpExistingUser" finished-at="2023-05-01T13:09:17 BST" duration-ms="598" status="PASS">
          <reporter-output>
          </reporter-output>
        </test-method> <!-- validateSignUpExistingUser -->
        <test-method is-config="true" signature="tearDown()[pri:0, instance:com.ae.qa.testcases.SignUpPageTest@3c87521]" started-at="2023-05-01T13:09:17 BST" name="tearDown" finished-at="2023-05-01T13:09:18 BST" duration-ms="1006" status="PASS">
          <reporter-output>
          </reporter-output>
        </test-method> <!-- tearDown -->
      </class> <!-- com.ae.qa.testcases.SignUpPageTest -->
    </test> <!-- Test Case 5: Register User with existing email -->
    <test started-at="2023-05-01T13:09:18 BST" name="Test Case 6: Contact Us Form" finished-at="2023-05-01T13:09:34 BST" duration-ms="15739">
      <class name="com.ae.qa.testcases.ContactUsPageTest">
        <test-method is-config="true" signature="setUp()[pri:0, instance:com.ae.qa.testcases.ContactUsPageTest@691a7f8f]" started-at="2023-05-01T13:09:18 BST" name="setUp" finished-at="2023-05-01T13:09:28 BST" duration-ms="9277" status="PASS">
          <reporter-output>
          </reporter-output>
        </test-method> <!-- setUp -->
        <test-method signature="validateWelcomePageTitle()[pri:0, instance:com.ae.qa.testcases.ContactUsPageTest@691a7f8f]" started-at="2023-05-01T13:09:28 BST" name="validateWelcomePageTitle" finished-at="2023-05-01T13:09:28 BST" duration-ms="10" status="PASS">
          <reporter-output>
          </reporter-output>
        </test-method> <!-- validateWelcomePageTitle -->
        <test-method signature="validateContactUsLink()[pri:1, instance:com.ae.qa.testcases.ContactUsPageTest@691a7f8f]" started-at="2023-05-01T13:09:28 BST" name="validateContactUsLink" finished-at="2023-05-01T13:09:29 BST" duration-ms="1099" status="PASS">
          <reporter-output>
          </reporter-output>
        </test-method> <!-- validateContactUsLink -->
        <test-method signature="validateContactUsH2()[pri:2, instance:com.ae.qa.testcases.ContactUsPageTest@691a7f8f]" started-at="2023-05-01T13:09:29 BST" name="validateContactUsH2" finished-at="2023-05-01T13:09:29 BST" duration-ms="63" status="PASS">
          <reporter-output>
          </reporter-output>
        </test-method> <!-- validateContactUsH2 -->
        <test-method signature="validateContactusForm()[pri:3, instance:com.ae.qa.testcases.ContactUsPageTest@691a7f8f]" started-at="2023-05-01T13:09:29 BST" name="validateContactusForm" finished-at="2023-05-01T13:09:30 BST" duration-ms="877" status="PASS">
          <reporter-output>
          </reporter-output>
        </test-method> <!-- validateContactusForm -->
        <test-method signature="validateGetInTouchH2()[pri:4, instance:com.ae.qa.testcases.ContactUsPageTest@691a7f8f]" started-at="2023-05-01T13:09:30 BST" name="validateGetInTouchH2" finished-at="2023-05-01T13:09:30 BST" duration-ms="43" status="PASS">
          <reporter-output>
          </reporter-output>
        </test-method> <!-- validateGetInTouchH2 -->
        <test-method signature="validateHomeButton()[pri:5, instance:com.ae.qa.testcases.ContactUsPageTest@691a7f8f]" started-at="2023-05-01T13:09:30 BST" name="validateHomeButton" finished-at="2023-05-01T13:09:33 BST" duration-ms="3313" status="PASS">
          <reporter-output>
          </reporter-output>
        </test-method> <!-- validateHomeButton -->
        <test-method is-config="true" signature="tearDown()[pri:0, instance:com.ae.qa.testcases.ContactUsPageTest@691a7f8f]" started-at="2023-05-01T13:09:33 BST" name="tearDown" finished-at="2023-05-01T13:09:34 BST" duration-ms="1049" status="PASS">
          <reporter-output>
          </reporter-output>
        </test-method> <!-- tearDown -->
      </class> <!-- com.ae.qa.testcases.ContactUsPageTest -->
    </test> <!-- Test Case 6: Contact Us Form -->
    <test started-at="2023-05-01T13:09:34 BST" name="Test Case 7: Verify Test Cases Page" finished-at="2023-05-01T13:09:43 BST" duration-ms="9260">
      <class name="com.ae.qa.testcases.TestCasesPageTest">
        <test-method is-config="true" signature="setUp()[pri:0, instance:com.ae.qa.testcases.TestCasesPageTest@14ec4505]" started-at="2023-05-01T13:09:34 BST" name="setUp" finished-at="2023-05-01T13:09:42 BST" duration-ms="7852" status="PASS">
          <reporter-output>
          </reporter-output>
        </test-method> <!-- setUp -->
        <test-method signature="validateWelcomePageTitle()[pri:1, instance:com.ae.qa.testcases.TestCasesPageTest@14ec4505]" started-at="2023-05-01T13:09:42 BST" name="validateWelcomePageTitle" finished-at="2023-05-01T13:09:42 BST" duration-ms="4" status="PASS">
          <reporter-output>
          </reporter-output>
        </test-method> <!-- validateWelcomePageTitle -->
        <test-method signature="validateTestCasesLink()[pri:2, instance:com.ae.qa.testcases.TestCasesPageTest@14ec4505]" started-at="2023-05-01T13:09:42 BST" name="validateTestCasesLink" finished-at="2023-05-01T13:09:42 BST" duration-ms="406" status="PASS">
          <reporter-output>
          </reporter-output>
        </test-method> <!-- validateTestCasesLink -->
        <test-method signature="validateTestCasesHeading()[pri:4, instance:com.ae.qa.testcases.TestCasesPageTest@14ec4505]" started-at="2023-05-01T13:09:42 BST" name="validateTestCasesHeading" finished-at="2023-05-01T13:09:42 BST" duration-ms="46" status="PASS">
          <reporter-output>
          </reporter-output>
        </test-method> <!-- validateTestCasesHeading -->
        <test-method is-config="true" signature="tearDown()[pri:0, instance:com.ae.qa.testcases.TestCasesPageTest@14ec4505]" started-at="2023-05-01T13:09:42 BST" name="tearDown" finished-at="2023-05-01T13:09:43 BST" duration-ms="950" status="PASS">
          <reporter-output>
          </reporter-output>
        </test-method> <!-- tearDown -->
      </class> <!-- com.ae.qa.testcases.TestCasesPageTest -->
    </test> <!-- Test Case 7: Verify Test Cases Page -->
    <test started-at="2023-05-01T13:09:43 BST" name="Test Case 8: Verify All Products and product detail page" finished-at="2023-05-01T13:09:57 BST" duration-ms="13257">
      <class name="com.ae.qa.testcases.ProductsPageTest">
        <test-method is-config="true" signature="setUp()[pri:0, instance:com.ae.qa.testcases.ProductsPageTest@6646153]" started-at="2023-05-01T13:09:43 BST" name="setUp" finished-at="2023-05-01T13:09:52 BST" duration-ms="8267" status="PASS">
          <reporter-output>
          </reporter-output>
        </test-method> <!-- setUp -->
        <test-method signature="validateWelcomePageTitle()[pri:1, instance:com.ae.qa.testcases.ProductsPageTest@6646153]" started-at="2023-05-01T13:09:52 BST" name="validateWelcomePageTitle" finished-at="2023-05-01T13:09:52 BST" duration-ms="12" status="PASS">
          <reporter-output>
          </reporter-output>
        </test-method> <!-- validateWelcomePageTitle -->
        <test-method signature="validateProductsLink()[pri:2, instance:com.ae.qa.testcases.ProductsPageTest@6646153]" started-at="2023-05-01T13:09:52 BST" name="validateProductsLink" finished-at="2023-05-01T13:09:54 BST" duration-ms="2414" status="PASS">
          <reporter-output>
          </reporter-output>
        </test-method> <!-- validateProductsLink -->
        <test-method signature="validateProductsDetailsNavigation()[pri:3, instance:com.ae.qa.testcases.ProductsPageTest@6646153]" started-at="2023-05-01T13:09:54 BST" name="validateProductsDetailsNavigation" finished-at="2023-05-01T13:09:55 BST" duration-ms="1135" status="PASS">
          <reporter-output>
          </reporter-output>
        </test-method> <!-- validateProductsDetailsNavigation -->
        <test-method signature="validateProductAddToCartVisibility()[pri:4, instance:com.ae.qa.testcases.ProductsPageTest@6646153]" started-at="2023-05-01T13:09:55 BST" name="validateProductAddToCartVisibility" finished-at="2023-05-01T13:09:55 BST" duration-ms="47" status="PASS">
          <reporter-output>
          </reporter-output>
        </test-method> <!-- validateProductAddToCartVisibility -->
        <test-method signature="validateProductAvailableVisibility()[pri:4, instance:com.ae.qa.testcases.ProductsPageTest@6646153]" started-at="2023-05-01T13:09:55 BST" name="validateProductAvailableVisibility" finished-at="2023-05-01T13:09:55 BST" duration-ms="65" status="PASS">
          <reporter-output>
          </reporter-output>
        </test-method> <!-- validateProductAvailableVisibility -->
        <test-method signature="validateProductBrandVisibility()[pri:4, instance:com.ae.qa.testcases.ProductsPageTest@6646153]" started-at="2023-05-01T13:09:55 BST" name="validateProductBrandVisibility" finished-at="2023-05-01T13:09:55 BST" duration-ms="65" status="PASS">
          <reporter-output>
          </reporter-output>
        </test-method> <!-- validateProductBrandVisibility -->
        <test-method signature="validateProductCategortVisibility()[pri:4, instance:com.ae.qa.testcases.ProductsPageTest@6646153]" started-at="2023-05-01T13:09:55 BST" name="validateProductCategortVisibility" finished-at="2023-05-01T13:09:55 BST" duration-ms="86" status="PASS">
          <reporter-output>
          </reporter-output>
        </test-method> <!-- validateProductCategortVisibility -->
        <test-method signature="validateProductConditionVisibility()[pri:4, instance:com.ae.qa.testcases.ProductsPageTest@6646153]" started-at="2023-05-01T13:09:55 BST" name="validateProductConditionVisibility" finished-at="2023-05-01T13:09:56 BST" duration-ms="91" status="PASS">
          <reporter-output>
          </reporter-output>
        </test-method> <!-- validateProductConditionVisibility -->
        <test-method signature="validateProductNameVisibility()[pri:4, instance:com.ae.qa.testcases.ProductsPageTest@6646153]" started-at="2023-05-01T13:09:56 BST" name="validateProductNameVisibility" finished-at="2023-05-01T13:09:56 BST" duration-ms="94" status="PASS">
          <reporter-output>
          </reporter-output>
        </test-method> <!-- validateProductNameVisibility -->
        <test-method signature="validateProductPriceVisibility()[pri:4, instance:com.ae.qa.testcases.ProductsPageTest@6646153]" started-at="2023-05-01T13:09:56 BST" name="validateProductPriceVisibility" finished-at="2023-05-01T13:09:56 BST" duration-ms="52" status="PASS">
          <reporter-output>
          </reporter-output>
        </test-method> <!-- validateProductPriceVisibility -->
        <test-method is-config="true" signature="tearDown()[pri:0, instance:com.ae.qa.testcases.ProductsPageTest@6646153]" started-at="2023-05-01T13:09:56 BST" name="tearDown" finished-at="2023-05-01T13:09:57 BST" duration-ms="921" status="PASS">
          <reporter-output>
          </reporter-output>
        </test-method> <!-- tearDown -->
      </class> <!-- com.ae.qa.testcases.ProductsPageTest -->
    </test> <!-- Test Case 8: Verify All Products and product detail page -->
    <test started-at="2023-05-01T13:09:57 BST" name="Test Case 9: Search Product" finished-at="2023-05-01T13:10:10 BST" duration-ms="12858">
      <class name="com.ae.qa.testcases.SearchProductsPageTest">
        <test-method is-config="true" signature="setUp()[pri:0, instance:com.ae.qa.testcases.SearchProductsPageTest@f2f2cc1]" started-at="2023-05-01T13:09:57 BST" name="setUp" finished-at="2023-05-01T13:10:05 BST" duration-ms="7981" status="PASS">
          <reporter-output>
          </reporter-output>
        </test-method> <!-- setUp -->
        <test-method signature="validateWelcomePageTitle()[pri:1, instance:com.ae.qa.testcases.SearchProductsPageTest@f2f2cc1]" started-at="2023-05-01T13:10:05 BST" name="validateWelcomePageTitle" finished-at="2023-05-01T13:10:05 BST" duration-ms="5" status="PASS">
          <reporter-output>
          </reporter-output>
        </test-method> <!-- validateWelcomePageTitle -->
        <test-method signature="validateProductsLink()[pri:2, instance:com.ae.qa.testcases.SearchProductsPageTest@f2f2cc1]" started-at="2023-05-01T13:10:05 BST" name="validateProductsLink" finished-at="2023-05-01T13:10:06 BST" duration-ms="1690" status="PASS">
          <reporter-output>
          </reporter-output>
        </test-method> <!-- validateProductsLink -->
        <test-method signature="validateSearchProductField()[pri:3, instance:com.ae.qa.testcases.SearchProductsPageTest@f2f2cc1]" started-at="2023-05-01T13:10:06 BST" name="validateSearchProductField" finished-at="2023-05-01T13:10:08 BST" duration-ms="1810" status="PASS">
          <reporter-output>
          </reporter-output>
        </test-method> <!-- validateSearchProductField -->
        <test-method signature="validateSearchedProductsVisibility()[pri:4, instance:com.ae.qa.testcases.SearchProductsPageTest@f2f2cc1]" started-at="2023-05-01T13:10:08 BST" name="validateSearchedProductsVisibility" finished-at="2023-05-01T13:10:09 BST" duration-ms="478" status="PASS">
          <reporter-output>
          </reporter-output>
        </test-method> <!-- validateSearchedProductsVisibility -->
        <test-method is-config="true" signature="tearDown()[pri:0, instance:com.ae.qa.testcases.SearchProductsPageTest@f2f2cc1]" started-at="2023-05-01T13:10:09 BST" name="tearDown" finished-at="2023-05-01T13:10:10 BST" duration-ms="888" status="PASS">
          <reporter-output>
          </reporter-output>
        </test-method> <!-- tearDown -->
      </class> <!-- com.ae.qa.testcases.SearchProductsPageTest -->
    </test> <!-- Test Case 9: Search Product -->
    <test started-at="2023-05-01T13:10:10 BST" name="Test Case 10: Verify Subscription in home page" finished-at="2023-05-01T13:10:21 BST" duration-ms="11928">
      <class name="com.ae.qa.testcases.WelcomePageTest">
        <test-method is-config="true" signature="setUp()[pri:0, instance:com.ae.qa.testcases.WelcomePageTest@3e3047e6]" started-at="2023-05-01T13:10:10 BST" name="setUp" finished-at="2023-05-01T13:10:18 BST" duration-ms="8320" status="PASS">
          <reporter-output>
          </reporter-output>
        </test-method> <!-- setUp -->
        <test-method signature="validateWelcomePageTitle()[pri:0, instance:com.ae.qa.testcases.WelcomePageTest@3e3047e6]" started-at="2023-05-01T13:10:18 BST" name="validateWelcomePageTitle" finished-at="2023-05-01T13:10:18 BST" duration-ms="4" status="PASS">
          <reporter-output>
          </reporter-output>
        </test-method> <!-- validateWelcomePageTitle -->
        <test-method signature="validateScrolldownGetSubscriptionH2()[pri:0, instance:com.ae.qa.testcases.WelcomePageTest@3e3047e6]" started-at="2023-05-01T13:10:18 BST" name="validateScrolldownGetSubscriptionH2" finished-at="2023-05-01T13:10:18 BST" duration-ms="215" status="PASS">
          <reporter-output>
          </reporter-output>
        </test-method> <!-- validateScrolldownGetSubscriptionH2 -->
        <test-method signature="validateSubscription()[pri:0, instance:com.ae.qa.testcases.WelcomePageTest@3e3047e6]" started-at="2023-05-01T13:10:18 BST" name="validateSubscription" finished-at="2023-05-01T13:10:19 BST" duration-ms="448" status="PASS">
          <reporter-output>
          </reporter-output>
        </test-method> <!-- validateSubscription -->
        <test-method is-config="true" signature="teardown()[pri:0, instance:com.ae.qa.testcases.WelcomePageTest@3e3047e6]" started-at="2023-05-01T13:10:19 BST" name="teardown" finished-at="2023-05-01T13:10:21 BST" duration-ms="2939" status="PASS">
          <reporter-output>
          </reporter-output>
        </test-method> <!-- teardown -->
      </class> <!-- com.ae.qa.testcases.WelcomePageTest -->
    </test> <!-- Test Case 10: Verify Subscription in home page -->
    <test started-at="2023-05-01T13:10:22 BST" name="Test Case 11: Verify Subscription in Cart page" finished-at="2023-05-01T13:10:46 BST" duration-ms="24791">
      <class name="com.ae.qa.testcases.CartPageTest">
        <test-method is-config="true" signature="setup()[pri:0, instance:com.ae.qa.testcases.CartPageTest@71c8becc]" started-at="2023-05-01T13:10:22 BST" name="setup" finished-at="2023-05-01T13:10:46 BST" duration-ms="24774" status="FAIL">
          <exception class="org.openqa.selenium.TimeoutException">
            <message>
              <![CDATA[TimedPromise timed out after 20000 ms
Build info: version: '4.0.0', revision: '3a21814679'
System info: host: 'ks-MacBook-Air.local', ip: '2a00:23c7:6b19:1801:e4c3:c80e:95e0:8f86%en0', os.name: 'Mac OS X', os.arch: 'x86_64', os.version: '12.6.5', java.version: '17.0.6'
Driver info: org.openqa.selenium.firefox.FirefoxDriver
Command: [a46b8774-9096-48ec-913d-4fef202cf2b0, get {url=https://automationexercise.com}]
Capabilities {acceptInsecureCerts: true, browserName: firefox, browserVersion: 112.0.1, javascriptEnabled: true, moz:accessibilityChecks: false, moz:buildID: 20230414125621, moz:debuggerAddress: 127.0.0.1:50095, moz:geckodriverVersion: 0.33.0, moz:headless: false, moz:platformVersion: 21.6.0, moz:processID: 68232, moz:profile: /var/folders/6t/2wrb61y14lb..., moz:shutdownTimeout: 60000, moz:useNonSpecCompliantPointerOrigin: false, moz:webdriverClick: true, moz:windowless: false, pageLoadStrategy: normal, platform: MAC, platformName: MAC, proxy: Proxy(), se:cdp: ws://127.0.0.1:50095/devtoo..., se:cdpVersion: 85, setWindowRect: true, strictFileInteractability: false, timeouts: {implicit: 0, pageLoad: 300000, script: 30000}, unhandledPromptBehavior: dismiss and notify}
Session ID: a46b8774-9096-48ec-913d-4fef202cf2b0]]>
            </message>
            <full-stacktrace>
              <![CDATA[org.openqa.selenium.TimeoutException: TimedPromise timed out after 20000 ms
Build info: version: '4.0.0', revision: '3a21814679'
System info: host: 'ks-MacBook-Air.local', ip: '2a00:23c7:6b19:1801:e4c3:c80e:95e0:8f86%en0', os.name: 'Mac OS X', os.arch: 'x86_64', os.version: '12.6.5', java.version: '17.0.6'
Driver info: org.openqa.selenium.firefox.FirefoxDriver
Command: [a46b8774-9096-48ec-913d-4fef202cf2b0, get {url=https://automationexercise.com}]
Capabilities {acceptInsecureCerts: true, browserName: firefox, browserVersion: 112.0.1, javascriptEnabled: true, moz:accessibilityChecks: false, moz:buildID: 20230414125621, moz:debuggerAddress: 127.0.0.1:50095, moz:geckodriverVersion: 0.33.0, moz:headless: false, moz:platformVersion: 21.6.0, moz:processID: 68232, moz:profile: /var/folders/6t/2wrb61y14lb..., moz:shutdownTimeout: 60000, moz:useNonSpecCompliantPointerOrigin: false, moz:webdriverClick: true, moz:windowless: false, pageLoadStrategy: normal, platform: MAC, platformName: MAC, proxy: Proxy(), se:cdp: ws://127.0.0.1:50095/devtoo..., se:cdpVersion: 85, setWindowRect: true, strictFileInteractability: false, timeouts: {implicit: 0, pageLoad: 300000, script: 30000}, unhandledPromptBehavior: dismiss and notify}
Session ID: a46b8774-9096-48ec-913d-4fef202cf2b0
at java.base/jdk.internal.reflect.NativeConstructorAccessorImpl.newInstance0(Native Method)
at java.base/jdk.internal.reflect.NativeConstructorAccessorImpl.newInstance(NativeConstructorAccessorImpl.java:77)
at java.base/jdk.internal.reflect.DelegatingConstructorAccessorImpl.newInstance(DelegatingConstructorAccessorImpl.java:45)
at java.base/java.lang.reflect.Constructor.newInstanceWithCaller(Constructor.java:499)
at java.base/java.lang.reflect.Constructor.newInstance(Constructor.java:480)
at org.openqa.selenium.remote.codec.w3c.W3CHttpResponseCodec.createException(W3CHttpResponseCodec.java:200)
at org.openqa.selenium.remote.codec.w3c.W3CHttpResponseCodec.decode(W3CHttpResponseCodec.java:133)
at org.openqa.selenium.remote.codec.w3c.W3CHttpResponseCodec.decode(W3CHttpResponseCodec.java:53)
at org.openqa.selenium.remote.HttpCommandExecutor.execute(HttpCommandExecutor.java:184)
at org.openqa.selenium.remote.service.DriverCommandExecutor.invokeExecute(DriverCommandExecutor.java:164)
at org.openqa.selenium.remote.service.DriverCommandExecutor.execute(DriverCommandExecutor.java:139)
at org.openqa.selenium.remote.RemoteWebDriver.execute(RemoteWebDriver.java:559)
at org.openqa.selenium.remote.RemoteWebDriver.get(RemoteWebDriver.java:328)
at com.ae.qa.base.TestBase.initialization(TestBase.java:66)
at com.ae.qa.testcases.CartPageTest.setup(CartPageTest.java:25)
at java.base/jdk.internal.reflect.NativeMethodAccessorImpl.invoke0(Native Method)
at java.base/jdk.internal.reflect.NativeMethodAccessorImpl.invoke(NativeMethodAccessorImpl.java:77)
at java.base/jdk.internal.reflect.DelegatingMethodAccessorImpl.invoke(DelegatingMethodAccessorImpl.java:43)
at java.base/java.lang.reflect.Method.invoke(Method.java:568)
at org.testng.internal.MethodInvocationHelper.invokeMethod(MethodInvocationHelper.java:133)
at org.testng.internal.MethodInvocationHelper.invokeMethodConsideringTimeout(MethodInvocationHelper.java:62)
at org.testng.internal.ConfigInvoker.invokeConfigurationMethod(ConfigInvoker.java:385)
at org.testng.internal.ConfigInvoker.invokeConfigurations(ConfigInvoker.java:321)
at org.testng.internal.TestMethodWorker.invokeBeforeClassMethods(TestMethodWorker.java:176)
at org.testng.internal.TestMethodWorker.run(TestMethodWorker.java:122)
at java.base/java.util.ArrayList.forEach(ArrayList.java:1511)
at org.testng.TestRunner.privateRun(TestRunner.java:794)
at org.testng.TestRunner.run(TestRunner.java:596)
at org.testng.SuiteRunner.runTest(SuiteRunner.java:377)
at org.testng.SuiteRunner.runSequentially(SuiteRunner.java:371)
at org.testng.SuiteRunner.privateRun(SuiteRunner.java:332)
at org.testng.SuiteRunner.run(SuiteRunner.java:276)
at org.testng.SuiteRunnerWorker.runSuite(SuiteRunnerWorker.java:53)
at org.testng.SuiteRunnerWorker.run(SuiteRunnerWorker.java:96)
at org.testng.TestNG.runSuitesSequentially(TestNG.java:1212)
at org.testng.TestNG.runSuitesLocally(TestNG.java:1134)
at org.testng.TestNG.runSuites(TestNG.java:1063)
at org.testng.TestNG.run(TestNG.java:1031)
at com.intellij.rt.testng.IDEARemoteTestNG.run(IDEARemoteTestNG.java:66)
at com.intellij.rt.testng.RemoteTestNGStarter.main(RemoteTestNGStarter.java:109)
]]>
            </full-stacktrace>
          </exception> <!-- org.openqa.selenium.TimeoutException -->
          <reporter-output>
          </reporter-output>
        </test-method> <!-- setup -->
        <test-method signature="validateWelcomePageTitle()[pri:0, instance:com.ae.qa.testcases.CartPageTest@71c8becc]" started-at="2023-05-01T13:10:46 BST" name="validateWelcomePageTitle" finished-at="2023-05-01T13:10:46 BST" duration-ms="0" status="SKIP">
          <exception class="org.openqa.selenium.TimeoutException">
            <message>
              <![CDATA[TimedPromise timed out after 20000 ms
Build info: version: '4.0.0', revision: '3a21814679'
System info: host: 'ks-MacBook-Air.local', ip: '2a00:23c7:6b19:1801:e4c3:c80e:95e0:8f86%en0', os.name: 'Mac OS X', os.arch: 'x86_64', os.version: '12.6.5', java.version: '17.0.6'
Driver info: org.openqa.selenium.firefox.FirefoxDriver
Command: [a46b8774-9096-48ec-913d-4fef202cf2b0, get {url=https://automationexercise.com}]
Capabilities {acceptInsecureCerts: true, browserName: firefox, browserVersion: 112.0.1, javascriptEnabled: true, moz:accessibilityChecks: false, moz:buildID: 20230414125621, moz:debuggerAddress: 127.0.0.1:50095, moz:geckodriverVersion: 0.33.0, moz:headless: false, moz:platformVersion: 21.6.0, moz:processID: 68232, moz:profile: /var/folders/6t/2wrb61y14lb..., moz:shutdownTimeout: 60000, moz:useNonSpecCompliantPointerOrigin: false, moz:webdriverClick: true, moz:windowless: false, pageLoadStrategy: normal, platform: MAC, platformName: MAC, proxy: Proxy(), se:cdp: ws://127.0.0.1:50095/devtoo..., se:cdpVersion: 85, setWindowRect: true, strictFileInteractability: false, timeouts: {implicit: 0, pageLoad: 300000, script: 30000}, unhandledPromptBehavior: dismiss and notify}
Session ID: a46b8774-9096-48ec-913d-4fef202cf2b0]]>
            </message>
            <full-stacktrace>
              <![CDATA[org.openqa.selenium.TimeoutException: TimedPromise timed out after 20000 ms
Build info: version: '4.0.0', revision: '3a21814679'
System info: host: 'ks-MacBook-Air.local', ip: '2a00:23c7:6b19:1801:e4c3:c80e:95e0:8f86%en0', os.name: 'Mac OS X', os.arch: 'x86_64', os.version: '12.6.5', java.version: '17.0.6'
Driver info: org.openqa.selenium.firefox.FirefoxDriver
Command: [a46b8774-9096-48ec-913d-4fef202cf2b0, get {url=https://automationexercise.com}]
Capabilities {acceptInsecureCerts: true, browserName: firefox, browserVersion: 112.0.1, javascriptEnabled: true, moz:accessibilityChecks: false, moz:buildID: 20230414125621, moz:debuggerAddress: 127.0.0.1:50095, moz:geckodriverVersion: 0.33.0, moz:headless: false, moz:platformVersion: 21.6.0, moz:processID: 68232, moz:profile: /var/folders/6t/2wrb61y14lb..., moz:shutdownTimeout: 60000, moz:useNonSpecCompliantPointerOrigin: false, moz:webdriverClick: true, moz:windowless: false, pageLoadStrategy: normal, platform: MAC, platformName: MAC, proxy: Proxy(), se:cdp: ws://127.0.0.1:50095/devtoo..., se:cdpVersion: 85, setWindowRect: true, strictFileInteractability: false, timeouts: {implicit: 0, pageLoad: 300000, script: 30000}, unhandledPromptBehavior: dismiss and notify}
Session ID: a46b8774-9096-48ec-913d-4fef202cf2b0
at java.base/jdk.internal.reflect.NativeConstructorAccessorImpl.newInstance0(Native Method)
at java.base/jdk.internal.reflect.NativeConstructorAccessorImpl.newInstance(NativeConstructorAccessorImpl.java:77)
at java.base/jdk.internal.reflect.DelegatingConstructorAccessorImpl.newInstance(DelegatingConstructorAccessorImpl.java:45)
at java.base/java.lang.reflect.Constructor.newInstanceWithCaller(Constructor.java:499)
at java.base/java.lang.reflect.Constructor.newInstance(Constructor.java:480)
at org.openqa.selenium.remote.codec.w3c.W3CHttpResponseCodec.createException(W3CHttpResponseCodec.java:200)
at org.openqa.selenium.remote.codec.w3c.W3CHttpResponseCodec.decode(W3CHttpResponseCodec.java:133)
at org.openqa.selenium.remote.codec.w3c.W3CHttpResponseCodec.decode(W3CHttpResponseCodec.java:53)
at org.openqa.selenium.remote.HttpCommandExecutor.execute(HttpCommandExecutor.java:184)
at org.openqa.selenium.remote.service.DriverCommandExecutor.invokeExecute(DriverCommandExecutor.java:164)
at org.openqa.selenium.remote.service.DriverCommandExecutor.execute(DriverCommandExecutor.java:139)
at org.openqa.selenium.remote.RemoteWebDriver.execute(RemoteWebDriver.java:559)
at org.openqa.selenium.remote.RemoteWebDriver.get(RemoteWebDriver.java:328)
at com.ae.qa.base.TestBase.initialization(TestBase.java:66)
at com.ae.qa.testcases.CartPageTest.setup(CartPageTest.java:25)
at java.base/jdk.internal.reflect.NativeMethodAccessorImpl.invoke0(Native Method)
at java.base/jdk.internal.reflect.NativeMethodAccessorImpl.invoke(NativeMethodAccessorImpl.java:77)
at java.base/jdk.internal.reflect.DelegatingMethodAccessorImpl.invoke(DelegatingMethodAccessorImpl.java:43)
at java.base/java.lang.reflect.Method.invoke(Method.java:568)
at org.testng.internal.MethodInvocationHelper.invokeMethod(MethodInvocationHelper.java:133)
at org.testng.internal.MethodInvocationHelper.invokeMethodConsideringTimeout(MethodInvocationHelper.java:62)
at org.testng.internal.ConfigInvoker.invokeConfigurationMethod(ConfigInvoker.java:385)
at org.testng.internal.ConfigInvoker.invokeConfigurations(ConfigInvoker.java:321)
at org.testng.internal.TestMethodWorker.invokeBeforeClassMethods(TestMethodWorker.java:176)
at org.testng.internal.TestMethodWorker.run(TestMethodWorker.java:122)
at java.base/java.util.ArrayList.forEach(ArrayList.java:1511)
at org.testng.TestRunner.privateRun(TestRunner.java:794)
at org.testng.TestRunner.run(TestRunner.java:596)
at org.testng.SuiteRunner.runTest(SuiteRunner.java:377)
at org.testng.SuiteRunner.runSequentially(SuiteRunner.java:371)
at org.testng.SuiteRunner.privateRun(SuiteRunner.java:332)
at org.testng.SuiteRunner.run(SuiteRunner.java:276)
at org.testng.SuiteRunnerWorker.runSuite(SuiteRunnerWorker.java:53)
at org.testng.SuiteRunnerWorker.run(SuiteRunnerWorker.java:96)
at org.testng.TestNG.runSuitesSequentially(TestNG.java:1212)
at org.testng.TestNG.runSuitesLocally(TestNG.java:1134)
at org.testng.TestNG.runSuites(TestNG.java:1063)
at org.testng.TestNG.run(TestNG.java:1031)
at com.intellij.rt.testng.IDEARemoteTestNG.run(IDEARemoteTestNG.java:66)
at com.intellij.rt.testng.RemoteTestNGStarter.main(RemoteTestNGStarter.java:109)
]]>
            </full-stacktrace>
          </exception> <!-- org.openqa.selenium.TimeoutException -->
          <reporter-output>
          </reporter-output>
        </test-method> <!-- validateWelcomePageTitle -->
        <test-method signature="validateCartPageTitle()[pri:0, instance:com.ae.qa.testcases.CartPageTest@71c8becc]" started-at="2023-05-01T13:10:46 BST" name="validateCartPageTitle" finished-at="2023-05-01T13:10:46 BST" duration-ms="0" status="SKIP">
          <exception class="org.openqa.selenium.TimeoutException">
            <message>
              <![CDATA[TimedPromise timed out after 20000 ms
Build info: version: '4.0.0', revision: '3a21814679'
System info: host: 'ks-MacBook-Air.local', ip: '2a00:23c7:6b19:1801:e4c3:c80e:95e0:8f86%en0', os.name: 'Mac OS X', os.arch: 'x86_64', os.version: '12.6.5', java.version: '17.0.6'
Driver info: org.openqa.selenium.firefox.FirefoxDriver
Command: [a46b8774-9096-48ec-913d-4fef202cf2b0, get {url=https://automationexercise.com}]
Capabilities {acceptInsecureCerts: true, browserName: firefox, browserVersion: 112.0.1, javascriptEnabled: true, moz:accessibilityChecks: false, moz:buildID: 20230414125621, moz:debuggerAddress: 127.0.0.1:50095, moz:geckodriverVersion: 0.33.0, moz:headless: false, moz:platformVersion: 21.6.0, moz:processID: 68232, moz:profile: /var/folders/6t/2wrb61y14lb..., moz:shutdownTimeout: 60000, moz:useNonSpecCompliantPointerOrigin: false, moz:webdriverClick: true, moz:windowless: false, pageLoadStrategy: normal, platform: MAC, platformName: MAC, proxy: Proxy(), se:cdp: ws://127.0.0.1:50095/devtoo..., se:cdpVersion: 85, setWindowRect: true, strictFileInteractability: false, timeouts: {implicit: 0, pageLoad: 300000, script: 30000}, unhandledPromptBehavior: dismiss and notify}
Session ID: a46b8774-9096-48ec-913d-4fef202cf2b0]]>
            </message>
            <full-stacktrace>
              <![CDATA[org.openqa.selenium.TimeoutException: TimedPromise timed out after 20000 ms
Build info: version: '4.0.0', revision: '3a21814679'
System info: host: 'ks-MacBook-Air.local', ip: '2a00:23c7:6b19:1801:e4c3:c80e:95e0:8f86%en0', os.name: 'Mac OS X', os.arch: 'x86_64', os.version: '12.6.5', java.version: '17.0.6'
Driver info: org.openqa.selenium.firefox.FirefoxDriver
Command: [a46b8774-9096-48ec-913d-4fef202cf2b0, get {url=https://automationexercise.com}]
Capabilities {acceptInsecureCerts: true, browserName: firefox, browserVersion: 112.0.1, javascriptEnabled: true, moz:accessibilityChecks: false, moz:buildID: 20230414125621, moz:debuggerAddress: 127.0.0.1:50095, moz:geckodriverVersion: 0.33.0, moz:headless: false, moz:platformVersion: 21.6.0, moz:processID: 68232, moz:profile: /var/folders/6t/2wrb61y14lb..., moz:shutdownTimeout: 60000, moz:useNonSpecCompliantPointerOrigin: false, moz:webdriverClick: true, moz:windowless: false, pageLoadStrategy: normal, platform: MAC, platformName: MAC, proxy: Proxy(), se:cdp: ws://127.0.0.1:50095/devtoo..., se:cdpVersion: 85, setWindowRect: true, strictFileInteractability: false, timeouts: {implicit: 0, pageLoad: 300000, script: 30000}, unhandledPromptBehavior: dismiss and notify}
Session ID: a46b8774-9096-48ec-913d-4fef202cf2b0
at java.base/jdk.internal.reflect.NativeConstructorAccessorImpl.newInstance0(Native Method)
at java.base/jdk.internal.reflect.NativeConstructorAccessorImpl.newInstance(NativeConstructorAccessorImpl.java:77)
at java.base/jdk.internal.reflect.DelegatingConstructorAccessorImpl.newInstance(DelegatingConstructorAccessorImpl.java:45)
at java.base/java.lang.reflect.Constructor.newInstanceWithCaller(Constructor.java:499)
at java.base/java.lang.reflect.Constructor.newInstance(Constructor.java:480)
at org.openqa.selenium.remote.codec.w3c.W3CHttpResponseCodec.createException(W3CHttpResponseCodec.java:200)
at org.openqa.selenium.remote.codec.w3c.W3CHttpResponseCodec.decode(W3CHttpResponseCodec.java:133)
at org.openqa.selenium.remote.codec.w3c.W3CHttpResponseCodec.decode(W3CHttpResponseCodec.java:53)
at org.openqa.selenium.remote.HttpCommandExecutor.execute(HttpCommandExecutor.java:184)
at org.openqa.selenium.remote.service.DriverCommandExecutor.invokeExecute(DriverCommandExecutor.java:164)
at org.openqa.selenium.remote.service.DriverCommandExecutor.execute(DriverCommandExecutor.java:139)
at org.openqa.selenium.remote.RemoteWebDriver.execute(RemoteWebDriver.java:559)
at org.openqa.selenium.remote.RemoteWebDriver.get(RemoteWebDriver.java:328)
at com.ae.qa.base.TestBase.initialization(TestBase.java:66)
at com.ae.qa.testcases.CartPageTest.setup(CartPageTest.java:25)
at java.base/jdk.internal.reflect.NativeMethodAccessorImpl.invoke0(Native Method)
at java.base/jdk.internal.reflect.NativeMethodAccessorImpl.invoke(NativeMethodAccessorImpl.java:77)
at java.base/jdk.internal.reflect.DelegatingMethodAccessorImpl.invoke(DelegatingMethodAccessorImpl.java:43)
at java.base/java.lang.reflect.Method.invoke(Method.java:568)
at org.testng.internal.MethodInvocationHelper.invokeMethod(MethodInvocationHelper.java:133)
at org.testng.internal.MethodInvocationHelper.invokeMethodConsideringTimeout(MethodInvocationHelper.java:62)
at org.testng.internal.ConfigInvoker.invokeConfigurationMethod(ConfigInvoker.java:385)
at org.testng.internal.ConfigInvoker.invokeConfigurations(ConfigInvoker.java:321)
at org.testng.internal.TestMethodWorker.invokeBeforeClassMethods(TestMethodWorker.java:176)
at org.testng.internal.TestMethodWorker.run(TestMethodWorker.java:122)
at java.base/java.util.ArrayList.forEach(ArrayList.java:1511)
at org.testng.TestRunner.privateRun(TestRunner.java:794)
at org.testng.TestRunner.run(TestRunner.java:596)
at org.testng.SuiteRunner.runTest(SuiteRunner.java:377)
at org.testng.SuiteRunner.runSequentially(SuiteRunner.java:371)
at org.testng.SuiteRunner.privateRun(SuiteRunner.java:332)
at org.testng.SuiteRunner.run(SuiteRunner.java:276)
at org.testng.SuiteRunnerWorker.runSuite(SuiteRunnerWorker.java:53)
at org.testng.SuiteRunnerWorker.run(SuiteRunnerWorker.java:96)
at org.testng.TestNG.runSuitesSequentially(TestNG.java:1212)
at org.testng.TestNG.runSuitesLocally(TestNG.java:1134)
at org.testng.TestNG.runSuites(TestNG.java:1063)
at org.testng.TestNG.run(TestNG.java:1031)
at com.intellij.rt.testng.IDEARemoteTestNG.run(IDEARemoteTestNG.java:66)
at com.intellij.rt.testng.RemoteTestNGStarter.main(RemoteTestNGStarter.java:109)
]]>
            </full-stacktrace>
          </exception> <!-- org.openqa.selenium.TimeoutException -->
          <reporter-output>
          </reporter-output>
        </test-method> <!-- validateCartPageTitle -->
        <test-method signature="validateScrollDownGetSubscriptionH2()[pri:0, instance:com.ae.qa.testcases.CartPageTest@71c8becc]" started-at="2023-05-01T13:10:46 BST" name="validateScrollDownGetSubscriptionH2" finished-at="2023-05-01T13:10:46 BST" duration-ms="0" status="SKIP">
          <exception class="org.openqa.selenium.TimeoutException">
            <message>
              <![CDATA[TimedPromise timed out after 20000 ms
Build info: version: '4.0.0', revision: '3a21814679'
System info: host: 'ks-MacBook-Air.local', ip: '2a00:23c7:6b19:1801:e4c3:c80e:95e0:8f86%en0', os.name: 'Mac OS X', os.arch: 'x86_64', os.version: '12.6.5', java.version: '17.0.6'
Driver info: org.openqa.selenium.firefox.FirefoxDriver
Command: [a46b8774-9096-48ec-913d-4fef202cf2b0, get {url=https://automationexercise.com}]
Capabilities {acceptInsecureCerts: true, browserName: firefox, browserVersion: 112.0.1, javascriptEnabled: true, moz:accessibilityChecks: false, moz:buildID: 20230414125621, moz:debuggerAddress: 127.0.0.1:50095, moz:geckodriverVersion: 0.33.0, moz:headless: false, moz:platformVersion: 21.6.0, moz:processID: 68232, moz:profile: /var/folders/6t/2wrb61y14lb..., moz:shutdownTimeout: 60000, moz:useNonSpecCompliantPointerOrigin: false, moz:webdriverClick: true, moz:windowless: false, pageLoadStrategy: normal, platform: MAC, platformName: MAC, proxy: Proxy(), se:cdp: ws://127.0.0.1:50095/devtoo..., se:cdpVersion: 85, setWindowRect: true, strictFileInteractability: false, timeouts: {implicit: 0, pageLoad: 300000, script: 30000}, unhandledPromptBehavior: dismiss and notify}
Session ID: a46b8774-9096-48ec-913d-4fef202cf2b0]]>
            </message>
            <full-stacktrace>
              <![CDATA[org.openqa.selenium.TimeoutException: TimedPromise timed out after 20000 ms
Build info: version: '4.0.0', revision: '3a21814679'
System info: host: 'ks-MacBook-Air.local', ip: '2a00:23c7:6b19:1801:e4c3:c80e:95e0:8f86%en0', os.name: 'Mac OS X', os.arch: 'x86_64', os.version: '12.6.5', java.version: '17.0.6'
Driver info: org.openqa.selenium.firefox.FirefoxDriver
Command: [a46b8774-9096-48ec-913d-4fef202cf2b0, get {url=https://automationexercise.com}]
Capabilities {acceptInsecureCerts: true, browserName: firefox, browserVersion: 112.0.1, javascriptEnabled: true, moz:accessibilityChecks: false, moz:buildID: 20230414125621, moz:debuggerAddress: 127.0.0.1:50095, moz:geckodriverVersion: 0.33.0, moz:headless: false, moz:platformVersion: 21.6.0, moz:processID: 68232, moz:profile: /var/folders/6t/2wrb61y14lb..., moz:shutdownTimeout: 60000, moz:useNonSpecCompliantPointerOrigin: false, moz:webdriverClick: true, moz:windowless: false, pageLoadStrategy: normal, platform: MAC, platformName: MAC, proxy: Proxy(), se:cdp: ws://127.0.0.1:50095/devtoo..., se:cdpVersion: 85, setWindowRect: true, strictFileInteractability: false, timeouts: {implicit: 0, pageLoad: 300000, script: 30000}, unhandledPromptBehavior: dismiss and notify}
Session ID: a46b8774-9096-48ec-913d-4fef202cf2b0
at java.base/jdk.internal.reflect.NativeConstructorAccessorImpl.newInstance0(Native Method)
at java.base/jdk.internal.reflect.NativeConstructorAccessorImpl.newInstance(NativeConstructorAccessorImpl.java:77)
at java.base/jdk.internal.reflect.DelegatingConstructorAccessorImpl.newInstance(DelegatingConstructorAccessorImpl.java:45)
at java.base/java.lang.reflect.Constructor.newInstanceWithCaller(Constructor.java:499)
at java.base/java.lang.reflect.Constructor.newInstance(Constructor.java:480)
at org.openqa.selenium.remote.codec.w3c.W3CHttpResponseCodec.createException(W3CHttpResponseCodec.java:200)
at org.openqa.selenium.remote.codec.w3c.W3CHttpResponseCodec.decode(W3CHttpResponseCodec.java:133)
at org.openqa.selenium.remote.codec.w3c.W3CHttpResponseCodec.decode(W3CHttpResponseCodec.java:53)
at org.openqa.selenium.remote.HttpCommandExecutor.execute(HttpCommandExecutor.java:184)
at org.openqa.selenium.remote.service.DriverCommandExecutor.invokeExecute(DriverCommandExecutor.java:164)
at org.openqa.selenium.remote.service.DriverCommandExecutor.execute(DriverCommandExecutor.java:139)
at org.openqa.selenium.remote.RemoteWebDriver.execute(RemoteWebDriver.java:559)
at org.openqa.selenium.remote.RemoteWebDriver.get(RemoteWebDriver.java:328)
at com.ae.qa.base.TestBase.initialization(TestBase.java:66)
at com.ae.qa.testcases.CartPageTest.setup(CartPageTest.java:25)
at java.base/jdk.internal.reflect.NativeMethodAccessorImpl.invoke0(Native Method)
at java.base/jdk.internal.reflect.NativeMethodAccessorImpl.invoke(NativeMethodAccessorImpl.java:77)
at java.base/jdk.internal.reflect.DelegatingMethodAccessorImpl.invoke(DelegatingMethodAccessorImpl.java:43)
at java.base/java.lang.reflect.Method.invoke(Method.java:568)
at org.testng.internal.MethodInvocationHelper.invokeMethod(MethodInvocationHelper.java:133)
at org.testng.internal.MethodInvocationHelper.invokeMethodConsideringTimeout(MethodInvocationHelper.java:62)
at org.testng.internal.ConfigInvoker.invokeConfigurationMethod(ConfigInvoker.java:385)
at org.testng.internal.ConfigInvoker.invokeConfigurations(ConfigInvoker.java:321)
at org.testng.internal.TestMethodWorker.invokeBeforeClassMethods(TestMethodWorker.java:176)
at org.testng.internal.TestMethodWorker.run(TestMethodWorker.java:122)
at java.base/java.util.ArrayList.forEach(ArrayList.java:1511)
at org.testng.TestRunner.privateRun(TestRunner.java:794)
at org.testng.TestRunner.run(TestRunner.java:596)
at org.testng.SuiteRunner.runTest(SuiteRunner.java:377)
at org.testng.SuiteRunner.runSequentially(SuiteRunner.java:371)
at org.testng.SuiteRunner.privateRun(SuiteRunner.java:332)
at org.testng.SuiteRunner.run(SuiteRunner.java:276)
at org.testng.SuiteRunnerWorker.runSuite(SuiteRunnerWorker.java:53)
at org.testng.SuiteRunnerWorker.run(SuiteRunnerWorker.java:96)
at org.testng.TestNG.runSuitesSequentially(TestNG.java:1212)
at org.testng.TestNG.runSuitesLocally(TestNG.java:1134)
at org.testng.TestNG.runSuites(TestNG.java:1063)
at org.testng.TestNG.run(TestNG.java:1031)
at com.intellij.rt.testng.IDEARemoteTestNG.run(IDEARemoteTestNG.java:66)
at com.intellij.rt.testng.RemoteTestNGStarter.main(RemoteTestNGStarter.java:109)
]]>
            </full-stacktrace>
          </exception> <!-- org.openqa.selenium.TimeoutException -->
          <reporter-output>
          </reporter-output>
        </test-method> <!-- validateScrollDownGetSubscriptionH2 -->
        <test-method signature="validateCartSubscription()[pri:0, instance:com.ae.qa.testcases.CartPageTest@71c8becc]" started-at="2023-05-01T13:10:46 BST" name="validateCartSubscription" finished-at="2023-05-01T13:10:46 BST" duration-ms="0" status="SKIP">
          <exception class="org.openqa.selenium.TimeoutException">
            <message>
              <![CDATA[TimedPromise timed out after 20000 ms
Build info: version: '4.0.0', revision: '3a21814679'
System info: host: 'ks-MacBook-Air.local', ip: '2a00:23c7:6b19:1801:e4c3:c80e:95e0:8f86%en0', os.name: 'Mac OS X', os.arch: 'x86_64', os.version: '12.6.5', java.version: '17.0.6'
Driver info: org.openqa.selenium.firefox.FirefoxDriver
Command: [a46b8774-9096-48ec-913d-4fef202cf2b0, get {url=https://automationexercise.com}]
Capabilities {acceptInsecureCerts: true, browserName: firefox, browserVersion: 112.0.1, javascriptEnabled: true, moz:accessibilityChecks: false, moz:buildID: 20230414125621, moz:debuggerAddress: 127.0.0.1:50095, moz:geckodriverVersion: 0.33.0, moz:headless: false, moz:platformVersion: 21.6.0, moz:processID: 68232, moz:profile: /var/folders/6t/2wrb61y14lb..., moz:shutdownTimeout: 60000, moz:useNonSpecCompliantPointerOrigin: false, moz:webdriverClick: true, moz:windowless: false, pageLoadStrategy: normal, platform: MAC, platformName: MAC, proxy: Proxy(), se:cdp: ws://127.0.0.1:50095/devtoo..., se:cdpVersion: 85, setWindowRect: true, strictFileInteractability: false, timeouts: {implicit: 0, pageLoad: 300000, script: 30000}, unhandledPromptBehavior: dismiss and notify}
Session ID: a46b8774-9096-48ec-913d-4fef202cf2b0]]>
            </message>
            <full-stacktrace>
              <![CDATA[org.openqa.selenium.TimeoutException: TimedPromise timed out after 20000 ms
Build info: version: '4.0.0', revision: '3a21814679'
System info: host: 'ks-MacBook-Air.local', ip: '2a00:23c7:6b19:1801:e4c3:c80e:95e0:8f86%en0', os.name: 'Mac OS X', os.arch: 'x86_64', os.version: '12.6.5', java.version: '17.0.6'
Driver info: org.openqa.selenium.firefox.FirefoxDriver
Command: [a46b8774-9096-48ec-913d-4fef202cf2b0, get {url=https://automationexercise.com}]
Capabilities {acceptInsecureCerts: true, browserName: firefox, browserVersion: 112.0.1, javascriptEnabled: true, moz:accessibilityChecks: false, moz:buildID: 20230414125621, moz:debuggerAddress: 127.0.0.1:50095, moz:geckodriverVersion: 0.33.0, moz:headless: false, moz:platformVersion: 21.6.0, moz:processID: 68232, moz:profile: /var/folders/6t/2wrb61y14lb..., moz:shutdownTimeout: 60000, moz:useNonSpecCompliantPointerOrigin: false, moz:webdriverClick: true, moz:windowless: false, pageLoadStrategy: normal, platform: MAC, platformName: MAC, proxy: Proxy(), se:cdp: ws://127.0.0.1:50095/devtoo..., se:cdpVersion: 85, setWindowRect: true, strictFileInteractability: false, timeouts: {implicit: 0, pageLoad: 300000, script: 30000}, unhandledPromptBehavior: dismiss and notify}
Session ID: a46b8774-9096-48ec-913d-4fef202cf2b0
at java.base/jdk.internal.reflect.NativeConstructorAccessorImpl.newInstance0(Native Method)
at java.base/jdk.internal.reflect.NativeConstructorAccessorImpl.newInstance(NativeConstructorAccessorImpl.java:77)
at java.base/jdk.internal.reflect.DelegatingConstructorAccessorImpl.newInstance(DelegatingConstructorAccessorImpl.java:45)
at java.base/java.lang.reflect.Constructor.newInstanceWithCaller(Constructor.java:499)
at java.base/java.lang.reflect.Constructor.newInstance(Constructor.java:480)
at org.openqa.selenium.remote.codec.w3c.W3CHttpResponseCodec.createException(W3CHttpResponseCodec.java:200)
at org.openqa.selenium.remote.codec.w3c.W3CHttpResponseCodec.decode(W3CHttpResponseCodec.java:133)
at org.openqa.selenium.remote.codec.w3c.W3CHttpResponseCodec.decode(W3CHttpResponseCodec.java:53)
at org.openqa.selenium.remote.HttpCommandExecutor.execute(HttpCommandExecutor.java:184)
at org.openqa.selenium.remote.service.DriverCommandExecutor.invokeExecute(DriverCommandExecutor.java:164)
at org.openqa.selenium.remote.service.DriverCommandExecutor.execute(DriverCommandExecutor.java:139)
at org.openqa.selenium.remote.RemoteWebDriver.execute(RemoteWebDriver.java:559)
at org.openqa.selenium.remote.RemoteWebDriver.get(RemoteWebDriver.java:328)
at com.ae.qa.base.TestBase.initialization(TestBase.java:66)
at com.ae.qa.testcases.CartPageTest.setup(CartPageTest.java:25)
at java.base/jdk.internal.reflect.NativeMethodAccessorImpl.invoke0(Native Method)
at java.base/jdk.internal.reflect.NativeMethodAccessorImpl.invoke(NativeMethodAccessorImpl.java:77)
at java.base/jdk.internal.reflect.DelegatingMethodAccessorImpl.invoke(DelegatingMethodAccessorImpl.java:43)
at java.base/java.lang.reflect.Method.invoke(Method.java:568)
at org.testng.internal.MethodInvocationHelper.invokeMethod(MethodInvocationHelper.java:133)
at org.testng.internal.MethodInvocationHelper.invokeMethodConsideringTimeout(MethodInvocationHelper.java:62)
at org.testng.internal.ConfigInvoker.invokeConfigurationMethod(ConfigInvoker.java:385)
at org.testng.internal.ConfigInvoker.invokeConfigurations(ConfigInvoker.java:321)
at org.testng.internal.TestMethodWorker.invokeBeforeClassMethods(TestMethodWorker.java:176)
at org.testng.internal.TestMethodWorker.run(TestMethodWorker.java:122)
at java.base/java.util.ArrayList.forEach(ArrayList.java:1511)
at org.testng.TestRunner.privateRun(TestRunner.java:794)
at org.testng.TestRunner.run(TestRunner.java:596)
at org.testng.SuiteRunner.runTest(SuiteRunner.java:377)
at org.testng.SuiteRunner.runSequentially(SuiteRunner.java:371)
at org.testng.SuiteRunner.privateRun(SuiteRunner.java:332)
at org.testng.SuiteRunner.run(SuiteRunner.java:276)
at org.testng.SuiteRunnerWorker.runSuite(SuiteRunnerWorker.java:53)
at org.testng.SuiteRunnerWorker.run(SuiteRunnerWorker.java:96)
at org.testng.TestNG.runSuitesSequentially(TestNG.java:1212)
at org.testng.TestNG.runSuitesLocally(TestNG.java:1134)
at org.testng.TestNG.runSuites(TestNG.java:1063)
at org.testng.TestNG.run(TestNG.java:1031)
at com.intellij.rt.testng.IDEARemoteTestNG.run(IDEARemoteTestNG.java:66)
at com.intellij.rt.testng.RemoteTestNGStarter.main(RemoteTestNGStarter.java:109)
]]>
            </full-stacktrace>
          </exception> <!-- org.openqa.selenium.TimeoutException -->
          <reporter-output>
          </reporter-output>
        </test-method> <!-- validateCartSubscription -->
        <test-method is-config="true" signature="tearDown()[pri:0, instance:com.ae.qa.testcases.CartPageTest@71c8becc]" started-at="2023-05-01T13:10:46 BST" name="tearDown" finished-at="1970-01-01T01:00:00 GMT" duration-ms="-1682943046885" status="SKIP">
          <reporter-output>
          </reporter-output>
        </test-method> <!-- tearDown -->
      </class> <!-- com.ae.qa.testcases.CartPageTest -->
    </test> <!-- Test Case 11: Verify Subscription in Cart page -->
    <test started-at="2023-05-01T13:10:46 BST" name="Test Case 12: Add Products in Cart" finished-at="2023-05-01T13:11:00 BST" duration-ms="13617">
      <class name="com.ae.qa.testcases.ProductsPageTest">
        <test-method is-config="true" signature="setUp()[pri:0, instance:com.ae.qa.testcases.ProductsPageTest@fdefd3f]" started-at="2023-05-01T13:10:46 BST" name="setUp" finished-at="2023-05-01T13:10:55 BST" duration-ms="8455" status="PASS">
          <reporter-output>
          </reporter-output>
        </test-method> <!-- setUp -->
        <test-method signature="validateWelcomePageTitle()[pri:1, instance:com.ae.qa.testcases.ProductsPageTest@fdefd3f]" started-at="2023-05-01T13:10:55 BST" name="validateWelcomePageTitle" finished-at="2023-05-01T13:10:55 BST" duration-ms="3" status="PASS">
          <reporter-output>
          </reporter-output>
        </test-method> <!-- validateWelcomePageTitle -->
        <test-method signature="validateProductsLink()[pri:2, instance:com.ae.qa.testcases.ProductsPageTest@fdefd3f]" started-at="2023-05-01T13:10:55 BST" name="validateProductsLink" finished-at="2023-05-01T13:10:57 BST" duration-ms="2493" status="PASS">
          <reporter-output>
          </reporter-output>
        </test-method> <!-- validateProductsLink -->
        <test-method signature="validateAddToCartInProductPage()[pri:3, instance:com.ae.qa.testcases.ProductsPageTest@fdefd3f]" started-at="2023-05-01T13:10:57 BST" name="validateAddToCartInProductPage" finished-at="2023-05-01T13:10:59 BST" duration-ms="1637" status="PASS">
          <reporter-output>
          </reporter-output>
        </test-method> <!-- validateAddToCartInProductPage -->
        <test-method is-config="true" signature="tearDown()[pri:0, instance:com.ae.qa.testcases.ProductsPageTest@fdefd3f]" started-at="2023-05-01T13:10:59 BST" name="tearDown" finished-at="2023-05-01T13:11:00 BST" duration-ms="1028" status="PASS">
          <reporter-output>
          </reporter-output>
        </test-method> <!-- tearDown -->
      </class> <!-- com.ae.qa.testcases.ProductsPageTest -->
    </test> <!-- Test Case 12: Add Products in Cart -->
    <test started-at="2023-05-01T13:11:00 BST" name="Test Case 13: Verify Product quantity in Cart" finished-at="2023-05-01T13:11:19 BST" duration-ms="18681">
      <class name="com.ae.qa.testcases.ProductsPageTest">
        <test-method is-config="true" signature="setUp()[pri:0, instance:com.ae.qa.testcases.ProductsPageTest@69930714]" started-at="2023-05-01T13:11:00 BST" name="setUp" finished-at="2023-05-01T13:11:12 BST" duration-ms="11740" status="PASS">
          <reporter-output>
          </reporter-output>
        </test-method> <!-- setUp -->
        <test-method signature="validateWelcomePageTitle()[pri:1, instance:com.ae.qa.testcases.ProductsPageTest@69930714]" started-at="2023-05-01T13:11:12 BST" name="validateWelcomePageTitle" finished-at="2023-05-01T13:11:12 BST" duration-ms="17" status="PASS">
          <reporter-output>
          </reporter-output>
        </test-method> <!-- validateWelcomePageTitle -->
        <test-method signature="validateProductsLink()[pri:2, instance:com.ae.qa.testcases.ProductsPageTest@69930714]" started-at="2023-05-01T13:11:12 BST" name="validateProductsLink" finished-at="2023-05-01T13:11:16 BST" duration-ms="4155" status="PASS">
          <reporter-output>
          </reporter-output>
        </test-method> <!-- validateProductsLink -->
        <test-method signature="validateProductsDetailsNavigation()[pri:3, instance:com.ae.qa.testcases.ProductsPageTest@69930714]" started-at="2023-05-01T13:11:16 BST" name="validateProductsDetailsNavigation" finished-at="2023-05-01T13:11:17 BST" duration-ms="587" status="PASS">
          <reporter-output>
          </reporter-output>
        </test-method> <!-- validateProductsDetailsNavigation -->
        <test-method signature="validateIncreaseQuantityInProductDetailsPage()[pri:4, instance:com.ae.qa.testcases.ProductsPageTest@69930714]" started-at="2023-05-01T13:11:17 BST" name="validateIncreaseQuantityInProductDetailsPage" finished-at="2023-05-01T13:11:18 BST" duration-ms="1321" status="PASS">
          <reporter-output>
          </reporter-output>
        </test-method> <!-- validateIncreaseQuantityInProductDetailsPage -->
        <test-method is-config="true" signature="tearDown()[pri:0, instance:com.ae.qa.testcases.ProductsPageTest@69930714]" started-at="2023-05-01T13:11:18 BST" name="tearDown" finished-at="2023-05-01T13:11:19 BST" duration-ms="857" status="PASS">
          <reporter-output>
          </reporter-output>
        </test-method> <!-- tearDown -->
      </class> <!-- com.ae.qa.testcases.ProductsPageTest -->
    </test> <!-- Test Case 13: Verify Product quantity in Cart -->
    <test started-at="2023-05-01T13:11:19 BST" name="Test Case 14: To Delete user Account for next step" finished-at="2023-05-01T13:11:33 BST" duration-ms="14101">
      <class name="com.ae.qa.testcases.LoginPageTest">
        <test-method is-config="true" signature="setUp()[pri:0, instance:com.ae.qa.testcases.LoginPageTest@79ca92b9]" started-at="2023-05-01T13:11:19 BST" name="setUp" finished-at="2023-05-01T13:11:27 BST" duration-ms="7996" status="PASS">
          <reporter-output>
          </reporter-output>
        </test-method> <!-- setUp -->
        <test-method signature="validateWelcomePageTitle()[pri:1, instance:com.ae.qa.testcases.LoginPageTest@79ca92b9]" started-at="2023-05-01T13:11:27 BST" name="validateWelcomePageTitle" finished-at="2023-05-01T13:11:27 BST" duration-ms="0" status="PASS">
          <reporter-output>
          </reporter-output>
        </test-method> <!-- validateWelcomePageTitle -->
        <test-method signature="validateLoginH2()[pri:2, instance:com.ae.qa.testcases.LoginPageTest@79ca92b9]" started-at="2023-05-01T13:11:27 BST" name="validateLoginH2" finished-at="2023-05-01T13:11:27 BST" duration-ms="97" status="PASS">
          <reporter-output>
          </reporter-output>
        </test-method> <!-- validateLoginH2 -->
        <test-method signature="validateLoginWithValidDetails()[pri:3, instance:com.ae.qa.testcases.LoginPageTest@79ca92b9]" started-at="2023-05-01T13:11:27 BST" name="validateLoginWithValidDetails" finished-at="2023-05-01T13:11:29 BST" duration-ms="2286" status="PASS">
          <reporter-output>
          </reporter-output>
        </test-method> <!-- validateLoginWithValidDetails -->
        <test-method signature="validateDeletedAccount()[pri:4, instance:com.ae.qa.testcases.LoginPageTest@79ca92b9]" started-at="2023-05-01T13:11:29 BST" name="validateDeletedAccount" finished-at="2023-05-01T13:11:30 BST" duration-ms="408" status="PASS">
          <reporter-output>
          </reporter-output>
        </test-method> <!-- validateDeletedAccount -->
        <test-method signature="validateContinueDeleteButton()[pri:5, instance:com.ae.qa.testcases.LoginPageTest@79ca92b9]" started-at="2023-05-01T13:11:30 BST" name="validateContinueDeleteButton" finished-at="2023-05-01T13:11:32 BST" duration-ms="2295" status="PASS">
          <reporter-output>
          </reporter-output>
        </test-method> <!-- validateContinueDeleteButton -->
        <test-method is-config="true" signature="tearDown()[pri:0, instance:com.ae.qa.testcases.LoginPageTest@79ca92b9]" started-at="2023-05-01T13:11:32 BST" name="tearDown" finished-at="2023-05-01T13:11:33 BST" duration-ms="1015" status="PASS">
          <reporter-output>
          </reporter-output>
        </test-method> <!-- tearDown -->
      </class> <!-- com.ae.qa.testcases.LoginPageTest -->
    </test> <!-- Test Case 14: To Delete user Account for next step -->
    <test started-at="2023-05-01T13:11:33 BST" name="Test Case 14: Place Order: Register while Checkout" finished-at="2023-05-01T13:12:19 BST" duration-ms="46001">
      <class name="com.ae.qa.testcases.RegisterWhileCheckOutTest">
        <test-method is-config="true" signature="setUp()[pri:0, instance:com.ae.qa.testcases.RegisterWhileCheckOutTest@4b44655e]" started-at="2023-05-01T13:11:33 BST" name="setUp" finished-at="2023-05-01T13:11:41 BST" duration-ms="8428" status="PASS">
          <reporter-output>
          </reporter-output>
        </test-method> <!-- setUp -->
        <test-method signature="validateWelcomePageTitle()[pri:1, instance:com.ae.qa.testcases.RegisterWhileCheckOutTest@4b44655e]" started-at="2023-05-01T13:11:41 BST" name="validateWelcomePageTitle" finished-at="2023-05-01T13:11:41 BST" duration-ms="1" status="PASS">
          <reporter-output>
          </reporter-output>
        </test-method> <!-- validateWelcomePageTitle -->
        <test-method signature="validateProductsLink()[pri:2, instance:com.ae.qa.testcases.RegisterWhileCheckOutTest@4b44655e]" started-at="2023-05-01T13:11:41 BST" name="validateProductsLink" finished-at="2023-05-01T13:11:46 BST" duration-ms="4443" status="PASS">
          <reporter-output>
          </reporter-output>
        </test-method> <!-- validateProductsLink -->
        <test-method signature="validateAddToCartInProductPage()[pri:3, instance:com.ae.qa.testcases.RegisterWhileCheckOutTest@4b44655e]" started-at="2023-05-01T13:11:46 BST" name="validateAddToCartInProductPage" finished-at="2023-05-01T13:11:48 BST" duration-ms="1923" status="PASS">
          <reporter-output>
          </reporter-output>
        </test-method> <!-- validateAddToCartInProductPage -->
        <test-method signature="validateSignUpNewUser()[pri:4, instance:com.ae.qa.testcases.RegisterWhileCheckOutTest@4b44655e]" started-at="2023-05-01T13:11:48 BST" name="validateSignUpNewUser" finished-at="2023-05-01T13:11:49 BST" duration-ms="909" status="PASS">
          <reporter-output>
          </reporter-output>
        </test-method> <!-- validateSignUpNewUser -->
        <test-method signature="validateSignUp()[pri:5, instance:com.ae.qa.testcases.RegisterWhileCheckOutTest@4b44655e]" started-at="2023-05-01T13:11:49 BST" name="validateSignUp" finished-at="2023-05-01T13:11:52 BST" duration-ms="3628" status="PASS">
          <reporter-output>
          </reporter-output>
        </test-method> <!-- validateSignUp -->
        <test-method signature="validateLoggedInUserName()[pri:6, instance:com.ae.qa.testcases.RegisterWhileCheckOutTest@4b44655e]" started-at="2023-05-01T13:11:52 BST" name="validateLoggedInUserName" finished-at="2023-05-01T13:11:59 BST" duration-ms="7142" status="PASS">
          <reporter-output>
          </reporter-output>
        </test-method> <!-- validateLoggedInUserName -->
        <test-method signature="validateProceedCheckout()[pri:7, instance:com.ae.qa.testcases.RegisterWhileCheckOutTest@4b44655e]" started-at="2023-05-01T13:11:59 BST" name="validateProceedCheckout" finished-at="2023-05-01T13:12:03 BST" duration-ms="3400" status="PASS">
          <reporter-output>
          </reporter-output>
        </test-method> <!-- validateProceedCheckout -->
        <test-method signature="validateAddressVisibility()[pri:8, instance:com.ae.qa.testcases.RegisterWhileCheckOutTest@4b44655e]" started-at="2023-05-01T13:12:03 BST" name="validateAddressVisibility" finished-at="2023-05-01T13:12:03 BST" duration-ms="42" status="PASS">
          <reporter-output>
          </reporter-output>
        </test-method> <!-- validateAddressVisibility -->
        <test-method signature="validateOrderVisibility()[pri:8, instance:com.ae.qa.testcases.RegisterWhileCheckOutTest@4b44655e]" started-at="2023-05-01T13:12:03 BST" name="validateOrderVisibility" finished-at="2023-05-01T13:12:03 BST" duration-ms="26" status="PASS">
          <reporter-output>
          </reporter-output>
        </test-method> <!-- validateOrderVisibility -->
        <test-method signature="validatePlaceOrder()[pri:9, instance:com.ae.qa.testcases.RegisterWhileCheckOutTest@4b44655e]" started-at="2023-05-01T13:12:03 BST" name="validatePlaceOrder" finished-at="2023-05-01T13:12:16 BST" duration-ms="13497" status="FAIL">
          <exception class="org.openqa.selenium.NoSuchElementException">
            <message>
              <![CDATA[Unable to locate element: //*[contains(text(),'Your order has been placed successfully!')]
For documentation on this error, please visit: https://selenium.dev/exceptions/#no_such_element
Build info: version: '4.0.0', revision: '3a21814679'
System info: host: 'ks-MacBook-Air.local', ip: '2a00:23c7:6b19:1801:e4c3:c80e:95e0:8f86%en0', os.name: 'Mac OS X', os.arch: 'x86_64', os.version: '12.6.5', java.version: '17.0.6'
Driver info: org.openqa.selenium.firefox.FirefoxDriver
Command: [0946b114-7ce7-480c-86e8-5361ca019cff, findElement {using=xpath, value=//*[contains(text(),'Your order has been placed successfully!')]}]
Capabilities {acceptInsecureCerts: true, browserName: firefox, browserVersion: 112.0.1, javascriptEnabled: true, moz:accessibilityChecks: false, moz:buildID: 20230414125621, moz:debuggerAddress: 127.0.0.1:57866, moz:geckodriverVersion: 0.33.0, moz:headless: false, moz:platformVersion: 21.6.0, moz:processID: 68289, moz:profile: /var/folders/6t/2wrb61y14lb..., moz:shutdownTimeout: 60000, moz:useNonSpecCompliantPointerOrigin: false, moz:webdriverClick: true, moz:windowless: false, pageLoadStrategy: normal, platform: MAC, platformName: MAC, proxy: Proxy(), se:cdp: ws://127.0.0.1:57866/devtoo..., se:cdpVersion: 85, setWindowRect: true, strictFileInteractability: false, timeouts: {implicit: 0, pageLoad: 300000, script: 30000}, unhandledPromptBehavior: dismiss and notify}
Session ID: 0946b114-7ce7-480c-86e8-5361ca019cff]]>
            </message>
            <full-stacktrace>
              <![CDATA[org.openqa.selenium.NoSuchElementException: Unable to locate element: //*[contains(text(),'Your order has been placed successfully!')]
For documentation on this error, please visit: https://selenium.dev/exceptions/#no_such_element
Build info: version: '4.0.0', revision: '3a21814679'
System info: host: 'ks-MacBook-Air.local', ip: '2a00:23c7:6b19:1801:e4c3:c80e:95e0:8f86%en0', os.name: 'Mac OS X', os.arch: 'x86_64', os.version: '12.6.5', java.version: '17.0.6'
Driver info: org.openqa.selenium.firefox.FirefoxDriver
Command: [0946b114-7ce7-480c-86e8-5361ca019cff, findElement {using=xpath, value=//*[contains(text(),'Your order has been placed successfully!')]}]
Capabilities {acceptInsecureCerts: true, browserName: firefox, browserVersion: 112.0.1, javascriptEnabled: true, moz:accessibilityChecks: false, moz:buildID: 20230414125621, moz:debuggerAddress: 127.0.0.1:57866, moz:geckodriverVersion: 0.33.0, moz:headless: false, moz:platformVersion: 21.6.0, moz:processID: 68289, moz:profile: /var/folders/6t/2wrb61y14lb..., moz:shutdownTimeout: 60000, moz:useNonSpecCompliantPointerOrigin: false, moz:webdriverClick: true, moz:windowless: false, pageLoadStrategy: normal, platform: MAC, platformName: MAC, proxy: Proxy(), se:cdp: ws://127.0.0.1:57866/devtoo..., se:cdpVersion: 85, setWindowRect: true, strictFileInteractability: false, timeouts: {implicit: 0, pageLoad: 300000, script: 30000}, unhandledPromptBehavior: dismiss and notify}
Session ID: 0946b114-7ce7-480c-86e8-5361ca019cff
at java.base/jdk.internal.reflect.NativeConstructorAccessorImpl.newInstance0(Native Method)
at java.base/jdk.internal.reflect.NativeConstructorAccessorImpl.newInstance(NativeConstructorAccessorImpl.java:77)
at java.base/jdk.internal.reflect.DelegatingConstructorAccessorImpl.newInstance(DelegatingConstructorAccessorImpl.java:45)
at java.base/java.lang.reflect.Constructor.newInstanceWithCaller(Constructor.java:499)
at java.base/java.lang.reflect.Constructor.newInstance(Constructor.java:480)
at org.openqa.selenium.remote.codec.w3c.W3CHttpResponseCodec.createException(W3CHttpResponseCodec.java:200)
at org.openqa.selenium.remote.codec.w3c.W3CHttpResponseCodec.decode(W3CHttpResponseCodec.java:133)
at org.openqa.selenium.remote.codec.w3c.W3CHttpResponseCodec.decode(W3CHttpResponseCodec.java:53)
at org.openqa.selenium.remote.HttpCommandExecutor.execute(HttpCommandExecutor.java:184)
at org.openqa.selenium.remote.service.DriverCommandExecutor.invokeExecute(DriverCommandExecutor.java:164)
at org.openqa.selenium.remote.service.DriverCommandExecutor.execute(DriverCommandExecutor.java:139)
at org.openqa.selenium.remote.RemoteWebDriver.execute(RemoteWebDriver.java:559)
at org.openqa.selenium.remote.ElementLocation$ElementFinder$2.findElement(ElementLocation.java:162)
at org.openqa.selenium.remote.ElementLocation.findElement(ElementLocation.java:60)
at org.openqa.selenium.remote.RemoteWebDriver.findElement(RemoteWebDriver.java:383)
at org.openqa.selenium.remote.RemoteWebDriver.findElement(RemoteWebDriver.java:375)
at com.ae.qa.pages.PayAndConfirmPage.fillCardDetails(PayAndConfirmPage.java:45)
at com.ae.qa.testcases.RegisterWhileCheckOutTest.validatePlaceOrder(RegisterWhileCheckOutTest.java:129)
at java.base/jdk.internal.reflect.NativeMethodAccessorImpl.invoke0(Native Method)
at java.base/jdk.internal.reflect.NativeMethodAccessorImpl.invoke(NativeMethodAccessorImpl.java:77)
at java.base/jdk.internal.reflect.DelegatingMethodAccessorImpl.invoke(DelegatingMethodAccessorImpl.java:43)
at java.base/java.lang.reflect.Method.invoke(Method.java:568)
at org.testng.internal.MethodInvocationHelper.invokeMethod(MethodInvocationHelper.java:133)
at org.testng.internal.TestInvoker.invokeMethod(TestInvoker.java:598)
at org.testng.internal.TestInvoker.invokeTestMethod(TestInvoker.java:173)
at org.testng.internal.MethodRunner.runInSequence(MethodRunner.java:46)
at org.testng.internal.TestInvoker$MethodInvocationAgent.invoke(TestInvoker.java:824)
at org.testng.internal.TestInvoker.invokeTestMethods(TestInvoker.java:146)
at org.testng.internal.TestMethodWorker.invokeTestMethods(TestMethodWorker.java:146)
at org.testng.internal.TestMethodWorker.run(TestMethodWorker.java:128)
at java.base/java.util.ArrayList.forEach(ArrayList.java:1511)
at org.testng.TestRunner.privateRun(TestRunner.java:794)
at org.testng.TestRunner.run(TestRunner.java:596)
at org.testng.SuiteRunner.runTest(SuiteRunner.java:377)
at org.testng.SuiteRunner.runSequentially(SuiteRunner.java:371)
at org.testng.SuiteRunner.privateRun(SuiteRunner.java:332)
at org.testng.SuiteRunner.run(SuiteRunner.java:276)
at org.testng.SuiteRunnerWorker.runSuite(SuiteRunnerWorker.java:53)
at org.testng.SuiteRunnerWorker.run(SuiteRunnerWorker.java:96)
at org.testng.TestNG.runSuitesSequentially(TestNG.java:1212)
at org.testng.TestNG.runSuitesLocally(TestNG.java:1134)
at org.testng.TestNG.runSuites(TestNG.java:1063)
at org.testng.TestNG.run(TestNG.java:1031)
at com.intellij.rt.testng.IDEARemoteTestNG.run(IDEARemoteTestNG.java:66)
at com.intellij.rt.testng.RemoteTestNGStarter.main(RemoteTestNGStarter.java:109)
]]>
            </full-stacktrace>
          </exception> <!-- org.openqa.selenium.NoSuchElementException -->
          <reporter-output>
          </reporter-output>
        </test-method> <!-- validatePlaceOrder -->
        <test-method signature="validateDeleteAccount()[pri:10, instance:com.ae.qa.testcases.RegisterWhileCheckOutTest@4b44655e]" started-at="2023-05-01T13:12:16 BST" name="validateDeleteAccount" finished-at="2023-05-01T13:12:17 BST" duration-ms="735" status="PASS">
          <reporter-output>
          </reporter-output>
        </test-method> <!-- validateDeleteAccount -->
        <test-method is-config="true" signature="tearDown()[pri:0, instance:com.ae.qa.testcases.RegisterWhileCheckOutTest@4b44655e]" started-at="2023-05-01T13:12:17 BST" name="tearDown" finished-at="2023-05-01T13:12:19 BST" duration-ms="1813" status="PASS">
          <reporter-output>
          </reporter-output>
        </test-method> <!-- tearDown -->
      </class> <!-- com.ae.qa.testcases.RegisterWhileCheckOutTest -->
    </test> <!-- Test Case 14: Place Order: Register while Checkout -->
    <test started-at="2023-05-01T13:12:19 BST" name="Test Case 15: Place Order: Register before Checkout" finished-at="2023-05-01T13:13:04 BST" duration-ms="45438">
      <class name="com.ae.qa.testcases.RegisterBeforeCheckOutTest">
        <test-method is-config="true" signature="setUp()[pri:0, instance:com.ae.qa.testcases.RegisterBeforeCheckOutTest@78b729e6]" started-at="2023-05-01T13:12:19 BST" name="setUp" finished-at="2023-05-01T13:12:29 BST" duration-ms="9942" status="PASS">
          <reporter-output>
          </reporter-output>
        </test-method> <!-- setUp -->
        <test-method signature="validateWelcomePageTitle()[pri:1, instance:com.ae.qa.testcases.RegisterBeforeCheckOutTest@78b729e6]" started-at="2023-05-01T13:12:29 BST" name="validateWelcomePageTitle" finished-at="2023-05-01T13:12:29 BST" duration-ms="0" status="PASS">
          <reporter-output>
          </reporter-output>
        </test-method> <!-- validateWelcomePageTitle -->
        <test-method signature="validateSignUpH2()[pri:2, instance:com.ae.qa.testcases.RegisterBeforeCheckOutTest@78b729e6]" started-at="2023-05-01T13:12:29 BST" name="validateSignUpH2" finished-at="2023-05-01T13:12:29 BST" duration-ms="57" status="PASS">
          <reporter-output>
          </reporter-output>
        </test-method> <!-- validateSignUpH2 -->
        <test-method signature="validateSignUpNewUser()[pri:3, instance:com.ae.qa.testcases.RegisterBeforeCheckOutTest@78b729e6]" started-at="2023-05-01T13:12:29 BST" name="validateSignUpNewUser" finished-at="2023-05-01T13:12:30 BST" duration-ms="977" status="PASS">
          <reporter-output>
          </reporter-output>
        </test-method> <!-- validateSignUpNewUser -->
        <test-method signature="validateSignUpAccountInfoH2()[pri:4, instance:com.ae.qa.testcases.RegisterBeforeCheckOutTest@78b729e6]" started-at="2023-05-01T13:12:30 BST" name="validateSignUpAccountInfoH2" finished-at="2023-05-01T13:12:30 BST" duration-ms="19" status="PASS">
          <reporter-output>
          </reporter-output>
        </test-method> <!-- validateSignUpAccountInfoH2 -->
        <test-method signature="validateSignUp()[pri:5, instance:com.ae.qa.testcases.RegisterBeforeCheckOutTest@78b729e6]" started-at="2023-05-01T13:12:30 BST" name="validateSignUp" finished-at="2023-05-01T13:12:34 BST" duration-ms="3889" status="PASS">
          <reporter-output>
          </reporter-output>
        </test-method> <!-- validateSignUp -->
        <test-method signature="validateLoggedInUserName()[pri:6, instance:com.ae.qa.testcases.RegisterBeforeCheckOutTest@78b729e6]" started-at="2023-05-01T13:12:34 BST" name="validateLoggedInUserName" finished-at="2023-05-01T13:12:44 BST" duration-ms="9853" status="PASS">
          <reporter-output>
          </reporter-output>
        </test-method> <!-- validateLoggedInUserName -->
        <test-method signature="validateProductsLink()[pri:7, instance:com.ae.qa.testcases.RegisterBeforeCheckOutTest@78b729e6]" started-at="2023-05-01T13:12:44 BST" name="validateProductsLink" finished-at="2023-05-01T13:12:47 BST" duration-ms="3377" status="PASS">
          <reporter-output>
          </reporter-output>
        </test-method> <!-- validateProductsLink -->
        <test-method signature="validateAddToCartInProductPage()[pri:8, instance:com.ae.qa.testcases.RegisterBeforeCheckOutTest@78b729e6]" started-at="2023-05-01T13:12:47 BST" name="validateAddToCartInProductPage" finished-at="2023-05-01T13:12:49 BST" duration-ms="2288" status="PASS">
          <reporter-output>
          </reporter-output>
        </test-method> <!-- validateAddToCartInProductPage -->
        <test-method signature="validateAddressVisibility()[pri:9, instance:com.ae.qa.testcases.RegisterBeforeCheckOutTest@78b729e6]" started-at="2023-05-01T13:12:49 BST" name="validateAddressVisibility" finished-at="2023-05-01T13:12:49 BST" duration-ms="54" status="PASS">
          <reporter-output>
          </reporter-output>
        </test-method> <!-- validateAddressVisibility -->
        <test-method signature="validateOrderVisibility()[pri:9, instance:com.ae.qa.testcases.RegisterBeforeCheckOutTest@78b729e6]" started-at="2023-05-01T13:12:49 BST" name="validateOrderVisibility" finished-at="2023-05-01T13:12:49 BST" duration-ms="45" status="PASS">
          <reporter-output>
          </reporter-output>
        </test-method> <!-- validateOrderVisibility -->
        <test-method signature="validatePlaceOrder()[pri:10, instance:com.ae.qa.testcases.RegisterBeforeCheckOutTest@78b729e6]" started-at="2023-05-01T13:12:49 BST" name="validatePlaceOrder" finished-at="2023-05-01T13:13:03 BST" duration-ms="13201" status="FAIL">
          <exception class="org.openqa.selenium.NoSuchElementException">
            <message>
              <![CDATA[Unable to locate element: //*[contains(text(),'Your order has been placed successfully!')]
For documentation on this error, please visit: https://selenium.dev/exceptions/#no_such_element
Build info: version: '4.0.0', revision: '3a21814679'
System info: host: 'ks-MacBook-Air.local', ip: '2a00:23c7:6b19:1801:e4c3:c80e:95e0:8f86%en0', os.name: 'Mac OS X', os.arch: 'x86_64', os.version: '12.6.5', java.version: '17.0.6'
Driver info: org.openqa.selenium.firefox.FirefoxDriver
Command: [3712fedd-ff81-4b6f-a11d-fb1b557ee248, findElement {using=xpath, value=//*[contains(text(),'Your order has been placed successfully!')]}]
Capabilities {acceptInsecureCerts: true, browserName: firefox, browserVersion: 112.0.1, javascriptEnabled: true, moz:accessibilityChecks: false, moz:buildID: 20230414125621, moz:debuggerAddress: 127.0.0.1:58937, moz:geckodriverVersion: 0.33.0, moz:headless: false, moz:platformVersion: 21.6.0, moz:processID: 68309, moz:profile: /var/folders/6t/2wrb61y14lb..., moz:shutdownTimeout: 60000, moz:useNonSpecCompliantPointerOrigin: false, moz:webdriverClick: true, moz:windowless: false, pageLoadStrategy: normal, platform: MAC, platformName: MAC, proxy: Proxy(), se:cdp: ws://127.0.0.1:58937/devtoo..., se:cdpVersion: 85, setWindowRect: true, strictFileInteractability: false, timeouts: {implicit: 0, pageLoad: 300000, script: 30000}, unhandledPromptBehavior: dismiss and notify}
Session ID: 3712fedd-ff81-4b6f-a11d-fb1b557ee248]]>
            </message>
            <full-stacktrace>
              <![CDATA[org.openqa.selenium.NoSuchElementException: Unable to locate element: //*[contains(text(),'Your order has been placed successfully!')]
For documentation on this error, please visit: https://selenium.dev/exceptions/#no_such_element
Build info: version: '4.0.0', revision: '3a21814679'
System info: host: 'ks-MacBook-Air.local', ip: '2a00:23c7:6b19:1801:e4c3:c80e:95e0:8f86%en0', os.name: 'Mac OS X', os.arch: 'x86_64', os.version: '12.6.5', java.version: '17.0.6'
Driver info: org.openqa.selenium.firefox.FirefoxDriver
Command: [3712fedd-ff81-4b6f-a11d-fb1b557ee248, findElement {using=xpath, value=//*[contains(text(),'Your order has been placed successfully!')]}]
Capabilities {acceptInsecureCerts: true, browserName: firefox, browserVersion: 112.0.1, javascriptEnabled: true, moz:accessibilityChecks: false, moz:buildID: 20230414125621, moz:debuggerAddress: 127.0.0.1:58937, moz:geckodriverVersion: 0.33.0, moz:headless: false, moz:platformVersion: 21.6.0, moz:processID: 68309, moz:profile: /var/folders/6t/2wrb61y14lb..., moz:shutdownTimeout: 60000, moz:useNonSpecCompliantPointerOrigin: false, moz:webdriverClick: true, moz:windowless: false, pageLoadStrategy: normal, platform: MAC, platformName: MAC, proxy: Proxy(), se:cdp: ws://127.0.0.1:58937/devtoo..., se:cdpVersion: 85, setWindowRect: true, strictFileInteractability: false, timeouts: {implicit: 0, pageLoad: 300000, script: 30000}, unhandledPromptBehavior: dismiss and notify}
Session ID: 3712fedd-ff81-4b6f-a11d-fb1b557ee248
at java.base/jdk.internal.reflect.NativeConstructorAccessorImpl.newInstance0(Native Method)
at java.base/jdk.internal.reflect.NativeConstructorAccessorImpl.newInstance(NativeConstructorAccessorImpl.java:77)
at java.base/jdk.internal.reflect.DelegatingConstructorAccessorImpl.newInstance(DelegatingConstructorAccessorImpl.java:45)
at java.base/java.lang.reflect.Constructor.newInstanceWithCaller(Constructor.java:499)
at java.base/java.lang.reflect.Constructor.newInstance(Constructor.java:480)
at org.openqa.selenium.remote.codec.w3c.W3CHttpResponseCodec.createException(W3CHttpResponseCodec.java:200)
at org.openqa.selenium.remote.codec.w3c.W3CHttpResponseCodec.decode(W3CHttpResponseCodec.java:133)
at org.openqa.selenium.remote.codec.w3c.W3CHttpResponseCodec.decode(W3CHttpResponseCodec.java:53)
at org.openqa.selenium.remote.HttpCommandExecutor.execute(HttpCommandExecutor.java:184)
at org.openqa.selenium.remote.service.DriverCommandExecutor.invokeExecute(DriverCommandExecutor.java:164)
at org.openqa.selenium.remote.service.DriverCommandExecutor.execute(DriverCommandExecutor.java:139)
at org.openqa.selenium.remote.RemoteWebDriver.execute(RemoteWebDriver.java:559)
at org.openqa.selenium.remote.ElementLocation$ElementFinder$2.findElement(ElementLocation.java:162)
at org.openqa.selenium.remote.ElementLocation.findElement(ElementLocation.java:60)
at org.openqa.selenium.remote.RemoteWebDriver.findElement(RemoteWebDriver.java:383)
at org.openqa.selenium.remote.RemoteWebDriver.findElement(RemoteWebDriver.java:375)
at com.ae.qa.pages.PayAndConfirmPage.fillCardDetails(PayAndConfirmPage.java:45)
at com.ae.qa.testcases.RegisterBeforeCheckOutTest.validatePlaceOrder(RegisterBeforeCheckOutTest.java:122)
at java.base/jdk.internal.reflect.NativeMethodAccessorImpl.invoke0(Native Method)
at java.base/jdk.internal.reflect.NativeMethodAccessorImpl.invoke(NativeMethodAccessorImpl.java:77)
at java.base/jdk.internal.reflect.DelegatingMethodAccessorImpl.invoke(DelegatingMethodAccessorImpl.java:43)
at java.base/java.lang.reflect.Method.invoke(Method.java:568)
at org.testng.internal.MethodInvocationHelper.invokeMethod(MethodInvocationHelper.java:133)
at org.testng.internal.TestInvoker.invokeMethod(TestInvoker.java:598)
at org.testng.internal.TestInvoker.invokeTestMethod(TestInvoker.java:173)
at org.testng.internal.MethodRunner.runInSequence(MethodRunner.java:46)
at org.testng.internal.TestInvoker$MethodInvocationAgent.invoke(TestInvoker.java:824)
at org.testng.internal.TestInvoker.invokeTestMethods(TestInvoker.java:146)
at org.testng.internal.TestMethodWorker.invokeTestMethods(TestMethodWorker.java:146)
at org.testng.internal.TestMethodWorker.run(TestMethodWorker.java:128)
at java.base/java.util.ArrayList.forEach(ArrayList.java:1511)
at org.testng.TestRunner.privateRun(TestRunner.java:794)
at org.testng.TestRunner.run(TestRunner.java:596)
at org.testng.SuiteRunner.runTest(SuiteRunner.java:377)
at org.testng.SuiteRunner.runSequentially(SuiteRunner.java:371)
at org.testng.SuiteRunner.privateRun(SuiteRunner.java:332)
at org.testng.SuiteRunner.run(SuiteRunner.java:276)
at org.testng.SuiteRunnerWorker.runSuite(SuiteRunnerWorker.java:53)
at org.testng.SuiteRunnerWorker.run(SuiteRunnerWorker.java:96)
at org.testng.TestNG.runSuitesSequentially(TestNG.java:1212)
at org.testng.TestNG.runSuitesLocally(TestNG.java:1134)
at org.testng.TestNG.runSuites(TestNG.java:1063)
at org.testng.TestNG.run(TestNG.java:1031)
at com.intellij.rt.testng.IDEARemoteTestNG.run(IDEARemoteTestNG.java:66)
at com.intellij.rt.testng.RemoteTestNGStarter.main(RemoteTestNGStarter.java:109)
]]>
            </full-stacktrace>
          </exception> <!-- org.openqa.selenium.NoSuchElementException -->
          <reporter-output>
          </reporter-output>
        </test-method> <!-- validatePlaceOrder -->
        <test-method signature="validateDeleteAccount()[pri:12, instance:com.ae.qa.testcases.RegisterBeforeCheckOutTest@78b729e6]" started-at="2023-05-01T13:13:03 BST" name="validateDeleteAccount" finished-at="2023-05-01T13:13:03 BST" duration-ms="704" status="PASS">
          <reporter-output>
          </reporter-output>
        </test-method> <!-- validateDeleteAccount -->
        <test-method is-config="true" signature="tearDown()[pri:0, instance:com.ae.qa.testcases.RegisterBeforeCheckOutTest@78b729e6]" started-at="2023-05-01T13:13:03 BST" name="tearDown" finished-at="2023-05-01T13:13:04 BST" duration-ms="1025" status="PASS">
          <reporter-output>
          </reporter-output>
        </test-method> <!-- tearDown -->
      </class> <!-- com.ae.qa.testcases.RegisterBeforeCheckOutTest -->
    </test> <!-- Test Case 15: Place Order: Register before Checkout -->
    <test started-at="2023-05-01T13:13:04 BST" name="Test Case 16a: Re-register User - exclude user deletion" finished-at="2023-05-01T13:13:26 BST" duration-ms="21378">
      <class name="com.ae.qa.testcases.SignUpPageTest">
        <test-method is-config="true" signature="setUp()[pri:0, instance:com.ae.qa.testcases.SignUpPageTest@402e37bc]" started-at="2023-05-01T13:13:04 BST" name="setUp" finished-at="2023-05-01T13:13:13 BST" duration-ms="8349" status="PASS">
          <reporter-output>
          </reporter-output>
        </test-method> <!-- setUp -->
        <test-method signature="validateWelcomePageTitle()[pri:1, instance:com.ae.qa.testcases.SignUpPageTest@402e37bc]" started-at="2023-05-01T13:13:13 BST" name="validateWelcomePageTitle" finished-at="2023-05-01T13:13:13 BST" duration-ms="1" status="PASS">
          <reporter-output>
          </reporter-output>
        </test-method> <!-- validateWelcomePageTitle -->
        <test-method signature="validateSignUpH2()[pri:2, instance:com.ae.qa.testcases.SignUpPageTest@402e37bc]" started-at="2023-05-01T13:13:13 BST" name="validateSignUpH2" finished-at="2023-05-01T13:13:13 BST" duration-ms="80" status="PASS">
          <reporter-output>
          </reporter-output>
        </test-method> <!-- validateSignUpH2 -->
        <test-method signature="validateSignUpNewUser()[pri:3, instance:com.ae.qa.testcases.SignUpPageTest@402e37bc]" started-at="2023-05-01T13:13:13 BST" name="validateSignUpNewUser" finished-at="2023-05-01T13:13:14 BST" duration-ms="903" status="PASS">
          <reporter-output>
          </reporter-output>
        </test-method> <!-- validateSignUpNewUser -->
        <test-method signature="validateSignUpAccountInfoH2()[pri:4, instance:com.ae.qa.testcases.SignUpPageTest@402e37bc]" started-at="2023-05-01T13:13:14 BST" name="validateSignUpAccountInfoH2" finished-at="2023-05-01T13:13:14 BST" duration-ms="67" status="PASS">
          <reporter-output>
          </reporter-output>
        </test-method> <!-- validateSignUpAccountInfoH2 -->
        <test-method signature="validateSignUp()[pri:5, instance:com.ae.qa.testcases.SignUpPageTest@402e37bc]" started-at="2023-05-01T13:13:14 BST" name="validateSignUp" finished-at="2023-05-01T13:13:19 BST" duration-ms="5229" status="PASS">
          <reporter-output>
          </reporter-output>
        </test-method> <!-- validateSignUp -->
        <test-method signature="validateLoggedInUserName()[pri:6, instance:com.ae.qa.testcases.SignUpPageTest@402e37bc]" started-at="2023-05-01T13:13:19 BST" name="validateLoggedInUserName" finished-at="2023-05-01T13:13:25 BST" duration-ms="5844" status="PASS">
          <reporter-output>
          </reporter-output>
        </test-method> <!-- validateLoggedInUserName -->
        <test-method is-config="true" signature="tearDown()[pri:0, instance:com.ae.qa.testcases.SignUpPageTest@402e37bc]" started-at="2023-05-01T13:13:25 BST" name="tearDown" finished-at="2023-05-01T13:13:26 BST" duration-ms="902" status="PASS">
          <reporter-output>
          </reporter-output>
        </test-method> <!-- tearDown -->
      </class> <!-- com.ae.qa.testcases.SignUpPageTest -->
    </test> <!-- Test Case 16a: Re-register User - exclude user deletion -->
    <test started-at="2023-05-01T13:13:26 BST" name="Test Case 16: Place Order: Login before Checkout" finished-at="2023-05-01T13:14:02 BST" duration-ms="35833">
      <class name="com.ae.qa.testcases.LoginBeforeCheckoutTest">
        <test-method is-config="true" signature="setUp()[pri:0, instance:com.ae.qa.testcases.LoginBeforeCheckoutTest@6a01e23]" started-at="2023-05-01T13:13:26 BST" name="setUp" finished-at="2023-05-01T13:13:33 BST" duration-ms="7764" status="PASS">
          <reporter-output>
          </reporter-output>
        </test-method> <!-- setUp -->
        <test-method signature="validateWelcomePageTitle()[pri:1, instance:com.ae.qa.testcases.LoginBeforeCheckoutTest@6a01e23]" started-at="2023-05-01T13:13:33 BST" name="validateWelcomePageTitle" finished-at="2023-05-01T13:13:33 BST" duration-ms="6" status="PASS">
          <reporter-output>
          </reporter-output>
        </test-method> <!-- validateWelcomePageTitle -->
        <test-method signature="validateLoginWithValidDetails()[pri:2, instance:com.ae.qa.testcases.LoginBeforeCheckoutTest@6a01e23]" started-at="2023-05-01T13:13:33 BST" name="validateLoginWithValidDetails" finished-at="2023-05-01T13:13:37 BST" duration-ms="3895" status="PASS">
          <reporter-output>
          </reporter-output>
        </test-method> <!-- validateLoginWithValidDetails -->
        <test-method signature="validateProductsLink()[pri:3, instance:com.ae.qa.testcases.LoginBeforeCheckoutTest@6a01e23]" started-at="2023-05-01T13:13:37 BST" name="validateProductsLink" finished-at="2023-05-01T13:13:42 BST" duration-ms="4458" status="PASS">
          <reporter-output>
          </reporter-output>
        </test-method> <!-- validateProductsLink -->
        <test-method signature="validateAddToCartInProductPage()[pri:4, instance:com.ae.qa.testcases.LoginBeforeCheckoutTest@6a01e23]" started-at="2023-05-01T13:13:42 BST" name="validateAddToCartInProductPage" finished-at="2023-05-01T13:13:46 BST" duration-ms="3739" status="PASS">
          <reporter-output>
          </reporter-output>
        </test-method> <!-- validateAddToCartInProductPage -->
        <test-method signature="validateAddressVisibility()[pri:5, instance:com.ae.qa.testcases.LoginBeforeCheckoutTest@6a01e23]" started-at="2023-05-01T13:13:46 BST" name="validateAddressVisibility" finished-at="2023-05-01T13:13:46 BST" duration-ms="31" status="PASS">
          <reporter-output>
          </reporter-output>
        </test-method> <!-- validateAddressVisibility -->
        <test-method signature="validateOrderVisibility()[pri:6, instance:com.ae.qa.testcases.LoginBeforeCheckoutTest@6a01e23]" started-at="2023-05-01T13:13:46 BST" name="validateOrderVisibility" finished-at="2023-05-01T13:13:46 BST" duration-ms="25" status="PASS">
          <reporter-output>
          </reporter-output>
        </test-method> <!-- validateOrderVisibility -->
        <test-method signature="validatePlaceOrder()[pri:7, instance:com.ae.qa.testcases.LoginBeforeCheckoutTest@6a01e23]" started-at="2023-05-01T13:13:46 BST" name="validatePlaceOrder" finished-at="2023-05-01T13:13:59 BST" duration-ms="13407" status="FAIL">
          <exception class="org.openqa.selenium.NoSuchElementException">
            <message>
              <![CDATA[Unable to locate element: //*[contains(text(),'Your order has been placed successfully!')]
For documentation on this error, please visit: https://selenium.dev/exceptions/#no_such_element
Build info: version: '4.0.0', revision: '3a21814679'
System info: host: 'ks-MacBook-Air.local', ip: '2a00:23c7:6b19:1801:e4c3:c80e:95e0:8f86%en0', os.name: 'Mac OS X', os.arch: 'x86_64', os.version: '12.6.5', java.version: '17.0.6'
Driver info: org.openqa.selenium.firefox.FirefoxDriver
Command: [d49fd85a-f005-4ab0-ad32-1adb037f51a9, findElement {using=xpath, value=//*[contains(text(),'Your order has been placed successfully!')]}]
Capabilities {acceptInsecureCerts: true, browserName: firefox, browserVersion: 112.0.1, javascriptEnabled: true, moz:accessibilityChecks: false, moz:buildID: 20230414125621, moz:debuggerAddress: 127.0.0.1:49284, moz:geckodriverVersion: 0.33.0, moz:headless: false, moz:platformVersion: 21.6.0, moz:processID: 68369, moz:profile: /var/folders/6t/2wrb61y14lb..., moz:shutdownTimeout: 60000, moz:useNonSpecCompliantPointerOrigin: false, moz:webdriverClick: true, moz:windowless: false, pageLoadStrategy: normal, platform: MAC, platformName: MAC, proxy: Proxy(), se:cdp: ws://127.0.0.1:49284/devtoo..., se:cdpVersion: 85, setWindowRect: true, strictFileInteractability: false, timeouts: {implicit: 0, pageLoad: 300000, script: 30000}, unhandledPromptBehavior: dismiss and notify}
Session ID: d49fd85a-f005-4ab0-ad32-1adb037f51a9]]>
            </message>
            <full-stacktrace>
              <![CDATA[org.openqa.selenium.NoSuchElementException: Unable to locate element: //*[contains(text(),'Your order has been placed successfully!')]
For documentation on this error, please visit: https://selenium.dev/exceptions/#no_such_element
Build info: version: '4.0.0', revision: '3a21814679'
System info: host: 'ks-MacBook-Air.local', ip: '2a00:23c7:6b19:1801:e4c3:c80e:95e0:8f86%en0', os.name: 'Mac OS X', os.arch: 'x86_64', os.version: '12.6.5', java.version: '17.0.6'
Driver info: org.openqa.selenium.firefox.FirefoxDriver
Command: [d49fd85a-f005-4ab0-ad32-1adb037f51a9, findElement {using=xpath, value=//*[contains(text(),'Your order has been placed successfully!')]}]
Capabilities {acceptInsecureCerts: true, browserName: firefox, browserVersion: 112.0.1, javascriptEnabled: true, moz:accessibilityChecks: false, moz:buildID: 20230414125621, moz:debuggerAddress: 127.0.0.1:49284, moz:geckodriverVersion: 0.33.0, moz:headless: false, moz:platformVersion: 21.6.0, moz:processID: 68369, moz:profile: /var/folders/6t/2wrb61y14lb..., moz:shutdownTimeout: 60000, moz:useNonSpecCompliantPointerOrigin: false, moz:webdriverClick: true, moz:windowless: false, pageLoadStrategy: normal, platform: MAC, platformName: MAC, proxy: Proxy(), se:cdp: ws://127.0.0.1:49284/devtoo..., se:cdpVersion: 85, setWindowRect: true, strictFileInteractability: false, timeouts: {implicit: 0, pageLoad: 300000, script: 30000}, unhandledPromptBehavior: dismiss and notify}
Session ID: d49fd85a-f005-4ab0-ad32-1adb037f51a9
at java.base/jdk.internal.reflect.NativeConstructorAccessorImpl.newInstance0(Native Method)
at java.base/jdk.internal.reflect.NativeConstructorAccessorImpl.newInstance(NativeConstructorAccessorImpl.java:77)
at java.base/jdk.internal.reflect.DelegatingConstructorAccessorImpl.newInstance(DelegatingConstructorAccessorImpl.java:45)
at java.base/java.lang.reflect.Constructor.newInstanceWithCaller(Constructor.java:499)
at java.base/java.lang.reflect.Constructor.newInstance(Constructor.java:480)
at org.openqa.selenium.remote.codec.w3c.W3CHttpResponseCodec.createException(W3CHttpResponseCodec.java:200)
at org.openqa.selenium.remote.codec.w3c.W3CHttpResponseCodec.decode(W3CHttpResponseCodec.java:133)
at org.openqa.selenium.remote.codec.w3c.W3CHttpResponseCodec.decode(W3CHttpResponseCodec.java:53)
at org.openqa.selenium.remote.HttpCommandExecutor.execute(HttpCommandExecutor.java:184)
at org.openqa.selenium.remote.service.DriverCommandExecutor.invokeExecute(DriverCommandExecutor.java:164)
at org.openqa.selenium.remote.service.DriverCommandExecutor.execute(DriverCommandExecutor.java:139)
at org.openqa.selenium.remote.RemoteWebDriver.execute(RemoteWebDriver.java:559)
at org.openqa.selenium.remote.ElementLocation$ElementFinder$2.findElement(ElementLocation.java:162)
at org.openqa.selenium.remote.ElementLocation.findElement(ElementLocation.java:60)
at org.openqa.selenium.remote.RemoteWebDriver.findElement(RemoteWebDriver.java:383)
at org.openqa.selenium.remote.RemoteWebDriver.findElement(RemoteWebDriver.java:375)
at com.ae.qa.pages.PayAndConfirmPage.fillCardDetails(PayAndConfirmPage.java:45)
at com.ae.qa.testcases.LoginBeforeCheckoutTest.validatePlaceOrder(LoginBeforeCheckoutTest.java:78)
at java.base/jdk.internal.reflect.NativeMethodAccessorImpl.invoke0(Native Method)
at java.base/jdk.internal.reflect.NativeMethodAccessorImpl.invoke(NativeMethodAccessorImpl.java:77)
at java.base/jdk.internal.reflect.DelegatingMethodAccessorImpl.invoke(DelegatingMethodAccessorImpl.java:43)
at java.base/java.lang.reflect.Method.invoke(Method.java:568)
at org.testng.internal.MethodInvocationHelper.invokeMethod(MethodInvocationHelper.java:133)
at org.testng.internal.TestInvoker.invokeMethod(TestInvoker.java:598)
at org.testng.internal.TestInvoker.invokeTestMethod(TestInvoker.java:173)
at org.testng.internal.MethodRunner.runInSequence(MethodRunner.java:46)
at org.testng.internal.TestInvoker$MethodInvocationAgent.invoke(TestInvoker.java:824)
at org.testng.internal.TestInvoker.invokeTestMethods(TestInvoker.java:146)
at org.testng.internal.TestMethodWorker.invokeTestMethods(TestMethodWorker.java:146)
at org.testng.internal.TestMethodWorker.run(TestMethodWorker.java:128)
at java.base/java.util.ArrayList.forEach(ArrayList.java:1511)
at org.testng.TestRunner.privateRun(TestRunner.java:794)
at org.testng.TestRunner.run(TestRunner.java:596)
at org.testng.SuiteRunner.runTest(SuiteRunner.java:377)
at org.testng.SuiteRunner.runSequentially(SuiteRunner.java:371)
at org.testng.SuiteRunner.privateRun(SuiteRunner.java:332)
at org.testng.SuiteRunner.run(SuiteRunner.java:276)
at org.testng.SuiteRunnerWorker.runSuite(SuiteRunnerWorker.java:53)
at org.testng.SuiteRunnerWorker.run(SuiteRunnerWorker.java:96)
at org.testng.TestNG.runSuitesSequentially(TestNG.java:1212)
at org.testng.TestNG.runSuitesLocally(TestNG.java:1134)
at org.testng.TestNG.runSuites(TestNG.java:1063)
at org.testng.TestNG.run(TestNG.java:1031)
at com.intellij.rt.testng.IDEARemoteTestNG.run(IDEARemoteTestNG.java:66)
at com.intellij.rt.testng.RemoteTestNGStarter.main(RemoteTestNGStarter.java:109)
]]>
            </full-stacktrace>
          </exception> <!-- org.openqa.selenium.NoSuchElementException -->
          <reporter-output>
          </reporter-output>
        </test-method> <!-- validatePlaceOrder -->
        <test-method signature="validateDeleteAccount()[pri:8, instance:com.ae.qa.testcases.LoginBeforeCheckoutTest@6a01e23]" started-at="2023-05-01T13:13:59 BST" name="validateDeleteAccount" finished-at="2023-05-01T13:14:00 BST" duration-ms="721" status="PASS">
          <reporter-output>
          </reporter-output>
        </test-method> <!-- validateDeleteAccount -->
        <test-method is-config="true" signature="tearDown()[pri:0, instance:com.ae.qa.testcases.LoginBeforeCheckoutTest@6a01e23]" started-at="2023-05-01T13:14:00 BST" name="tearDown" finished-at="2023-05-01T13:14:02 BST" duration-ms="1782" status="PASS">
          <reporter-output>
          </reporter-output>
        </test-method> <!-- tearDown -->
      </class> <!-- com.ae.qa.testcases.LoginBeforeCheckoutTest -->
    </test> <!-- Test Case 16: Place Order: Login before Checkout -->
    <test started-at="2023-05-01T13:14:02 BST" name="Test Case 17: Remove Products From Cart" finished-at="2023-05-01T13:14:16 BST" duration-ms="14641">
      <class name="com.ae.qa.testcases.ProductsPageTest">
        <test-method is-config="true" signature="setUp()[pri:0, instance:com.ae.qa.testcases.ProductsPageTest@7fc2413d]" started-at="2023-05-01T13:14:02 BST" name="setUp" finished-at="2023-05-01T13:14:11 BST" duration-ms="9022" status="PASS">
          <reporter-output>
          </reporter-output>
        </test-method> <!-- setUp -->
        <test-method signature="validateWelcomePageTitle()[pri:1, instance:com.ae.qa.testcases.ProductsPageTest@7fc2413d]" started-at="2023-05-01T13:14:11 BST" name="validateWelcomePageTitle" finished-at="2023-05-01T13:14:11 BST" duration-ms="11" status="PASS">
          <reporter-output>
          </reporter-output>
        </test-method> <!-- validateWelcomePageTitle -->
        <test-method signature="validateProductsLink()[pri:2, instance:com.ae.qa.testcases.ProductsPageTest@7fc2413d]" started-at="2023-05-01T13:14:11 BST" name="validateProductsLink" finished-at="2023-05-01T13:14:14 BST" duration-ms="2973" status="PASS">
          <reporter-output>
          </reporter-output>
        </test-method> <!-- validateProductsLink -->
        <test-method signature="validateAddToCartInProductPage()[pri:3, instance:com.ae.qa.testcases.ProductsPageTest@7fc2413d]" started-at="2023-05-01T13:14:14 BST" name="validateAddToCartInProductPage" finished-at="2023-05-01T13:14:15 BST" duration-ms="1502" status="PASS">
          <reporter-output>
          </reporter-output>
        </test-method> <!-- validateAddToCartInProductPage -->
        <test-method signature="validateDeleteFromCart()[pri:4, instance:com.ae.qa.testcases.ProductsPageTest@7fc2413d]" started-at="2023-05-01T13:14:15 BST" name="validateDeleteFromCart" finished-at="2023-05-01T13:14:15 BST" duration-ms="249" status="PASS">
          <reporter-output>
          </reporter-output>
        </test-method> <!-- validateDeleteFromCart -->
        <test-method is-config="true" signature="tearDown()[pri:0, instance:com.ae.qa.testcases.ProductsPageTest@7fc2413d]" started-at="2023-05-01T13:14:15 BST" name="tearDown" finished-at="2023-05-01T13:14:16 BST" duration-ms="878" status="PASS">
          <reporter-output>
          </reporter-output>
        </test-method> <!-- tearDown -->
      </class> <!-- com.ae.qa.testcases.ProductsPageTest -->
    </test> <!-- Test Case 17: Remove Products From Cart -->
    <test started-at="2023-05-01T13:14:16 BST" name="Test Case 21: Add review on product" finished-at="2023-05-01T13:14:31 BST" duration-ms="14330">
      <class name="com.ae.qa.testcases.ProductsPageTest">
        <test-method is-config="true" signature="setUp()[pri:0, instance:com.ae.qa.testcases.ProductsPageTest@4c15e7fd]" started-at="2023-05-01T13:14:16 BST" name="setUp" finished-at="2023-05-01T13:14:24 BST" duration-ms="8056" status="PASS">
          <reporter-output>
          </reporter-output>
        </test-method> <!-- setUp -->
        <test-method signature="validateWelcomePageTitle()[pri:1, instance:com.ae.qa.testcases.ProductsPageTest@4c15e7fd]" started-at="2023-05-01T13:14:24 BST" name="validateWelcomePageTitle" finished-at="2023-05-01T13:14:24 BST" duration-ms="12" status="PASS">
          <reporter-output>
          </reporter-output>
        </test-method> <!-- validateWelcomePageTitle -->
        <test-method signature="validateProductsLink()[pri:2, instance:com.ae.qa.testcases.ProductsPageTest@4c15e7fd]" started-at="2023-05-01T13:14:24 BST" name="validateProductsLink" finished-at="2023-05-01T13:14:28 BST" duration-ms="3907" status="PASS">
          <reporter-output>
          </reporter-output>
        </test-method> <!-- validateProductsLink -->
        <test-method signature="validateProductsDetailsNavigation()[pri:3, instance:com.ae.qa.testcases.ProductsPageTest@4c15e7fd]" started-at="2023-05-01T13:14:28 BST" name="validateProductsDetailsNavigation" finished-at="2023-05-01T13:14:29 BST" duration-ms="939" status="PASS">
          <reporter-output>
          </reporter-output>
        </test-method> <!-- validateProductsDetailsNavigation -->
        <test-method signature="validateReviewAboutProduct()[pri:4, instance:com.ae.qa.testcases.ProductsPageTest@4c15e7fd]" started-at="2023-05-01T13:14:29 BST" name="validateReviewAboutProduct" finished-at="2023-05-01T13:14:30 BST" duration-ms="538" status="PASS">
          <reporter-output>
          </reporter-output>
        </test-method> <!-- validateReviewAboutProduct -->
        <test-method is-config="true" signature="tearDown()[pri:0, instance:com.ae.qa.testcases.ProductsPageTest@4c15e7fd]" started-at="2023-05-01T13:14:30 BST" name="tearDown" finished-at="2023-05-01T13:14:31 BST" duration-ms="874" status="PASS">
          <reporter-output>
          </reporter-output>
        </test-method> <!-- tearDown -->
      </class> <!-- com.ae.qa.testcases.ProductsPageTest -->
    </test> <!-- Test Case 21: Add review on product -->
    <test started-at="2023-05-01T13:14:31 BST" name="Test Case 23: Verify address details in checkout page" finished-at="2023-05-01T13:15:01 BST" duration-ms="30067">
      <class name="com.ae.qa.testcases.RegisterWhileCheckOutTest">
        <test-method is-config="true" signature="setUp()[pri:0, instance:com.ae.qa.testcases.RegisterWhileCheckOutTest@7d3a22a9]" started-at="2023-05-01T13:14:31 BST" name="setUp" finished-at="2023-05-01T13:14:39 BST" duration-ms="8584" status="PASS">
          <reporter-output>
          </reporter-output>
        </test-method> <!-- setUp -->
        <test-method signature="validateWelcomePageTitle()[pri:1, instance:com.ae.qa.testcases.RegisterWhileCheckOutTest@7d3a22a9]" started-at="2023-05-01T13:14:39 BST" name="validateWelcomePageTitle" finished-at="2023-05-01T13:14:39 BST" duration-ms="0" status="PASS">
          <reporter-output>
          </reporter-output>
        </test-method> <!-- validateWelcomePageTitle -->
        <test-method signature="validateProductsLink()[pri:2, instance:com.ae.qa.testcases.RegisterWhileCheckOutTest@7d3a22a9]" started-at="2023-05-01T13:14:39 BST" name="validateProductsLink" finished-at="2023-05-01T13:14:43 BST" duration-ms="3700" status="PASS">
          <reporter-output>
          </reporter-output>
        </test-method> <!-- validateProductsLink -->
        <test-method signature="validateAddToCartInProductPage()[pri:3, instance:com.ae.qa.testcases.RegisterWhileCheckOutTest@7d3a22a9]" started-at="2023-05-01T13:14:43 BST" name="validateAddToCartInProductPage" finished-at="2023-05-01T13:14:45 BST" duration-ms="1746" status="PASS">
          <reporter-output>
          </reporter-output>
        </test-method> <!-- validateAddToCartInProductPage -->
        <test-method signature="validateSignUpNewUser()[pri:4, instance:com.ae.qa.testcases.RegisterWhileCheckOutTest@7d3a22a9]" started-at="2023-05-01T13:14:45 BST" name="validateSignUpNewUser" finished-at="2023-05-01T13:14:45 BST" duration-ms="522" status="PASS">
          <reporter-output>
          </reporter-output>
        </test-method> <!-- validateSignUpNewUser -->
        <test-method signature="validateSignUp()[pri:5, instance:com.ae.qa.testcases.RegisterWhileCheckOutTest@7d3a22a9]" started-at="2023-05-01T13:14:45 BST" name="validateSignUp" finished-at="2023-05-01T13:14:49 BST" duration-ms="3874" status="PASS">
          <reporter-output>
          </reporter-output>
        </test-method> <!-- validateSignUp -->
        <test-method signature="validateLoggedInUserName()[pri:6, instance:com.ae.qa.testcases.RegisterWhileCheckOutTest@7d3a22a9]" started-at="2023-05-01T13:14:49 BST" name="validateLoggedInUserName" finished-at="2023-05-01T13:14:55 BST" duration-ms="6109" status="PASS">
          <reporter-output>
          </reporter-output>
        </test-method> <!-- validateLoggedInUserName -->
        <test-method signature="validateProceedCheckout()[pri:7, instance:com.ae.qa.testcases.RegisterWhileCheckOutTest@7d3a22a9]" started-at="2023-05-01T13:14:55 BST" name="validateProceedCheckout" finished-at="2023-05-01T13:14:58 BST" duration-ms="3071" status="PASS">
          <reporter-output>
          </reporter-output>
        </test-method> <!-- validateProceedCheckout -->
        <test-method signature="validateAddressVisibility()[pri:8, instance:com.ae.qa.testcases.RegisterWhileCheckOutTest@7d3a22a9]" started-at="2023-05-01T13:14:58 BST" name="validateAddressVisibility" finished-at="2023-05-01T13:14:58 BST" duration-ms="50" status="PASS">
          <reporter-output>
          </reporter-output>
        </test-method> <!-- validateAddressVisibility -->
        <test-method signature="validateOrderVisibility()[pri:8, instance:com.ae.qa.testcases.RegisterWhileCheckOutTest@7d3a22a9]" started-at="2023-05-01T13:14:58 BST" name="validateOrderVisibility" finished-at="2023-05-01T13:14:58 BST" duration-ms="47" status="PASS">
          <reporter-output>
          </reporter-output>
        </test-method> <!-- validateOrderVisibility -->
        <test-method signature="validateBillingyAddress()[pri:9, instance:com.ae.qa.testcases.RegisterWhileCheckOutTest@7d3a22a9]" started-at="2023-05-01T13:14:58 BST" name="validateBillingyAddress" finished-at="2023-05-01T13:14:58 BST" duration-ms="151" status="PASS">
          <reporter-output>
          </reporter-output>
        </test-method> <!-- validateBillingyAddress -->
        <test-method signature="validateDeliveryAddress()[pri:9, instance:com.ae.qa.testcases.RegisterWhileCheckOutTest@7d3a22a9]" started-at="2023-05-01T13:14:58 BST" name="validateDeliveryAddress" finished-at="2023-05-01T13:14:58 BST" duration-ms="68" status="PASS">
          <reporter-output>
          </reporter-output>
        </test-method> <!-- validateDeliveryAddress -->
        <test-method signature="validateDeleteAccount()[pri:10, instance:com.ae.qa.testcases.RegisterWhileCheckOutTest@7d3a22a9]" started-at="2023-05-01T13:14:58 BST" name="validateDeleteAccount" finished-at="2023-05-01T13:14:59 BST" duration-ms="808" status="PASS">
          <reporter-output>
          </reporter-output>
        </test-method> <!-- validateDeleteAccount -->
        <test-method is-config="true" signature="tearDown()[pri:0, instance:com.ae.qa.testcases.RegisterWhileCheckOutTest@7d3a22a9]" started-at="2023-05-01T13:14:59 BST" name="tearDown" finished-at="2023-05-01T13:15:01 BST" duration-ms="1325" status="PASS">
          <reporter-output>
          </reporter-output>
        </test-method> <!-- tearDown -->
      </class> <!-- com.ae.qa.testcases.RegisterWhileCheckOutTest -->
    </test> <!-- Test Case 23: Verify address details in checkout page -->
    <test started-at="2023-05-01T13:15:01 BST" name="Test Case 24: Download Invoice after purchase order" finished-at="2023-05-01T13:15:48 BST" duration-ms="47672">
      <class name="com.ae.qa.testcases.RegisterBeforeCheckOutTest">
        <test-method is-config="true" signature="setUp()[pri:0, instance:com.ae.qa.testcases.RegisterBeforeCheckOutTest@2a32de6c]" started-at="2023-05-01T13:15:01 BST" name="setUp" finished-at="2023-05-01T13:15:10 BST" duration-ms="8934" status="PASS">
          <reporter-output>
          </reporter-output>
        </test-method> <!-- setUp -->
        <test-method signature="validateSignUpH2()[pri:2, instance:com.ae.qa.testcases.RegisterBeforeCheckOutTest@2a32de6c]" started-at="2023-05-01T13:15:10 BST" name="validateSignUpH2" finished-at="2023-05-01T13:15:10 BST" duration-ms="57" status="PASS">
          <reporter-output>
          </reporter-output>
        </test-method> <!-- validateSignUpH2 -->
        <test-method signature="validateWelcomePageTitle()[pri:1, instance:com.ae.qa.testcases.RegisterBeforeCheckOutTest@2a32de6c]" started-at="2023-05-01T13:15:10 BST" name="validateWelcomePageTitle" finished-at="2023-05-01T13:15:10 BST" duration-ms="0" status="PASS">
          <reporter-output>
          </reporter-output>
        </test-method> <!-- validateWelcomePageTitle -->
        <test-method signature="validateSignUpNewUser()[pri:3, instance:com.ae.qa.testcases.RegisterBeforeCheckOutTest@2a32de6c]" started-at="2023-05-01T13:15:10 BST" name="validateSignUpNewUser" finished-at="2023-05-01T13:15:11 BST" duration-ms="1183" status="PASS">
          <reporter-output>
          </reporter-output>
        </test-method> <!-- validateSignUpNewUser -->
        <test-method signature="validateSignUpAccountInfoH2()[pri:4, instance:com.ae.qa.testcases.RegisterBeforeCheckOutTest@2a32de6c]" started-at="2023-05-01T13:15:11 BST" name="validateSignUpAccountInfoH2" finished-at="2023-05-01T13:15:11 BST" duration-ms="26" status="PASS">
          <reporter-output>
          </reporter-output>
        </test-method> <!-- validateSignUpAccountInfoH2 -->
        <test-method signature="validateSignUp()[pri:5, instance:com.ae.qa.testcases.RegisterBeforeCheckOutTest@2a32de6c]" started-at="2023-05-01T13:15:11 BST" name="validateSignUp" finished-at="2023-05-01T13:15:15 BST" duration-ms="4003" status="PASS">
          <reporter-output>
          </reporter-output>
        </test-method> <!-- validateSignUp -->
        <test-method signature="validateLoggedInUserName()[pri:6, instance:com.ae.qa.testcases.RegisterBeforeCheckOutTest@2a32de6c]" started-at="2023-05-01T13:15:15 BST" name="validateLoggedInUserName" finished-at="2023-05-01T13:15:21 BST" duration-ms="6529" status="PASS">
          <reporter-output>
          </reporter-output>
        </test-method> <!-- validateLoggedInUserName -->
        <test-method signature="validateProductsLink()[pri:7, instance:com.ae.qa.testcases.RegisterBeforeCheckOutTest@2a32de6c]" started-at="2023-05-01T13:15:21 BST" name="validateProductsLink" finished-at="2023-05-01T13:15:26 BST" duration-ms="4209" status="PASS">
          <reporter-output>
          </reporter-output>
        </test-method> <!-- validateProductsLink -->
        <test-method signature="validateAddToCartInProductPage()[pri:8, instance:com.ae.qa.testcases.RegisterBeforeCheckOutTest@2a32de6c]" started-at="2023-05-01T13:15:26 BST" name="validateAddToCartInProductPage" finished-at="2023-05-01T13:15:28 BST" duration-ms="2360" status="PASS">
          <reporter-output>
          </reporter-output>
        </test-method> <!-- validateAddToCartInProductPage -->
        <test-method signature="validateAddressVisibility()[pri:9, instance:com.ae.qa.testcases.RegisterBeforeCheckOutTest@2a32de6c]" started-at="2023-05-01T13:15:28 BST" name="validateAddressVisibility" finished-at="2023-05-01T13:15:28 BST" duration-ms="50" status="PASS">
          <reporter-output>
          </reporter-output>
        </test-method> <!-- validateAddressVisibility -->
        <test-method signature="validateOrderVisibility()[pri:9, instance:com.ae.qa.testcases.RegisterBeforeCheckOutTest@2a32de6c]" started-at="2023-05-01T13:15:28 BST" name="validateOrderVisibility" finished-at="2023-05-01T13:15:28 BST" duration-ms="29" status="PASS">
          <reporter-output>
          </reporter-output>
        </test-method> <!-- validateOrderVisibility -->
        <test-method signature="validatePlaceOrder()[pri:10, instance:com.ae.qa.testcases.RegisterBeforeCheckOutTest@2a32de6c]" started-at="2023-05-01T13:15:28 BST" name="validatePlaceOrder" finished-at="2023-05-01T13:15:41 BST" duration-ms="13384" status="FAIL">
          <exception class="org.openqa.selenium.NoSuchElementException">
            <message>
              <![CDATA[Unable to locate element: //*[contains(text(),'Your order has been placed successfully!')]
For documentation on this error, please visit: https://selenium.dev/exceptions/#no_such_element
Build info: version: '4.0.0', revision: '3a21814679'
System info: host: 'ks-MacBook-Air.local', ip: '2a00:23c7:6b19:1801:e4c3:c80e:95e0:8f86%en0', os.name: 'Mac OS X', os.arch: 'x86_64', os.version: '12.6.5', java.version: '17.0.6'
Driver info: org.openqa.selenium.firefox.FirefoxDriver
Command: [96613ffc-e088-4dba-84a5-cc253606a28c, findElement {using=xpath, value=//*[contains(text(),'Your order has been placed successfully!')]}]
Capabilities {acceptInsecureCerts: true, browserName: firefox, browserVersion: 112.0.1, javascriptEnabled: true, moz:accessibilityChecks: false, moz:buildID: 20230414125621, moz:debuggerAddress: 127.0.0.1:55380, moz:geckodriverVersion: 0.33.0, moz:headless: false, moz:platformVersion: 21.6.0, moz:processID: 68436, moz:profile: /var/folders/6t/2wrb61y14lb..., moz:shutdownTimeout: 60000, moz:useNonSpecCompliantPointerOrigin: false, moz:webdriverClick: true, moz:windowless: false, pageLoadStrategy: normal, platform: MAC, platformName: MAC, proxy: Proxy(), se:cdp: ws://127.0.0.1:55380/devtoo..., se:cdpVersion: 85, setWindowRect: true, strictFileInteractability: false, timeouts: {implicit: 0, pageLoad: 300000, script: 30000}, unhandledPromptBehavior: dismiss and notify}
Session ID: 96613ffc-e088-4dba-84a5-cc253606a28c]]>
            </message>
            <full-stacktrace>
              <![CDATA[org.openqa.selenium.NoSuchElementException: Unable to locate element: //*[contains(text(),'Your order has been placed successfully!')]
For documentation on this error, please visit: https://selenium.dev/exceptions/#no_such_element
Build info: version: '4.0.0', revision: '3a21814679'
System info: host: 'ks-MacBook-Air.local', ip: '2a00:23c7:6b19:1801:e4c3:c80e:95e0:8f86%en0', os.name: 'Mac OS X', os.arch: 'x86_64', os.version: '12.6.5', java.version: '17.0.6'
Driver info: org.openqa.selenium.firefox.FirefoxDriver
Command: [96613ffc-e088-4dba-84a5-cc253606a28c, findElement {using=xpath, value=//*[contains(text(),'Your order has been placed successfully!')]}]
Capabilities {acceptInsecureCerts: true, browserName: firefox, browserVersion: 112.0.1, javascriptEnabled: true, moz:accessibilityChecks: false, moz:buildID: 20230414125621, moz:debuggerAddress: 127.0.0.1:55380, moz:geckodriverVersion: 0.33.0, moz:headless: false, moz:platformVersion: 21.6.0, moz:processID: 68436, moz:profile: /var/folders/6t/2wrb61y14lb..., moz:shutdownTimeout: 60000, moz:useNonSpecCompliantPointerOrigin: false, moz:webdriverClick: true, moz:windowless: false, pageLoadStrategy: normal, platform: MAC, platformName: MAC, proxy: Proxy(), se:cdp: ws://127.0.0.1:55380/devtoo..., se:cdpVersion: 85, setWindowRect: true, strictFileInteractability: false, timeouts: {implicit: 0, pageLoad: 300000, script: 30000}, unhandledPromptBehavior: dismiss and notify}
Session ID: 96613ffc-e088-4dba-84a5-cc253606a28c
at java.base/jdk.internal.reflect.NativeConstructorAccessorImpl.newInstance0(Native Method)
at java.base/jdk.internal.reflect.NativeConstructorAccessorImpl.newInstance(NativeConstructorAccessorImpl.java:77)
at java.base/jdk.internal.reflect.DelegatingConstructorAccessorImpl.newInstance(DelegatingConstructorAccessorImpl.java:45)
at java.base/java.lang.reflect.Constructor.newInstanceWithCaller(Constructor.java:499)
at java.base/java.lang.reflect.Constructor.newInstance(Constructor.java:480)
at org.openqa.selenium.remote.codec.w3c.W3CHttpResponseCodec.createException(W3CHttpResponseCodec.java:200)
at org.openqa.selenium.remote.codec.w3c.W3CHttpResponseCodec.decode(W3CHttpResponseCodec.java:133)
at org.openqa.selenium.remote.codec.w3c.W3CHttpResponseCodec.decode(W3CHttpResponseCodec.java:53)
at org.openqa.selenium.remote.HttpCommandExecutor.execute(HttpCommandExecutor.java:184)
at org.openqa.selenium.remote.service.DriverCommandExecutor.invokeExecute(DriverCommandExecutor.java:164)
at org.openqa.selenium.remote.service.DriverCommandExecutor.execute(DriverCommandExecutor.java:139)
at org.openqa.selenium.remote.RemoteWebDriver.execute(RemoteWebDriver.java:559)
at org.openqa.selenium.remote.ElementLocation$ElementFinder$2.findElement(ElementLocation.java:162)
at org.openqa.selenium.remote.ElementLocation.findElement(ElementLocation.java:60)
at org.openqa.selenium.remote.RemoteWebDriver.findElement(RemoteWebDriver.java:383)
at org.openqa.selenium.remote.RemoteWebDriver.findElement(RemoteWebDriver.java:375)
at com.ae.qa.pages.PayAndConfirmPage.fillCardDetails(PayAndConfirmPage.java:45)
at com.ae.qa.testcases.RegisterBeforeCheckOutTest.validatePlaceOrder(RegisterBeforeCheckOutTest.java:122)
at java.base/jdk.internal.reflect.NativeMethodAccessorImpl.invoke0(Native Method)
at java.base/jdk.internal.reflect.NativeMethodAccessorImpl.invoke(NativeMethodAccessorImpl.java:77)
at java.base/jdk.internal.reflect.DelegatingMethodAccessorImpl.invoke(DelegatingMethodAccessorImpl.java:43)
at java.base/java.lang.reflect.Method.invoke(Method.java:568)
at org.testng.internal.MethodInvocationHelper.invokeMethod(MethodInvocationHelper.java:133)
at org.testng.internal.TestInvoker.invokeMethod(TestInvoker.java:598)
at org.testng.internal.TestInvoker.invokeTestMethod(TestInvoker.java:173)
at org.testng.internal.MethodRunner.runInSequence(MethodRunner.java:46)
at org.testng.internal.TestInvoker$MethodInvocationAgent.invoke(TestInvoker.java:824)
at org.testng.internal.TestInvoker.invokeTestMethods(TestInvoker.java:146)
at org.testng.internal.TestMethodWorker.invokeTestMethods(TestMethodWorker.java:146)
at org.testng.internal.TestMethodWorker.run(TestMethodWorker.java:128)
at java.base/java.util.ArrayList.forEach(ArrayList.java:1511)
at org.testng.TestRunner.privateRun(TestRunner.java:794)
at org.testng.TestRunner.run(TestRunner.java:596)
at org.testng.SuiteRunner.runTest(SuiteRunner.java:377)
at org.testng.SuiteRunner.runSequentially(SuiteRunner.java:371)
at org.testng.SuiteRunner.privateRun(SuiteRunner.java:332)
at org.testng.SuiteRunner.run(SuiteRunner.java:276)
at org.testng.SuiteRunnerWorker.runSuite(SuiteRunnerWorker.java:53)
at org.testng.SuiteRunnerWorker.run(SuiteRunnerWorker.java:96)
at org.testng.TestNG.runSuitesSequentially(TestNG.java:1212)
at org.testng.TestNG.runSuitesLocally(TestNG.java:1134)
at org.testng.TestNG.runSuites(TestNG.java:1063)
at org.testng.TestNG.run(TestNG.java:1031)
at com.intellij.rt.testng.IDEARemoteTestNG.run(IDEARemoteTestNG.java:66)
at com.intellij.rt.testng.RemoteTestNGStarter.main(RemoteTestNGStarter.java:109)
]]>
            </full-stacktrace>
          </exception> <!-- org.openqa.selenium.NoSuchElementException -->
          <reporter-output>
          </reporter-output>
        </test-method> <!-- validatePlaceOrder -->
        <test-method signature="validateDownloadInvoice()[pri:11, instance:com.ae.qa.testcases.RegisterBeforeCheckOutTest@2a32de6c]" started-at="2023-05-01T13:15:41 BST" name="validateDownloadInvoice" finished-at="2023-05-01T13:15:47 BST" duration-ms="5258" status="PASS">
          <reporter-output>
          </reporter-output>
        </test-method> <!-- validateDownloadInvoice -->
        <test-method signature="validateDeleteAccount()[pri:12, instance:com.ae.qa.testcases.RegisterBeforeCheckOutTest@2a32de6c]" started-at="2023-05-01T13:15:47 BST" name="validateDeleteAccount" finished-at="2023-05-01T13:15:47 BST" duration-ms="693" status="PASS">
          <reporter-output>
          </reporter-output>
        </test-method> <!-- validateDeleteAccount -->
        <test-method is-config="true" signature="tearDown()[pri:0, instance:com.ae.qa.testcases.RegisterBeforeCheckOutTest@2a32de6c]" started-at="2023-05-01T13:15:47 BST" name="tearDown" finished-at="2023-05-01T13:15:48 BST" duration-ms="942" status="PASS">
          <reporter-output>
          </reporter-output>
        </test-method> <!-- tearDown -->
      </class> <!-- com.ae.qa.testcases.RegisterBeforeCheckOutTest -->
    </test> <!-- Test Case 24: Download Invoice after purchase order -->
    <test started-at="2023-05-01T13:15:48 BST" name="Test Case 25: Verify Scroll Up using &#039;Arrow&#039; button and Scroll Down functionality" finished-at="2023-05-01T13:16:00 BST" duration-ms="11398">
      <class name="com.ae.qa.testcases.WelcomePageTest">
        <test-method is-config="true" signature="setUp()[pri:0, instance:com.ae.qa.testcases.WelcomePageTest@43ee72e6]" started-at="2023-05-01T13:15:48 BST" name="setUp" finished-at="2023-05-01T13:15:56 BST" duration-ms="7894" status="PASS">
          <reporter-output>
          </reporter-output>
        </test-method> <!-- setUp -->
        <test-method signature="validateWelcomePageTitle()[pri:0, instance:com.ae.qa.testcases.WelcomePageTest@43ee72e6]" started-at="2023-05-01T13:15:56 BST" name="validateWelcomePageTitle" finished-at="2023-05-01T13:15:56 BST" duration-ms="2" status="PASS">
          <reporter-output>
          </reporter-output>
        </test-method> <!-- validateWelcomePageTitle -->
        <test-method signature="validateScrolldownGetSubscriptionH2()[pri:0, instance:com.ae.qa.testcases.WelcomePageTest@43ee72e6]" started-at="2023-05-01T13:15:56 BST" name="validateScrolldownGetSubscriptionH2" finished-at="2023-05-01T13:15:56 BST" duration-ms="121" status="PASS">
          <reporter-output>
          </reporter-output>
        </test-method> <!-- validateScrolldownGetSubscriptionH2 -->
        <test-method signature="validateScrollUpWithArrow()[pri:0, instance:com.ae.qa.testcases.WelcomePageTest@43ee72e6]" started-at="2023-05-01T13:15:56 BST" name="validateScrollUpWithArrow" finished-at="2023-05-01T13:15:57 BST" duration-ms="357" status="PASS">
          <reporter-output>
          </reporter-output>
        </test-method> <!-- validateScrollUpWithArrow -->
        <test-method is-config="true" signature="teardown()[pri:0, instance:com.ae.qa.testcases.WelcomePageTest@43ee72e6]" started-at="2023-05-01T13:15:57 BST" name="teardown" finished-at="2023-05-01T13:16:00 BST" duration-ms="3021" status="PASS">
          <reporter-output>
          </reporter-output>
        </test-method> <!-- teardown -->
      </class> <!-- com.ae.qa.testcases.WelcomePageTest -->
    </test> <!-- Test Case 25: Verify Scroll Up using 'Arrow' button and Scroll Down functionality -->
    <test started-at="2023-05-01T13:16:00 BST" name="Test Case 26: Verify Scroll Up without &#039;Arrow&#039; button and Scroll Down functionality" finished-at="2023-05-01T13:16:11 BST" duration-ms="10924">
      <class name="com.ae.qa.testcases.WelcomePageTest">
        <test-method is-config="true" signature="setUp()[pri:0, instance:com.ae.qa.testcases.WelcomePageTest@184cf7cf]" started-at="2023-05-01T13:16:00 BST" name="setUp" finished-at="2023-05-01T13:16:08 BST" duration-ms="7808" status="PASS">
          <reporter-output>
          </reporter-output>
        </test-method> <!-- setUp -->
        <test-method signature="validateWelcomePageTitle()[pri:0, instance:com.ae.qa.testcases.WelcomePageTest@184cf7cf]" started-at="2023-05-01T13:16:08 BST" name="validateWelcomePageTitle" finished-at="2023-05-01T13:16:08 BST" duration-ms="10" status="PASS">
          <reporter-output>
          </reporter-output>
        </test-method> <!-- validateWelcomePageTitle -->
        <test-method signature="validateScrolldownGetSubscriptionH2()[pri:0, instance:com.ae.qa.testcases.WelcomePageTest@184cf7cf]" started-at="2023-05-01T13:16:08 BST" name="validateScrolldownGetSubscriptionH2" finished-at="2023-05-01T13:16:08 BST" duration-ms="159" status="PASS">
          <reporter-output>
          </reporter-output>
        </test-method> <!-- validateScrolldownGetSubscriptionH2 -->
        <test-method signature="validateScrollUpWithoutArrow()[pri:0, instance:com.ae.qa.testcases.WelcomePageTest@184cf7cf]" started-at="2023-05-01T13:16:08 BST" name="validateScrollUpWithoutArrow" finished-at="2023-05-01T13:16:08 BST" duration-ms="50" status="PASS">
          <reporter-output>
          </reporter-output>
        </test-method> <!-- validateScrollUpWithoutArrow -->
        <test-method is-config="true" signature="teardown()[pri:0, instance:com.ae.qa.testcases.WelcomePageTest@184cf7cf]" started-at="2023-05-01T13:16:08 BST" name="teardown" finished-at="2023-05-01T13:16:11 BST" duration-ms="2893" status="PASS">
          <reporter-output>
          </reporter-output>
        </test-method> <!-- teardown -->
      </class> <!-- com.ae.qa.testcases.WelcomePageTest -->
    </test> <!-- Test Case 26: Verify Scroll Up without 'Arrow' button and Scroll Down functionality -->
  </suite> <!-- Automation Exercise - Test suite -->
</testng-results>
