<!DOCTYPE html>

<html>
  <head>
  <meta charset='utf-8'>
  <title>TestNG reports</title>

    <link type="text/css" href="testng-reports1.css" rel="stylesheet" id="ultra" />
    <link type="text/css" href="testng-reports.css" rel="stylesheet" id="retro" disabled="false"/>
    <script type="text/javascript" src="jquery.min.js"></script>
    <script type="text/javascript" src="testng-reports.js"></script>
    <script type="text/javascript" src="https://www.google.com/jsapi"></script>
    <script type='text/javascript'>
      google.load('visualization', '1', {packages:['table']});
      google.setOnLoadCallback(drawTable);
      var suiteTableInitFunctions = new Array();
      var suiteTableData = new Array();
    </script>
    <!--
      <script type="text/javascript" src="jquery-ui/js/jquery-ui-1.8.16.custom.min.js"></script>
     -->
  </head>

  <body>
    <div class="top-banner-root">
      <span class="top-banner-title-font">Test results</span>
      <button id="button" class="button">Switch Retro Theme</button> <!-- button -->
      <br/>
      <span class="top-banner-font-1">1 suite, 37 failed tests</span>
    </div> <!-- top-banner-root -->
    <div class="navigator-root">
      <div class="navigator-suite-header">
        <span>All suites</span>
        <a href="#" title="Collapse/expand all the suites" class="collapse-all-link">
          <img src="collapseall.gif" class="collapse-all-icon">
          </img> <!-- collapse-all-icon -->
        </a> <!-- collapse-all-link -->
      </div> <!-- navigator-suite-header -->
      <div class="suite">
        <div class="rounded-window">
          <div class="suite-header light-rounded-window-top">
            <a href="#" panel-name="suite-Surefire_suite" class="navigator-link">
              <span class="suite-name border-failed">Surefire suite</span>
            </a> <!-- navigator-link -->
          </div> <!-- suite-header light-rounded-window-top -->
          <div class="navigator-suite-content">
            <div class="suite-section-title">
              <span>Info</span>
            </div> <!-- suite-section-title -->
            <div class="suite-section-content">
              <ul>
                <li>
                  <a href="#" panel-name="test-xml-Surefire_suite" class="navigator-link ">
                    <span>[unset file name]</span>
                  </a> <!-- navigator-link  -->
                </li>
                <li>
                  <a href="#" panel-name="testlist-Surefire_suite" class="navigator-link ">
                    <span class="test-stats">1 test</span>
                  </a> <!-- navigator-link  -->
                </li>
                <li>
                  <a href="#" panel-name="group-Surefire_suite" class="navigator-link ">
                    <span>0 groups</span>
                  </a> <!-- navigator-link  -->
                </li>
                <li>
                  <a href="#" panel-name="times-Surefire_suite" class="navigator-link ">
                    <span>Times</span>
                  </a> <!-- navigator-link  -->
                </li>
                <li>
                  <a href="#" panel-name="reporter-Surefire_suite" class="navigator-link ">
                    <span>Reporter output</span>
                  </a> <!-- navigator-link  -->
                </li>
                <li>
                  <a href="#" panel-name="ignored-methods-Surefire_suite" class="navigator-link ">
                    <span>Ignored methods</span>
                  </a> <!-- navigator-link  -->
                </li>
                <li>
                  <a href="#" panel-name="chronological-Surefire_suite" class="navigator-link ">
                    <span>Chronological view</span>
                  </a> <!-- navigator-link  -->
                </li>
              </ul>
            </div> <!-- suite-section-content -->
            <div class="result-section">
              <div class="suite-section-title">
                <span>Results</span>
              </div> <!-- suite-section-title -->
              <div class="suite-section-content">
                <ul>
                  <li>
                    <span class="method-stats">93 methods, 37 failed,   56 passed</span>
                  </li>
                  <li>
                    <span class="method-list-title failed">Failed methods</span>
                    <span class="show-or-hide-methods failed">
                      <a href="#" panel-name="suite-Surefire_suite" class="hide-methods failed suite-Surefire_suite"> (hide)</a> <!-- hide-methods failed suite-Surefire_suite -->
                      <a href="#" panel-name="suite-Surefire_suite" class="show-methods failed suite-Surefire_suite"> (show)</a> <!-- show-methods failed suite-Surefire_suite -->
                    </span>
                    <div class="method-list-content failed suite-Surefire_suite">
                      <span>
                        <img src="failed.png" width="3%"/>
                        <a href="#" panel-name="suite-Surefire_suite" title="com.ae.qa.testcases.RegisterBeforeCheckOutTest" class="method navigator-link" hash-for-method="validateAddToCartInProductPage">validateAddToCartInProductPage</a> <!-- method navigator-link -->
                      </span>
                      <br/>
                      <span>
                        <img src="failed.png" width="3%"/>
                        <a href="#" panel-name="suite-Surefire_suite" title="com.ae.qa.testcases.LoginBeforeCheckoutTest" class="method navigator-link" hash-for-method="validateAddressVisibility">validateAddressVisibility</a> <!-- method navigator-link -->
                      </span>
                      <br/>
                      <span>
                        <img src="failed.png" width="3%"/>
                        <a href="#" panel-name="suite-Surefire_suite" title="com.ae.qa.testcases.RegisterBeforeCheckOutTest" class="method navigator-link" hash-for-method="validateAddressVisibility">validateAddressVisibility</a> <!-- method navigator-link -->
                      </span>
                      <br/>
                      <span>
                        <img src="failed.png" width="3%"/>
                        <a href="#" panel-name="suite-Surefire_suite" title="com.ae.qa.testcases.ContactUsPageTest" class="method navigator-link" hash-for-method="validateContactusForm">validateContactusForm</a> <!-- method navigator-link -->
                      </span>
                      <br/>
                      <span>
                        <img src="failed.png" width="3%"/>
                        <a href="#" panel-name="suite-Surefire_suite" title="com.ae.qa.testcases.LoginPageTest" class="method navigator-link" hash-for-method="validateContinueDeleteButton">validateContinueDeleteButton</a> <!-- method navigator-link -->
                      </span>
                      <br/>
                      <span>
                        <img src="failed.png" width="3%"/>
                        <a href="#" panel-name="suite-Surefire_suite" title="com.ae.qa.testcases.SignUpPageTest" class="method navigator-link" hash-for-method="validateContinueDeletedButton">validateContinueDeletedButton</a> <!-- method navigator-link -->
                      </span>
                      <br/>
                      <span>
                        <img src="failed.png" width="3%"/>
                        <a href="#" panel-name="suite-Surefire_suite" title="com.ae.qa.testcases.SignUpPageTest" class="method navigator-link" hash-for-method="validateDeleteAccount">validateDeleteAccount</a> <!-- method navigator-link -->
                      </span>
                      <br/>
                      <span>
                        <img src="failed.png" width="3%"/>
                        <a href="#" panel-name="suite-Surefire_suite" title="com.ae.qa.testcases.LoginBeforeCheckoutTest" class="method navigator-link" hash-for-method="validateDeleteAccount">validateDeleteAccount</a> <!-- method navigator-link -->
                      </span>
                      <br/>
                      <span>
                        <img src="failed.png" width="3%"/>
                        <a href="#" panel-name="suite-Surefire_suite" title="com.ae.qa.testcases.ProductsPageTest" class="method navigator-link" hash-for-method="validateDeleteFromCart">validateDeleteFromCart</a> <!-- method navigator-link -->
                      </span>
                      <br/>
                      <span>
                        <img src="failed.png" width="3%"/>
                        <a href="#" panel-name="suite-Surefire_suite" title="com.ae.qa.testcases.LoginPageTest" class="method navigator-link" hash-for-method="validateDeletedAccount">validateDeletedAccount</a> <!-- method navigator-link -->
                      </span>
                      <br/>
                      <span>
                        <img src="failed.png" width="3%"/>
                        <a href="#" panel-name="suite-Surefire_suite" title="com.ae.qa.testcases.RegisterBeforeCheckOutTest" class="method navigator-link" hash-for-method="validateDownloadInvoice">validateDownloadInvoice</a> <!-- method navigator-link -->
                      </span>
                      <br/>
                      <span>
                        <img src="failed.png" width="3%"/>
                        <a href="#" panel-name="suite-Surefire_suite" title="com.ae.qa.testcases.ContactUsPageTest" class="method navigator-link" hash-for-method="validateGetInTouchH2">validateGetInTouchH2</a> <!-- method navigator-link -->
                      </span>
                      <br/>
                      <span>
                        <img src="failed.png" width="3%"/>
                        <a href="#" panel-name="suite-Surefire_suite" title="com.ae.qa.testcases.ContactUsPageTest" class="method navigator-link" hash-for-method="validateHomeButton">validateHomeButton</a> <!-- method navigator-link -->
                      </span>
                      <br/>
                      <span>
                        <img src="failed.png" width="3%"/>
                        <a href="#" panel-name="suite-Surefire_suite" title="com.ae.qa.testcases.ProductsPageTest" class="method navigator-link" hash-for-method="validateIncreaseQuantityInProductDetailsPage">validateIncreaseQuantityInProductDetailsPage</a> <!-- method navigator-link -->
                      </span>
                      <br/>
                      <span>
                        <img src="failed.png" width="3%"/>
                        <a href="#" panel-name="suite-Surefire_suite" title="com.ae.qa.testcases.SignUpPageTest" class="method navigator-link" hash-for-method="validateLoggedInUserName">validateLoggedInUserName</a> <!-- method navigator-link -->
                      </span>
                      <br/>
                      <span>
                        <img src="failed.png" width="3%"/>
                        <a href="#" panel-name="suite-Surefire_suite" title="com.ae.qa.testcases.UserHomePageTest" class="method navigator-link" hash-for-method="validateLoggedInUserName">validateLoggedInUserName</a> <!-- method navigator-link -->
                      </span>
                      <br/>
                      <span>
                        <img src="failed.png" width="3%"/>
                        <a href="#" panel-name="suite-Surefire_suite" title="com.ae.qa.testcases.LoginPageTest" class="method navigator-link" hash-for-method="validateLoginWithValidDetails">validateLoginWithValidDetails</a> <!-- method navigator-link -->
                      </span>
                      <br/>
                      <span>
                        <img src="failed.png" width="3%"/>
                        <a href="#" panel-name="suite-Surefire_suite" title="com.ae.qa.testcases.LoginBeforeCheckoutTest" class="method navigator-link" hash-for-method="validateLoginWithValidDetails">validateLoginWithValidDetails</a> <!-- method navigator-link -->
                      </span>
                      <br/>
                      <span>
                        <img src="failed.png" width="3%"/>
                        <a href="#" panel-name="suite-Surefire_suite" title="com.ae.qa.testcases.UserHomePageTest" class="method navigator-link" hash-for-method="validateLogoutButton">validateLogoutButton</a> <!-- method navigator-link -->
                      </span>
                      <br/>
                      <span>
                        <img src="failed.png" width="3%"/>
                        <a href="#" panel-name="suite-Surefire_suite" title="com.ae.qa.testcases.RegisterBeforeCheckOutTest" class="method navigator-link" hash-for-method="validateOrderVisibility">validateOrderVisibility</a> <!-- method navigator-link -->
                      </span>
                      <br/>
                      <span>
                        <img src="failed.png" width="3%"/>
                        <a href="#" panel-name="suite-Surefire_suite" title="com.ae.qa.testcases.LoginBeforeCheckoutTest" class="method navigator-link" hash-for-method="validateOrderVisibility">validateOrderVisibility</a> <!-- method navigator-link -->
                      </span>
                      <br/>
                      <span>
                        <img src="failed.png" width="3%"/>
                        <a href="#" panel-name="suite-Surefire_suite" title="com.ae.qa.testcases.LoginBeforeCheckoutTest" class="method navigator-link" hash-for-method="validatePlaceOrder">validatePlaceOrder</a> <!-- method navigator-link -->
                      </span>
                      <br/>
                      <span>
                        <img src="failed.png" width="3%"/>
                        <a href="#" panel-name="suite-Surefire_suite" title="com.ae.qa.testcases.RegisterBeforeCheckOutTest" class="method navigator-link" hash-for-method="validatePlaceOrder">validatePlaceOrder</a> <!-- method navigator-link -->
                      </span>
                      <br/>
                      <span>
                        <img src="failed.png" width="3%"/>
                        <a href="#" panel-name="suite-Surefire_suite" title="com.ae.qa.testcases.ProductsPageTest" class="method navigator-link" hash-for-method="validateProductAddToCartVisibility">validateProductAddToCartVisibility</a> <!-- method navigator-link -->
                      </span>
                      <br/>
                      <span>
                        <img src="failed.png" width="3%"/>
                        <a href="#" panel-name="suite-Surefire_suite" title="com.ae.qa.testcases.ProductsPageTest" class="method navigator-link" hash-for-method="validateProductAvailableVisibility">validateProductAvailableVisibility</a> <!-- method navigator-link -->
                      </span>
                      <br/>
                      <span>
                        <img src="failed.png" width="3%"/>
                        <a href="#" panel-name="suite-Surefire_suite" title="com.ae.qa.testcases.ProductsPageTest" class="method navigator-link" hash-for-method="validateProductBrandVisibility">validateProductBrandVisibility</a> <!-- method navigator-link -->
                      </span>
                      <br/>
                      <span>
                        <img src="failed.png" width="3%"/>
                        <a href="#" panel-name="suite-Surefire_suite" title="com.ae.qa.testcases.ProductsPageTest" class="method navigator-link" hash-for-method="validateProductCategortVisibility">validateProductCategortVisibility</a> <!-- method navigator-link -->
                      </span>
                      <br/>
                      <span>
                        <img src="failed.png" width="3%"/>
                        <a href="#" panel-name="suite-Surefire_suite" title="com.ae.qa.testcases.ProductsPageTest" class="method navigator-link" hash-for-method="validateProductConditionVisibility">validateProductConditionVisibility</a> <!-- method navigator-link -->
                      </span>
                      <br/>
                      <span>
                        <img src="failed.png" width="3%"/>
                        <a href="#" panel-name="suite-Surefire_suite" title="com.ae.qa.testcases.ProductsPageTest" class="method navigator-link" hash-for-method="validateProductNameVisibility">validateProductNameVisibility</a> <!-- method navigator-link -->
                      </span>
                      <br/>
                      <span>
                        <img src="failed.png" width="3%"/>
                        <a href="#" panel-name="suite-Surefire_suite" title="com.ae.qa.testcases.ProductsPageTest" class="method navigator-link" hash-for-method="validateProductPriceVisibility">validateProductPriceVisibility</a> <!-- method navigator-link -->
                      </span>
                      <br/>
                      <span>
                        <img src="failed.png" width="3%"/>
                        <a href="#" panel-name="suite-Surefire_suite" title="com.ae.qa.testcases.ProductsPageTest" class="method navigator-link" hash-for-method="validateProductsDetailsNavigation">validateProductsDetailsNavigation</a> <!-- method navigator-link -->
                      </span>
                      <br/>
                      <span>
                        <img src="failed.png" width="3%"/>
                        <a href="#" panel-name="suite-Surefire_suite" title="com.ae.qa.testcases.ProductsPageTest" class="method navigator-link" hash-for-method="validateReviewAboutProduct">validateReviewAboutProduct</a> <!-- method navigator-link -->
                      </span>
                      <br/>
                      <span>
                        <img src="failed.png" width="3%"/>
                        <a href="#" panel-name="suite-Surefire_suite" title="com.ae.qa.testcases.WelcomePageTest" class="method navigator-link" hash-for-method="validateScrollUpWithArrow">validateScrollUpWithArrow</a> <!-- method navigator-link -->
                      </span>
                      <br/>
                      <span>
                        <img src="failed.png" width="3%"/>
                        <a href="#" panel-name="suite-Surefire_suite" title="com.ae.qa.testcases.SignUpPageTest" class="method navigator-link" hash-for-method="validateSignUp">validateSignUp</a> <!-- method navigator-link -->
                      </span>
                      <br/>
                      <span>
                        <img src="failed.png" width="3%"/>
                        <a href="#" panel-name="suite-Surefire_suite" title="com.ae.qa.testcases.SignUpPageTest" class="method navigator-link" hash-for-method="validateSignUpAccountInfoH2">validateSignUpAccountInfoH2</a> <!-- method navigator-link -->
                      </span>
                      <br/>
                      <span>
                        <img src="failed.png" width="3%"/>
                        <a href="#" panel-name="suite-Surefire_suite" title="com.ae.qa.testcases.SignUpPageTest" class="method navigator-link" hash-for-method="validateSignUpExistingUser">validateSignUpExistingUser</a> <!-- method navigator-link -->
                      </span>
                      <br/>
                      <span>
                        <img src="failed.png" width="3%"/>
                        <a href="#" panel-name="suite-Surefire_suite" title="com.ae.qa.testcases.SignUpPageTest" class="method navigator-link" hash-for-method="validateSignUpNewUser">validateSignUpNewUser</a> <!-- method navigator-link -->
                      </span>
                      <br/>
                    </div> <!-- method-list-content failed suite-Surefire_suite -->
                  </li>
                  <li>
                    <span class="method-list-title passed">Passed methods</span>
                    <span class="show-or-hide-methods passed">
                      <a href="#" panel-name="suite-Surefire_suite" class="hide-methods passed suite-Surefire_suite"> (hide)</a> <!-- hide-methods passed suite-Surefire_suite -->
                      <a href="#" panel-name="suite-Surefire_suite" class="show-methods passed suite-Surefire_suite"> (show)</a> <!-- show-methods passed suite-Surefire_suite -->
                    </span>
                    <div class="method-list-content passed suite-Surefire_suite">
                      <span>
                        <img src="passed.png" width="3%"/>
                        <a href="#" panel-name="suite-Surefire_suite" title="com.ae.qa.testcases.RegisterWhileCheckOutTest" class="method navigator-link" hash-for-method="validateAddToCartInProductPage">validateAddToCartInProductPage</a> <!-- method navigator-link -->
                      </span>
                      <br/>
                      <span>
                        <img src="passed.png" width="3%"/>
                        <a href="#" panel-name="suite-Surefire_suite" title="com.ae.qa.testcases.ProductsPageTest" class="method navigator-link" hash-for-method="validateAddToCartInProductPage">validateAddToCartInProductPage</a> <!-- method navigator-link -->
                      </span>
                      <br/>
                      <span>
                        <img src="passed.png" width="3%"/>
                        <a href="#" panel-name="suite-Surefire_suite" title="com.ae.qa.testcases.LoginBeforeCheckoutTest" class="method navigator-link" hash-for-method="validateAddToCartInProductPage">validateAddToCartInProductPage</a> <!-- method navigator-link -->
                      </span>
                      <br/>
                      <span>
                        <img src="passed.png" width="3%"/>
                        <a href="#" panel-name="suite-Surefire_suite" title="com.ae.qa.testcases.RegisterWhileCheckOutTest" class="method navigator-link" hash-for-method="validateAddressVisibility">validateAddressVisibility</a> <!-- method navigator-link -->
                      </span>
                      <br/>
                      <span>
                        <img src="passed.png" width="3%"/>
                        <a href="#" panel-name="suite-Surefire_suite" title="com.ae.qa.testcases.RegisterWhileCheckOutTest" class="method navigator-link" hash-for-method="validateBillingyAddress">validateBillingyAddress</a> <!-- method navigator-link -->
                      </span>
                      <br/>
                      <span>
                        <img src="passed.png" width="3%"/>
                        <a href="#" panel-name="suite-Surefire_suite" title="com.ae.qa.testcases.CartPageTest" class="method navigator-link" hash-for-method="validateCartPageTitle">validateCartPageTitle</a> <!-- method navigator-link -->
                      </span>
                      <br/>
                      <span>
                        <img src="passed.png" width="3%"/>
                        <a href="#" panel-name="suite-Surefire_suite" title="com.ae.qa.testcases.CartPageTest" class="method navigator-link" hash-for-method="validateCartSubscription">validateCartSubscription</a> <!-- method navigator-link -->
                      </span>
                      <br/>
                      <span>
                        <img src="passed.png" width="3%"/>
                        <a href="#" panel-name="suite-Surefire_suite" title="com.ae.qa.testcases.ContactUsPageTest" class="method navigator-link" hash-for-method="validateContactUsH2">validateContactUsH2</a> <!-- method navigator-link -->
                      </span>
                      <br/>
                      <span>
                        <img src="passed.png" width="3%"/>
                        <a href="#" panel-name="suite-Surefire_suite" title="com.ae.qa.testcases.ContactUsPageTest" class="method navigator-link" hash-for-method="validateContactUsLink">validateContactUsLink</a> <!-- method navigator-link -->
                      </span>
                      <br/>
                      <span>
                        <img src="passed.png" width="3%"/>
                        <a href="#" panel-name="suite-Surefire_suite" title="com.ae.qa.testcases.RegisterBeforeCheckOutTest" class="method navigator-link" hash-for-method="validateDeleteAccount">validateDeleteAccount</a> <!-- method navigator-link -->
                      </span>
                      <br/>
                      <span>
                        <img src="passed.png" width="3%"/>
                        <a href="#" panel-name="suite-Surefire_suite" title="com.ae.qa.testcases.RegisterWhileCheckOutTest" class="method navigator-link" hash-for-method="validateDeleteAccount">validateDeleteAccount</a> <!-- method navigator-link -->
                      </span>
                      <br/>
                      <span>
                        <img src="passed.png" width="3%"/>
                        <a href="#" panel-name="suite-Surefire_suite" title="com.ae.qa.testcases.RegisterWhileCheckOutTest" class="method navigator-link" hash-for-method="validateDeliveryAddress">validateDeliveryAddress</a> <!-- method navigator-link -->
                      </span>
                      <br/>
                      <span>
                        <img src="passed.png" width="3%"/>
                        <a href="#" panel-name="suite-Surefire_suite" title="com.ae.qa.testcases.RegisterBeforeCheckOutTest" class="method navigator-link" hash-for-method="validateLoggedInUserName">validateLoggedInUserName</a> <!-- method navigator-link -->
                      </span>
                      <br/>
                      <span>
                        <img src="passed.png" width="3%"/>
                        <a href="#" panel-name="suite-Surefire_suite" title="com.ae.qa.testcases.RegisterWhileCheckOutTest" class="method navigator-link" hash-for-method="validateLoggedInUserName">validateLoggedInUserName</a> <!-- method navigator-link -->
                      </span>
                      <br/>
                      <span>
                        <img src="passed.png" width="3%"/>
                        <a href="#" panel-name="suite-Surefire_suite" title="com.ae.qa.testcases.LoginPageTest" class="method navigator-link" hash-for-method="validateLoginH2">validateLoginH2</a> <!-- method navigator-link -->
                      </span>
                      <br/>
                      <span>
                        <img src="passed.png" width="3%"/>
                        <a href="#" panel-name="suite-Surefire_suite" title="com.ae.qa.testcases.UserHomePageTest" class="method navigator-link" hash-for-method="validateLoginInfoH2">validateLoginInfoH2</a> <!-- method navigator-link -->
                      </span>
                      <br/>
                      <span>
                        <img src="passed.png" width="3%"/>
                        <a href="#" panel-name="suite-Surefire_suite" title="com.ae.qa.testcases.UserHomePageTest" class="method navigator-link" hash-for-method="validateLoginLink">validateLoginLink</a> <!-- method navigator-link -->
                      </span>
                      <br/>
                      <span>
                        <img src="passed.png" width="3%"/>
                        <a href="#" panel-name="suite-Surefire_suite" title="com.ae.qa.testcases.LoginPageTest" class="method navigator-link" hash-for-method="validateLoginWithInValidDetails">validateLoginWithInValidDetails</a> <!-- method navigator-link -->
                      </span>
                      <br/>
                      <span>
                        <img src="passed.png" width="3%"/>
                        <a href="#" panel-name="suite-Surefire_suite" title="com.ae.qa.testcases.UserHomePageTest" class="method navigator-link" hash-for-method="validateLoginWithValidData">validateLoginWithValidData</a> <!-- method navigator-link -->
                      </span>
                      <br/>
                      <span>
                        <img src="passed.png" width="3%"/>
                        <a href="#" panel-name="suite-Surefire_suite" title="com.ae.qa.testcases.RegisterWhileCheckOutTest" class="method navigator-link" hash-for-method="validateOrderVisibility">validateOrderVisibility</a> <!-- method navigator-link -->
                      </span>
                      <br/>
                      <span>
                        <img src="passed.png" width="3%"/>
                        <a href="#" panel-name="suite-Surefire_suite" title="com.ae.qa.testcases.RegisterWhileCheckOutTest" class="method navigator-link" hash-for-method="validatePlaceOrder">validatePlaceOrder</a> <!-- method navigator-link -->
                      </span>
                      <br/>
                      <span>
                        <img src="passed.png" width="3%"/>
                        <a href="#" panel-name="suite-Surefire_suite" title="com.ae.qa.testcases.RegisterWhileCheckOutTest" class="method navigator-link" hash-for-method="validateProceedCheckout">validateProceedCheckout</a> <!-- method navigator-link -->
                      </span>
                      <br/>
                      <span>
                        <img src="passed.png" width="3%"/>
                        <a href="#" panel-name="suite-Surefire_suite" title="com.ae.qa.testcases.ProductsPageTest" class="method navigator-link" hash-for-method="validateProductsLink">validateProductsLink</a> <!-- method navigator-link -->
                      </span>
                      <br/>
                      <span>
                        <img src="passed.png" width="3%"/>
                        <a href="#" panel-name="suite-Surefire_suite" title="com.ae.qa.testcases.RegisterBeforeCheckOutTest" class="method navigator-link" hash-for-method="validateProductsLink">validateProductsLink</a> <!-- method navigator-link -->
                      </span>
                      <br/>
                      <span>
                        <img src="passed.png" width="3%"/>
                        <a href="#" panel-name="suite-Surefire_suite" title="com.ae.qa.testcases.RegisterWhileCheckOutTest" class="method navigator-link" hash-for-method="validateProductsLink">validateProductsLink</a> <!-- method navigator-link -->
                      </span>
                      <br/>
                      <span>
                        <img src="passed.png" width="3%"/>
                        <a href="#" panel-name="suite-Surefire_suite" title="com.ae.qa.testcases.LoginBeforeCheckoutTest" class="method navigator-link" hash-for-method="validateProductsLink">validateProductsLink</a> <!-- method navigator-link -->
                      </span>
                      <br/>
                      <span>
                        <img src="passed.png" width="3%"/>
                        <a href="#" panel-name="suite-Surefire_suite" title="com.ae.qa.testcases.SearchProductsPageTest" class="method navigator-link" hash-for-method="validateProductsLink">validateProductsLink</a> <!-- method navigator-link -->
                      </span>
                      <br/>
                      <span>
                        <img src="passed.png" width="3%"/>
                        <a href="#" panel-name="suite-Surefire_suite" title="com.ae.qa.testcases.CartPageTest" class="method navigator-link" hash-for-method="validateScrollDownGetSubscriptionH2">validateScrollDownGetSubscriptionH2</a> <!-- method navigator-link -->
                      </span>
                      <br/>
                      <span>
                        <img src="passed.png" width="3%"/>
                        <a href="#" panel-name="suite-Surefire_suite" title="com.ae.qa.testcases.WelcomePageTest" class="method navigator-link" hash-for-method="validateScrollUpWithoutArrow">validateScrollUpWithoutArrow</a> <!-- method navigator-link -->
                      </span>
                      <br/>
                      <span>
                        <img src="passed.png" width="3%"/>
                        <a href="#" panel-name="suite-Surefire_suite" title="com.ae.qa.testcases.WelcomePageTest" class="method navigator-link" hash-for-method="validateScrolldownGetSubscriptionH2">validateScrolldownGetSubscriptionH2</a> <!-- method navigator-link -->
                      </span>
                      <br/>
                      <span>
                        <img src="passed.png" width="3%"/>
                        <a href="#" panel-name="suite-Surefire_suite" title="com.ae.qa.testcases.SearchProductsPageTest" class="method navigator-link" hash-for-method="validateSearchProductField">validateSearchProductField</a> <!-- method navigator-link -->
                      </span>
                      <br/>
                      <span>
                        <img src="passed.png" width="3%"/>
                        <a href="#" panel-name="suite-Surefire_suite" title="com.ae.qa.testcases.SearchProductsPageTest" class="method navigator-link" hash-for-method="validateSearchedProductsVisibility">validateSearchedProductsVisibility</a> <!-- method navigator-link -->
                      </span>
                      <br/>
                      <span>
                        <img src="passed.png" width="3%"/>
                        <a href="#" panel-name="suite-Surefire_suite" title="com.ae.qa.testcases.RegisterWhileCheckOutTest" class="method navigator-link" hash-for-method="validateSignUp">validateSignUp</a> <!-- method navigator-link -->
                      </span>
                      <br/>
                      <span>
                        <img src="passed.png" width="3%"/>
                        <a href="#" panel-name="suite-Surefire_suite" title="com.ae.qa.testcases.RegisterBeforeCheckOutTest" class="method navigator-link" hash-for-method="validateSignUp">validateSignUp</a> <!-- method navigator-link -->
                      </span>
                      <br/>
                      <span>
                        <img src="passed.png" width="3%"/>
                        <a href="#" panel-name="suite-Surefire_suite" title="com.ae.qa.testcases.RegisterBeforeCheckOutTest" class="method navigator-link" hash-for-method="validateSignUpAccountInfoH2">validateSignUpAccountInfoH2</a> <!-- method navigator-link -->
                      </span>
                      <br/>
                      <span>
                        <img src="passed.png" width="3%"/>
                        <a href="#" panel-name="suite-Surefire_suite" title="com.ae.qa.testcases.RegisterBeforeCheckOutTest" class="method navigator-link" hash-for-method="validateSignUpH2">validateSignUpH2</a> <!-- method navigator-link -->
                      </span>
                      <br/>
                      <span>
                        <img src="passed.png" width="3%"/>
                        <a href="#" panel-name="suite-Surefire_suite" title="com.ae.qa.testcases.SignUpPageTest" class="method navigator-link" hash-for-method="validateSignUpH2">validateSignUpH2</a> <!-- method navigator-link -->
                      </span>
                      <br/>
                      <span>
                        <img src="passed.png" width="3%"/>
                        <a href="#" panel-name="suite-Surefire_suite" title="com.ae.qa.testcases.RegisterWhileCheckOutTest" class="method navigator-link" hash-for-method="validateSignUpNewUser">validateSignUpNewUser</a> <!-- method navigator-link -->
                      </span>
                      <br/>
                      <span>
                        <img src="passed.png" width="3%"/>
                        <a href="#" panel-name="suite-Surefire_suite" title="com.ae.qa.testcases.RegisterBeforeCheckOutTest" class="method navigator-link" hash-for-method="validateSignUpNewUser">validateSignUpNewUser</a> <!-- method navigator-link -->
                      </span>
                      <br/>
                      <span>
                        <img src="passed.png" width="3%"/>
                        <a href="#" panel-name="suite-Surefire_suite" title="com.ae.qa.testcases.WelcomePageTest" class="method navigator-link" hash-for-method="validateSubscription">validateSubscription</a> <!-- method navigator-link -->
                      </span>
                      <br/>
                      <span>
                        <img src="passed.png" width="3%"/>
                        <a href="#" panel-name="suite-Surefire_suite" title="com.ae.qa.testcases.TestCasesPageTest" class="method navigator-link" hash-for-method="validateTestCasesHeading">validateTestCasesHeading</a> <!-- method navigator-link -->
                      </span>
                      <br/>
                      <span>
                        <img src="passed.png" width="3%"/>
                        <a href="#" panel-name="suite-Surefire_suite" title="com.ae.qa.testcases.TestCasesPageTest" class="method navigator-link" hash-for-method="validateTestCasesLink">validateTestCasesLink</a> <!-- method navigator-link -->
                      </span>
                      <br/>
                      <span>
                        <img src="passed.png" width="3%"/>
                        <a href="#" panel-name="suite-Surefire_suite" title="com.ae.qa.testcases.ProductsPageTest" class="method navigator-link" hash-for-method="validateWelcomePageTitle">validateWelcomePageTitle</a> <!-- method navigator-link -->
                      </span>
                      <br/>
                      <span>
                        <img src="passed.png" width="3%"/>
                        <a href="#" panel-name="suite-Surefire_suite" title="com.ae.qa.testcases.ContactUsPageTest" class="method navigator-link" hash-for-method="validateWelcomePageTitle">validateWelcomePageTitle</a> <!-- method navigator-link -->
                      </span>
                      <br/>
                      <span>
                        <img src="passed.png" width="3%"/>
                        <a href="#" panel-name="suite-Surefire_suite" title="com.ae.qa.testcases.WelcomePageTest" class="method navigator-link" hash-for-method="validateWelcomePageTitle">validateWelcomePageTitle</a> <!-- method navigator-link -->
                      </span>
                      <br/>
                      <span>
                        <img src="passed.png" width="3%"/>
                        <a href="#" panel-name="suite-Surefire_suite" title="com.ae.qa.testcases.SignUpExsitingUserTest" class="method navigator-link" hash-for-method="validateWelcomePageTitle">validateWelcomePageTitle</a> <!-- method navigator-link -->
                      </span>
                      <br/>
                      <span>
                        <img src="passed.png" width="3%"/>
                        <a href="#" panel-name="suite-Surefire_suite" title="com.ae.qa.testcases.RegisterBeforeCheckOutTest" class="method navigator-link" hash-for-method="validateWelcomePageTitle">validateWelcomePageTitle</a> <!-- method navigator-link -->
                      </span>
                      <br/>
                      <span>
                        <img src="passed.png" width="3%"/>
                        <a href="#" panel-name="suite-Surefire_suite" title="com.ae.qa.testcases.LoginPageTest" class="method navigator-link" hash-for-method="validateWelcomePageTitle">validateWelcomePageTitle</a> <!-- method navigator-link -->
                      </span>
                      <br/>
                      <span>
                        <img src="passed.png" width="3%"/>
                        <a href="#" panel-name="suite-Surefire_suite" title="com.ae.qa.testcases.SignUpPageTest" class="method navigator-link" hash-for-method="validateWelcomePageTitle">validateWelcomePageTitle</a> <!-- method navigator-link -->
                      </span>
                      <br/>
                      <span>
                        <img src="passed.png" width="3%"/>
                        <a href="#" panel-name="suite-Surefire_suite" title="com.ae.qa.testcases.LoginBeforeCheckoutTest" class="method navigator-link" hash-for-method="validateWelcomePageTitle">validateWelcomePageTitle</a> <!-- method navigator-link -->
                      </span>
                      <br/>
                      <span>
                        <img src="passed.png" width="3%"/>
                        <a href="#" panel-name="suite-Surefire_suite" title="com.ae.qa.testcases.UserHomePageTest" class="method navigator-link" hash-for-method="validateWelcomePageTitle">validateWelcomePageTitle</a> <!-- method navigator-link -->
                      </span>
                      <br/>
                      <span>
                        <img src="passed.png" width="3%"/>
                        <a href="#" panel-name="suite-Surefire_suite" title="com.ae.qa.testcases.RegisterWhileCheckOutTest" class="method navigator-link" hash-for-method="validateWelcomePageTitle">validateWelcomePageTitle</a> <!-- method navigator-link -->
                      </span>
                      <br/>
                      <span>
                        <img src="passed.png" width="3%"/>
                        <a href="#" panel-name="suite-Surefire_suite" title="com.ae.qa.testcases.SearchProductsPageTest" class="method navigator-link" hash-for-method="validateWelcomePageTitle">validateWelcomePageTitle</a> <!-- method navigator-link -->
                      </span>
                      <br/>
                      <span>
                        <img src="passed.png" width="3%"/>
                        <a href="#" panel-name="suite-Surefire_suite" title="com.ae.qa.testcases.CartPageTest" class="method navigator-link" hash-for-method="validateWelcomePageTitle">validateWelcomePageTitle</a> <!-- method navigator-link -->
                      </span>
                      <br/>
                      <span>
                        <img src="passed.png" width="3%"/>
                        <a href="#" panel-name="suite-Surefire_suite" title="com.ae.qa.testcases.TestCasesPageTest" class="method navigator-link" hash-for-method="validateWelcomePageTitle">validateWelcomePageTitle</a> <!-- method navigator-link -->
                      </span>
                      <br/>
                      <span>
                        <img src="passed.png" width="3%"/>
                        <a href="#" panel-name="suite-Surefire_suite" title="com.ae.qa.testcases.UserHomePageTest" class="method navigator-link" hash-for-method="verifyLoginPageTitle">verifyLoginPageTitle</a> <!-- method navigator-link -->
                      </span>
                      <br/>
                    </div> <!-- method-list-content passed suite-Surefire_suite -->
                  </li>
                </ul>
              </div> <!-- suite-section-content -->
            </div> <!-- result-section -->
          </div> <!-- navigator-suite-content -->
        </div> <!-- rounded-window -->
      </div> <!-- suite -->
    </div> <!-- navigator-root -->
    <div class="wrapper">
      <div class="main-panel-root">
        <div panel-name="suite-Surefire_suite" class="panel Surefire_suite">
          <div class="suite-Surefire_suite-class-failed">
            <div class="main-panel-header rounded-window-top">
              <img src="failed.png"/>
              <span class="class-name">com.ae.qa.testcases.ContactUsPageTest</span>
            </div> <!-- main-panel-header rounded-window-top -->
            <div class="main-panel-content rounded-window-bottom">
              <div class="method">
                <div class="method-content">
                  <a name="validateContactusForm">
                  </a> <!-- validateContactusForm -->
                  <span class="method-name">validateContactusForm</span>
                  <div class="stack-trace">org.openqa.selenium.UnhandledAlertException: Dismissed user prompt dialog: Press OK to proceed!: 
Build info: version: &apos;4.8.1&apos;, revision: &apos;8ebccac989&apos;
System info: os.name: &apos;Mac OS X&apos;, os.arch: &apos;x86_64&apos;, os.version: &apos;12.6.5&apos;, java.version: &apos;17.0.6&apos;
Driver info: org.openqa.selenium.firefox.FirefoxDriver
Command: [e1b3af0c-7e6e-47e1-8dd1-882146e0f580, screenshot {}]
Capabilities {acceptInsecureCerts: true, browserName: firefox, browserVersion: 112.0.2, moz:accessibilityChecks: false, moz:buildID: 20230424110519, moz:debuggerAddress: 127.0.0.1:13073, moz:geckodriverVersion: 0.33.0, moz:headless: false, moz:platformVersion: 21.6.0, moz:processID: 89216, moz:profile: /var/folders/6t/2wrb61y14lb..., moz:shutdownTimeout: 60000, moz:useNonSpecCompliantPointerOrigin: false, moz:webdriverClick: true, moz:windowless: false, pageLoadStrategy: normal, platformName: MAC, proxy: Proxy(), se:cdp: ws://127.0.0.1:13073/devtoo..., se:cdpVersion: 85.0, setWindowRect: true, strictFileInteractability: false, timeouts: {implicit: 0, pageLoad: 300000, script: 30000}, unhandledPromptBehavior: dismiss and notify}
Session ID: e1b3af0c-7e6e-47e1-8dd1-882146e0f580
	at org.openqa.selenium.remote.codec.w3c.W3CHttpResponseCodec.decode(W3CHttpResponseCodec.java:131)
	at org.openqa.selenium.remote.codec.w3c.W3CHttpResponseCodec.decode(W3CHttpResponseCodec.java:53)
	at org.openqa.selenium.remote.HttpCommandExecutor.execute(HttpCommandExecutor.java:184)
	at org.openqa.selenium.remote.service.DriverCommandExecutor.invokeExecute(DriverCommandExecutor.java:167)
	at org.openqa.selenium.remote.service.DriverCommandExecutor.execute(DriverCommandExecutor.java:142)
	at org.openqa.selenium.remote.RemoteWebDriver.execute(RemoteWebDriver.java:543)
	at org.openqa.selenium.remote.RemoteWebDriver.execute(RemoteWebDriver.java:598)
	at org.openqa.selenium.remote.RemoteWebDriver.execute(RemoteWebDriver.java:602)
	at org.openqa.selenium.remote.RemoteWebDriver.getScreenshotAs(RemoteWebDriver.java:318)
	at org.openqa.selenium.support.events.EventFiringWebDriver.lambda$new$1(EventFiringWebDriver.java:106)
	at jdk.proxy2/jdk.proxy2.$Proxy13.getScreenshotAs(Unknown Source)
	at org.openqa.selenium.support.events.EventFiringWebDriver.getScreenshotAs(EventFiringWebDriver.java:303)
	at com.ae.qa.util.TestUtil.takeScreenshotAtEndOfTest(TestUtil.java:26)
	at com.ae.qa.util.MyListenerClass.afterClickOn(MyListenerClass.java:37)
	at org.openqa.selenium.support.events.EventFiringWebDriver.lambda$new$0(EventFiringWebDriver.java:85)
	at jdk.proxy2/jdk.proxy2.$Proxy12.afterClickOn(Unknown Source)
	at org.openqa.selenium.support.events.EventFiringWebDriver$EventFiringWebElement.click(EventFiringWebDriver.java:392)
	at org.openqa.selenium.support.pagefactory.internal.LocatingElementHandler.invoke(LocatingElementHandler.java:52)
	at jdk.proxy2/jdk.proxy2.$Proxy17.click(Unknown Source)
	at com.ae.qa.pages.ContactUsPage.fillContactUsGetInTouchForm(ContactUsPage.java:51)
	at com.ae.qa.testcases.ContactUsPageTest.validateContactusForm(ContactUsPageTest.java:51)
	at java.base/java.util.ArrayList.forEach(ArrayList.java:1511)
... Removed 41 stack frames
</div> <!-- stack-trace -->
                </div> <!-- method-content -->
              </div> <!-- method -->
              <div class="method">
                <div class="method-content">
                  <a name="validateGetInTouchH2">
                  </a> <!-- validateGetInTouchH2 -->
                  <span class="method-name">validateGetInTouchH2</span>
                  <div class="stack-trace">java.lang.NullPointerException: Cannot invoke &quot;com.ae.qa.pages.ContactUsGetInTouchPage.getGetInTouchSuccessMessage()&quot; because &quot;this.contactUsGetInTouchPageObj&quot; is null
	at com.ae.qa.testcases.ContactUsPageTest.validateGetInTouchH2(ContactUsPageTest.java:58)
	at java.base/java.util.ArrayList.forEach(ArrayList.java:1511)
... Removed 32 stack frames
</div> <!-- stack-trace -->
                </div> <!-- method-content -->
              </div> <!-- method -->
              <div class="method">
                <div class="method-content">
                  <a name="validateHomeButton">
                  </a> <!-- validateHomeButton -->
                  <span class="method-name">validateHomeButton</span>
                  <div class="stack-trace">java.lang.NullPointerException: Cannot invoke &quot;com.ae.qa.pages.ContactUsGetInTouchPage.clickGetInTouchHomeButton()&quot; because &quot;this.contactUsGetInTouchPageObj&quot; is null
	at com.ae.qa.testcases.ContactUsPageTest.validateHomeButton(ContactUsPageTest.java:64)
	at java.base/java.util.ArrayList.forEach(ArrayList.java:1511)
... Removed 32 stack frames
</div> <!-- stack-trace -->
                </div> <!-- method-content -->
              </div> <!-- method -->
            </div> <!-- main-panel-content rounded-window-bottom -->
          </div> <!-- suite-Surefire_suite-class-failed -->
          <div class="suite-Surefire_suite-class-failed">
            <div class="main-panel-header rounded-window-top">
              <img src="failed.png"/>
              <span class="class-name">com.ae.qa.testcases.RegisterBeforeCheckOutTest</span>
            </div> <!-- main-panel-header rounded-window-top -->
            <div class="main-panel-content rounded-window-bottom">
              <div class="method">
                <div class="method-content">
                  <a name="validateAddToCartInProductPage">
                  </a> <!-- validateAddToCartInProductPage -->
                  <span class="method-name">validateAddToCartInProductPage</span>
                  <div class="stack-trace">org.openqa.selenium.TimeoutException: Expected condition failed: waiting for visibility of [[FirefoxDriver: firefox on MAC (00635424-0121-4c21-99e9-7068bd78e3e9)] -&gt; xpath: (//div[@class=&apos;modal-dialog modal-confirm&apos;]//div//div[@class=&apos;modal-body&apos;]//p)[2]//a] (tried for 10 second(s) with 500 milliseconds interval)
Build info: version: &apos;4.8.1&apos;, revision: &apos;8ebccac989&apos;
System info: os.name: &apos;Mac OS X&apos;, os.arch: &apos;x86_64&apos;, os.version: &apos;12.6.5&apos;, java.version: &apos;17.0.6&apos;
Driver info: org.openqa.selenium.support.events.EventFiringWebDriver
Capabilities {acceptInsecureCerts: true, browserName: firefox, browserVersion: 112.0.2, moz:accessibilityChecks: false, moz:buildID: 20230424110519, moz:debuggerAddress: 127.0.0.1:32909, moz:geckodriverVersion: 0.33.0, moz:headless: false, moz:platformVersion: 21.6.0, moz:processID: 89093, moz:profile: /var/folders/6t/2wrb61y14lb..., moz:shutdownTimeout: 60000, moz:useNonSpecCompliantPointerOrigin: false, moz:webdriverClick: true, moz:windowless: false, pageLoadStrategy: normal, platformName: MAC, proxy: Proxy(), se:cdp: ws://127.0.0.1:32909/devtoo..., se:cdpVersion: 85.0, setWindowRect: true, strictFileInteractability: false, timeouts: {implicit: 0, pageLoad: 300000, script: 30000}, unhandledPromptBehavior: dismiss and notify}
Session ID: f3b93b06-2f56-4b4f-b968-92e76afb44f7
	at org.openqa.selenium.support.ui.WebDriverWait.timeoutException(WebDriverWait.java:87)
	at org.openqa.selenium.support.ui.FluentWait.until(FluentWait.java:231)
	at com.ae.qa.pages.ProductsPage.clickAddToCartInProductPage(ProductsPage.java:79)
	at com.ae.qa.testcases.RegisterBeforeCheckOutTest.validateAddToCartInProductPage(RegisterBeforeCheckOutTest.java:102)
	at java.base/java.util.ArrayList.forEach(ArrayList.java:1511)
... Removed 32 stack frames
</div> <!-- stack-trace -->
                </div> <!-- method-content -->
              </div> <!-- method -->
              <div class="method">
                <div class="method-content">
                  <a name="validateAddressVisibility">
                  </a> <!-- validateAddressVisibility -->
                  <span class="method-name">validateAddressVisibility</span>
                  <div class="stack-trace">java.lang.NullPointerException: Cannot invoke &quot;com.ae.qa.pages.CheckoutPage.getAddressVisibility()&quot; because &quot;this.checkoutPageObj&quot; is null
	at com.ae.qa.testcases.RegisterBeforeCheckOutTest.validateAddressVisibility(RegisterBeforeCheckOutTest.java:109)
	at java.base/java.util.ArrayList.forEach(ArrayList.java:1511)
... Removed 32 stack frames
</div> <!-- stack-trace -->
                </div> <!-- method-content -->
              </div> <!-- method -->
              <div class="method">
                <div class="method-content">
                  <a name="validateDownloadInvoice">
                  </a> <!-- validateDownloadInvoice -->
                  <span class="method-name">validateDownloadInvoice</span>
                  <div class="stack-trace">org.openqa.selenium.NoSuchElementException: Unable to locate element: //a[contains(text(),&apos;Download Invoice&apos;)]
For documentation on this error, please visit: https://selenium.dev/exceptions/#no_such_element
Build info: version: &apos;4.8.1&apos;, revision: &apos;8ebccac989&apos;
System info: os.name: &apos;Mac OS X&apos;, os.arch: &apos;x86_64&apos;, os.version: &apos;12.6.5&apos;, java.version: &apos;17.0.6&apos;
Driver info: org.openqa.selenium.firefox.FirefoxDriver
Command: [00635424-0121-4c21-99e9-7068bd78e3e9, findElement {using=xpath, value=//a[contains(text(),&apos;Download Invoice&apos;)]}]
Capabilities {acceptInsecureCerts: true, browserName: firefox, browserVersion: 112.0.2, moz:accessibilityChecks: false, moz:buildID: 20230424110519, moz:debuggerAddress: 127.0.0.1:41643, moz:geckodriverVersion: 0.33.0, moz:headless: false, moz:platformVersion: 21.6.0, moz:processID: 89227, moz:profile: /var/folders/6t/2wrb61y14lb..., moz:shutdownTimeout: 60000, moz:useNonSpecCompliantPointerOrigin: false, moz:webdriverClick: true, moz:windowless: false, pageLoadStrategy: normal, platformName: MAC, proxy: Proxy(), se:cdp: ws://127.0.0.1:41643/devtoo..., se:cdpVersion: 85.0, setWindowRect: true, strictFileInteractability: false, timeouts: {implicit: 0, pageLoad: 300000, script: 30000}, unhandledPromptBehavior: dismiss and notify}
Session ID: 00635424-0121-4c21-99e9-7068bd78e3e9
	at org.openqa.selenium.remote.codec.w3c.W3CHttpResponseCodec.createException(W3CHttpResponseCodec.java:200)
	at org.openqa.selenium.remote.codec.w3c.W3CHttpResponseCodec.decode(W3CHttpResponseCodec.java:133)
	at org.openqa.selenium.remote.codec.w3c.W3CHttpResponseCodec.decode(W3CHttpResponseCodec.java:53)
	at org.openqa.selenium.remote.HttpCommandExecutor.execute(HttpCommandExecutor.java:184)
	at org.openqa.selenium.remote.service.DriverCommandExecutor.invokeExecute(DriverCommandExecutor.java:167)
	at org.openqa.selenium.remote.service.DriverCommandExecutor.execute(DriverCommandExecutor.java:142)
	at org.openqa.selenium.remote.RemoteWebDriver.execute(RemoteWebDriver.java:543)
	at org.openqa.selenium.remote.ElementLocation$ElementFinder$2.findElement(ElementLocation.java:162)
	at org.openqa.selenium.remote.ElementLocation.findElement(ElementLocation.java:60)
	at org.openqa.selenium.remote.RemoteWebDriver.findElement(RemoteWebDriver.java:352)
	at org.openqa.selenium.remote.RemoteWebDriver.findElement(RemoteWebDriver.java:344)
	at org.openqa.selenium.support.events.EventFiringWebDriver.lambda$new$1(EventFiringWebDriver.java:106)
	at jdk.proxy2/jdk.proxy2.$Proxy13.findElement(Unknown Source)
	at org.openqa.selenium.support.events.EventFiringWebDriver.findElement(EventFiringWebDriver.java:195)
	at org.openqa.selenium.support.pagefactory.DefaultElementLocator.findElement(DefaultElementLocator.java:70)
	at org.openqa.selenium.support.pagefactory.internal.LocatingElementHandler.invoke(LocatingElementHandler.java:39)
	at jdk.proxy2/jdk.proxy2.$Proxy17.click(Unknown Source)
	at com.ae.qa.pages.OrderPlacedPage.clickDownloadInvoice(OrderPlacedPage.java:25)
	at com.ae.qa.testcases.RegisterBeforeCheckOutTest.validateDownloadInvoice(RegisterBeforeCheckOutTest.java:133)
	at java.base/java.util.ArrayList.forEach(ArrayList.java:1511)
... Removed 40 stack frames
</div> <!-- stack-trace -->
                </div> <!-- method-content -->
              </div> <!-- method -->
              <div class="method">
                <div class="method-content">
                  <a name="validateOrderVisibility">
                  </a> <!-- validateOrderVisibility -->
                  <span class="method-name">validateOrderVisibility</span>
                  <div class="stack-trace">java.lang.NullPointerException: Cannot invoke &quot;com.ae.qa.pages.CheckoutPage.getOrderVisibility()&quot; because &quot;this.checkoutPageObj&quot; is null
	at com.ae.qa.testcases.RegisterBeforeCheckOutTest.validateOrderVisibility(RegisterBeforeCheckOutTest.java:115)
	at java.base/java.util.ArrayList.forEach(ArrayList.java:1511)
... Removed 32 stack frames
</div> <!-- stack-trace -->
                </div> <!-- method-content -->
              </div> <!-- method -->
              <div class="method">
                <div class="method-content">
                  <a name="validatePlaceOrder">
                  </a> <!-- validatePlaceOrder -->
                  <span class="method-name">validatePlaceOrder</span>
                  <div class="stack-trace">java.lang.NullPointerException: Cannot invoke &quot;com.ae.qa.pages.CheckoutPage.clickPlaceOrder(String)&quot; because &quot;this.checkoutPageObj&quot; is null
	at com.ae.qa.testcases.RegisterBeforeCheckOutTest.validatePlaceOrder(RegisterBeforeCheckOutTest.java:121)
	at java.base/java.util.ArrayList.forEach(ArrayList.java:1511)
... Removed 32 stack frames
</div> <!-- stack-trace -->
                </div> <!-- method-content -->
              </div> <!-- method -->
            </div> <!-- main-panel-content rounded-window-bottom -->
          </div> <!-- suite-Surefire_suite-class-failed -->
          <div class="suite-Surefire_suite-class-failed">
            <div class="main-panel-header rounded-window-top">
              <img src="failed.png"/>
              <span class="class-name">com.ae.qa.testcases.WelcomePageTest</span>
            </div> <!-- main-panel-header rounded-window-top -->
            <div class="main-panel-content rounded-window-bottom">
              <div class="method">
                <div class="method-content">
                  <a name="validateScrollUpWithArrow">
                  </a> <!-- validateScrollUpWithArrow -->
                  <span class="method-name">validateScrollUpWithArrow</span>
                  <div class="stack-trace">org.openqa.selenium.ElementNotInteractableException: Element &lt;a id=&quot;scrollUp&quot; href=&quot;#top&quot;&gt; could not be scrolled into view
Build info: version: &apos;4.8.1&apos;, revision: &apos;8ebccac989&apos;
System info: os.name: &apos;Mac OS X&apos;, os.arch: &apos;x86_64&apos;, os.version: &apos;12.6.5&apos;, java.version: &apos;17.0.6&apos;
Driver info: org.openqa.selenium.firefox.FirefoxDriver
Command: [93c89214-3ad1-49b7-b6c9-35b7a2cd34b9, clickElement {id=7187027d-da7b-46c3-bd4d-97f59ac7d2f2}]
Capabilities {acceptInsecureCerts: true, browserName: firefox, browserVersion: 112.0.2, moz:accessibilityChecks: false, moz:buildID: 20230424110519, moz:debuggerAddress: 127.0.0.1:13026, moz:geckodriverVersion: 0.33.0, moz:headless: false, moz:platformVersion: 21.6.0, moz:processID: 89287, moz:profile: /var/folders/6t/2wrb61y14lb..., moz:shutdownTimeout: 60000, moz:useNonSpecCompliantPointerOrigin: false, moz:webdriverClick: true, moz:windowless: false, pageLoadStrategy: normal, platformName: MAC, proxy: Proxy(), se:cdp: ws://127.0.0.1:13026/devtoo..., se:cdpVersion: 85.0, setWindowRect: true, strictFileInteractability: false, timeouts: {implicit: 0, pageLoad: 300000, script: 30000}, unhandledPromptBehavior: dismiss and notify}
Element: [[FirefoxDriver: firefox on MAC (93c89214-3ad1-49b7-b6c9-35b7a2cd34b9)] -&gt; xpath: //a[@id=&apos;scrollUp&apos;]]
Session ID: 93c89214-3ad1-49b7-b6c9-35b7a2cd34b9
	at org.openqa.selenium.remote.codec.w3c.W3CHttpResponseCodec.createException(W3CHttpResponseCodec.java:200)
	at org.openqa.selenium.remote.codec.w3c.W3CHttpResponseCodec.decode(W3CHttpResponseCodec.java:133)
	at org.openqa.selenium.remote.codec.w3c.W3CHttpResponseCodec.decode(W3CHttpResponseCodec.java:53)
	at org.openqa.selenium.remote.HttpCommandExecutor.execute(HttpCommandExecutor.java:184)
	at org.openqa.selenium.remote.service.DriverCommandExecutor.invokeExecute(DriverCommandExecutor.java:167)
	at org.openqa.selenium.remote.service.DriverCommandExecutor.execute(DriverCommandExecutor.java:142)
	at org.openqa.selenium.remote.RemoteWebDriver.execute(RemoteWebDriver.java:543)
	at org.openqa.selenium.remote.RemoteWebElement.execute(RemoteWebElement.java:257)
	at org.openqa.selenium.remote.RemoteWebElement.click(RemoteWebElement.java:78)
	at org.openqa.selenium.support.events.EventFiringWebDriver$EventFiringWebElement.lambda$new$0(EventFiringWebDriver.java:378)
	at jdk.proxy2/jdk.proxy2.$Proxy18.click(Unknown Source)
	at org.openqa.selenium.support.events.EventFiringWebDriver$EventFiringWebElement.click(EventFiringWebDriver.java:391)
	at org.openqa.selenium.support.pagefactory.internal.LocatingElementHandler.invoke(LocatingElementHandler.java:52)
	at jdk.proxy2/jdk.proxy2.$Proxy17.click(Unknown Source)
	at com.ae.qa.pages.WelcomePage.doScrollUpWithArrow(WelcomePage.java:123)
	at com.ae.qa.testcases.WelcomePageTest.validateScrollUpWithArrow(WelcomePageTest.java:56)
	at java.base/java.util.ArrayList.forEach(ArrayList.java:1511)
... Removed 43 stack frames
</div> <!-- stack-trace -->
                </div> <!-- method-content -->
              </div> <!-- method -->
            </div> <!-- main-panel-content rounded-window-bottom -->
          </div> <!-- suite-Surefire_suite-class-failed -->
          <div class="suite-Surefire_suite-class-failed">
            <div class="main-panel-header rounded-window-top">
              <img src="failed.png"/>
              <span class="class-name">com.ae.qa.testcases.UserHomePageTest</span>
            </div> <!-- main-panel-header rounded-window-top -->
            <div class="main-panel-content rounded-window-bottom">
              <div class="method">
                <div class="method-content">
                  <a name="validateLoggedInUserName">
                  </a> <!-- validateLoggedInUserName -->
                  <span class="method-name">validateLoggedInUserName</span>
                  <div class="stack-trace">org.openqa.selenium.TimeoutException: Expected condition failed: waiting for visibility of Proxy element for: DefaultElementLocator &apos;By.xpath: //a[contains(text(),&apos;Logged in as&apos;)]&apos; (tried for 5 second(s) with 500 milliseconds interval)
	at org.openqa.selenium.support.ui.WebDriverWait.timeoutException(WebDriverWait.java:87)
	at org.openqa.selenium.support.ui.FluentWait.until(FluentWait.java:231)
	at com.ae.qa.pages.UserHomePage.getLoggedInUserName(UserHomePage.java:39)
	at com.ae.qa.testcases.UserHomePageTest.validateLoggedInUserName(UserHomePageTest.java:57)
	at java.base/java.util.ArrayList.forEach(ArrayList.java:1511)
Caused by: org.openqa.selenium.NoSuchElementException: Unable to locate element: //a[contains(text(),&apos;Logged in as&apos;)]
For documentation on this error, please visit: https://selenium.dev/exceptions/#no_such_element
Build info: version: &apos;4.8.1&apos;, revision: &apos;8ebccac989&apos;
System info: os.name: &apos;Mac OS X&apos;, os.arch: &apos;x86_64&apos;, os.version: &apos;12.6.5&apos;, java.version: &apos;17.0.6&apos;
Driver info: org.openqa.selenium.firefox.FirefoxDriver
Command: [7f773f32-9d1a-45df-b681-443da29118c0, findElement {using=xpath, value=//a[contains(text(),&apos;Logged in as&apos;)]}]
Capabilities {acceptInsecureCerts: true, browserName: firefox, browserVersion: 112.0.2, moz:accessibilityChecks: false, moz:buildID: 20230424110519, moz:debuggerAddress: 127.0.0.1:21838, moz:geckodriverVersion: 0.33.0, moz:headless: false, moz:platformVersion: 21.6.0, moz:processID: 89247, moz:profile: /var/folders/6t/2wrb61y14lb..., moz:shutdownTimeout: 60000, moz:useNonSpecCompliantPointerOrigin: false, moz:webdriverClick: true, moz:windowless: false, pageLoadStrategy: normal, platformName: MAC, proxy: Proxy(), se:cdp: ws://127.0.0.1:21838/devtoo..., se:cdpVersion: 85.0, setWindowRect: true, strictFileInteractability: false, timeouts: {implicit: 0, pageLoad: 300000, script: 30000}, unhandledPromptBehavior: dismiss and notify}
Session ID: 7f773f32-9d1a-45df-b681-443da29118c0
	at org.openqa.selenium.remote.codec.w3c.W3CHttpResponseCodec.createException(W3CHttpResponseCodec.java:200)
	at org.openqa.selenium.remote.codec.w3c.W3CHttpResponseCodec.decode(W3CHttpResponseCodec.java:133)
	at org.openqa.selenium.remote.codec.w3c.W3CHttpResponseCodec.decode(W3CHttpResponseCodec.java:53)
	at org.openqa.selenium.remote.HttpCommandExecutor.execute(HttpCommandExecutor.java:184)
	at org.openqa.selenium.remote.service.DriverCommandExecutor.invokeExecute(DriverCommandExecutor.java:167)
	at org.openqa.selenium.remote.service.DriverCommandExecutor.execute(DriverCommandExecutor.java:142)
	at org.openqa.selenium.remote.RemoteWebDriver.execute(RemoteWebDriver.java:543)
	at org.openqa.selenium.remote.ElementLocation$ElementFinder$2.findElement(ElementLocation.java:162)
	at org.openqa.selenium.remote.ElementLocation.findElement(ElementLocation.java:60)
	at org.openqa.selenium.remote.RemoteWebDriver.findElement(RemoteWebDriver.java:352)
	at org.openqa.selenium.remote.RemoteWebDriver.findElement(RemoteWebDriver.java:344)
	at org.openqa.selenium.support.events.EventFiringWebDriver.lambda$new$1(EventFiringWebDriver.java:106)
	at jdk.proxy2/jdk.proxy2.$Proxy13.findElement(Unknown Source)
	at org.openqa.selenium.support.events.EventFiringWebDriver.findElement(EventFiringWebDriver.java:195)
	at org.openqa.selenium.support.pagefactory.DefaultElementLocator.findElement(DefaultElementLocator.java:70)
	at org.openqa.selenium.support.pagefactory.internal.LocatingElementHandler.invoke(LocatingElementHandler.java:39)
	at jdk.proxy2/jdk.proxy2.$Proxy17.isDisplayed(Unknown Source)
	at org.openqa.selenium.support.ui.ExpectedConditions.elementIfVisible(ExpectedConditions.java:307)
	at org.openqa.selenium.support.ui.ExpectedConditions.access$000(ExpectedConditions.java:40)
	at org.openqa.selenium.support.ui.ExpectedConditions$10.apply(ExpectedConditions.java:293)
	at org.openqa.selenium.support.ui.ExpectedConditions$10.apply(ExpectedConditions.java:290)
	at org.openqa.selenium.support.ui.FluentWait.until(FluentWait.java:208)
	... 35 more
... Removed 40 stack frames
</div> <!-- stack-trace -->
                </div> <!-- method-content -->
              </div> <!-- method -->
              <div class="method">
                <div class="method-content">
                  <a name="validateLogoutButton">
                  </a> <!-- validateLogoutButton -->
                  <span class="method-name">validateLogoutButton</span>
                  <div class="stack-trace">org.openqa.selenium.NoSuchElementException: Unable to locate element: //a[contains(text(),&apos;Logout&apos;)]
For documentation on this error, please visit: https://selenium.dev/exceptions/#no_such_element
Build info: version: &apos;4.8.1&apos;, revision: &apos;8ebccac989&apos;
System info: os.name: &apos;Mac OS X&apos;, os.arch: &apos;x86_64&apos;, os.version: &apos;12.6.5&apos;, java.version: &apos;17.0.6&apos;
Driver info: org.openqa.selenium.firefox.FirefoxDriver
Command: [7f773f32-9d1a-45df-b681-443da29118c0, findElement {using=xpath, value=//a[contains(text(),&apos;Logout&apos;)]}]
Capabilities {acceptInsecureCerts: true, browserName: firefox, browserVersion: 112.0.2, moz:accessibilityChecks: false, moz:buildID: 20230424110519, moz:debuggerAddress: 127.0.0.1:21838, moz:geckodriverVersion: 0.33.0, moz:headless: false, moz:platformVersion: 21.6.0, moz:processID: 89247, moz:profile: /var/folders/6t/2wrb61y14lb..., moz:shutdownTimeout: 60000, moz:useNonSpecCompliantPointerOrigin: false, moz:webdriverClick: true, moz:windowless: false, pageLoadStrategy: normal, platformName: MAC, proxy: Proxy(), se:cdp: ws://127.0.0.1:21838/devtoo..., se:cdpVersion: 85.0, setWindowRect: true, strictFileInteractability: false, timeouts: {implicit: 0, pageLoad: 300000, script: 30000}, unhandledPromptBehavior: dismiss and notify}
Session ID: 7f773f32-9d1a-45df-b681-443da29118c0
	at org.openqa.selenium.remote.codec.w3c.W3CHttpResponseCodec.createException(W3CHttpResponseCodec.java:200)
	at org.openqa.selenium.remote.codec.w3c.W3CHttpResponseCodec.decode(W3CHttpResponseCodec.java:133)
	at org.openqa.selenium.remote.codec.w3c.W3CHttpResponseCodec.decode(W3CHttpResponseCodec.java:53)
	at org.openqa.selenium.remote.HttpCommandExecutor.execute(HttpCommandExecutor.java:184)
	at org.openqa.selenium.remote.service.DriverCommandExecutor.invokeExecute(DriverCommandExecutor.java:167)
	at org.openqa.selenium.remote.service.DriverCommandExecutor.execute(DriverCommandExecutor.java:142)
	at org.openqa.selenium.remote.RemoteWebDriver.execute(RemoteWebDriver.java:543)
	at org.openqa.selenium.remote.ElementLocation$ElementFinder$2.findElement(ElementLocation.java:162)
	at org.openqa.selenium.remote.ElementLocation.findElement(ElementLocation.java:60)
	at org.openqa.selenium.remote.RemoteWebDriver.findElement(RemoteWebDriver.java:352)
	at org.openqa.selenium.remote.RemoteWebDriver.findElement(RemoteWebDriver.java:344)
	at org.openqa.selenium.support.events.EventFiringWebDriver.lambda$new$1(EventFiringWebDriver.java:106)
	at jdk.proxy2/jdk.proxy2.$Proxy13.findElement(Unknown Source)
	at org.openqa.selenium.support.events.EventFiringWebDriver.findElement(EventFiringWebDriver.java:195)
	at org.openqa.selenium.support.pagefactory.DefaultElementLocator.findElement(DefaultElementLocator.java:70)
	at org.openqa.selenium.support.pagefactory.internal.LocatingElementHandler.invoke(LocatingElementHandler.java:39)
	at jdk.proxy2/jdk.proxy2.$Proxy17.click(Unknown Source)
	at com.ae.qa.pages.UserHomePage.clickLogOutButton(UserHomePage.java:48)
	at com.ae.qa.testcases.UserHomePageTest.validateLogoutButton(UserHomePageTest.java:63)
	at java.base/java.util.ArrayList.forEach(ArrayList.java:1511)
... Removed 40 stack frames
</div> <!-- stack-trace -->
                </div> <!-- method-content -->
              </div> <!-- method -->
            </div> <!-- main-panel-content rounded-window-bottom -->
          </div> <!-- suite-Surefire_suite-class-failed -->
          <div class="suite-Surefire_suite-class-failed">
            <div class="main-panel-header rounded-window-top">
              <img src="failed.png"/>
              <span class="class-name">com.ae.qa.testcases.SignUpPageTest</span>
            </div> <!-- main-panel-header rounded-window-top -->
            <div class="main-panel-content rounded-window-bottom">
              <div class="method">
                <div class="method-content">
                  <a name="validateContinueDeletedButton">
                  </a> <!-- validateContinueDeletedButton -->
                  <span class="method-name">validateContinueDeletedButton</span>
                  <div class="stack-trace">java.lang.NullPointerException: Cannot invoke &quot;com.ae.qa.pages.AccountDeletedPage.clickAccountDeletedContinueButton()&quot; because &quot;this.accountDeteledPageObj&quot; is null
	at com.ae.qa.testcases.SignUpPageTest.validateContinueDeletedButton(SignUpPageTest.java:99)
	at java.base/java.util.ArrayList.forEach(ArrayList.java:1511)
... Removed 32 stack frames
</div> <!-- stack-trace -->
                </div> <!-- method-content -->
              </div> <!-- method -->
              <div class="method">
                <div class="method-content">
                  <a name="validateDeleteAccount">
                  </a> <!-- validateDeleteAccount -->
                  <span class="method-name">validateDeleteAccount</span>
                  <div class="stack-trace">java.lang.NullPointerException: Cannot invoke &quot;com.ae.qa.pages.UserHomePage.clickUserDeleteAccount()&quot; because &quot;this.userHomePageObj&quot; is null
	at com.ae.qa.testcases.SignUpPageTest.validateDeleteAccount(SignUpPageTest.java:92)
	at java.base/java.util.ArrayList.forEach(ArrayList.java:1511)
... Removed 32 stack frames
</div> <!-- stack-trace -->
                </div> <!-- method-content -->
              </div> <!-- method -->
              <div class="method">
                <div class="method-content">
                  <a name="validateLoggedInUserName">
                  </a> <!-- validateLoggedInUserName -->
                  <span class="method-name">validateLoggedInUserName</span>
                  <div class="stack-trace">java.lang.NullPointerException: Cannot invoke &quot;com.ae.qa.pages.SignUpAccountCreatedPage.clickSignUpContinue()&quot; because &quot;this.signupAccountCreatedPageObj&quot; is null
	at com.ae.qa.testcases.SignUpPageTest.validateLoggedInUserName(SignUpPageTest.java:86)
	at java.base/java.util.ArrayList.forEach(ArrayList.java:1511)
... Removed 32 stack frames
</div> <!-- stack-trace -->
                </div> <!-- method-content -->
              </div> <!-- method -->
              <div class="method">
                <div class="method-content">
                  <a name="validateSignUp">
                  </a> <!-- validateSignUp -->
                  <span class="method-name">validateSignUp</span>
                  <div class="stack-trace">java.lang.NullPointerException: Cannot invoke &quot;com.ae.qa.pages.SignUpPage.doFillSignUpForm(String, String, String, String, String, String, String, String, String, String, String, String, String, String, String)&quot; because &quot;this.signupPageObj&quot; is null
	at com.ae.qa.testcases.SignUpPageTest.validateSignUp(SignUpPageTest.java:64)
	at java.base/java.util.ArrayList.forEach(ArrayList.java:1511)
... Removed 32 stack frames
</div> <!-- stack-trace -->
                </div> <!-- method-content -->
              </div> <!-- method -->
              <div class="method">
                <div class="method-content">
                  <a name="validateSignUpAccountInfoH2">
                  </a> <!-- validateSignUpAccountInfoH2 -->
                  <span class="method-name">validateSignUpAccountInfoH2</span>
                  <div class="stack-trace">java.lang.NullPointerException: Cannot invoke &quot;com.ae.qa.pages.SignUpPage.verifyAccountInfoText()&quot; because &quot;this.signupPageObj&quot; is null
	at com.ae.qa.testcases.SignUpPageTest.validateSignUpAccountInfoH2(SignUpPageTest.java:58)
	at java.base/java.util.ArrayList.forEach(ArrayList.java:1511)
... Removed 32 stack frames
</div> <!-- stack-trace -->
                </div> <!-- method-content -->
              </div> <!-- method -->
              <div class="method">
                <div class="method-content">
                  <a name="validateSignUpExistingUser">
                  </a> <!-- validateSignUpExistingUser -->
                  <span class="method-name">validateSignUpExistingUser</span>
                  <div class="stack-trace">org.openqa.selenium.NoSuchSessionException: Session ID is null. Using WebDriver after calling quit()?
Build info: version: &apos;4.8.1&apos;, revision: &apos;8ebccac989&apos;
System info: os.name: &apos;Mac OS X&apos;, os.arch: &apos;x86_64&apos;, os.version: &apos;12.6.5&apos;, java.version: &apos;17.0.6&apos;
Driver info: org.openqa.selenium.firefox.FirefoxDriver
Command: [null, screenshot {}]
Capabilities {acceptInsecureCerts: true, browserName: firefox, browserVersion: 112.0.2, moz:accessibilityChecks: false, moz:buildID: 20230424110519, moz:debuggerAddress: 127.0.0.1:41166, moz:geckodriverVersion: 0.33.0, moz:headless: false, moz:platformVersion: 21.6.0, moz:processID: 89147, moz:profile: /var/folders/6t/2wrb61y14lb..., moz:shutdownTimeout: 60000, moz:useNonSpecCompliantPointerOrigin: false, moz:webdriverClick: true, moz:windowless: false, pageLoadStrategy: normal, platformName: MAC, proxy: Proxy(), se:cdp: ws://127.0.0.1:41166/devtoo..., se:cdpVersion: 85.0, setWindowRect: true, strictFileInteractability: false, timeouts: {implicit: 0, pageLoad: 300000, script: 30000}, unhandledPromptBehavior: dismiss and notify}
	at org.openqa.selenium.remote.HttpCommandExecutor.execute(HttpCommandExecutor.java:145)
	at org.openqa.selenium.remote.service.DriverCommandExecutor.invokeExecute(DriverCommandExecutor.java:167)
	at org.openqa.selenium.remote.service.DriverCommandExecutor.execute(DriverCommandExecutor.java:142)
	at org.openqa.selenium.remote.RemoteWebDriver.execute(RemoteWebDriver.java:543)
	at org.openqa.selenium.remote.RemoteWebDriver.execute(RemoteWebDriver.java:598)
	at org.openqa.selenium.remote.RemoteWebDriver.execute(RemoteWebDriver.java:602)
	at org.openqa.selenium.remote.RemoteWebDriver.getScreenshotAs(RemoteWebDriver.java:318)
	at org.openqa.selenium.support.events.EventFiringWebDriver.lambda$new$1(EventFiringWebDriver.java:106)
	at jdk.proxy2/jdk.proxy2.$Proxy13.getScreenshotAs(Unknown Source)
	at org.openqa.selenium.support.events.EventFiringWebDriver.getScreenshotAs(EventFiringWebDriver.java:303)
	at com.ae.qa.util.TestUtil.takeScreenshotAtEndOfTest(TestUtil.java:26)
	at com.ae.qa.util.MyListenerClass.afterClickOn(MyListenerClass.java:37)
	at org.openqa.selenium.support.events.EventFiringWebDriver.lambda$new$0(EventFiringWebDriver.java:85)
	at jdk.proxy2/jdk.proxy2.$Proxy12.afterClickOn(Unknown Source)
	at org.openqa.selenium.support.events.EventFiringWebDriver$EventFiringWebElement.click(EventFiringWebDriver.java:392)
	at org.openqa.selenium.support.pagefactory.internal.LocatingElementHandler.invoke(LocatingElementHandler.java:52)
	at jdk.proxy2/jdk.proxy2.$Proxy17.click(Unknown Source)
	at com.ae.qa.pages.LoginPage.doExsitingUserSignUp(LoginPage.java:96)
	at com.ae.qa.testcases.SignUpPageTest.validateSignUpExistingUser(SignUpPageTest.java:51)
	at java.base/java.util.ArrayList.forEach(ArrayList.java:1511)
... Removed 43 stack frames
</div> <!-- stack-trace -->
                </div> <!-- method-content -->
              </div> <!-- method -->
              <div class="method">
                <div class="method-content">
                  <a name="validateSignUpNewUser">
                  </a> <!-- validateSignUpNewUser -->
                  <span class="method-name">validateSignUpNewUser</span>
                  <div class="stack-trace">org.openqa.selenium.NoSuchElementException: Unable to locate element: //input[@placeholder=&apos;Name&apos;]
For documentation on this error, please visit: https://selenium.dev/exceptions/#no_such_element
Build info: version: &apos;4.8.1&apos;, revision: &apos;8ebccac989&apos;
System info: os.name: &apos;Mac OS X&apos;, os.arch: &apos;x86_64&apos;, os.version: &apos;12.6.5&apos;, java.version: &apos;17.0.6&apos;
Driver info: org.openqa.selenium.firefox.FirefoxDriver
Command: [f3b93b06-2f56-4b4f-b968-92e76afb44f7, findElement {using=xpath, value=//input[@placeholder=&apos;Name&apos;]}]
Capabilities {acceptInsecureCerts: true, browserName: firefox, browserVersion: 112.0.2, moz:accessibilityChecks: false, moz:buildID: 20230424110519, moz:debuggerAddress: 127.0.0.1:32909, moz:geckodriverVersion: 0.33.0, moz:headless: false, moz:platformVersion: 21.6.0, moz:processID: 89093, moz:profile: /var/folders/6t/2wrb61y14lb..., moz:shutdownTimeout: 60000, moz:useNonSpecCompliantPointerOrigin: false, moz:webdriverClick: true, moz:windowless: false, pageLoadStrategy: normal, platformName: MAC, proxy: Proxy(), se:cdp: ws://127.0.0.1:32909/devtoo..., se:cdpVersion: 85.0, setWindowRect: true, strictFileInteractability: false, timeouts: {implicit: 0, pageLoad: 300000, script: 30000}, unhandledPromptBehavior: dismiss and notify}
Session ID: f3b93b06-2f56-4b4f-b968-92e76afb44f7
	at org.openqa.selenium.remote.codec.w3c.W3CHttpResponseCodec.createException(W3CHttpResponseCodec.java:200)
	at org.openqa.selenium.remote.codec.w3c.W3CHttpResponseCodec.decode(W3CHttpResponseCodec.java:133)
	at org.openqa.selenium.remote.codec.w3c.W3CHttpResponseCodec.decode(W3CHttpResponseCodec.java:53)
	at org.openqa.selenium.remote.HttpCommandExecutor.execute(HttpCommandExecutor.java:184)
	at org.openqa.selenium.remote.service.DriverCommandExecutor.invokeExecute(DriverCommandExecutor.java:167)
	at org.openqa.selenium.remote.service.DriverCommandExecutor.execute(DriverCommandExecutor.java:142)
	at org.openqa.selenium.remote.RemoteWebDriver.execute(RemoteWebDriver.java:543)
	at org.openqa.selenium.remote.ElementLocation$ElementFinder$2.findElement(ElementLocation.java:162)
	at org.openqa.selenium.remote.ElementLocation.findElement(ElementLocation.java:60)
	at org.openqa.selenium.remote.RemoteWebDriver.findElement(RemoteWebDriver.java:352)
	at org.openqa.selenium.remote.RemoteWebDriver.findElement(RemoteWebDriver.java:344)
	at org.openqa.selenium.support.events.EventFiringWebDriver.lambda$new$1(EventFiringWebDriver.java:106)
	at jdk.proxy2/jdk.proxy2.$Proxy13.findElement(Unknown Source)
	at org.openqa.selenium.support.events.EventFiringWebDriver.findElement(EventFiringWebDriver.java:195)
	at org.openqa.selenium.support.pagefactory.DefaultElementLocator.findElement(DefaultElementLocator.java:70)
	at org.openqa.selenium.support.pagefactory.internal.LocatingElementHandler.invoke(LocatingElementHandler.java:39)
	at jdk.proxy2/jdk.proxy2.$Proxy17.sendKeys(Unknown Source)
	at com.ae.qa.pages.LoginPage.doNewUserSignUp(LoginPage.java:83)
	at com.ae.qa.testcases.SignUpPageTest.validateSignUpNewUser(SignUpPageTest.java:46)
	at java.base/java.util.ArrayList.forEach(ArrayList.java:1511)
... Removed 40 stack frames
</div> <!-- stack-trace -->
                </div> <!-- method-content -->
              </div> <!-- method -->
            </div> <!-- main-panel-content rounded-window-bottom -->
          </div> <!-- suite-Surefire_suite-class-failed -->
          <div class="suite-Surefire_suite-class-failed">
            <div class="main-panel-header rounded-window-top">
              <img src="failed.png"/>
              <span class="class-name">com.ae.qa.testcases.LoginPageTest</span>
            </div> <!-- main-panel-header rounded-window-top -->
            <div class="main-panel-content rounded-window-bottom">
              <div class="method">
                <div class="method-content">
                  <a name="validateContinueDeleteButton">
                  </a> <!-- validateContinueDeleteButton -->
                  <span class="method-name">validateContinueDeleteButton</span>
                  <div class="stack-trace">java.lang.NullPointerException: Cannot invoke &quot;com.ae.qa.pages.AccountDeletedPage.clickAccountDeletedContinueButton()&quot; because &quot;this.accountDeteledPageObj&quot; is null
	at com.ae.qa.testcases.LoginPageTest.validateContinueDeleteButton(LoginPageTest.java:68)
	at java.base/java.util.ArrayList.forEach(ArrayList.java:1511)
... Removed 32 stack frames
</div> <!-- stack-trace -->
                </div> <!-- method-content -->
              </div> <!-- method -->
              <div class="method">
                <div class="method-content">
                  <a name="validateDeletedAccount">
                  </a> <!-- validateDeletedAccount -->
                  <span class="method-name">validateDeletedAccount</span>
                  <div class="stack-trace">org.openqa.selenium.NoSuchElementException: Unable to locate element: //a[contains(text(),&apos;Delete Account&apos;)]
For documentation on this error, please visit: https://selenium.dev/exceptions/#no_such_element
Build info: version: &apos;4.8.1&apos;, revision: &apos;8ebccac989&apos;
System info: os.name: &apos;Mac OS X&apos;, os.arch: &apos;x86_64&apos;, os.version: &apos;12.6.5&apos;, java.version: &apos;17.0.6&apos;
Driver info: org.openqa.selenium.firefox.FirefoxDriver
Command: [c81c6a25-ea1f-49d3-84f8-e31949c9137f, findElement {using=xpath, value=//a[contains(text(),&apos;Delete Account&apos;)]}]
Capabilities {acceptInsecureCerts: true, browserName: firefox, browserVersion: 112.0.2, moz:accessibilityChecks: false, moz:buildID: 20230424110519, moz:debuggerAddress: 127.0.0.1:36778, moz:geckodriverVersion: 0.33.0, moz:headless: false, moz:platformVersion: 21.6.0, moz:processID: 89265, moz:profile: /var/folders/6t/2wrb61y14lb..., moz:shutdownTimeout: 60000, moz:useNonSpecCompliantPointerOrigin: false, moz:webdriverClick: true, moz:windowless: false, pageLoadStrategy: normal, platformName: MAC, proxy: Proxy(), se:cdp: ws://127.0.0.1:36778/devtoo..., se:cdpVersion: 85.0, setWindowRect: true, strictFileInteractability: false, timeouts: {implicit: 0, pageLoad: 300000, script: 30000}, unhandledPromptBehavior: dismiss and notify}
Session ID: c81c6a25-ea1f-49d3-84f8-e31949c9137f
	at org.openqa.selenium.remote.codec.w3c.W3CHttpResponseCodec.createException(W3CHttpResponseCodec.java:200)
	at org.openqa.selenium.remote.codec.w3c.W3CHttpResponseCodec.decode(W3CHttpResponseCodec.java:133)
	at org.openqa.selenium.remote.codec.w3c.W3CHttpResponseCodec.decode(W3CHttpResponseCodec.java:53)
	at org.openqa.selenium.remote.HttpCommandExecutor.execute(HttpCommandExecutor.java:184)
	at org.openqa.selenium.remote.service.DriverCommandExecutor.invokeExecute(DriverCommandExecutor.java:167)
	at org.openqa.selenium.remote.service.DriverCommandExecutor.execute(DriverCommandExecutor.java:142)
	at org.openqa.selenium.remote.RemoteWebDriver.execute(RemoteWebDriver.java:543)
	at org.openqa.selenium.remote.ElementLocation$ElementFinder$2.findElement(ElementLocation.java:162)
	at org.openqa.selenium.remote.ElementLocation.findElement(ElementLocation.java:60)
	at org.openqa.selenium.remote.RemoteWebDriver.findElement(RemoteWebDriver.java:352)
	at org.openqa.selenium.remote.RemoteWebDriver.findElement(RemoteWebDriver.java:344)
	at org.openqa.selenium.support.events.EventFiringWebDriver.lambda$new$1(EventFiringWebDriver.java:106)
	at jdk.proxy2/jdk.proxy2.$Proxy13.findElement(Unknown Source)
	at org.openqa.selenium.support.events.EventFiringWebDriver.findElement(EventFiringWebDriver.java:195)
	at org.openqa.selenium.support.pagefactory.DefaultElementLocator.findElement(DefaultElementLocator.java:70)
	at org.openqa.selenium.support.pagefactory.internal.LocatingElementHandler.invoke(LocatingElementHandler.java:39)
	at jdk.proxy2/jdk.proxy2.$Proxy17.click(Unknown Source)
	at com.ae.qa.pages.UserHomePage.clickUserDeleteAccount(UserHomePage.java:54)
	at com.ae.qa.testcases.LoginPageTest.validateDeletedAccount(LoginPageTest.java:62)
	at java.base/java.util.ArrayList.forEach(ArrayList.java:1511)
... Removed 40 stack frames
</div> <!-- stack-trace -->
                </div> <!-- method-content -->
              </div> <!-- method -->
              <div class="method">
                <div class="method-content">
                  <a name="validateLoginWithValidDetails">
                  </a> <!-- validateLoginWithValidDetails -->
                  <span class="method-name">validateLoginWithValidDetails</span>
                  <div class="stack-trace">org.openqa.selenium.TimeoutException: Expected condition failed: waiting for visibility of Proxy element for: DefaultElementLocator &apos;By.xpath: //a[contains(text(),&apos;Logged in as&apos;)]&apos; (tried for 5 second(s) with 500 milliseconds interval)
	at org.openqa.selenium.support.ui.WebDriverWait.timeoutException(WebDriverWait.java:87)
	at org.openqa.selenium.support.ui.FluentWait.until(FluentWait.java:231)
	at com.ae.qa.pages.UserHomePage.getLoggedInUserName(UserHomePage.java:39)
	at com.ae.qa.testcases.LoginPageTest.validateLoginWithValidDetails(LoginPageTest.java:49)
	at java.base/java.util.ArrayList.forEach(ArrayList.java:1511)
Caused by: org.openqa.selenium.NoSuchElementException: Unable to locate element: //a[contains(text(),&apos;Logged in as&apos;)]
For documentation on this error, please visit: https://selenium.dev/exceptions/#no_such_element
Build info: version: &apos;4.8.1&apos;, revision: &apos;8ebccac989&apos;
System info: os.name: &apos;Mac OS X&apos;, os.arch: &apos;x86_64&apos;, os.version: &apos;12.6.5&apos;, java.version: &apos;17.0.6&apos;
Driver info: org.openqa.selenium.firefox.FirefoxDriver
Command: [c81c6a25-ea1f-49d3-84f8-e31949c9137f, findElement {using=xpath, value=//a[contains(text(),&apos;Logged in as&apos;)]}]
Capabilities {acceptInsecureCerts: true, browserName: firefox, browserVersion: 112.0.2, moz:accessibilityChecks: false, moz:buildID: 20230424110519, moz:debuggerAddress: 127.0.0.1:36778, moz:geckodriverVersion: 0.33.0, moz:headless: false, moz:platformVersion: 21.6.0, moz:processID: 89265, moz:profile: /var/folders/6t/2wrb61y14lb..., moz:shutdownTimeout: 60000, moz:useNonSpecCompliantPointerOrigin: false, moz:webdriverClick: true, moz:windowless: false, pageLoadStrategy: normal, platformName: MAC, proxy: Proxy(), se:cdp: ws://127.0.0.1:36778/devtoo..., se:cdpVersion: 85.0, setWindowRect: true, strictFileInteractability: false, timeouts: {implicit: 0, pageLoad: 300000, script: 30000}, unhandledPromptBehavior: dismiss and notify}
Session ID: c81c6a25-ea1f-49d3-84f8-e31949c9137f
	at org.openqa.selenium.remote.codec.w3c.W3CHttpResponseCodec.createException(W3CHttpResponseCodec.java:200)
	at org.openqa.selenium.remote.codec.w3c.W3CHttpResponseCodec.decode(W3CHttpResponseCodec.java:133)
	at org.openqa.selenium.remote.codec.w3c.W3CHttpResponseCodec.decode(W3CHttpResponseCodec.java:53)
	at org.openqa.selenium.remote.HttpCommandExecutor.execute(HttpCommandExecutor.java:184)
	at org.openqa.selenium.remote.service.DriverCommandExecutor.invokeExecute(DriverCommandExecutor.java:167)
	at org.openqa.selenium.remote.service.DriverCommandExecutor.execute(DriverCommandExecutor.java:142)
	at org.openqa.selenium.remote.RemoteWebDriver.execute(RemoteWebDriver.java:543)
	at org.openqa.selenium.remote.ElementLocation$ElementFinder$2.findElement(ElementLocation.java:162)
	at org.openqa.selenium.remote.ElementLocation.findElement(ElementLocation.java:60)
	at org.openqa.selenium.remote.RemoteWebDriver.findElement(RemoteWebDriver.java:352)
	at org.openqa.selenium.remote.RemoteWebDriver.findElement(RemoteWebDriver.java:344)
	at org.openqa.selenium.support.events.EventFiringWebDriver.lambda$new$1(EventFiringWebDriver.java:106)
	at jdk.proxy2/jdk.proxy2.$Proxy13.findElement(Unknown Source)
	at org.openqa.selenium.support.events.EventFiringWebDriver.findElement(EventFiringWebDriver.java:195)
	at org.openqa.selenium.support.pagefactory.DefaultElementLocator.findElement(DefaultElementLocator.java:70)
	at org.openqa.selenium.support.pagefactory.internal.LocatingElementHandler.invoke(LocatingElementHandler.java:39)
	at jdk.proxy2/jdk.proxy2.$Proxy17.isDisplayed(Unknown Source)
	at org.openqa.selenium.support.ui.ExpectedConditions.elementIfVisible(ExpectedConditions.java:307)
	at org.openqa.selenium.support.ui.ExpectedConditions.access$000(ExpectedConditions.java:40)
	at org.openqa.selenium.support.ui.ExpectedConditions$10.apply(ExpectedConditions.java:293)
	at org.openqa.selenium.support.ui.ExpectedConditions$10.apply(ExpectedConditions.java:290)
	at org.openqa.selenium.support.ui.FluentWait.until(FluentWait.java:208)
	... 35 more
... Removed 40 stack frames
</div> <!-- stack-trace -->
                </div> <!-- method-content -->
              </div> <!-- method -->
            </div> <!-- main-panel-content rounded-window-bottom -->
          </div> <!-- suite-Surefire_suite-class-failed -->
          <div class="suite-Surefire_suite-class-failed">
            <div class="main-panel-header rounded-window-top">
              <img src="failed.png"/>
              <span class="class-name">com.ae.qa.testcases.LoginBeforeCheckoutTest</span>
            </div> <!-- main-panel-header rounded-window-top -->
            <div class="main-panel-content rounded-window-bottom">
              <div class="method">
                <div class="method-content">
                  <a name="validateAddressVisibility">
                  </a> <!-- validateAddressVisibility -->
                  <span class="method-name">validateAddressVisibility</span>
                  <div class="stack-trace">org.openqa.selenium.NoSuchElementException: Unable to locate element: //h2[contains(text(),&apos;Address Details&apos;)]
For documentation on this error, please visit: https://selenium.dev/exceptions/#no_such_element
Build info: version: &apos;4.8.1&apos;, revision: &apos;8ebccac989&apos;
System info: os.name: &apos;Mac OS X&apos;, os.arch: &apos;x86_64&apos;, os.version: &apos;12.6.5&apos;, java.version: &apos;17.0.6&apos;
Driver info: org.openqa.selenium.firefox.FirefoxDriver
Command: [13e0c3b1-bc8b-4080-a161-cf09032da082, findElement {using=xpath, value=//h2[contains(text(),&apos;Address Details&apos;)]}]
Capabilities {acceptInsecureCerts: true, browserName: firefox, browserVersion: 112.0.2, moz:accessibilityChecks: false, moz:buildID: 20230424110519, moz:debuggerAddress: 127.0.0.1:21792, moz:geckodriverVersion: 0.33.0, moz:headless: false, moz:platformVersion: 21.6.0, moz:processID: 89191, moz:profile: /var/folders/6t/2wrb61y14lb..., moz:shutdownTimeout: 60000, moz:useNonSpecCompliantPointerOrigin: false, moz:webdriverClick: true, moz:windowless: false, pageLoadStrategy: normal, platformName: MAC, proxy: Proxy(), se:cdp: ws://127.0.0.1:21792/devtoo..., se:cdpVersion: 85.0, setWindowRect: true, strictFileInteractability: false, timeouts: {implicit: 0, pageLoad: 300000, script: 30000}, unhandledPromptBehavior: dismiss and notify}
Session ID: 13e0c3b1-bc8b-4080-a161-cf09032da082
	at org.openqa.selenium.remote.codec.w3c.W3CHttpResponseCodec.createException(W3CHttpResponseCodec.java:200)
	at org.openqa.selenium.remote.codec.w3c.W3CHttpResponseCodec.decode(W3CHttpResponseCodec.java:133)
	at org.openqa.selenium.remote.codec.w3c.W3CHttpResponseCodec.decode(W3CHttpResponseCodec.java:53)
	at org.openqa.selenium.remote.HttpCommandExecutor.execute(HttpCommandExecutor.java:184)
	at org.openqa.selenium.remote.service.DriverCommandExecutor.invokeExecute(DriverCommandExecutor.java:167)
	at org.openqa.selenium.remote.service.DriverCommandExecutor.execute(DriverCommandExecutor.java:142)
	at org.openqa.selenium.remote.RemoteWebDriver.execute(RemoteWebDriver.java:543)
	at org.openqa.selenium.remote.ElementLocation$ElementFinder$2.findElement(ElementLocation.java:162)
	at org.openqa.selenium.remote.ElementLocation.findElement(ElementLocation.java:60)
	at org.openqa.selenium.remote.RemoteWebDriver.findElement(RemoteWebDriver.java:352)
	at org.openqa.selenium.remote.RemoteWebDriver.findElement(RemoteWebDriver.java:344)
	at org.openqa.selenium.support.events.EventFiringWebDriver.lambda$new$1(EventFiringWebDriver.java:106)
	at jdk.proxy2/jdk.proxy2.$Proxy13.findElement(Unknown Source)
	at org.openqa.selenium.support.events.EventFiringWebDriver.findElement(EventFiringWebDriver.java:195)
	at org.openqa.selenium.support.pagefactory.DefaultElementLocator.findElement(DefaultElementLocator.java:70)
	at org.openqa.selenium.support.pagefactory.internal.LocatingElementHandler.invoke(LocatingElementHandler.java:39)
	at jdk.proxy2/jdk.proxy2.$Proxy17.isDisplayed(Unknown Source)
	at com.ae.qa.pages.CheckoutPage.getAddressVisibility(CheckoutPage.java:39)
	at com.ae.qa.testcases.LoginBeforeCheckoutTest.validateAddressVisibility(LoginBeforeCheckoutTest.java:65)
	at java.base/java.util.ArrayList.forEach(ArrayList.java:1511)
... Removed 40 stack frames
</div> <!-- stack-trace -->
                </div> <!-- method-content -->
              </div> <!-- method -->
              <div class="method">
                <div class="method-content">
                  <a name="validateDeleteAccount">
                  </a> <!-- validateDeleteAccount -->
                  <span class="method-name">validateDeleteAccount</span>
                  <div class="stack-trace">org.openqa.selenium.NoSuchElementException: Unable to locate element: //a[contains(text(),&apos;Delete Account&apos;)]
For documentation on this error, please visit: https://selenium.dev/exceptions/#no_such_element
Build info: version: &apos;4.8.1&apos;, revision: &apos;8ebccac989&apos;
System info: os.name: &apos;Mac OS X&apos;, os.arch: &apos;x86_64&apos;, os.version: &apos;12.6.5&apos;, java.version: &apos;17.0.6&apos;
Driver info: org.openqa.selenium.firefox.FirefoxDriver
Command: [13e0c3b1-bc8b-4080-a161-cf09032da082, findElement {using=xpath, value=//a[contains(text(),&apos;Delete Account&apos;)]}]
Capabilities {acceptInsecureCerts: true, browserName: firefox, browserVersion: 112.0.2, moz:accessibilityChecks: false, moz:buildID: 20230424110519, moz:debuggerAddress: 127.0.0.1:21792, moz:geckodriverVersion: 0.33.0, moz:headless: false, moz:platformVersion: 21.6.0, moz:processID: 89191, moz:profile: /var/folders/6t/2wrb61y14lb..., moz:shutdownTimeout: 60000, moz:useNonSpecCompliantPointerOrigin: false, moz:webdriverClick: true, moz:windowless: false, pageLoadStrategy: normal, platformName: MAC, proxy: Proxy(), se:cdp: ws://127.0.0.1:21792/devtoo..., se:cdpVersion: 85.0, setWindowRect: true, strictFileInteractability: false, timeouts: {implicit: 0, pageLoad: 300000, script: 30000}, unhandledPromptBehavior: dismiss and notify}
Session ID: 13e0c3b1-bc8b-4080-a161-cf09032da082
	at org.openqa.selenium.remote.codec.w3c.W3CHttpResponseCodec.createException(W3CHttpResponseCodec.java:200)
	at org.openqa.selenium.remote.codec.w3c.W3CHttpResponseCodec.decode(W3CHttpResponseCodec.java:133)
	at org.openqa.selenium.remote.codec.w3c.W3CHttpResponseCodec.decode(W3CHttpResponseCodec.java:53)
	at org.openqa.selenium.remote.HttpCommandExecutor.execute(HttpCommandExecutor.java:184)
	at org.openqa.selenium.remote.service.DriverCommandExecutor.invokeExecute(DriverCommandExecutor.java:167)
	at org.openqa.selenium.remote.service.DriverCommandExecutor.execute(DriverCommandExecutor.java:142)
	at org.openqa.selenium.remote.RemoteWebDriver.execute(RemoteWebDriver.java:543)
	at org.openqa.selenium.remote.ElementLocation$ElementFinder$2.findElement(ElementLocation.java:162)
	at org.openqa.selenium.remote.ElementLocation.findElement(ElementLocation.java:60)
	at org.openqa.selenium.remote.RemoteWebDriver.findElement(RemoteWebDriver.java:352)
	at org.openqa.selenium.remote.RemoteWebDriver.findElement(RemoteWebDriver.java:344)
	at org.openqa.selenium.support.events.EventFiringWebDriver.lambda$new$1(EventFiringWebDriver.java:106)
	at jdk.proxy2/jdk.proxy2.$Proxy13.findElement(Unknown Source)
	at org.openqa.selenium.support.events.EventFiringWebDriver.findElement(EventFiringWebDriver.java:195)
	at org.openqa.selenium.support.pagefactory.DefaultElementLocator.findElement(DefaultElementLocator.java:70)
	at org.openqa.selenium.support.pagefactory.internal.LocatingElementHandler.invoke(LocatingElementHandler.java:39)
	at jdk.proxy2/jdk.proxy2.$Proxy17.click(Unknown Source)
	at com.ae.qa.pages.OrderPlacedPage.clickDeleteButton(OrderPlacedPage.java:29)
	at com.ae.qa.testcases.LoginBeforeCheckoutTest.validateDeleteAccount(LoginBeforeCheckoutTest.java:89)
	at java.base/java.util.ArrayList.forEach(ArrayList.java:1511)
... Removed 40 stack frames
</div> <!-- stack-trace -->
                </div> <!-- method-content -->
              </div> <!-- method -->
              <div class="method">
                <div class="method-content">
                  <a name="validateLoginWithValidDetails">
                  </a> <!-- validateLoginWithValidDetails -->
                  <span class="method-name">validateLoginWithValidDetails</span>
                  <div class="stack-trace">org.openqa.selenium.TimeoutException: Expected condition failed: waiting for visibility of Proxy element for: DefaultElementLocator &apos;By.xpath: //a[contains(text(),&apos;Logged in as&apos;)]&apos; (tried for 5 second(s) with 500 milliseconds interval)
	at org.openqa.selenium.support.ui.WebDriverWait.timeoutException(WebDriverWait.java:87)
	at org.openqa.selenium.support.ui.FluentWait.until(FluentWait.java:231)
	at com.ae.qa.pages.UserHomePage.getLoggedInUserName(UserHomePage.java:39)
	at com.ae.qa.testcases.LoginBeforeCheckoutTest.validateLoginWithValidDetails(LoginBeforeCheckoutTest.java:44)
	at java.base/java.util.ArrayList.forEach(ArrayList.java:1511)
Caused by: org.openqa.selenium.NoSuchElementException: Unable to locate element: //a[contains(text(),&apos;Logged in as&apos;)]
For documentation on this error, please visit: https://selenium.dev/exceptions/#no_such_element
Build info: version: &apos;4.8.1&apos;, revision: &apos;8ebccac989&apos;
System info: os.name: &apos;Mac OS X&apos;, os.arch: &apos;x86_64&apos;, os.version: &apos;12.6.5&apos;, java.version: &apos;17.0.6&apos;
Driver info: org.openqa.selenium.firefox.FirefoxDriver
Command: [13e0c3b1-bc8b-4080-a161-cf09032da082, findElement {using=xpath, value=//a[contains(text(),&apos;Logged in as&apos;)]}]
Capabilities {acceptInsecureCerts: true, browserName: firefox, browserVersion: 112.0.2, moz:accessibilityChecks: false, moz:buildID: 20230424110519, moz:debuggerAddress: 127.0.0.1:21792, moz:geckodriverVersion: 0.33.0, moz:headless: false, moz:platformVersion: 21.6.0, moz:processID: 89191, moz:profile: /var/folders/6t/2wrb61y14lb..., moz:shutdownTimeout: 60000, moz:useNonSpecCompliantPointerOrigin: false, moz:webdriverClick: true, moz:windowless: false, pageLoadStrategy: normal, platformName: MAC, proxy: Proxy(), se:cdp: ws://127.0.0.1:21792/devtoo..., se:cdpVersion: 85.0, setWindowRect: true, strictFileInteractability: false, timeouts: {implicit: 0, pageLoad: 300000, script: 30000}, unhandledPromptBehavior: dismiss and notify}
Session ID: 13e0c3b1-bc8b-4080-a161-cf09032da082
	at org.openqa.selenium.remote.codec.w3c.W3CHttpResponseCodec.createException(W3CHttpResponseCodec.java:200)
	at org.openqa.selenium.remote.codec.w3c.W3CHttpResponseCodec.decode(W3CHttpResponseCodec.java:133)
	at org.openqa.selenium.remote.codec.w3c.W3CHttpResponseCodec.decode(W3CHttpResponseCodec.java:53)
	at org.openqa.selenium.remote.HttpCommandExecutor.execute(HttpCommandExecutor.java:184)
	at org.openqa.selenium.remote.service.DriverCommandExecutor.invokeExecute(DriverCommandExecutor.java:167)
	at org.openqa.selenium.remote.service.DriverCommandExecutor.execute(DriverCommandExecutor.java:142)
	at org.openqa.selenium.remote.RemoteWebDriver.execute(RemoteWebDriver.java:543)
	at org.openqa.selenium.remote.ElementLocation$ElementFinder$2.findElement(ElementLocation.java:162)
	at org.openqa.selenium.remote.ElementLocation.findElement(ElementLocation.java:60)
	at org.openqa.selenium.remote.RemoteWebDriver.findElement(RemoteWebDriver.java:352)
	at org.openqa.selenium.remote.RemoteWebDriver.findElement(RemoteWebDriver.java:344)
	at org.openqa.selenium.support.events.EventFiringWebDriver.lambda$new$1(EventFiringWebDriver.java:106)
	at jdk.proxy2/jdk.proxy2.$Proxy13.findElement(Unknown Source)
	at org.openqa.selenium.support.events.EventFiringWebDriver.findElement(EventFiringWebDriver.java:195)
	at org.openqa.selenium.support.pagefactory.DefaultElementLocator.findElement(DefaultElementLocator.java:70)
	at org.openqa.selenium.support.pagefactory.internal.LocatingElementHandler.invoke(LocatingElementHandler.java:39)
	at jdk.proxy2/jdk.proxy2.$Proxy17.isDisplayed(Unknown Source)
	at org.openqa.selenium.support.ui.ExpectedConditions.elementIfVisible(ExpectedConditions.java:307)
	at org.openqa.selenium.support.ui.ExpectedConditions.access$000(ExpectedConditions.java:40)
	at org.openqa.selenium.support.ui.ExpectedConditions$10.apply(ExpectedConditions.java:293)
	at org.openqa.selenium.support.ui.ExpectedConditions$10.apply(ExpectedConditions.java:290)
	at org.openqa.selenium.support.ui.FluentWait.until(FluentWait.java:208)
	... 35 more
... Removed 40 stack frames
</div> <!-- stack-trace -->
                </div> <!-- method-content -->
              </div> <!-- method -->
              <div class="method">
                <div class="method-content">
                  <a name="validateOrderVisibility">
                  </a> <!-- validateOrderVisibility -->
                  <span class="method-name">validateOrderVisibility</span>
                  <div class="stack-trace">org.openqa.selenium.NoSuchElementException: Unable to locate element: //h2[contains(text(),&apos;Address Details&apos;)]
For documentation on this error, please visit: https://selenium.dev/exceptions/#no_such_element
Build info: version: &apos;4.8.1&apos;, revision: &apos;8ebccac989&apos;
System info: os.name: &apos;Mac OS X&apos;, os.arch: &apos;x86_64&apos;, os.version: &apos;12.6.5&apos;, java.version: &apos;17.0.6&apos;
Driver info: org.openqa.selenium.firefox.FirefoxDriver
Command: [13e0c3b1-bc8b-4080-a161-cf09032da082, findElement {using=xpath, value=//h2[contains(text(),&apos;Address Details&apos;)]}]
Capabilities {acceptInsecureCerts: true, browserName: firefox, browserVersion: 112.0.2, moz:accessibilityChecks: false, moz:buildID: 20230424110519, moz:debuggerAddress: 127.0.0.1:21792, moz:geckodriverVersion: 0.33.0, moz:headless: false, moz:platformVersion: 21.6.0, moz:processID: 89191, moz:profile: /var/folders/6t/2wrb61y14lb..., moz:shutdownTimeout: 60000, moz:useNonSpecCompliantPointerOrigin: false, moz:webdriverClick: true, moz:windowless: false, pageLoadStrategy: normal, platformName: MAC, proxy: Proxy(), se:cdp: ws://127.0.0.1:21792/devtoo..., se:cdpVersion: 85.0, setWindowRect: true, strictFileInteractability: false, timeouts: {implicit: 0, pageLoad: 300000, script: 30000}, unhandledPromptBehavior: dismiss and notify}
Session ID: 13e0c3b1-bc8b-4080-a161-cf09032da082
	at org.openqa.selenium.remote.codec.w3c.W3CHttpResponseCodec.createException(W3CHttpResponseCodec.java:200)
	at org.openqa.selenium.remote.codec.w3c.W3CHttpResponseCodec.decode(W3CHttpResponseCodec.java:133)
	at org.openqa.selenium.remote.codec.w3c.W3CHttpResponseCodec.decode(W3CHttpResponseCodec.java:53)
	at org.openqa.selenium.remote.HttpCommandExecutor.execute(HttpCommandExecutor.java:184)
	at org.openqa.selenium.remote.service.DriverCommandExecutor.invokeExecute(DriverCommandExecutor.java:167)
	at org.openqa.selenium.remote.service.DriverCommandExecutor.execute(DriverCommandExecutor.java:142)
	at org.openqa.selenium.remote.RemoteWebDriver.execute(RemoteWebDriver.java:543)
	at org.openqa.selenium.remote.ElementLocation$ElementFinder$2.findElement(ElementLocation.java:162)
	at org.openqa.selenium.remote.ElementLocation.findElement(ElementLocation.java:60)
	at org.openqa.selenium.remote.RemoteWebDriver.findElement(RemoteWebDriver.java:352)
	at org.openqa.selenium.remote.RemoteWebDriver.findElement(RemoteWebDriver.java:344)
	at org.openqa.selenium.support.events.EventFiringWebDriver.lambda$new$1(EventFiringWebDriver.java:106)
	at jdk.proxy2/jdk.proxy2.$Proxy13.findElement(Unknown Source)
	at org.openqa.selenium.support.events.EventFiringWebDriver.findElement(EventFiringWebDriver.java:195)
	at org.openqa.selenium.support.pagefactory.DefaultElementLocator.findElement(DefaultElementLocator.java:70)
	at org.openqa.selenium.support.pagefactory.internal.LocatingElementHandler.invoke(LocatingElementHandler.java:39)
	at jdk.proxy2/jdk.proxy2.$Proxy17.isDisplayed(Unknown Source)
	at com.ae.qa.pages.CheckoutPage.getOrderVisibility(CheckoutPage.java:45)
	at com.ae.qa.testcases.LoginBeforeCheckoutTest.validateOrderVisibility(LoginBeforeCheckoutTest.java:71)
	at java.base/java.util.ArrayList.forEach(ArrayList.java:1511)
... Removed 40 stack frames
</div> <!-- stack-trace -->
                </div> <!-- method-content -->
              </div> <!-- method -->
              <div class="method">
                <div class="method-content">
                  <a name="validatePlaceOrder">
                  </a> <!-- validatePlaceOrder -->
                  <span class="method-name">validatePlaceOrder</span>
                  <div class="stack-trace">org.openqa.selenium.NoSuchElementException: Unable to locate element: //textarea[@name=&apos;message&apos;]
For documentation on this error, please visit: https://selenium.dev/exceptions/#no_such_element
Build info: version: &apos;4.8.1&apos;, revision: &apos;8ebccac989&apos;
System info: os.name: &apos;Mac OS X&apos;, os.arch: &apos;x86_64&apos;, os.version: &apos;12.6.5&apos;, java.version: &apos;17.0.6&apos;
Driver info: org.openqa.selenium.firefox.FirefoxDriver
Command: [13e0c3b1-bc8b-4080-a161-cf09032da082, findElement {using=xpath, value=//textarea[@name=&apos;message&apos;]}]
Capabilities {acceptInsecureCerts: true, browserName: firefox, browserVersion: 112.0.2, moz:accessibilityChecks: false, moz:buildID: 20230424110519, moz:debuggerAddress: 127.0.0.1:21792, moz:geckodriverVersion: 0.33.0, moz:headless: false, moz:platformVersion: 21.6.0, moz:processID: 89191, moz:profile: /var/folders/6t/2wrb61y14lb..., moz:shutdownTimeout: 60000, moz:useNonSpecCompliantPointerOrigin: false, moz:webdriverClick: true, moz:windowless: false, pageLoadStrategy: normal, platformName: MAC, proxy: Proxy(), se:cdp: ws://127.0.0.1:21792/devtoo..., se:cdpVersion: 85.0, setWindowRect: true, strictFileInteractability: false, timeouts: {implicit: 0, pageLoad: 300000, script: 30000}, unhandledPromptBehavior: dismiss and notify}
Session ID: 13e0c3b1-bc8b-4080-a161-cf09032da082
	at org.openqa.selenium.remote.codec.w3c.W3CHttpResponseCodec.createException(W3CHttpResponseCodec.java:200)
	at org.openqa.selenium.remote.codec.w3c.W3CHttpResponseCodec.decode(W3CHttpResponseCodec.java:133)
	at org.openqa.selenium.remote.codec.w3c.W3CHttpResponseCodec.decode(W3CHttpResponseCodec.java:53)
	at org.openqa.selenium.remote.HttpCommandExecutor.execute(HttpCommandExecutor.java:184)
	at org.openqa.selenium.remote.service.DriverCommandExecutor.invokeExecute(DriverCommandExecutor.java:167)
	at org.openqa.selenium.remote.service.DriverCommandExecutor.execute(DriverCommandExecutor.java:142)
	at org.openqa.selenium.remote.RemoteWebDriver.execute(RemoteWebDriver.java:543)
	at org.openqa.selenium.remote.ElementLocation$ElementFinder$2.findElement(ElementLocation.java:162)
	at org.openqa.selenium.remote.ElementLocation.findElement(ElementLocation.java:60)
	at org.openqa.selenium.remote.RemoteWebDriver.findElement(RemoteWebDriver.java:352)
	at org.openqa.selenium.remote.RemoteWebDriver.findElement(RemoteWebDriver.java:344)
	at org.openqa.selenium.support.events.EventFiringWebDriver.lambda$new$1(EventFiringWebDriver.java:106)
	at jdk.proxy2/jdk.proxy2.$Proxy13.findElement(Unknown Source)
	at org.openqa.selenium.support.events.EventFiringWebDriver.findElement(EventFiringWebDriver.java:195)
	at org.openqa.selenium.support.pagefactory.DefaultElementLocator.findElement(DefaultElementLocator.java:70)
	at org.openqa.selenium.support.pagefactory.internal.LocatingElementHandler.invoke(LocatingElementHandler.java:39)
	at jdk.proxy2/jdk.proxy2.$Proxy17.sendKeys(Unknown Source)
	at com.ae.qa.pages.CheckoutPage.clickPlaceOrder(CheckoutPage.java:51)
	at com.ae.qa.testcases.LoginBeforeCheckoutTest.validatePlaceOrder(LoginBeforeCheckoutTest.java:77)
	at java.base/java.util.ArrayList.forEach(ArrayList.java:1511)
... Removed 40 stack frames
</div> <!-- stack-trace -->
                </div> <!-- method-content -->
              </div> <!-- method -->
            </div> <!-- main-panel-content rounded-window-bottom -->
          </div> <!-- suite-Surefire_suite-class-failed -->
          <div class="suite-Surefire_suite-class-failed">
            <div class="main-panel-header rounded-window-top">
              <img src="failed.png"/>
              <span class="class-name">com.ae.qa.testcases.ProductsPageTest</span>
            </div> <!-- main-panel-header rounded-window-top -->
            <div class="main-panel-content rounded-window-bottom">
              <div class="method">
                <div class="method-content">
                  <a name="validateDeleteFromCart">
                  </a> <!-- validateDeleteFromCart -->
                  <span class="method-name">validateDeleteFromCart</span>
                  <div class="stack-trace">java.lang.AssertionError: expected [Cart is empty!] but found []
	at com.ae.qa.testcases.ProductsPageTest.validateDeleteFromCart(ProductsPageTest.java:109)
	at java.base/java.util.ArrayList.forEach(ArrayList.java:1511)
... Removed 37 stack frames
</div> <!-- stack-trace -->
                </div> <!-- method-content -->
              </div> <!-- method -->
              <div class="method">
                <div class="method-content">
                  <a name="validateIncreaseQuantityInProductDetailsPage">
                  </a> <!-- validateIncreaseQuantityInProductDetailsPage -->
                  <span class="method-name">validateIncreaseQuantityInProductDetailsPage</span>
                  <div class="stack-trace">java.lang.NullPointerException: Cannot invoke &quot;com.ae.qa.pages.ProductDetailsPage.increaseQuantity(String)&quot; because &quot;this.productDetailsPageObj&quot; is null
	at com.ae.qa.testcases.ProductsPageTest.validateIncreaseQuantityInProductDetailsPage(ProductsPageTest.java:117)
	at java.base/java.util.ArrayList.forEach(ArrayList.java:1511)
... Removed 32 stack frames
</div> <!-- stack-trace -->
                </div> <!-- method-content -->
              </div> <!-- method -->
              <div class="method">
                <div class="method-content">
                  <a name="validateProductAddToCartVisibility">
                  </a> <!-- validateProductAddToCartVisibility -->
                  <span class="method-name">validateProductAddToCartVisibility</span>
                  <div class="stack-trace">java.lang.NullPointerException: Cannot invoke &quot;com.ae.qa.pages.ProductDetailsPage.getAddToCartVisibility()&quot; because &quot;this.productDetailsPageObj&quot; is null
	at com.ae.qa.testcases.ProductsPageTest.validateProductAddToCartVisibility(ProductsPageTest.java:96)
	at java.base/java.util.ArrayList.forEach(ArrayList.java:1511)
... Removed 32 stack frames
</div> <!-- stack-trace -->
                </div> <!-- method-content -->
              </div> <!-- method -->
              <div class="method">
                <div class="method-content">
                  <a name="validateProductAvailableVisibility">
                  </a> <!-- validateProductAvailableVisibility -->
                  <span class="method-name">validateProductAvailableVisibility</span>
                  <div class="stack-trace">java.lang.NullPointerException: Cannot invoke &quot;com.ae.qa.pages.ProductDetailsPage.getProductAvailabeVisibility()&quot; because &quot;this.productDetailsPageObj&quot; is null
	at com.ae.qa.testcases.ProductsPageTest.validateProductAvailableVisibility(ProductsPageTest.java:71)
	at java.base/java.util.ArrayList.forEach(ArrayList.java:1511)
... Removed 32 stack frames
</div> <!-- stack-trace -->
                </div> <!-- method-content -->
              </div> <!-- method -->
              <div class="method">
                <div class="method-content">
                  <a name="validateProductBrandVisibility">
                  </a> <!-- validateProductBrandVisibility -->
                  <span class="method-name">validateProductBrandVisibility</span>
                  <div class="stack-trace">java.lang.NullPointerException: Cannot invoke &quot;com.ae.qa.pages.ProductDetailsPage.getProductBrandVisibility()&quot; because &quot;this.productDetailsPageObj&quot; is null
	at com.ae.qa.testcases.ProductsPageTest.validateProductBrandVisibility(ProductsPageTest.java:83)
	at java.base/java.util.ArrayList.forEach(ArrayList.java:1511)
... Removed 32 stack frames
</div> <!-- stack-trace -->
                </div> <!-- method-content -->
              </div> <!-- method -->
              <div class="method">
                <div class="method-content">
                  <a name="validateProductCategortVisibility">
                  </a> <!-- validateProductCategortVisibility -->
                  <span class="method-name">validateProductCategortVisibility</span>
                  <div class="stack-trace">java.lang.NullPointerException: Cannot invoke &quot;com.ae.qa.pages.ProductDetailsPage.getProductCategoryVisibility()&quot; because &quot;this.productDetailsPageObj&quot; is null
	at com.ae.qa.testcases.ProductsPageTest.validateProductCategortVisibility(ProductsPageTest.java:89)
	at java.base/java.util.ArrayList.forEach(ArrayList.java:1511)
... Removed 32 stack frames
</div> <!-- stack-trace -->
                </div> <!-- method-content -->
              </div> <!-- method -->
              <div class="method">
                <div class="method-content">
                  <a name="validateProductConditionVisibility">
                  </a> <!-- validateProductConditionVisibility -->
                  <span class="method-name">validateProductConditionVisibility</span>
                  <div class="stack-trace">java.lang.NullPointerException: Cannot invoke &quot;com.ae.qa.pages.ProductDetailsPage.getProductConditionVisibility()&quot; because &quot;this.productDetailsPageObj&quot; is null
	at com.ae.qa.testcases.ProductsPageTest.validateProductConditionVisibility(ProductsPageTest.java:77)
	at java.base/java.util.ArrayList.forEach(ArrayList.java:1511)
... Removed 32 stack frames
</div> <!-- stack-trace -->
                </div> <!-- method-content -->
              </div> <!-- method -->
              <div class="method">
                <div class="method-content">
                  <a name="validateProductNameVisibility">
                  </a> <!-- validateProductNameVisibility -->
                  <span class="method-name">validateProductNameVisibility</span>
                  <div class="stack-trace">java.lang.NullPointerException: Cannot invoke &quot;com.ae.qa.pages.ProductDetailsPage.getProductNameVisibility()&quot; because &quot;this.productDetailsPageObj&quot; is null
	at com.ae.qa.testcases.ProductsPageTest.validateProductNameVisibility(ProductsPageTest.java:59)
	at java.base/java.util.ArrayList.forEach(ArrayList.java:1511)
... Removed 32 stack frames
</div> <!-- stack-trace -->
                </div> <!-- method-content -->
              </div> <!-- method -->
              <div class="method">
                <div class="method-content">
                  <a name="validateProductPriceVisibility">
                  </a> <!-- validateProductPriceVisibility -->
                  <span class="method-name">validateProductPriceVisibility</span>
                  <div class="stack-trace">java.lang.NullPointerException: Cannot invoke &quot;com.ae.qa.pages.ProductDetailsPage.getProductPriceVisibility()&quot; because &quot;this.productDetailsPageObj&quot; is null
	at com.ae.qa.testcases.ProductsPageTest.validateProductPriceVisibility(ProductsPageTest.java:65)
	at java.base/java.util.ArrayList.forEach(ArrayList.java:1511)
... Removed 32 stack frames
</div> <!-- stack-trace -->
                </div> <!-- method-content -->
              </div> <!-- method -->
              <div class="method">
                <div class="method-content">
                  <a name="validateProductsDetailsNavigation">
                  </a> <!-- validateProductsDetailsNavigation -->
                  <span class="method-name">validateProductsDetailsNavigation</span>
                  <div class="stack-trace">org.openqa.selenium.TimeoutException: Expected condition failed: waiting for visibility of Proxy element for: DefaultElementLocator &apos;By.xpath: (//a[contains(text(),&apos;View Product&apos;)])[1]&apos; (tried for 5 second(s) with 500 milliseconds interval)
	at org.openqa.selenium.support.ui.WebDriverWait.timeoutException(WebDriverWait.java:87)
	at org.openqa.selenium.support.ui.FluentWait.until(FluentWait.java:231)
	at com.ae.qa.pages.ProductsPage.clickFirstProduct(ProductsPage.java:48)
	at com.ae.qa.testcases.ProductsPageTest.validateProductsDetailsNavigation(ProductsPageTest.java:45)
	at java.base/java.util.ArrayList.forEach(ArrayList.java:1511)
Caused by: org.openqa.selenium.NoSuchElementException: Unable to locate element: (//a[contains(text(),&apos;View Product&apos;)])[1]
For documentation on this error, please visit: https://selenium.dev/exceptions/#no_such_element
Build info: version: &apos;4.8.1&apos;, revision: &apos;8ebccac989&apos;
System info: os.name: &apos;Mac OS X&apos;, os.arch: &apos;x86_64&apos;, os.version: &apos;12.6.5&apos;, java.version: &apos;17.0.6&apos;
Driver info: org.openqa.selenium.firefox.FirefoxDriver
Command: [1a3f1907-622a-44f5-aaf8-5893b4f73052, findElement {using=xpath, value=(//a[contains(text(),&apos;View Product&apos;)])[1]}]
Capabilities {acceptInsecureCerts: true, browserName: firefox, browserVersion: 112.0.2, moz:accessibilityChecks: false, moz:buildID: 20230424110519, moz:debuggerAddress: 127.0.0.1:43157, moz:geckodriverVersion: 0.33.0, moz:headless: false, moz:platformVersion: 21.6.0, moz:processID: 89119, moz:profile: /var/folders/6t/2wrb61y14lb..., moz:shutdownTimeout: 60000, moz:useNonSpecCompliantPointerOrigin: false, moz:webdriverClick: true, moz:windowless: false, pageLoadStrategy: normal, platformName: MAC, proxy: Proxy(), se:cdp: ws://127.0.0.1:43157/devtoo..., se:cdpVersion: 85.0, setWindowRect: true, strictFileInteractability: false, timeouts: {implicit: 0, pageLoad: 300000, script: 30000}, unhandledPromptBehavior: dismiss and notify}
Session ID: 1a3f1907-622a-44f5-aaf8-5893b4f73052
	at org.openqa.selenium.remote.codec.w3c.W3CHttpResponseCodec.createException(W3CHttpResponseCodec.java:200)
	at org.openqa.selenium.remote.codec.w3c.W3CHttpResponseCodec.decode(W3CHttpResponseCodec.java:133)
	at org.openqa.selenium.remote.codec.w3c.W3CHttpResponseCodec.decode(W3CHttpResponseCodec.java:53)
	at org.openqa.selenium.remote.HttpCommandExecutor.execute(HttpCommandExecutor.java:184)
	at org.openqa.selenium.remote.service.DriverCommandExecutor.invokeExecute(DriverCommandExecutor.java:167)
	at org.openqa.selenium.remote.service.DriverCommandExecutor.execute(DriverCommandExecutor.java:142)
	at org.openqa.selenium.remote.RemoteWebDriver.execute(RemoteWebDriver.java:543)
	at org.openqa.selenium.remote.ElementLocation$ElementFinder$2.findElement(ElementLocation.java:162)
	at org.openqa.selenium.remote.ElementLocation.findElement(ElementLocation.java:60)
	at org.openqa.selenium.remote.RemoteWebDriver.findElement(RemoteWebDriver.java:352)
	at org.openqa.selenium.remote.RemoteWebDriver.findElement(RemoteWebDriver.java:344)
	at org.openqa.selenium.support.events.EventFiringWebDriver.lambda$new$1(EventFiringWebDriver.java:106)
	at jdk.proxy2/jdk.proxy2.$Proxy13.findElement(Unknown Source)
	at org.openqa.selenium.support.events.EventFiringWebDriver.findElement(EventFiringWebDriver.java:195)
	at org.openqa.selenium.support.pagefactory.DefaultElementLocator.findElement(DefaultElementLocator.java:70)
	at org.openqa.selenium.support.pagefactory.internal.LocatingElementHandler.invoke(LocatingElementHandler.java:39)
	at jdk.proxy2/jdk.proxy2.$Proxy17.isDisplayed(Unknown Source)
	at org.openqa.selenium.support.ui.ExpectedConditions.elementIfVisible(ExpectedConditions.java:307)
	at org.openqa.selenium.support.ui.ExpectedConditions.access$000(ExpectedConditions.java:40)
	at org.openqa.selenium.support.ui.ExpectedConditions$10.apply(ExpectedConditions.java:293)
	at org.openqa.selenium.support.ui.ExpectedConditions$10.apply(ExpectedConditions.java:290)
	at org.openqa.selenium.support.ui.FluentWait.until(FluentWait.java:208)
	... 35 more
... Removed 41 stack frames
</div> <!-- stack-trace -->
                </div> <!-- method-content -->
              </div> <!-- method -->
              <div class="method">
                <div class="method-content">
                  <a name="validateReviewAboutProduct">
                  </a> <!-- validateReviewAboutProduct -->
                  <span class="method-name">validateReviewAboutProduct</span>
                  <div class="stack-trace">java.lang.NullPointerException: Cannot invoke &quot;com.ae.qa.pages.ProductDetailsPage.fillReviewAboutProduct(String, String, String)&quot; because &quot;this.productDetailsPageObj&quot; is null
	at com.ae.qa.testcases.ProductsPageTest.validateReviewAboutProduct(ProductsPageTest.java:52)
	at java.base/java.util.ArrayList.forEach(ArrayList.java:1511)
... Removed 32 stack frames
</div> <!-- stack-trace -->
                </div> <!-- method-content -->
              </div> <!-- method -->
            </div> <!-- main-panel-content rounded-window-bottom -->
          </div> <!-- suite-Surefire_suite-class-failed -->
          <div class="suite-Surefire_suite-class-passed">
            <div class="main-panel-header rounded-window-top">
              <img src="passed.png"/>
              <span class="class-name">com.ae.qa.testcases.WelcomePageTest</span>
            </div> <!-- main-panel-header rounded-window-top -->
            <div class="main-panel-content rounded-window-bottom">
              <div class="method">
                <div class="method-content">
                  <a name="validateScrollUpWithoutArrow">
                  </a> <!-- validateScrollUpWithoutArrow -->
                  <span class="method-name">validateScrollUpWithoutArrow</span>
                </div> <!-- method-content -->
              </div> <!-- method -->
              <div class="method">
                <div class="method-content">
                  <a name="validateScrolldownGetSubscriptionH2">
                  </a> <!-- validateScrolldownGetSubscriptionH2 -->
                  <span class="method-name">validateScrolldownGetSubscriptionH2</span>
                </div> <!-- method-content -->
              </div> <!-- method -->
              <div class="method">
                <div class="method-content">
                  <a name="validateSubscription">
                  </a> <!-- validateSubscription -->
                  <span class="method-name">validateSubscription</span>
                </div> <!-- method-content -->
              </div> <!-- method -->
              <div class="method">
                <div class="method-content">
                  <a name="validateWelcomePageTitle">
                  </a> <!-- validateWelcomePageTitle -->
                  <span class="method-name">validateWelcomePageTitle</span>
                </div> <!-- method-content -->
              </div> <!-- method -->
            </div> <!-- main-panel-content rounded-window-bottom -->
          </div> <!-- suite-Surefire_suite-class-passed -->
          <div class="suite-Surefire_suite-class-passed">
            <div class="main-panel-header rounded-window-top">
              <img src="passed.png"/>
              <span class="class-name">com.ae.qa.testcases.SignUpExsitingUserTest</span>
            </div> <!-- main-panel-header rounded-window-top -->
            <div class="main-panel-content rounded-window-bottom">
              <div class="method">
                <div class="method-content">
                  <a name="validateWelcomePageTitle">
                  </a> <!-- validateWelcomePageTitle -->
                  <span class="method-name">validateWelcomePageTitle</span>
                </div> <!-- method-content -->
              </div> <!-- method -->
            </div> <!-- main-panel-content rounded-window-bottom -->
          </div> <!-- suite-Surefire_suite-class-passed -->
          <div class="suite-Surefire_suite-class-passed">
            <div class="main-panel-header rounded-window-top">
              <img src="passed.png"/>
              <span class="class-name">com.ae.qa.testcases.SearchProductsPageTest</span>
            </div> <!-- main-panel-header rounded-window-top -->
            <div class="main-panel-content rounded-window-bottom">
              <div class="method">
                <div class="method-content">
                  <a name="validateProductsLink">
                  </a> <!-- validateProductsLink -->
                  <span class="method-name">validateProductsLink</span>
                </div> <!-- method-content -->
              </div> <!-- method -->
              <div class="method">
                <div class="method-content">
                  <a name="validateSearchProductField">
                  </a> <!-- validateSearchProductField -->
                  <span class="method-name">validateSearchProductField</span>
                </div> <!-- method-content -->
              </div> <!-- method -->
              <div class="method">
                <div class="method-content">
                  <a name="validateSearchedProductsVisibility">
                  </a> <!-- validateSearchedProductsVisibility -->
                  <span class="method-name">validateSearchedProductsVisibility</span>
                </div> <!-- method-content -->
              </div> <!-- method -->
              <div class="method">
                <div class="method-content">
                  <a name="validateWelcomePageTitle">
                  </a> <!-- validateWelcomePageTitle -->
                  <span class="method-name">validateWelcomePageTitle</span>
                </div> <!-- method-content -->
              </div> <!-- method -->
            </div> <!-- main-panel-content rounded-window-bottom -->
          </div> <!-- suite-Surefire_suite-class-passed -->
          <div class="suite-Surefire_suite-class-passed">
            <div class="main-panel-header rounded-window-top">
              <img src="passed.png"/>
              <span class="class-name">com.ae.qa.testcases.CartPageTest</span>
            </div> <!-- main-panel-header rounded-window-top -->
            <div class="main-panel-content rounded-window-bottom">
              <div class="method">
                <div class="method-content">
                  <a name="validateCartPageTitle">
                  </a> <!-- validateCartPageTitle -->
                  <span class="method-name">validateCartPageTitle</span>
                </div> <!-- method-content -->
              </div> <!-- method -->
              <div class="method">
                <div class="method-content">
                  <a name="validateCartSubscription">
                  </a> <!-- validateCartSubscription -->
                  <span class="method-name">validateCartSubscription</span>
                </div> <!-- method-content -->
              </div> <!-- method -->
              <div class="method">
                <div class="method-content">
                  <a name="validateScrollDownGetSubscriptionH2">
                  </a> <!-- validateScrollDownGetSubscriptionH2 -->
                  <span class="method-name">validateScrollDownGetSubscriptionH2</span>
                </div> <!-- method-content -->
              </div> <!-- method -->
              <div class="method">
                <div class="method-content">
                  <a name="validateWelcomePageTitle">
                  </a> <!-- validateWelcomePageTitle -->
                  <span class="method-name">validateWelcomePageTitle</span>
                </div> <!-- method-content -->
              </div> <!-- method -->
            </div> <!-- main-panel-content rounded-window-bottom -->
          </div> <!-- suite-Surefire_suite-class-passed -->
          <div class="suite-Surefire_suite-class-passed">
            <div class="main-panel-header rounded-window-top">
              <img src="passed.png"/>
              <span class="class-name">com.ae.qa.testcases.LoginBeforeCheckoutTest</span>
            </div> <!-- main-panel-header rounded-window-top -->
            <div class="main-panel-content rounded-window-bottom">
              <div class="method">
                <div class="method-content">
                  <a name="validateAddToCartInProductPage">
                  </a> <!-- validateAddToCartInProductPage -->
                  <span class="method-name">validateAddToCartInProductPage</span>
                </div> <!-- method-content -->
              </div> <!-- method -->
              <div class="method">
                <div class="method-content">
                  <a name="validateProductsLink">
                  </a> <!-- validateProductsLink -->
                  <span class="method-name">validateProductsLink</span>
                </div> <!-- method-content -->
              </div> <!-- method -->
              <div class="method">
                <div class="method-content">
                  <a name="validateWelcomePageTitle">
                  </a> <!-- validateWelcomePageTitle -->
                  <span class="method-name">validateWelcomePageTitle</span>
                </div> <!-- method-content -->
              </div> <!-- method -->
            </div> <!-- main-panel-content rounded-window-bottom -->
          </div> <!-- suite-Surefire_suite-class-passed -->
          <div class="suite-Surefire_suite-class-passed">
            <div class="main-panel-header rounded-window-top">
              <img src="passed.png"/>
              <span class="class-name">com.ae.qa.testcases.TestCasesPageTest</span>
            </div> <!-- main-panel-header rounded-window-top -->
            <div class="main-panel-content rounded-window-bottom">
              <div class="method">
                <div class="method-content">
                  <a name="validateTestCasesHeading">
                  </a> <!-- validateTestCasesHeading -->
                  <span class="method-name">validateTestCasesHeading</span>
                </div> <!-- method-content -->
              </div> <!-- method -->
              <div class="method">
                <div class="method-content">
                  <a name="validateTestCasesLink">
                  </a> <!-- validateTestCasesLink -->
                  <span class="method-name">validateTestCasesLink</span>
                </div> <!-- method-content -->
              </div> <!-- method -->
              <div class="method">
                <div class="method-content">
                  <a name="validateWelcomePageTitle">
                  </a> <!-- validateWelcomePageTitle -->
                  <span class="method-name">validateWelcomePageTitle</span>
                </div> <!-- method-content -->
              </div> <!-- method -->
            </div> <!-- main-panel-content rounded-window-bottom -->
          </div> <!-- suite-Surefire_suite-class-passed -->
          <div class="suite-Surefire_suite-class-passed">
            <div class="main-panel-header rounded-window-top">
              <img src="passed.png"/>
              <span class="class-name">com.ae.qa.testcases.ContactUsPageTest</span>
            </div> <!-- main-panel-header rounded-window-top -->
            <div class="main-panel-content rounded-window-bottom">
              <div class="method">
                <div class="method-content">
                  <a name="validateContactUsH2">
                  </a> <!-- validateContactUsH2 -->
                  <span class="method-name">validateContactUsH2</span>
                </div> <!-- method-content -->
              </div> <!-- method -->
              <div class="method">
                <div class="method-content">
                  <a name="validateContactUsLink">
                  </a> <!-- validateContactUsLink -->
                  <span class="method-name">validateContactUsLink</span>
                </div> <!-- method-content -->
              </div> <!-- method -->
              <div class="method">
                <div class="method-content">
                  <a name="validateWelcomePageTitle">
                  </a> <!-- validateWelcomePageTitle -->
                  <span class="method-name">validateWelcomePageTitle</span>
                </div> <!-- method-content -->
              </div> <!-- method -->
            </div> <!-- main-panel-content rounded-window-bottom -->
          </div> <!-- suite-Surefire_suite-class-passed -->
          <div class="suite-Surefire_suite-class-passed">
            <div class="main-panel-header rounded-window-top">
              <img src="passed.png"/>
              <span class="class-name">com.ae.qa.testcases.RegisterBeforeCheckOutTest</span>
            </div> <!-- main-panel-header rounded-window-top -->
            <div class="main-panel-content rounded-window-bottom">
              <div class="method">
                <div class="method-content">
                  <a name="validateDeleteAccount">
                  </a> <!-- validateDeleteAccount -->
                  <span class="method-name">validateDeleteAccount</span>
                </div> <!-- method-content -->
              </div> <!-- method -->
              <div class="method">
                <div class="method-content">
                  <a name="validateLoggedInUserName">
                  </a> <!-- validateLoggedInUserName -->
                  <span class="method-name">validateLoggedInUserName</span>
                </div> <!-- method-content -->
              </div> <!-- method -->
              <div class="method">
                <div class="method-content">
                  <a name="validateProductsLink">
                  </a> <!-- validateProductsLink -->
                  <span class="method-name">validateProductsLink</span>
                </div> <!-- method-content -->
              </div> <!-- method -->
              <div class="method">
                <div class="method-content">
                  <a name="validateSignUp">
                  </a> <!-- validateSignUp -->
                  <span class="method-name">validateSignUp</span>
                </div> <!-- method-content -->
              </div> <!-- method -->
              <div class="method">
                <div class="method-content">
                  <a name="validateSignUpAccountInfoH2">
                  </a> <!-- validateSignUpAccountInfoH2 -->
                  <span class="method-name">validateSignUpAccountInfoH2</span>
                </div> <!-- method-content -->
              </div> <!-- method -->
              <div class="method">
                <div class="method-content">
                  <a name="validateSignUpH2">
                  </a> <!-- validateSignUpH2 -->
                  <span class="method-name">validateSignUpH2</span>
                </div> <!-- method-content -->
              </div> <!-- method -->
              <div class="method">
                <div class="method-content">
                  <a name="validateSignUpNewUser">
                  </a> <!-- validateSignUpNewUser -->
                  <span class="method-name">validateSignUpNewUser</span>
                </div> <!-- method-content -->
              </div> <!-- method -->
              <div class="method">
                <div class="method-content">
                  <a name="validateWelcomePageTitle">
                  </a> <!-- validateWelcomePageTitle -->
                  <span class="method-name">validateWelcomePageTitle</span>
                </div> <!-- method-content -->
              </div> <!-- method -->
            </div> <!-- main-panel-content rounded-window-bottom -->
          </div> <!-- suite-Surefire_suite-class-passed -->
          <div class="suite-Surefire_suite-class-passed">
            <div class="main-panel-header rounded-window-top">
              <img src="passed.png"/>
              <span class="class-name">com.ae.qa.testcases.RegisterWhileCheckOutTest</span>
            </div> <!-- main-panel-header rounded-window-top -->
            <div class="main-panel-content rounded-window-bottom">
              <div class="method">
                <div class="method-content">
                  <a name="validateAddToCartInProductPage">
                  </a> <!-- validateAddToCartInProductPage -->
                  <span class="method-name">validateAddToCartInProductPage</span>
                </div> <!-- method-content -->
              </div> <!-- method -->
              <div class="method">
                <div class="method-content">
                  <a name="validateAddressVisibility">
                  </a> <!-- validateAddressVisibility -->
                  <span class="method-name">validateAddressVisibility</span>
                </div> <!-- method-content -->
              </div> <!-- method -->
              <div class="method">
                <div class="method-content">
                  <a name="validateBillingyAddress">
                  </a> <!-- validateBillingyAddress -->
                  <span class="method-name">validateBillingyAddress</span>
                </div> <!-- method-content -->
              </div> <!-- method -->
              <div class="method">
                <div class="method-content">
                  <a name="validateDeleteAccount">
                  </a> <!-- validateDeleteAccount -->
                  <span class="method-name">validateDeleteAccount</span>
                </div> <!-- method-content -->
              </div> <!-- method -->
              <div class="method">
                <div class="method-content">
                  <a name="validateDeliveryAddress">
                  </a> <!-- validateDeliveryAddress -->
                  <span class="method-name">validateDeliveryAddress</span>
                </div> <!-- method-content -->
              </div> <!-- method -->
              <div class="method">
                <div class="method-content">
                  <a name="validateLoggedInUserName">
                  </a> <!-- validateLoggedInUserName -->
                  <span class="method-name">validateLoggedInUserName</span>
                </div> <!-- method-content -->
              </div> <!-- method -->
              <div class="method">
                <div class="method-content">
                  <a name="validateOrderVisibility">
                  </a> <!-- validateOrderVisibility -->
                  <span class="method-name">validateOrderVisibility</span>
                </div> <!-- method-content -->
              </div> <!-- method -->
              <div class="method">
                <div class="method-content">
                  <a name="validatePlaceOrder">
                  </a> <!-- validatePlaceOrder -->
                  <span class="method-name">validatePlaceOrder</span>
                </div> <!-- method-content -->
              </div> <!-- method -->
              <div class="method">
                <div class="method-content">
                  <a name="validateProceedCheckout">
                  </a> <!-- validateProceedCheckout -->
                  <span class="method-name">validateProceedCheckout</span>
                </div> <!-- method-content -->
              </div> <!-- method -->
              <div class="method">
                <div class="method-content">
                  <a name="validateProductsLink">
                  </a> <!-- validateProductsLink -->
                  <span class="method-name">validateProductsLink</span>
                </div> <!-- method-content -->
              </div> <!-- method -->
              <div class="method">
                <div class="method-content">
                  <a name="validateSignUp">
                  </a> <!-- validateSignUp -->
                  <span class="method-name">validateSignUp</span>
                </div> <!-- method-content -->
              </div> <!-- method -->
              <div class="method">
                <div class="method-content">
                  <a name="validateSignUpNewUser">
                  </a> <!-- validateSignUpNewUser -->
                  <span class="method-name">validateSignUpNewUser</span>
                </div> <!-- method-content -->
              </div> <!-- method -->
              <div class="method">
                <div class="method-content">
                  <a name="validateWelcomePageTitle">
                  </a> <!-- validateWelcomePageTitle -->
                  <span class="method-name">validateWelcomePageTitle</span>
                </div> <!-- method-content -->
              </div> <!-- method -->
            </div> <!-- main-panel-content rounded-window-bottom -->
          </div> <!-- suite-Surefire_suite-class-passed -->
          <div class="suite-Surefire_suite-class-passed">
            <div class="main-panel-header rounded-window-top">
              <img src="passed.png"/>
              <span class="class-name">com.ae.qa.testcases.UserHomePageTest</span>
            </div> <!-- main-panel-header rounded-window-top -->
            <div class="main-panel-content rounded-window-bottom">
              <div class="method">
                <div class="method-content">
                  <a name="validateLoginInfoH2">
                  </a> <!-- validateLoginInfoH2 -->
                  <span class="method-name">validateLoginInfoH2</span>
                </div> <!-- method-content -->
              </div> <!-- method -->
              <div class="method">
                <div class="method-content">
                  <a name="validateLoginLink">
                  </a> <!-- validateLoginLink -->
                  <span class="method-name">validateLoginLink</span>
                </div> <!-- method-content -->
              </div> <!-- method -->
              <div class="method">
                <div class="method-content">
                  <a name="validateLoginWithValidData">
                  </a> <!-- validateLoginWithValidData -->
                  <span class="method-name">validateLoginWithValidData</span>
                </div> <!-- method-content -->
              </div> <!-- method -->
              <div class="method">
                <div class="method-content">
                  <a name="validateWelcomePageTitle">
                  </a> <!-- validateWelcomePageTitle -->
                  <span class="method-name">validateWelcomePageTitle</span>
                </div> <!-- method-content -->
              </div> <!-- method -->
              <div class="method">
                <div class="method-content">
                  <a name="verifyLoginPageTitle">
                  </a> <!-- verifyLoginPageTitle -->
                  <span class="method-name">verifyLoginPageTitle</span>
                </div> <!-- method-content -->
              </div> <!-- method -->
            </div> <!-- main-panel-content rounded-window-bottom -->
          </div> <!-- suite-Surefire_suite-class-passed -->
          <div class="suite-Surefire_suite-class-passed">
            <div class="main-panel-header rounded-window-top">
              <img src="passed.png"/>
              <span class="class-name">com.ae.qa.testcases.SignUpPageTest</span>
            </div> <!-- main-panel-header rounded-window-top -->
            <div class="main-panel-content rounded-window-bottom">
              <div class="method">
                <div class="method-content">
                  <a name="validateSignUpH2">
                  </a> <!-- validateSignUpH2 -->
                  <span class="method-name">validateSignUpH2</span>
                </div> <!-- method-content -->
              </div> <!-- method -->
              <div class="method">
                <div class="method-content">
                  <a name="validateWelcomePageTitle">
                  </a> <!-- validateWelcomePageTitle -->
                  <span class="method-name">validateWelcomePageTitle</span>
                </div> <!-- method-content -->
              </div> <!-- method -->
            </div> <!-- main-panel-content rounded-window-bottom -->
          </div> <!-- suite-Surefire_suite-class-passed -->
          <div class="suite-Surefire_suite-class-passed">
            <div class="main-panel-header rounded-window-top">
              <img src="passed.png"/>
              <span class="class-name">com.ae.qa.testcases.LoginPageTest</span>
            </div> <!-- main-panel-header rounded-window-top -->
            <div class="main-panel-content rounded-window-bottom">
              <div class="method">
                <div class="method-content">
                  <a name="validateLoginH2">
                  </a> <!-- validateLoginH2 -->
                  <span class="method-name">validateLoginH2</span>
                </div> <!-- method-content -->
              </div> <!-- method -->
              <div class="method">
                <div class="method-content">
                  <a name="validateLoginWithInValidDetails">
                  </a> <!-- validateLoginWithInValidDetails -->
                  <span class="method-name">validateLoginWithInValidDetails</span>
                </div> <!-- method-content -->
              </div> <!-- method -->
              <div class="method">
                <div class="method-content">
                  <a name="validateWelcomePageTitle">
                  </a> <!-- validateWelcomePageTitle -->
                  <span class="method-name">validateWelcomePageTitle</span>
                </div> <!-- method-content -->
              </div> <!-- method -->
            </div> <!-- main-panel-content rounded-window-bottom -->
          </div> <!-- suite-Surefire_suite-class-passed -->
          <div class="suite-Surefire_suite-class-passed">
            <div class="main-panel-header rounded-window-top">
              <img src="passed.png"/>
              <span class="class-name">com.ae.qa.testcases.ProductsPageTest</span>
            </div> <!-- main-panel-header rounded-window-top -->
            <div class="main-panel-content rounded-window-bottom">
              <div class="method">
                <div class="method-content">
                  <a name="validateAddToCartInProductPage">
                  </a> <!-- validateAddToCartInProductPage -->
                  <span class="method-name">validateAddToCartInProductPage</span>
                </div> <!-- method-content -->
              </div> <!-- method -->
              <div class="method">
                <div class="method-content">
                  <a name="validateProductsLink">
                  </a> <!-- validateProductsLink -->
                  <span class="method-name">validateProductsLink</span>
                </div> <!-- method-content -->
              </div> <!-- method -->
              <div class="method">
                <div class="method-content">
                  <a name="validateWelcomePageTitle">
                  </a> <!-- validateWelcomePageTitle -->
                  <span class="method-name">validateWelcomePageTitle</span>
                </div> <!-- method-content -->
              </div> <!-- method -->
            </div> <!-- main-panel-content rounded-window-bottom -->
          </div> <!-- suite-Surefire_suite-class-passed -->
        </div> <!-- panel Surefire_suite -->
        <div panel-name="test-xml-Surefire_suite" class="panel">
          <div class="main-panel-header rounded-window-top">
          </div> <!-- main-panel-header rounded-window-top -->
          <div class="main-panel-content rounded-window-bottom">
            <pre>
&lt;?xml version=&quot;1.0&quot; encoding=&quot;UTF-8&quot;?&gt;
&lt;!DOCTYPE suite SYSTEM &quot;https://testng.org/testng-1.0.dtd&quot;&gt;
&lt;suite name=&quot;Surefire suite&quot; verbose=&quot;0&quot;&gt;
  &lt;test thread-count=&quot;5&quot; name=&quot;Surefire test&quot; verbose=&quot;0&quot;&gt;
    &lt;classes&gt;
      &lt;class name=&quot;com.ae.qa.testcases.CartPageTest&quot;/&gt;
      &lt;class name=&quot;com.ae.qa.testcases.ProductsPageTest&quot;/&gt;
      &lt;class name=&quot;com.ae.qa.testcases.SearchProductsPageTest&quot;/&gt;
      &lt;class name=&quot;com.ae.qa.testcases.TestCasesPageTest&quot;/&gt;
      &lt;class name=&quot;com.ae.qa.testcases.SignUpPageTest&quot;/&gt;
      &lt;class name=&quot;com.ae.qa.testcases.RegisterWhileCheckOutTest&quot;/&gt;
      &lt;class name=&quot;com.ae.qa.testcases.SignUpExsitingUserTest&quot;/&gt;
      &lt;class name=&quot;com.ae.qa.testcases.LoginBeforeCheckoutTest&quot;/&gt;
      &lt;class name=&quot;com.ae.qa.testcases.ContactUsPageTest&quot;/&gt;
      &lt;class name=&quot;com.ae.qa.testcases.RegisterBeforeCheckOutTest&quot;/&gt;
      &lt;class name=&quot;com.ae.qa.testcases.UserHomePageTest&quot;/&gt;
      &lt;class name=&quot;com.ae.qa.testcases.LoginPageTest&quot;/&gt;
      &lt;class name=&quot;com.ae.qa.testcases.WelcomePageTest&quot;/&gt;
    &lt;/classes&gt;
  &lt;/test&gt; &lt;!-- Surefire test --&gt;
&lt;/suite&gt; &lt;!-- Surefire suite --&gt;
            </pre>
          </div> <!-- main-panel-content rounded-window-bottom -->
        </div> <!-- panel -->
        <div panel-name="testlist-Surefire_suite" class="panel">
          <div class="main-panel-header rounded-window-top">
            <span class="header-content">Tests for Surefire suite</span>
          </div> <!-- main-panel-header rounded-window-top -->
          <div class="main-panel-content rounded-window-bottom">
            <ul>
              <li>
                <span class="test-name">Surefire test (13 classes)</span>
              </li>
            </ul>
          </div> <!-- main-panel-content rounded-window-bottom -->
        </div> <!-- panel -->
        <div panel-name="group-Surefire_suite" class="panel">
          <div class="main-panel-header rounded-window-top">
            <span class="header-content">Groups for Surefire suite</span>
          </div> <!-- main-panel-header rounded-window-top -->
          <div class="main-panel-content rounded-window-bottom">
          </div> <!-- main-panel-content rounded-window-bottom -->
        </div> <!-- panel -->
        <div panel-name="times-Surefire_suite" class="panel">
          <div class="main-panel-header rounded-window-top">
            <span class="header-content">Times for Surefire suite</span>
          </div> <!-- main-panel-header rounded-window-top -->
          <div class="main-panel-content rounded-window-bottom">
            <div class="times-div">
              <script type="text/javascript">
suiteTableInitFunctions.push('tableData_Surefire_suite');
function tableData_Surefire_suite() {
var data = new google.visualization.DataTable();
data.addColumn('number', 'Number');
data.addColumn('string', 'Method');
data.addColumn('string', 'Class');
data.addColumn('number', 'Time (ms)');
data.addRows(93);
data.setCell(0, 0, 0)
data.setCell(0, 1, 'validateLoginWithValidDetails')
data.setCell(0, 2, 'com.ae.qa.testcases.LoginBeforeCheckoutTest')
data.setCell(0, 3, 21426);
data.setCell(1, 0, 1)
data.setCell(1, 1, 'validateLoginWithValidDetails')
data.setCell(1, 2, 'com.ae.qa.testcases.LoginPageTest')
data.setCell(1, 3, 20559);
data.setCell(2, 0, 2)
data.setCell(2, 1, 'validateProductsDetailsNavigation')
data.setCell(2, 2, 'com.ae.qa.testcases.ProductsPageTest')
data.setCell(2, 3, 20042);
data.setCell(3, 0, 3)
data.setCell(3, 1, 'validateLoggedInUserName')
data.setCell(3, 2, 'com.ae.qa.testcases.UserHomePageTest')
data.setCell(3, 3, 20035);
data.setCell(4, 0, 4)
data.setCell(4, 1, 'validateLoggedInUserName')
data.setCell(4, 2, 'com.ae.qa.testcases.RegisterBeforeCheckOutTest')
data.setCell(4, 3, 10610);
data.setCell(5, 0, 5)
data.setCell(5, 1, 'validateAddToCartInProductPage')
data.setCell(5, 2, 'com.ae.qa.testcases.RegisterBeforeCheckOutTest')
data.setCell(5, 3, 10590);
data.setCell(6, 0, 6)
data.setCell(6, 1, 'validateDeletedAccount')
data.setCell(6, 2, 'com.ae.qa.testcases.LoginPageTest')
data.setCell(6, 3, 10026);
data.setCell(7, 0, 7)
data.setCell(7, 1, 'validateDownloadInvoice')
data.setCell(7, 2, 'com.ae.qa.testcases.RegisterBeforeCheckOutTest')
data.setCell(7, 3, 10018);
data.setCell(8, 0, 8)
data.setCell(8, 1, 'validateSignUpNewUser')
data.setCell(8, 2, 'com.ae.qa.testcases.SignUpPageTest')
data.setCell(8, 3, 10018);
data.setCell(9, 0, 9)
data.setCell(9, 1, 'validatePlaceOrder')
data.setCell(9, 2, 'com.ae.qa.testcases.LoginBeforeCheckoutTest')
data.setCell(9, 3, 10018);
data.setCell(10, 0, 10)
data.setCell(10, 1, 'validateLogoutButton')
data.setCell(10, 2, 'com.ae.qa.testcases.UserHomePageTest')
data.setCell(10, 3, 10016);
data.setCell(11, 0, 11)
data.setCell(11, 1, 'validateOrderVisibility')
data.setCell(11, 2, 'com.ae.qa.testcases.LoginBeforeCheckoutTest')
data.setCell(11, 3, 10016);
data.setCell(12, 0, 12)
data.setCell(12, 1, 'validateAddressVisibility')
data.setCell(12, 2, 'com.ae.qa.testcases.LoginBeforeCheckoutTest')
data.setCell(12, 3, 10014);
data.setCell(13, 0, 13)
data.setCell(13, 1, 'validateDeleteAccount')
data.setCell(13, 2, 'com.ae.qa.testcases.LoginBeforeCheckoutTest')
data.setCell(13, 3, 10013);
data.setCell(14, 0, 14)
data.setCell(14, 1, 'validateLoggedInUserName')
data.setCell(14, 2, 'com.ae.qa.testcases.RegisterWhileCheckOutTest')
data.setCell(14, 3, 7353);
data.setCell(15, 0, 15)
data.setCell(15, 1, 'validateProductsLink')
data.setCell(15, 2, 'com.ae.qa.testcases.SearchProductsPageTest')
data.setCell(15, 3, 6112);
data.setCell(16, 0, 16)
data.setCell(16, 1, 'validateSignUp')
data.setCell(16, 2, 'com.ae.qa.testcases.RegisterBeforeCheckOutTest')
data.setCell(16, 3, 5120);
data.setCell(17, 0, 17)
data.setCell(17, 1, 'validateSignUp')
data.setCell(17, 2, 'com.ae.qa.testcases.RegisterWhileCheckOutTest')
data.setCell(17, 3, 4945);
data.setCell(18, 0, 18)
data.setCell(18, 1, 'validateSearchProductField')
data.setCell(18, 2, 'com.ae.qa.testcases.SearchProductsPageTest')
data.setCell(18, 3, 4339);
data.setCell(19, 0, 19)
data.setCell(19, 1, 'validateProductsLink')
data.setCell(19, 2, 'com.ae.qa.testcases.RegisterBeforeCheckOutTest')
data.setCell(19, 3, 4008);
data.setCell(20, 0, 20)
data.setCell(20, 1, 'validatePlaceOrder')
data.setCell(20, 2, 'com.ae.qa.testcases.RegisterWhileCheckOutTest')
data.setCell(20, 3, 3948);
data.setCell(21, 0, 21)
data.setCell(21, 1, 'validateProceedCheckout')
data.setCell(21, 2, 'com.ae.qa.testcases.RegisterWhileCheckOutTest')
data.setCell(21, 3, 3665);
data.setCell(22, 0, 22)
data.setCell(22, 1, 'validateProductsLink')
data.setCell(22, 2, 'com.ae.qa.testcases.LoginBeforeCheckoutTest')
data.setCell(22, 3, 3362);
data.setCell(23, 0, 23)
data.setCell(23, 1, 'validateProductsLink')
data.setCell(23, 2, 'com.ae.qa.testcases.ProductsPageTest')
data.setCell(23, 3, 3105);
data.setCell(24, 0, 24)
data.setCell(24, 1, 'validateProductsLink')
data.setCell(24, 2, 'com.ae.qa.testcases.RegisterWhileCheckOutTest')
data.setCell(24, 3, 2406);
data.setCell(25, 0, 25)
data.setCell(25, 1, 'validateAddToCartInProductPage')
data.setCell(25, 2, 'com.ae.qa.testcases.RegisterWhileCheckOutTest')
data.setCell(25, 3, 2144);
data.setCell(26, 0, 26)
data.setCell(26, 1, 'validateAddToCartInProductPage')
data.setCell(26, 2, 'com.ae.qa.testcases.LoginBeforeCheckoutTest')
data.setCell(26, 3, 2032);
data.setCell(27, 0, 27)
data.setCell(27, 1, 'validateAddToCartInProductPage')
data.setCell(27, 2, 'com.ae.qa.testcases.ProductsPageTest')
data.setCell(27, 3, 1590);
data.setCell(28, 0, 28)
data.setCell(28, 1, 'validateLoginLink')
data.setCell(28, 2, 'com.ae.qa.testcases.UserHomePageTest')
data.setCell(28, 3, 1151);
data.setCell(29, 0, 29)
data.setCell(29, 1, 'validateSignUpExistingUser')
data.setCell(29, 2, 'com.ae.qa.testcases.SignUpPageTest')
data.setCell(29, 3, 1114);
data.setCell(30, 0, 30)
data.setCell(30, 1, 'validateDeleteAccount')
data.setCell(30, 2, 'com.ae.qa.testcases.RegisterBeforeCheckOutTest')
data.setCell(30, 3, 997);
data.setCell(31, 0, 31)
data.setCell(31, 1, 'validateContactUsLink')
data.setCell(31, 2, 'com.ae.qa.testcases.ContactUsPageTest')
data.setCell(31, 3, 973);
data.setCell(32, 0, 32)
data.setCell(32, 1, 'validateCartSubscription')
data.setCell(32, 2, 'com.ae.qa.testcases.CartPageTest')
data.setCell(32, 3, 959);
data.setCell(33, 0, 33)
data.setCell(33, 1, 'validateTestCasesLink')
data.setCell(33, 2, 'com.ae.qa.testcases.TestCasesPageTest')
data.setCell(33, 3, 952);
data.setCell(34, 0, 34)
data.setCell(34, 1, 'validateDeleteAccount')
data.setCell(34, 2, 'com.ae.qa.testcases.RegisterWhileCheckOutTest')
data.setCell(34, 3, 778);
data.setCell(35, 0, 35)
data.setCell(35, 1, 'validateContactusForm')
data.setCell(35, 2, 'com.ae.qa.testcases.ContactUsPageTest')
data.setCell(35, 3, 753);
data.setCell(36, 0, 36)
data.setCell(36, 1, 'validateSignUpNewUser')
data.setCell(36, 2, 'com.ae.qa.testcases.RegisterWhileCheckOutTest')
data.setCell(36, 3, 701);
data.setCell(37, 0, 37)
data.setCell(37, 1, 'validateSubscription')
data.setCell(37, 2, 'com.ae.qa.testcases.WelcomePageTest')
data.setCell(37, 3, 691);
data.setCell(38, 0, 38)
data.setCell(38, 1, 'validateLoginWithValidData')
data.setCell(38, 2, 'com.ae.qa.testcases.UserHomePageTest')
data.setCell(38, 3, 663);
data.setCell(39, 0, 39)
data.setCell(39, 1, 'validateSignUpNewUser')
data.setCell(39, 2, 'com.ae.qa.testcases.RegisterBeforeCheckOutTest')
data.setCell(39, 3, 598);
data.setCell(40, 0, 40)
data.setCell(40, 1, 'validateLoginWithInValidDetails')
data.setCell(40, 2, 'com.ae.qa.testcases.LoginPageTest')
data.setCell(40, 3, 585);
data.setCell(41, 0, 41)
data.setCell(41, 1, 'validateDeleteFromCart')
data.setCell(41, 2, 'com.ae.qa.testcases.ProductsPageTest')
data.setCell(41, 3, 344);
data.setCell(42, 0, 42)
data.setCell(42, 1, 'validateScrollUpWithoutArrow')
data.setCell(42, 2, 'com.ae.qa.testcases.WelcomePageTest')
data.setCell(42, 3, 227);
data.setCell(43, 0, 43)
data.setCell(43, 1, 'validateSearchedProductsVisibility')
data.setCell(43, 2, 'com.ae.qa.testcases.SearchProductsPageTest')
data.setCell(43, 3, 167);
data.setCell(44, 0, 44)
data.setCell(44, 1, 'validateScrolldownGetSubscriptionH2')
data.setCell(44, 2, 'com.ae.qa.testcases.WelcomePageTest')
data.setCell(44, 3, 163);
data.setCell(45, 0, 45)
data.setCell(45, 1, 'validateTestCasesHeading')
data.setCell(45, 2, 'com.ae.qa.testcases.TestCasesPageTest')
data.setCell(45, 3, 43);
data.setCell(46, 0, 46)
data.setCell(46, 1, 'validateBillingyAddress')
data.setCell(46, 2, 'com.ae.qa.testcases.RegisterWhileCheckOutTest')
data.setCell(46, 3, 39);
data.setCell(47, 0, 47)
data.setCell(47, 1, 'validateContactUsH2')
data.setCell(47, 2, 'com.ae.qa.testcases.ContactUsPageTest')
data.setCell(47, 3, 39);
data.setCell(48, 0, 48)
data.setCell(48, 1, 'validateSignUpH2')
data.setCell(48, 2, 'com.ae.qa.testcases.RegisterBeforeCheckOutTest')
data.setCell(48, 3, 38);
data.setCell(49, 0, 49)
data.setCell(49, 1, 'validateScrollDownGetSubscriptionH2')
data.setCell(49, 2, 'com.ae.qa.testcases.CartPageTest')
data.setCell(49, 3, 38);
data.setCell(50, 0, 50)
data.setCell(50, 1, 'validateLoginInfoH2')
data.setCell(50, 2, 'com.ae.qa.testcases.UserHomePageTest')
data.setCell(50, 3, 38);
data.setCell(51, 0, 51)
data.setCell(51, 1, 'validateSignUpH2')
data.setCell(51, 2, 'com.ae.qa.testcases.SignUpPageTest')
data.setCell(51, 3, 37);
data.setCell(52, 0, 52)
data.setCell(52, 1, 'validateScrollUpWithArrow')
data.setCell(52, 2, 'com.ae.qa.testcases.WelcomePageTest')
data.setCell(52, 3, 37);
data.setCell(53, 0, 53)
data.setCell(53, 1, 'validateLoginH2')
data.setCell(53, 2, 'com.ae.qa.testcases.LoginPageTest')
data.setCell(53, 3, 35);
data.setCell(54, 0, 54)
data.setCell(54, 1, 'validateDeliveryAddress')
data.setCell(54, 2, 'com.ae.qa.testcases.RegisterWhileCheckOutTest')
data.setCell(54, 3, 28);
data.setCell(55, 0, 55)
data.setCell(55, 1, 'validateOrderVisibility')
data.setCell(55, 2, 'com.ae.qa.testcases.RegisterWhileCheckOutTest')
data.setCell(55, 3, 28);
data.setCell(56, 0, 56)
data.setCell(56, 1, 'validateAddressVisibility')
data.setCell(56, 2, 'com.ae.qa.testcases.RegisterWhileCheckOutTest')
data.setCell(56, 3, 24);
data.setCell(57, 0, 57)
data.setCell(57, 1, 'validateCartPageTitle')
data.setCell(57, 2, 'com.ae.qa.testcases.CartPageTest')
data.setCell(57, 3, 20);
data.setCell(58, 0, 58)
data.setCell(58, 1, 'validateSignUpAccountInfoH2')
data.setCell(58, 2, 'com.ae.qa.testcases.RegisterBeforeCheckOutTest')
data.setCell(58, 3, 17);
data.setCell(59, 0, 59)
data.setCell(59, 1, 'validateWelcomePageTitle')
data.setCell(59, 2, 'com.ae.qa.testcases.UserHomePageTest')
data.setCell(59, 3, 13);
data.setCell(60, 0, 60)
data.setCell(60, 1, 'validateWelcomePageTitle')
data.setCell(60, 2, 'com.ae.qa.testcases.TestCasesPageTest')
data.setCell(60, 3, 11);
data.setCell(61, 0, 61)
data.setCell(61, 1, 'validateWelcomePageTitle')
data.setCell(61, 2, 'com.ae.qa.testcases.ProductsPageTest')
data.setCell(61, 3, 10);
data.setCell(62, 0, 62)
data.setCell(62, 1, 'validateWelcomePageTitle')
data.setCell(62, 2, 'com.ae.qa.testcases.SignUpExsitingUserTest')
data.setCell(62, 3, 9);
data.setCell(63, 0, 63)
data.setCell(63, 1, 'validateWelcomePageTitle')
data.setCell(63, 2, 'com.ae.qa.testcases.LoginBeforeCheckoutTest')
data.setCell(63, 3, 6);
data.setCell(64, 0, 64)
data.setCell(64, 1, 'validateWelcomePageTitle')
data.setCell(64, 2, 'com.ae.qa.testcases.WelcomePageTest')
data.setCell(64, 3, 5);
data.setCell(65, 0, 65)
data.setCell(65, 1, 'validateSignUpAccountInfoH2')
data.setCell(65, 2, 'com.ae.qa.testcases.SignUpPageTest')
data.setCell(65, 3, 5);
data.setCell(66, 0, 66)
data.setCell(66, 1, 'validateWelcomePageTitle')
data.setCell(66, 2, 'com.ae.qa.testcases.SearchProductsPageTest')
data.setCell(66, 3, 4);
data.setCell(67, 0, 67)
data.setCell(67, 1, 'validateIncreaseQuantityInProductDetailsPage')
data.setCell(67, 2, 'com.ae.qa.testcases.ProductsPageTest')
data.setCell(67, 3, 4);
data.setCell(68, 0, 68)
data.setCell(68, 1, 'validateDeleteAccount')
data.setCell(68, 2, 'com.ae.qa.testcases.SignUpPageTest')
data.setCell(68, 3, 4);
data.setCell(69, 0, 69)
data.setCell(69, 1, 'validateContinueDeletedButton')
data.setCell(69, 2, 'com.ae.qa.testcases.SignUpPageTest')
data.setCell(69, 3, 4);
data.setCell(70, 0, 70)
data.setCell(70, 1, 'validateWelcomePageTitle')
data.setCell(70, 2, 'com.ae.qa.testcases.ContactUsPageTest')
data.setCell(70, 3, 3);
data.setCell(71, 0, 71)
data.setCell(71, 1, 'validateGetInTouchH2')
data.setCell(71, 2, 'com.ae.qa.testcases.ContactUsPageTest')
data.setCell(71, 3, 3);
data.setCell(72, 0, 72)
data.setCell(72, 1, 'verifyLoginPageTitle')
data.setCell(72, 2, 'com.ae.qa.testcases.UserHomePageTest')
data.setCell(72, 3, 2);
data.setCell(73, 0, 73)
data.setCell(73, 1, 'validateHomeButton')
data.setCell(73, 2, 'com.ae.qa.testcases.ContactUsPageTest')
data.setCell(73, 3, 2);
data.setCell(74, 0, 74)
data.setCell(74, 1, 'validateLoggedInUserName')
data.setCell(74, 2, 'com.ae.qa.testcases.SignUpPageTest')
data.setCell(74, 3, 2);
data.setCell(75, 0, 75)
data.setCell(75, 1, 'validateWelcomePageTitle')
data.setCell(75, 2, 'com.ae.qa.testcases.RegisterWhileCheckOutTest')
data.setCell(75, 3, 1);
data.setCell(76, 0, 76)
data.setCell(76, 1, 'validateProductNameVisibility')
data.setCell(76, 2, 'com.ae.qa.testcases.ProductsPageTest')
data.setCell(76, 3, 1);
data.setCell(77, 0, 77)
data.setCell(77, 1, 'validateProductAddToCartVisibility')
data.setCell(77, 2, 'com.ae.qa.testcases.ProductsPageTest')
data.setCell(77, 3, 1);
data.setCell(78, 0, 78)
data.setCell(78, 1, 'validateProductCategortVisibility')
data.setCell(78, 2, 'com.ae.qa.testcases.ProductsPageTest')
data.setCell(78, 3, 1);
data.setCell(79, 0, 79)
data.setCell(79, 1, 'validateAddressVisibility')
data.setCell(79, 2, 'com.ae.qa.testcases.RegisterBeforeCheckOutTest')
data.setCell(79, 3, 1);
data.setCell(80, 0, 80)
data.setCell(80, 1, 'validateProductBrandVisibility')
data.setCell(80, 2, 'com.ae.qa.testcases.ProductsPageTest')
data.setCell(80, 3, 1);
data.setCell(81, 0, 81)
data.setCell(81, 1, 'validateWelcomePageTitle')
data.setCell(81, 2, 'com.ae.qa.testcases.RegisterBeforeCheckOutTest')
data.setCell(81, 3, 0);
data.setCell(82, 0, 82)
data.setCell(82, 1, 'validateWelcomePageTitle')
data.setCell(82, 2, 'com.ae.qa.testcases.LoginPageTest')
data.setCell(82, 3, 0);
data.setCell(83, 0, 83)
data.setCell(83, 1, 'validateWelcomePageTitle')
data.setCell(83, 2, 'com.ae.qa.testcases.SignUpPageTest')
data.setCell(83, 3, 0);
data.setCell(84, 0, 84)
data.setCell(84, 1, 'validateWelcomePageTitle')
data.setCell(84, 2, 'com.ae.qa.testcases.CartPageTest')
data.setCell(84, 3, 0);
data.setCell(85, 0, 85)
data.setCell(85, 1, 'validateContinueDeleteButton')
data.setCell(85, 2, 'com.ae.qa.testcases.LoginPageTest')
data.setCell(85, 3, 0);
data.setCell(86, 0, 86)
data.setCell(86, 1, 'validateProductAvailableVisibility')
data.setCell(86, 2, 'com.ae.qa.testcases.ProductsPageTest')
data.setCell(86, 3, 0);
data.setCell(87, 0, 87)
data.setCell(87, 1, 'validateOrderVisibility')
data.setCell(87, 2, 'com.ae.qa.testcases.RegisterBeforeCheckOutTest')
data.setCell(87, 3, 0);
data.setCell(88, 0, 88)
data.setCell(88, 1, 'validateSignUp')
data.setCell(88, 2, 'com.ae.qa.testcases.SignUpPageTest')
data.setCell(88, 3, 0);
data.setCell(89, 0, 89)
data.setCell(89, 1, 'validateProductConditionVisibility')
data.setCell(89, 2, 'com.ae.qa.testcases.ProductsPageTest')
data.setCell(89, 3, 0);
data.setCell(90, 0, 90)
data.setCell(90, 1, 'validateProductPriceVisibility')
data.setCell(90, 2, 'com.ae.qa.testcases.ProductsPageTest')
data.setCell(90, 3, 0);
data.setCell(91, 0, 91)
data.setCell(91, 1, 'validateReviewAboutProduct')
data.setCell(91, 2, 'com.ae.qa.testcases.ProductsPageTest')
data.setCell(91, 3, 0);
data.setCell(92, 0, 92)
data.setCell(92, 1, 'validatePlaceOrder')
data.setCell(92, 2, 'com.ae.qa.testcases.RegisterBeforeCheckOutTest')
data.setCell(92, 3, 0);
window.suiteTableData['Surefire_suite']= { tableData: data, tableDiv: 'times-div-Surefire_suite'}
return data;
}
              </script>
              <span class="suite-total-time">Total running time: 4 minutes</span>
              <div id="times-div-Surefire_suite">
              </div> <!-- times-div-Surefire_suite -->
            </div> <!-- times-div -->
          </div> <!-- main-panel-content rounded-window-bottom -->
        </div> <!-- panel -->
        <div panel-name="reporter-Surefire_suite" class="panel">
          <div class="main-panel-header rounded-window-top">
            <span class="header-content">Reporter output for Surefire suite</span>
          </div> <!-- main-panel-header rounded-window-top -->
          <div class="main-panel-content rounded-window-bottom">
          </div> <!-- main-panel-content rounded-window-bottom -->
        </div> <!-- panel -->
        <div panel-name="ignored-methods-Surefire_suite" class="panel">
          <div class="main-panel-header rounded-window-top">
            <span class="header-content">0 ignored methods</span>
          </div> <!-- main-panel-header rounded-window-top -->
          <div class="main-panel-content rounded-window-bottom">
          </div> <!-- main-panel-content rounded-window-bottom -->
        </div> <!-- panel -->
        <div panel-name="chronological-Surefire_suite" class="panel">
          <div class="main-panel-header rounded-window-top">
            <span class="header-content">Methods in chronological order</span>
          </div> <!-- main-panel-header rounded-window-top -->
          <div class="main-panel-content rounded-window-bottom">
            <div class="chronological-class">
              <div class="chronological-class-name">com.ae.qa.testcases.SignUpPageTest</div> <!-- chronological-class-name -->
              <div class="configuration-test before">
                <span class="method-name">setUp</span>
                <span class="method-start">0 ms</span>
              </div> <!-- configuration-test before -->
            </div> <!-- chronological-class -->
            <div class="chronological-class">
              <div class="chronological-class-name">com.ae.qa.testcases.CartPageTest</div> <!-- chronological-class-name -->
              <div class="configuration-class before">
                <span class="method-name">setup</span>
                <span class="method-start">16200 ms</span>
              </div> <!-- configuration-class before -->
              <div class="test-method">
                <span class="method-name">validateCartPageTitle</span>
                <span class="method-start">28243 ms</span>
              </div> <!-- test-method -->
              <div class="test-method">
                <span class="method-name">validateCartSubscription</span>
                <span class="method-start">28268 ms</span>
              </div> <!-- test-method -->
              <div class="test-method">
                <span class="method-name">validateScrollDownGetSubscriptionH2</span>
                <span class="method-start">29231 ms</span>
              </div> <!-- test-method -->
              <div class="test-method">
                <span class="method-name">validateWelcomePageTitle</span>
                <span class="method-start">29270 ms</span>
              </div> <!-- test-method -->
              <div class="configuration-class after">
                <span class="method-name">tearDown</span>
                <span class="method-start">29272 ms</span>
              </div> <!-- configuration-class after -->
            </div> <!-- chronological-class -->
            <div class="chronological-class">
              <div class="chronological-class-name">com.ae.qa.testcases.ProductsPageTest</div> <!-- chronological-class-name -->
              <div class="configuration-class before">
                <span class="method-name">setUp</span>
                <span class="method-start">30509 ms</span>
              </div> <!-- configuration-class before -->
              <div class="test-method">
                <span class="method-name">validateWelcomePageTitle</span>
                <span class="method-start">39375 ms</span>
              </div> <!-- test-method -->
              <div class="test-method">
                <span class="method-name">validateProductsLink</span>
                <span class="method-start">39386 ms</span>
              </div> <!-- test-method -->
              <div class="test-method">
                <span class="method-name">validateAddToCartInProductPage</span>
                <span class="method-start">42493 ms</span>
              </div> <!-- test-method -->
              <div class="test-method">
                <img src="failed.png">
                </img>
                <span class="method-name">validateProductsDetailsNavigation</span>
                <span class="method-start">44084 ms</span>
              </div> <!-- test-method -->
              <div class="test-method">
                <img src="failed.png">
                </img>
                <span class="method-name">validateDeleteFromCart</span>
                <span class="method-start">64142 ms</span>
              </div> <!-- test-method -->
              <div class="test-method">
                <img src="failed.png">
                </img>
                <span class="method-name">validateIncreaseQuantityInProductDetailsPage</span>
                <span class="method-start">64490 ms</span>
              </div> <!-- test-method -->
              <div class="test-method">
                <img src="failed.png">
                </img>
                <span class="method-name">validateProductAddToCartVisibility</span>
                <span class="method-start">64495 ms</span>
              </div> <!-- test-method -->
              <div class="test-method">
                <img src="failed.png">
                </img>
                <span class="method-name">validateProductAvailableVisibility</span>
                <span class="method-start">64498 ms</span>
              </div> <!-- test-method -->
              <div class="test-method">
                <img src="failed.png">
                </img>
                <span class="method-name">validateProductBrandVisibility</span>
                <span class="method-start">64499 ms</span>
              </div> <!-- test-method -->
              <div class="test-method">
                <img src="failed.png">
                </img>
                <span class="method-name">validateProductCategortVisibility</span>
                <span class="method-start">64501 ms</span>
              </div> <!-- test-method -->
              <div class="test-method">
                <img src="failed.png">
                </img>
                <span class="method-name">validateProductConditionVisibility</span>
                <span class="method-start">64505 ms</span>
              </div> <!-- test-method -->
              <div class="test-method">
                <img src="failed.png">
                </img>
                <span class="method-name">validateProductNameVisibility</span>
                <span class="method-start">64507 ms</span>
              </div> <!-- test-method -->
              <div class="test-method">
                <img src="failed.png">
                </img>
                <span class="method-name">validateProductPriceVisibility</span>
                <span class="method-start">64510 ms</span>
              </div> <!-- test-method -->
              <div class="test-method">
                <img src="failed.png">
                </img>
                <span class="method-name">validateReviewAboutProduct</span>
                <span class="method-start">64511 ms</span>
              </div> <!-- test-method -->
              <div class="configuration-class after">
                <span class="method-name">tearDown</span>
                <span class="method-start">64511 ms</span>
              </div> <!-- configuration-class after -->
            </div> <!-- chronological-class -->
            <div class="chronological-class">
              <div class="chronological-class-name">com.ae.qa.testcases.SearchProductsPageTest</div> <!-- chronological-class-name -->
              <div class="configuration-class before">
                <span class="method-name">setUp</span>
                <span class="method-start">69326 ms</span>
              </div> <!-- configuration-class before -->
              <div class="test-method">
                <span class="method-name">validateWelcomePageTitle</span>
                <span class="method-start">78550 ms</span>
              </div> <!-- test-method -->
              <div class="test-method">
                <span class="method-name">validateProductsLink</span>
                <span class="method-start">78555 ms</span>
              </div> <!-- test-method -->
              <div class="test-method">
                <span class="method-name">validateSearchProductField</span>
                <span class="method-start">84667 ms</span>
              </div> <!-- test-method -->
              <div class="test-method">
                <span class="method-name">validateSearchedProductsVisibility</span>
                <span class="method-start">89007 ms</span>
              </div> <!-- test-method -->
              <div class="configuration-class after">
                <span class="method-name">tearDown</span>
                <span class="method-start">89174 ms</span>
              </div> <!-- configuration-class after -->
            </div> <!-- chronological-class -->
            <div class="chronological-class">
              <div class="chronological-class-name">com.ae.qa.testcases.TestCasesPageTest</div> <!-- chronological-class-name -->
              <div class="configuration-class before">
                <span class="method-name">setUp</span>
                <span class="method-start">90203 ms</span>
              </div> <!-- configuration-class before -->
              <div class="test-method">
                <span class="method-name">validateWelcomePageTitle</span>
                <span class="method-start">102886 ms</span>
              </div> <!-- test-method -->
              <div class="test-method">
                <span class="method-name">validateTestCasesLink</span>
                <span class="method-start">102898 ms</span>
              </div> <!-- test-method -->
              <div class="test-method">
                <span class="method-name">validateTestCasesHeading</span>
                <span class="method-start">103851 ms</span>
              </div> <!-- test-method -->
              <div class="configuration-class after">
                <span class="method-name">tearDown</span>
                <span class="method-start">103894 ms</span>
              </div> <!-- configuration-class after -->
            </div> <!-- chronological-class -->
            <div class="chronological-class">
              <div class="chronological-class-name">com.ae.qa.testcases.SignUpPageTest</div> <!-- chronological-class-name -->
              <div class="test-method">
                <span class="method-name">validateWelcomePageTitle</span>
                <span class="method-start">104947 ms</span>
              </div> <!-- test-method -->
              <div class="test-method">
                <span class="method-name">validateSignUpH2</span>
                <span class="method-start">104948 ms</span>
              </div> <!-- test-method -->
              <div class="test-method">
                <img src="failed.png">
                </img>
                <span class="method-name">validateSignUpExistingUser</span>
                <span class="method-start">104985 ms</span>
              </div> <!-- test-method -->
              <div class="test-method">
                <img src="failed.png">
                </img>
                <span class="method-name">validateSignUpNewUser</span>
                <span class="method-start">106104 ms</span>
              </div> <!-- test-method -->
              <div class="test-method">
                <img src="failed.png">
                </img>
                <span class="method-name">validateSignUpAccountInfoH2</span>
                <span class="method-start">116124 ms</span>
              </div> <!-- test-method -->
              <div class="test-method">
                <img src="failed.png">
                </img>
                <span class="method-name">validateSignUp</span>
                <span class="method-start">116130 ms</span>
              </div> <!-- test-method -->
              <div class="test-method">
                <img src="failed.png">
                </img>
                <span class="method-name">validateLoggedInUserName</span>
                <span class="method-start">116131 ms</span>
              </div> <!-- test-method -->
              <div class="test-method">
                <img src="failed.png">
                </img>
                <span class="method-name">validateDeleteAccount</span>
                <span class="method-start">116134 ms</span>
              </div> <!-- test-method -->
              <div class="test-method">
                <img src="failed.png">
                </img>
                <span class="method-name">validateContinueDeletedButton</span>
                <span class="method-start">116140 ms</span>
              </div> <!-- test-method -->
            </div> <!-- chronological-class -->
            <div class="chronological-class">
              <div class="chronological-class-name">com.ae.qa.testcases.RegisterWhileCheckOutTest</div> <!-- chronological-class-name -->
              <div class="configuration-class before">
                <span class="method-name">setUp</span>
                <span class="method-start">116145 ms</span>
              </div> <!-- configuration-class before -->
              <div class="test-method">
                <span class="method-name">validateWelcomePageTitle</span>
                <span class="method-start">125620 ms</span>
              </div> <!-- test-method -->
              <div class="test-method">
                <span class="method-name">validateProductsLink</span>
                <span class="method-start">125622 ms</span>
              </div> <!-- test-method -->
              <div class="test-method">
                <span class="method-name">validateAddToCartInProductPage</span>
                <span class="method-start">128029 ms</span>
              </div> <!-- test-method -->
              <div class="test-method">
                <span class="method-name">validateSignUpNewUser</span>
                <span class="method-start">130174 ms</span>
              </div> <!-- test-method -->
              <div class="test-method">
                <span class="method-name">validateSignUp</span>
                <span class="method-start">130875 ms</span>
              </div> <!-- test-method -->
              <div class="test-method">
                <span class="method-name">validateLoggedInUserName</span>
                <span class="method-start">135821 ms</span>
              </div> <!-- test-method -->
              <div class="test-method">
                <span class="method-name">validateProceedCheckout</span>
                <span class="method-start">143175 ms</span>
              </div> <!-- test-method -->
              <div class="test-method">
                <span class="method-name">validateAddressVisibility</span>
                <span class="method-start">146841 ms</span>
              </div> <!-- test-method -->
              <div class="test-method">
                <span class="method-name">validateOrderVisibility</span>
                <span class="method-start">146865 ms</span>
              </div> <!-- test-method -->
              <div class="test-method">
                <span class="method-name">validateBillingyAddress</span>
                <span class="method-start">146896 ms</span>
              </div> <!-- test-method -->
              <div class="test-method">
                <span class="method-name">validateDeliveryAddress</span>
                <span class="method-start">146936 ms</span>
              </div> <!-- test-method -->
              <div class="test-method">
                <span class="method-name">validatePlaceOrder</span>
                <span class="method-start">146965 ms</span>
              </div> <!-- test-method -->
              <div class="test-method">
                <span class="method-name">validateDeleteAccount</span>
                <span class="method-start">150913 ms</span>
              </div> <!-- test-method -->
              <div class="configuration-class after">
                <span class="method-name">tearDown</span>
                <span class="method-start">151692 ms</span>
              </div> <!-- configuration-class after -->
            </div> <!-- chronological-class -->
            <div class="chronological-class">
              <div class="chronological-class-name">com.ae.qa.testcases.SignUpExsitingUserTest</div> <!-- chronological-class-name -->
              <div class="configuration-class before">
                <span class="method-name">setUp</span>
                <span class="method-start">153627 ms</span>
              </div> <!-- configuration-class before -->
              <div class="test-method">
                <span class="method-name">validateWelcomePageTitle</span>
                <span class="method-start">163118 ms</span>
              </div> <!-- test-method -->
            </div> <!-- chronological-class -->
            <div class="chronological-class">
              <div class="chronological-class-name">com.ae.qa.testcases.LoginBeforeCheckoutTest</div> <!-- chronological-class-name -->
              <div class="configuration-class before">
                <span class="method-name">setUp</span>
                <span class="method-start">163128 ms</span>
              </div> <!-- configuration-class before -->
              <div class="test-method">
                <span class="method-name">validateWelcomePageTitle</span>
                <span class="method-start">173090 ms</span>
              </div> <!-- test-method -->
              <div class="test-method">
                <img src="failed.png">
                </img>
                <span class="method-name">validateLoginWithValidDetails</span>
                <span class="method-start">173097 ms</span>
              </div> <!-- test-method -->
              <div class="test-method">
                <span class="method-name">validateProductsLink</span>
                <span class="method-start">194526 ms</span>
              </div> <!-- test-method -->
              <div class="test-method">
                <span class="method-name">validateAddToCartInProductPage</span>
                <span class="method-start">197889 ms</span>
              </div> <!-- test-method -->
              <div class="test-method">
                <img src="failed.png">
                </img>
                <span class="method-name">validateAddressVisibility</span>
                <span class="method-start">199922 ms</span>
              </div> <!-- test-method -->
              <div class="test-method">
                <img src="failed.png">
                </img>
                <span class="method-name">validateOrderVisibility</span>
                <span class="method-start">209939 ms</span>
              </div> <!-- test-method -->
              <div class="test-method">
                <img src="failed.png">
                </img>
                <span class="method-name">validatePlaceOrder</span>
                <span class="method-start">219957 ms</span>
              </div> <!-- test-method -->
              <div class="test-method">
                <img src="failed.png">
                </img>
                <span class="method-name">validateDeleteAccount</span>
                <span class="method-start">229976 ms</span>
              </div> <!-- test-method -->
              <div class="configuration-class after">
                <span class="method-name">tearDown</span>
                <span class="method-start">239990 ms</span>
              </div> <!-- configuration-class after -->
            </div> <!-- chronological-class -->
            <div class="chronological-class">
              <div class="chronological-class-name">com.ae.qa.testcases.ContactUsPageTest</div> <!-- chronological-class-name -->
              <div class="configuration-class before">
                <span class="method-name">setUp</span>
                <span class="method-start">241004 ms</span>
              </div> <!-- configuration-class before -->
              <div class="test-method">
                <span class="method-name">validateWelcomePageTitle</span>
                <span class="method-start">249662 ms</span>
              </div> <!-- test-method -->
              <div class="test-method">
                <span class="method-name">validateContactUsLink</span>
                <span class="method-start">249665 ms</span>
              </div> <!-- test-method -->
              <div class="test-method">
                <span class="method-name">validateContactUsH2</span>
                <span class="method-start">250639 ms</span>
              </div> <!-- test-method -->
              <div class="test-method">
                <img src="failed.png">
                </img>
                <span class="method-name">validateContactusForm</span>
                <span class="method-start">250679 ms</span>
              </div> <!-- test-method -->
              <div class="test-method">
                <img src="failed.png">
                </img>
                <span class="method-name">validateGetInTouchH2</span>
                <span class="method-start">251434 ms</span>
              </div> <!-- test-method -->
              <div class="test-method">
                <img src="failed.png">
                </img>
                <span class="method-name">validateHomeButton</span>
                <span class="method-start">251441 ms</span>
              </div> <!-- test-method -->
              <div class="configuration-class after">
                <span class="method-name">tearDown</span>
                <span class="method-start">251444 ms</span>
              </div> <!-- configuration-class after -->
            </div> <!-- chronological-class -->
            <div class="chronological-class">
              <div class="chronological-class-name">com.ae.qa.testcases.RegisterBeforeCheckOutTest</div> <!-- chronological-class-name -->
              <div class="configuration-class before">
                <span class="method-name">setUp</span>
                <span class="method-start">252468 ms</span>
              </div> <!-- configuration-class before -->
              <div class="test-method">
                <span class="method-name">validateWelcomePageTitle</span>
                <span class="method-start">261597 ms</span>
              </div> <!-- test-method -->
              <div class="test-method">
                <span class="method-name">validateSignUpH2</span>
                <span class="method-start">261598 ms</span>
              </div> <!-- test-method -->
              <div class="test-method">
                <span class="method-name">validateSignUpNewUser</span>
                <span class="method-start">261638 ms</span>
              </div> <!-- test-method -->
              <div class="test-method">
                <span class="method-name">validateSignUpAccountInfoH2</span>
                <span class="method-start">262237 ms</span>
              </div> <!-- test-method -->
              <div class="test-method">
                <span class="method-name">validateSignUp</span>
                <span class="method-start">262256 ms</span>
              </div> <!-- test-method -->
              <div class="test-method">
                <span class="method-name">validateLoggedInUserName</span>
                <span class="method-start">267377 ms</span>
              </div> <!-- test-method -->
              <div class="test-method">
                <span class="method-name">validateProductsLink</span>
                <span class="method-start">277988 ms</span>
              </div> <!-- test-method -->
              <div class="test-method">
                <img src="failed.png">
                </img>
                <span class="method-name">validateAddToCartInProductPage</span>
                <span class="method-start">281997 ms</span>
              </div> <!-- test-method -->
              <div class="test-method">
                <img src="failed.png">
                </img>
                <span class="method-name">validateAddressVisibility</span>
                <span class="method-start">292589 ms</span>
              </div> <!-- test-method -->
              <div class="test-method">
                <img src="failed.png">
                </img>
                <span class="method-name">validateOrderVisibility</span>
                <span class="method-start">292591 ms</span>
              </div> <!-- test-method -->
              <div class="test-method">
                <img src="failed.png">
                </img>
                <span class="method-name">validatePlaceOrder</span>
                <span class="method-start">292593 ms</span>
              </div> <!-- test-method -->
              <div class="test-method">
                <img src="failed.png">
                </img>
                <span class="method-name">validateDownloadInvoice</span>
                <span class="method-start">292594 ms</span>
              </div> <!-- test-method -->
              <div class="test-method">
                <span class="method-name">validateDeleteAccount</span>
                <span class="method-start">302614 ms</span>
              </div> <!-- test-method -->
              <div class="configuration-class after">
                <span class="method-name">tearDown</span>
                <span class="method-start">303612 ms</span>
              </div> <!-- configuration-class after -->
            </div> <!-- chronological-class -->
            <div class="chronological-class">
              <div class="chronological-class-name">com.ae.qa.testcases.UserHomePageTest</div> <!-- chronological-class-name -->
              <div class="configuration-class before">
                <span class="method-name">setUp</span>
                <span class="method-start">304717 ms</span>
              </div> <!-- configuration-class before -->
              <div class="test-method">
                <span class="method-name">validateWelcomePageTitle</span>
                <span class="method-start">319323 ms</span>
              </div> <!-- test-method -->
              <div class="test-method">
                <span class="method-name">validateLoginLink</span>
                <span class="method-start">319337 ms</span>
              </div> <!-- test-method -->
              <div class="test-method">
                <span class="method-name">validateLoginInfoH2</span>
                <span class="method-start">320490 ms</span>
              </div> <!-- test-method -->
              <div class="test-method">
                <span class="method-name">validateLoginWithValidData</span>
                <span class="method-start">320529 ms</span>
              </div> <!-- test-method -->
              <div class="test-method">
                <img src="failed.png">
                </img>
                <span class="method-name">validateLoggedInUserName</span>
                <span class="method-start">321193 ms</span>
              </div> <!-- test-method -->
              <div class="test-method">
                <img src="failed.png">
                </img>
                <span class="method-name">validateLogoutButton</span>
                <span class="method-start">341229 ms</span>
              </div> <!-- test-method -->
              <div class="test-method">
                <span class="method-name">verifyLoginPageTitle</span>
                <span class="method-start">351247 ms</span>
              </div> <!-- test-method -->
              <div class="configuration-class after">
                <span class="method-name">tearDown</span>
                <span class="method-start">351249 ms</span>
              </div> <!-- configuration-class after -->
            </div> <!-- chronological-class -->
            <div class="chronological-class">
              <div class="chronological-class-name">com.ae.qa.testcases.LoginPageTest</div> <!-- chronological-class-name -->
              <div class="configuration-class before">
                <span class="method-name">setUp</span>
                <span class="method-start">353047 ms</span>
              </div> <!-- configuration-class before -->
              <div class="test-method">
                <span class="method-name">validateLoginH2</span>
                <span class="method-start">362549 ms</span>
              </div> <!-- test-method -->
              <div class="test-method">
                <span class="method-name">validateWelcomePageTitle</span>
                <span class="method-start">362549 ms</span>
              </div> <!-- test-method -->
              <div class="test-method">
                <span class="method-name">validateLoginWithInValidDetails</span>
                <span class="method-start">362584 ms</span>
              </div> <!-- test-method -->
              <div class="test-method">
                <img src="failed.png">
                </img>
                <span class="method-name">validateLoginWithValidDetails</span>
                <span class="method-start">363169 ms</span>
              </div> <!-- test-method -->
              <div class="test-method">
                <img src="failed.png">
                </img>
                <span class="method-name">validateDeletedAccount</span>
                <span class="method-start">383732 ms</span>
              </div> <!-- test-method -->
              <div class="test-method">
                <img src="failed.png">
                </img>
                <span class="method-name">validateContinueDeleteButton</span>
                <span class="method-start">393764 ms</span>
              </div> <!-- test-method -->
              <div class="configuration-class after">
                <span class="method-name">tearDown</span>
                <span class="method-start">393765 ms</span>
              </div> <!-- configuration-class after -->
            </div> <!-- chronological-class -->
            <div class="chronological-class">
              <div class="chronological-class-name">com.ae.qa.testcases.WelcomePageTest</div> <!-- chronological-class-name -->
              <div class="configuration-class before">
                <span class="method-name">setUp</span>
                <span class="method-start">395587 ms</span>
              </div> <!-- configuration-class before -->
              <div class="test-method">
                <img src="failed.png">
                </img>
                <span class="method-name">validateScrollUpWithArrow</span>
                <span class="method-start">406093 ms</span>
              </div> <!-- test-method -->
              <div class="test-method">
                <span class="method-name">validateScrollUpWithoutArrow</span>
                <span class="method-start">406132 ms</span>
              </div> <!-- test-method -->
              <div class="test-method">
                <span class="method-name">validateScrolldownGetSubscriptionH2</span>
                <span class="method-start">406360 ms</span>
              </div> <!-- test-method -->
              <div class="test-method">
                <span class="method-name">validateSubscription</span>
                <span class="method-start">406524 ms</span>
              </div> <!-- test-method -->
              <div class="test-method">
                <span class="method-name">validateWelcomePageTitle</span>
                <span class="method-start">407216 ms</span>
              </div> <!-- test-method -->
              <div class="configuration-class after">
                <span class="method-name">teardown</span>
                <span class="method-start">407221 ms</span>
              </div> <!-- configuration-class after -->
            </div> <!-- chronological-class -->
            <div class="chronological-class">
              <div class="chronological-class-name">com.ae.qa.testcases.SignUpPageTest</div> <!-- chronological-class-name -->
              <div class="configuration-test after">
                <span class="method-name">tearDown</span>
                <span class="method-start">408182 ms</span>
              </div> <!-- configuration-test after -->
          </div> <!-- main-panel-content rounded-window-bottom -->
        </div> <!-- panel -->
      </div> <!-- main-panel-root -->
    </div> <!-- wrapper -->
  </body>
<script type="text/javascript" src="testng-reports2.js"></script>
</html>
